2024-07-09 12:42:44.6831 scene create: NetInner -2 1
2024-07-09 12:42:44.6996 scene create: Realm 1 1
2024-07-09 12:42:44.6996 scene create: Gate 2 1
2024-07-09 12:42:44.6996 scene create: Gate 3 1
2024-07-09 12:42:44.7128 scene create: Location 4 1
2024-07-09 12:42:44.7128 scene create: Match 5 1
2024-07-09 12:42:44.7128 scene create: Map 6 1
2024-07-09 12:42:44.7128 scene create: Map 7 1
2024-07-09 12:42:44.7290 scene create: RouterManager 300 1
2024-07-09 12:42:44.7600 scene create: Router 301 1
2024-07-09 12:42:44.7600 scene create: Router 302 1
2024-07-09 12:42:44.7740 scene create: Router 303 1
2024-07-09 12:42:44.7740 scene create: Router 304 1
2024-07-09 12:44:49.2360 scene create: NetInner -2 1
2024-07-09 12:44:49.2653 scene create: Realm 1 1
2024-07-09 12:44:49.2748 scene create: Gate 2 1
2024-07-09 12:44:49.3000 scene create: Gate 3 1
2024-07-09 12:44:49.3092 scene create: Location 4 1
2024-07-09 12:44:49.3092 scene create: Match 5 1
2024-07-09 12:44:49.3092 scene create: Map 6 1
2024-07-09 12:44:49.3246 scene create: Map 7 1
2024-07-09 12:44:49.3246 scene create: RouterManager 300 1
2024-07-09 12:44:49.3985 scene create: Router 301 1
2024-07-09 12:44:49.3985 scene create: Router 302 1
2024-07-09 12:44:49.4144 scene create: Router 303 1
2024-07-09 12:44:49.4144 scene create: Router 304 1
