2024-07-10 15:12:02.4636 (Scene.cs:36) scene create: NetInner -2 1
2024-07-10 15:12:02.4801 (Scene.cs:36) scene create: Realm 1 1
2024-07-10 15:12:02.4801 (Scene.cs:36) scene create: Gate 2 1
2024-07-10 15:12:02.4916 (Scene.cs:36) scene create: Gate 3 1
2024-07-10 15:12:02.4916 (Scene.cs:36) scene create: Location 4 1
2024-07-10 15:12:02.4916 (Scene.cs:36) scene create: Match 5 1
2024-07-10 15:12:02.4916 (Scene.cs:36) scene create: Map 6 1
2024-07-10 15:12:02.5075 (Scene.cs:36) scene create: Map 7 1
2024-07-10 15:12:02.5075 (Scene.cs:36) scene create: RouterManager 300 1
2024-07-10 15:12:02.5523 (Scene.cs:36) scene create: Router 301 1
2024-07-10 15:12:02.5633 (Scene.cs:36) scene create: Router 302 1
2024-07-10 15:12:02.5697 (Scene.cs:36) scene create: Router 303 1
2024-07-10 15:12:02.5697 (Scene.cs:36) scene create: Router 304 1
2024-07-10 15:12:42.6491 (Scene.cs:36) scene create: NetInner -2 1
2024-07-10 15:12:42.6639 (Scene.cs:36) scene create: Realm 1 1
2024-07-10 15:12:42.6639 (Scene.cs:36) scene create: Gate 2 1
2024-07-10 15:12:42.6639 (Scene.cs:36) scene create: Gate 3 1
2024-07-10 15:12:42.6639 (Scene.cs:36) scene create: Location 4 1
2024-07-10 15:12:42.6795 (Scene.cs:36) scene create: Match 5 1
2024-07-10 15:12:42.6795 (Scene.cs:36) scene create: Map 6 1
2024-07-10 15:12:42.6795 (Scene.cs:36) scene create: Map 7 1
2024-07-10 15:12:42.6795 (Scene.cs:36) scene create: RouterManager 300 1
2024-07-10 15:12:42.7178 (Scene.cs:36) scene create: Router 301 1
2024-07-10 15:12:42.7268 (Scene.cs:36) scene create: Router 302 1
2024-07-10 15:12:42.7268 (Scene.cs:36) scene create: Router 303 1
2024-07-10 15:12:42.7268 (Scene.cs:36) scene create: Router 304 1
2024-07-10 15:13:57.7492 (Scene.cs:36) scene create: NetInner -2 1
2024-07-10 15:13:57.7664 (Scene.cs:36) scene create: Realm 1 1
2024-07-10 15:13:57.7746 (Scene.cs:36) scene create: Gate 2 1
2024-07-10 15:13:57.7746 (Scene.cs:36) scene create: Gate 3 1
2024-07-10 15:13:57.7746 (Scene.cs:36) scene create: Location 4 1
2024-07-10 15:13:57.7887 (Scene.cs:36) scene create: Match 5 1
2024-07-10 15:13:57.7887 (Scene.cs:36) scene create: Map 6 1
2024-07-10 15:13:57.7887 (Scene.cs:36) scene create: Map 7 1
2024-07-10 15:13:57.8052 (Scene.cs:36) scene create: RouterManager 300 1
2024-07-10 15:13:57.8438 (Scene.cs:36) scene create: Router 301 1
2024-07-10 15:13:57.8535 (Scene.cs:36) scene create: Router 302 1
2024-07-10 15:13:57.8535 (Scene.cs:36) scene create: Router 303 1
2024-07-10 15:13:57.8535 (Scene.cs:36) scene create: Router 304 1
2024-07-10 15:14:24.5140 (Scene.cs:36) scene create: NetInner -2 1
2024-07-10 15:14:24.5276 (Scene.cs:36) scene create: Realm 1 1
2024-07-10 15:14:24.5276 (Scene.cs:36) scene create: Gate 2 1
2024-07-10 15:14:24.5276 (Scene.cs:36) scene create: Gate 3 1
2024-07-10 15:14:24.5393 (Scene.cs:36) scene create: Location 4 1
2024-07-10 15:14:24.5393 (Scene.cs:36) scene create: Match 5 1
2024-07-10 15:14:24.5393 (Scene.cs:36) scene create: Map 6 1
2024-07-10 15:14:24.5393 (Scene.cs:36) scene create: Map 7 1
2024-07-10 15:14:24.5553 (Scene.cs:36) scene create: RouterManager 300 1
2024-07-10 15:14:24.5846 (Scene.cs:36) scene create: Router 301 1
2024-07-10 15:14:24.5939 (Scene.cs:36) scene create: Router 302 1
2024-07-10 15:14:24.5939 (Scene.cs:36) scene create: Router 303 1
2024-07-10 15:14:24.6022 (Scene.cs:36) scene create: Router 304 1
2024-07-10 15:17:08.3605 (Scene.cs:36) scene create: NetInner -2 1
2024-07-10 15:17:08.3854 (Scene.cs:36) scene create: Realm 1 1
2024-07-10 15:17:08.3854 (Scene.cs:36) scene create: Gate 2 1
2024-07-10 15:17:08.3990 (Scene.cs:36) scene create: Gate 3 1
2024-07-10 15:17:08.3990 (Scene.cs:36) scene create: Location 4 1
2024-07-10 15:17:08.3990 (Scene.cs:36) scene create: Match 5 1
2024-07-10 15:17:08.3990 (Scene.cs:36) scene create: Map 6 1
2024-07-10 15:17:08.4156 (Scene.cs:36) scene create: Map 7 1
2024-07-10 15:17:08.4156 (Scene.cs:36) scene create: RouterManager 300 1
2024-07-10 15:17:08.4586 (Scene.cs:36) scene create: Router 301 1
2024-07-10 15:17:08.4695 (Scene.cs:36) scene create: Router 302 1
2024-07-10 15:17:08.4759 (Scene.cs:36) scene create: Router 303 1
2024-07-10 15:17:08.4759 (Scene.cs:36) scene create: Router 304 1
2024-07-10 15:17:24.5203 (Scene.cs:36) scene create: NetInner -2 1
2024-07-10 15:17:24.5342 (Scene.cs:36) scene create: Realm 1 1
2024-07-10 15:17:24.5342 (Scene.cs:36) scene create: Gate 2 1
2024-07-10 15:17:24.5421 (Scene.cs:36) scene create: Gate 3 1
2024-07-10 15:17:24.5421 (Scene.cs:36) scene create: Location 4 1
2024-07-10 15:17:24.5421 (Scene.cs:36) scene create: Match 5 1
2024-07-10 15:17:24.5421 (Scene.cs:36) scene create: Map 6 1
2024-07-10 15:17:24.5561 (Scene.cs:36) scene create: Map 7 1
2024-07-10 15:17:24.5561 (Scene.cs:36) scene create: RouterManager 300 1
2024-07-10 15:17:24.5852 (Scene.cs:36) scene create: Router 301 1
2024-07-10 15:17:24.5852 (Scene.cs:36) scene create: Router 302 1
2024-07-10 15:17:24.5852 (Scene.cs:36) scene create: Router 303 1
2024-07-10 15:17:24.6012 (Scene.cs:36) scene create: Router 304 1
2024-07-10 15:18:13.3965 (Scene.cs:36) scene create: NetInner -2 1
2024-07-10 15:18:13.4141 (Scene.cs:36) scene create: Realm 1 1
2024-07-10 15:18:13.4141 (Scene.cs:36) scene create: Gate 2 1
2024-07-10 15:18:13.4141 (Scene.cs:36) scene create: Gate 3 1
2024-07-10 15:18:13.4141 (Scene.cs:36) scene create: Location 4 1
2024-07-10 15:18:13.4311 (Scene.cs:36) scene create: Match 5 1
2024-07-10 15:18:13.4311 (Scene.cs:36) scene create: Map 6 1
2024-07-10 15:18:13.4311 (Scene.cs:36) scene create: Map 7 1
2024-07-10 15:18:13.4311 (Scene.cs:36) scene create: RouterManager 300 1
2024-07-10 15:18:13.4713 (Scene.cs:36) scene create: Router 301 1
2024-07-10 15:18:13.4819 (Scene.cs:36) scene create: Router 302 1
2024-07-10 15:18:13.4819 (Scene.cs:36) scene create: Router 303 1
2024-07-10 15:18:13.4819 (Scene.cs:36) scene create: Router 304 1
