2024-07-09 14:35:03.3447 scene create: NetInner -2 1
2024-07-09 14:35:03.3663 scene create: Realm 1 1
2024-07-09 14:35:03.3764 scene create: Gate 2 1
2024-07-09 14:35:03.3764 scene create: Gate 3 1
2024-07-09 14:35:03.3841 scene create: Location 4 1
2024-07-09 14:35:03.3841 scene create: Match 5 1
2024-07-09 14:35:03.3993 scene create: Map 6 1
2024-07-09 14:35:03.3993 scene create: Map 7 1
2024-07-09 14:35:03.4152 scene create: RouterManager 300 1
2024-07-09 14:35:03.5107 scene create: Router 301 1
2024-07-09 14:35:03.5268 scene create: Router 302 1
2024-07-09 14:35:03.5268 scene create: Router 303 1
2024-07-09 14:35:03.5425 scene create: Router 304 1
2024-07-09 14:35:10.6838 scene create: NetInner -2 1
2024-07-09 14:35:10.6977 scene create: Realm 1 1
2024-07-09 14:35:10.6977 scene create: Gate 2 1
2024-07-09 14:35:10.6977 scene create: Gate 3 1
2024-07-09 14:35:10.7114 scene create: Location 4 1
2024-07-09 14:35:10.7114 scene create: Match 5 1
2024-07-09 14:35:10.7114 scene create: Map 6 1
2024-07-09 14:35:10.7114 scene create: Map 7 1
2024-07-09 14:35:10.7276 scene create: RouterManager 300 1
2024-07-09 14:35:10.7579 scene create: Router 301 1
2024-07-09 14:35:10.7579 scene create: Router 302 1
2024-07-09 14:35:10.7579 scene create: Router 303 1
2024-07-09 14:35:10.7732 scene create: Router 304 1
2024-07-09 14:41:44.1932 scene create: NetInner -2 1
2024-07-09 14:41:44.2331 scene create: Realm 1 1
2024-07-09 14:41:44.2743 scene create: Gate 2 1
2024-07-09 14:41:44.2743 scene create: Gate 3 1
2024-07-09 14:41:44.2743 scene create: Location 4 1
2024-07-09 14:41:44.3172 scene create: Match 5 1
2024-07-09 14:41:44.3225 scene create: Map 6 1
2024-07-09 14:41:44.3225 scene create: Map 7 1
2024-07-09 14:41:44.3225 scene create: RouterManager 300 1
2024-07-09 14:41:44.4264 scene create: Router 301 1
2024-07-09 14:41:44.4701 scene create: Router 302 1
2024-07-09 14:41:44.4701 scene create: Router 303 1
2024-07-09 14:41:44.4774 scene create: Router 304 1
2024-07-09 14:44:37.4164 scene create: NetInner -2 1
2024-07-09 14:44:37.4388 scene create: Realm 1 1
2024-07-09 14:44:37.4466 scene create: Gate 2 1
2024-07-09 14:44:37.4466 scene create: Gate 3 1
2024-07-09 14:44:37.4466 scene create: Location 4 1
2024-07-09 14:44:37.4601 scene create: Match 5 1
2024-07-09 14:44:37.4601 scene create: Map 6 1
2024-07-09 14:44:37.4601 scene create: Map 7 1
2024-07-09 14:44:37.4601 scene create: RouterManager 300 1
2024-07-09 14:44:37.5068 scene create: Router 301 1
2024-07-09 14:44:37.5159 scene create: Router 302 1
2024-07-09 14:44:37.5159 scene create: Router 303 1
2024-07-09 14:44:37.5240 scene create: Router 304 1
