2024-07-16 12:48:22.6577 (Scene.cs:36) scene create: NetInner -2 1
2024-07-16 12:48:22.6577 (Scene.cs:36) scene create: Realm 1 1
2024-07-16 12:48:22.6780 (Scene.cs:36) scene create: Gate 2 1
2024-07-16 12:48:22.6780 (Scene.cs:36) scene create: Gate 3 1
2024-07-16 12:48:22.6780 (Scene.cs:36) scene create: Location 4 1
2024-07-16 12:48:22.6906 (Scene.cs:36) scene create: Match 5 1
2024-07-16 12:48:22.6906 (Scene.cs:36) scene create: Map 6 1
2024-07-16 12:48:22.6906 (Scene.cs:36) scene create: Map 7 1
2024-07-16 12:48:22.6906 (Scene.cs:36) scene create: RouterManager 300 1
2024-07-16 12:48:22.7550 (Scene.cs:36) scene create: Router 301 1
2024-07-16 12:48:22.7550 (Scene.cs:36) scene create: Router 302 1
2024-07-16 12:48:22.7681 (Scene.cs:36) scene create: Router 303 1
2024-07-16 12:48:22.7681 (Scene.cs:36) scene create: Router 304 1
2024-07-16 12:49:34.6581 (Scene.cs:36) scene create: NetInner -2 1
2024-07-16 12:49:34.6811 (Scene.cs:36) scene create: Realm 1 1
2024-07-16 12:49:34.6895 (Scene.cs:36) scene create: Gate 2 1
2024-07-16 12:49:34.6895 (Scene.cs:36) scene create: Gate 3 1
2024-07-16 12:49:34.6895 (Scene.cs:36) scene create: Location 4 1
2024-07-16 12:49:34.6895 (Scene.cs:36) scene create: Match 5 1
2024-07-16 12:49:34.7077 (Scene.cs:36) scene create: Map 6 1
2024-07-16 12:49:34.7077 (Scene.cs:36) scene create: Map 7 1
2024-07-16 12:49:34.7077 (Scene.cs:36) scene create: RouterManager 300 1
2024-07-16 12:49:34.7625 (Scene.cs:36) scene create: Router 301 1
2024-07-16 12:49:34.7721 (Scene.cs:36) scene create: Router 302 1
2024-07-16 12:49:34.7721 (Scene.cs:36) scene create: Router 303 1
2024-07-16 12:49:34.7721 (Scene.cs:36) scene create: Router 304 1
