2024-07-11 19:01:22.8088 (Scene.cs:36) scene create: NetInner -2 1
2024-07-11 19:01:22.8245 (Scene.cs:36) scene create: Realm 1 1
2024-07-11 19:01:22.8245 (Scene.cs:36) scene create: Gate 2 1
2024-07-11 19:01:22.8374 (Scene.cs:36) scene create: Gate 3 1
2024-07-11 19:01:22.8374 (Scene.cs:36) scene create: Location 4 1
2024-07-11 19:01:22.8374 (Scene.cs:36) scene create: Match 5 1
2024-07-11 19:01:22.8374 (Scene.cs:36) scene create: Map 6 1
2024-07-11 19:01:22.8525 (Scene.cs:36) scene create: Map 7 1
2024-07-11 19:01:22.8525 (Scene.cs:36) scene create: RouterManager 300 1
2024-07-11 19:01:22.8908 (Scene.cs:36) scene create: Router 301 1
2024-07-11 19:01:22.8996 (Scene.cs:36) scene create: Router 302 1
2024-07-11 19:01:22.8996 (Scene.cs:36) scene create: Router 303 1
2024-07-11 19:01:22.8996 (Scene.cs:36) scene create: Router 304 1
2024-07-11 19:02:37.1091 (Scene.cs:36) scene create: NetInner -2 1
2024-07-11 19:02:37.1272 (Scene.cs:36) scene create: Realm 1 1
2024-07-11 19:02:37.1349 (Scene.cs:36) scene create: Gate 2 1
2024-07-11 19:02:37.1349 (Scene.cs:36) scene create: Gate 3 1
2024-07-11 19:02:37.1349 (Scene.cs:36) scene create: Location 4 1
2024-07-11 19:02:37.1467 (Scene.cs:36) scene create: Match 5 1
2024-07-11 19:02:37.1467 (Scene.cs:36) scene create: Map 6 1
2024-07-11 19:02:37.1467 (Scene.cs:36) scene create: Map 7 1
2024-07-11 19:02:37.1467 (Scene.cs:36) scene create: RouterManager 300 1
2024-07-11 19:02:37.1925 (Scene.cs:36) scene create: Router 301 1
2024-07-11 19:02:37.2012 (Scene.cs:36) scene create: Router 302 1
2024-07-11 19:02:37.2012 (Scene.cs:36) scene create: Router 303 1
2024-07-11 19:02:37.2012 (Scene.cs:36) scene create: Router 304 1
2024-07-11 19:05:04.9409 (Scene.cs:36) scene create: NetInner -2 1
2024-07-11 19:05:04.9586 (Scene.cs:36) scene create: Realm 1 1
2024-07-11 19:05:04.9644 (Scene.cs:36) scene create: Gate 2 1
2024-07-11 19:05:04.9644 (Scene.cs:36) scene create: Gate 3 1
2024-07-11 19:05:04.9644 (Scene.cs:36) scene create: Location 4 1
2024-07-11 19:05:04.9764 (Scene.cs:36) scene create: Match 5 1
2024-07-11 19:05:04.9764 (Scene.cs:36) scene create: Map 6 1
2024-07-11 19:05:04.9764 (Scene.cs:36) scene create: Map 7 1
2024-07-11 19:05:04.9764 (Scene.cs:36) scene create: RouterManager 300 1
2024-07-11 19:05:05.0244 (Scene.cs:36) scene create: Router 301 1
2024-07-11 19:05:05.0244 (Scene.cs:36) scene create: Router 302 1
2024-07-11 19:05:05.0377 (Scene.cs:36) scene create: Router 303 1
2024-07-11 19:05:05.0377 (Scene.cs:36) scene create: Router 304 1
2024-07-11 19:08:16.4216 (Scene.cs:36) scene create: NetInner -2 1
2024-07-11 19:08:16.4338 (Scene.cs:36) scene create: Realm 1 1
2024-07-11 19:08:16.4338 (Scene.cs:36) scene create: Gate 2 1
2024-07-11 19:08:16.4435 (Scene.cs:36) scene create: Gate 3 1
2024-07-11 19:08:16.4435 (Scene.cs:36) scene create: Location 4 1
2024-07-11 19:08:16.4435 (Scene.cs:36) scene create: Match 5 1
2024-07-11 19:08:16.4435 (Scene.cs:36) scene create: Map 6 1
2024-07-11 19:08:16.4602 (Scene.cs:36) scene create: Map 7 1
2024-07-11 19:08:16.4602 (Scene.cs:36) scene create: RouterManager 300 1
2024-07-11 19:08:16.4923 (Scene.cs:36) scene create: Router 301 1
2024-07-11 19:08:16.4923 (Scene.cs:36) scene create: Router 302 1
2024-07-11 19:08:16.5062 (Scene.cs:36) scene create: Router 303 1
2024-07-11 19:08:16.5062 (Scene.cs:36) scene create: Router 304 1
2024-07-11 19:08:28.6787 (Scene.cs:36) scene create: NetInner -2 1
2024-07-11 19:08:28.6979 (Scene.cs:36) scene create: Realm 1 1
2024-07-11 19:08:28.6979 (Scene.cs:36) scene create: Gate 2 1
2024-07-11 19:08:28.7100 (Scene.cs:36) scene create: Gate 3 1
2024-07-11 19:08:28.7100 (Scene.cs:36) scene create: Location 4 1
2024-07-11 19:08:28.7100 (Scene.cs:36) scene create: Match 5 1
2024-07-11 19:08:28.7100 (Scene.cs:36) scene create: Map 6 1
2024-07-11 19:08:28.7261 (Scene.cs:36) scene create: Map 7 1
2024-07-11 19:08:28.7261 (Scene.cs:36) scene create: RouterManager 300 1
2024-07-11 19:08:28.7597 (Scene.cs:36) scene create: Router 301 1
2024-07-11 19:08:28.7716 (Scene.cs:36) scene create: Router 302 1
2024-07-11 19:08:28.7716 (Scene.cs:36) scene create: Router 303 1
2024-07-11 19:08:28.7716 (Scene.cs:36) scene create: Router 304 1
2024-07-11 19:23:18.8356 (Scene.cs:36) scene create: NetInner -2 1
2024-07-11 19:23:18.8525 (Scene.cs:36) scene create: Realm 1 1
2024-07-11 19:23:18.8525 (Scene.cs:36) scene create: Gate 2 1
2024-07-11 19:23:18.8525 (Scene.cs:36) scene create: Gate 3 1
2024-07-11 19:23:18.8525 (Scene.cs:36) scene create: Location 4 1
2024-07-11 19:23:18.8662 (Scene.cs:36) scene create: Match 5 1
2024-07-11 19:23:18.8662 (Scene.cs:36) scene create: Map 6 1
2024-07-11 19:23:18.8662 (Scene.cs:36) scene create: Map 7 1
2024-07-11 19:23:18.8662 (Scene.cs:36) scene create: RouterManager 300 1
2024-07-11 19:23:18.9082 (Scene.cs:36) scene create: Router 301 1
2024-07-11 19:23:18.9174 (Scene.cs:36) scene create: Router 302 1
2024-07-11 19:23:18.9174 (Scene.cs:36) scene create: Router 303 1
2024-07-11 19:23:18.9174 (Scene.cs:36) scene create: Router 304 1
2024-07-11 19:27:03.5117 (Scene.cs:36) scene create: NetInner -2 1
2024-07-11 19:27:03.5268 (Scene.cs:36) scene create: Realm 1 1
2024-07-11 19:27:03.5268 (Scene.cs:36) scene create: Gate 2 1
2024-07-11 19:27:03.5407 (Scene.cs:36) scene create: Gate 3 1
2024-07-11 19:27:03.5407 (Scene.cs:36) scene create: Location 4 1
2024-07-11 19:27:03.5407 (Scene.cs:36) scene create: Match 5 1
2024-07-11 19:27:03.5528 (Scene.cs:36) scene create: Map 6 1
2024-07-11 19:27:03.5528 (Scene.cs:36) scene create: Map 7 1
2024-07-11 19:27:03.5528 (Scene.cs:36) scene create: RouterManager 300 1
2024-07-11 19:27:03.5887 (Scene.cs:36) scene create: Router 301 1
2024-07-11 19:27:03.5887 (Scene.cs:36) scene create: Router 302 1
2024-07-11 19:27:03.6010 (Scene.cs:36) scene create: Router 303 1
2024-07-11 19:27:03.6010 (Scene.cs:36) scene create: Router 304 1
2024-07-11 19:30:27.4193 (Scene.cs:36) scene create: NetInner -2 1
2024-07-11 19:30:27.4363 (Scene.cs:36) scene create: Realm 1 1
2024-07-11 19:30:27.4363 (Scene.cs:36) scene create: Gate 2 1
2024-07-11 19:30:27.4479 (Scene.cs:36) scene create: Gate 3 1
2024-07-11 19:30:27.4479 (Scene.cs:36) scene create: Location 4 1
2024-07-11 19:30:27.4479 (Scene.cs:36) scene create: Match 5 1
2024-07-11 19:30:27.4479 (Scene.cs:36) scene create: Map 6 1
2024-07-11 19:30:27.4599 (Scene.cs:36) scene create: Map 7 1
2024-07-11 19:30:27.4599 (Scene.cs:36) scene create: RouterManager 300 1
2024-07-11 19:30:27.4944 (Scene.cs:36) scene create: Router 301 1
2024-07-11 19:30:27.5067 (Scene.cs:36) scene create: Router 302 1
2024-07-11 19:30:27.5067 (Scene.cs:36) scene create: Router 303 1
2024-07-11 19:30:27.5067 (Scene.cs:36) scene create: Router 304 1
2024-07-11 19:33:58.6080 (Scene.cs:36) scene create: NetInner -2 1
2024-07-11 19:33:58.6291 (Scene.cs:36) scene create: Realm 1 1
2024-07-11 19:33:58.6377 (Scene.cs:36) scene create: Gate 2 1
2024-07-11 19:33:58.6377 (Scene.cs:36) scene create: Gate 3 1
2024-07-11 19:33:58.6471 (Scene.cs:36) scene create: Location 4 1
2024-07-11 19:33:58.6471 (Scene.cs:36) scene create: Match 5 1
2024-07-11 19:33:58.6471 (Scene.cs:36) scene create: Map 6 1
2024-07-11 19:33:58.6471 (Scene.cs:36) scene create: Map 7 1
2024-07-11 19:33:58.6654 (Scene.cs:36) scene create: RouterManager 300 1
2024-07-11 19:33:58.7000 (Scene.cs:36) scene create: Router 301 1
2024-07-11 19:33:58.7099 (Scene.cs:36) scene create: Router 302 1
2024-07-11 19:33:58.7099 (Scene.cs:36) scene create: Router 303 1
2024-07-11 19:33:58.7099 (Scene.cs:36) scene create: Router 304 1
2024-07-11 19:48:43.7098 (Scene.cs:36) scene create: NetInner -2 1
2024-07-11 19:48:43.7304 (Scene.cs:36) scene create: Realm 1 1
2024-07-11 19:48:43.7304 (Scene.cs:36) scene create: Gate 2 1
2024-07-11 19:48:43.7432 (Scene.cs:36) scene create: Gate 3 1
2024-07-11 19:48:43.7432 (Scene.cs:36) scene create: Location 4 1
2024-07-11 19:48:43.7432 (Scene.cs:36) scene create: Match 5 1
2024-07-11 19:48:43.7567 (Scene.cs:36) scene create: Map 6 1
2024-07-11 19:48:43.7567 (Scene.cs:36) scene create: Map 7 1
2024-07-11 19:48:43.7567 (Scene.cs:36) scene create: RouterManager 300 1
2024-07-11 19:48:43.8019 (Scene.cs:36) scene create: Router 301 1
2024-07-11 19:48:43.8096 (Scene.cs:36) scene create: Router 302 1
2024-07-11 19:48:43.8096 (Scene.cs:36) scene create: Router 303 1
2024-07-11 19:48:43.8201 (Scene.cs:36) scene create: Router 304 1
2024-07-11 19:55:31.4416 (Scene.cs:36) scene create: NetInner -2 1
2024-07-11 19:55:31.4592 (Scene.cs:36) scene create: Realm 1 1
2024-07-11 19:55:31.4722 (Scene.cs:36) scene create: Gate 2 1
2024-07-11 19:55:31.4782 (Scene.cs:36) scene create: Gate 3 1
2024-07-11 19:55:31.4782 (Scene.cs:36) scene create: Location 4 1
2024-07-11 19:55:31.4782 (Scene.cs:36) scene create: Match 5 1
2024-07-11 19:55:31.4902 (Scene.cs:36) scene create: Map 6 1
2024-07-11 19:55:31.4902 (Scene.cs:36) scene create: Map 7 1
2024-07-11 19:55:31.4902 (Scene.cs:36) scene create: RouterManager 300 1
2024-07-11 19:55:31.5344 (Scene.cs:36) scene create: Router 301 1
2024-07-11 19:55:31.5438 (Scene.cs:36) scene create: Router 302 1
2024-07-11 19:55:31.5438 (Scene.cs:36) scene create: Router 303 1
2024-07-11 19:55:31.5535 (Scene.cs:36) scene create: Router 304 1
