2024-07-16 13:37:01.8524 (EntitySystemSingleton.cs:173) System.Exception: 请先在cmd中运行: netsh http add urlacl url=http://*:你的address中的端口/ user=Everyone, address: http://*:30300/
 ---> System.Net.HttpListenerException (5): 拒绝访问。
   at System.Net.HttpListener.AddPrefixCore(String registeredPrefix)
   at System.Net.HttpListener.AddAllPrefixes()
   at System.Net.HttpListener.Start()
   at ET.Server.HttpComponentSystem.Awake(HttpComponent self, String address) in D:\ToolSoft\U3D\Project\ETs\ET-OWDemo\Unity\Assets\Scripts\Hotfix\Server\Module\Http\HttpComponentSystem.cs:line 27
   --- End of inner exception stack trace ---
   at ET.Server.HttpComponentSystem.Awake(HttpComponent self, String address) in D:\ToolSoft\U3D\Project\ETs\ET-OWDemo\Unity\Assets\Scripts\Hotfix\Server\Module\Http\HttpComponentSystem.cs:line 33
   at ET.Server.HttpComponentSystem.ET_Server_HttpComponent_string_AwakeSystem.Awake(HttpComponent self, String address) in D:\ToolSoft\U3D\Project\ETs\ET-OWDemo\DotNet\Hotfix\Share.SourceGenerator\ET.Generator.ETSystemGenerator\ET.Server.HttpComponentSystem.Awake.ET_Server_HttpComponent_string.g.cs:line 10
   at ET.AwakeSystem`2.ET.IAwakeSystem<A>.Run(Entity o, A a) in D:\ToolSoft\U3D\Project\ETs\ET-OWDemo\Unity\Assets\Scripts\Core\Entity\IAwakeSystem.cs:line 96
   at ET.EntitySystemSingleton.Awake[P1](Entity component, P1 p1) in D:\ToolSoft\U3D\Project\ETs\ET-OWDemo\Unity\Assets\Scripts\Core\Entity\EntitySystemSingleton.cs:line 169
2024-07-16 13:37:29.7415 (EntitySystemSingleton.cs:173) System.Exception: 请先在cmd中运行: netsh http add urlacl url=http://*:你的address中的端口/ user=Everyone, address: http://*:30300/
 ---> System.Net.HttpListenerException (5): 拒绝访问。
   at System.Net.HttpListener.AddPrefixCore(String registeredPrefix)
   at System.Net.HttpListener.AddAllPrefixes()
   at System.Net.HttpListener.Start()
   at ET.Server.HttpComponentSystem.Awake(HttpComponent self, String address) in D:\ToolSoft\U3D\Project\ETs\ET-OWDemo\Unity\Assets\Scripts\Hotfix\Server\Module\Http\HttpComponentSystem.cs:line 27
   --- End of inner exception stack trace ---
   at ET.Server.HttpComponentSystem.Awake(HttpComponent self, String address) in D:\ToolSoft\U3D\Project\ETs\ET-OWDemo\Unity\Assets\Scripts\Hotfix\Server\Module\Http\HttpComponentSystem.cs:line 33
   at ET.Server.HttpComponentSystem.ET_Server_HttpComponent_string_AwakeSystem.Awake(HttpComponent self, String address) in D:\ToolSoft\U3D\Project\ETs\ET-OWDemo\DotNet\Hotfix\Share.SourceGenerator\ET.Generator.ETSystemGenerator\ET.Server.HttpComponentSystem.Awake.ET_Server_HttpComponent_string.g.cs:line 10
   at ET.AwakeSystem`2.ET.IAwakeSystem<A>.Run(Entity o, A a) in D:\ToolSoft\U3D\Project\ETs\ET-OWDemo\Unity\Assets\Scripts\Core\Entity\IAwakeSystem.cs:line 96
   at ET.EntitySystemSingleton.Awake[P1](Entity component, P1 p1) in D:\ToolSoft\U3D\Project\ETs\ET-OWDemo\Unity\Assets\Scripts\Core\Entity\EntitySystemSingleton.cs:line 169
