2024-07-11 18:15:13.4587 (Scene.cs:36) scene create: NetInner -2 1
2024-07-11 18:15:13.4774 (Scene.cs:36) scene create: Realm 1 1
2024-07-11 18:15:13.4774 (Scene.cs:36) scene create: Gate 2 1
2024-07-11 18:15:13.4774 (Scene.cs:36) scene create: Gate 3 1
2024-07-11 18:15:13.4938 (Scene.cs:36) scene create: Location 4 1
2024-07-11 18:15:13.4938 (Scene.cs:36) scene create: Match 5 1
2024-07-11 18:15:13.4938 (Scene.cs:36) scene create: Map 6 1
2024-07-11 18:15:13.4938 (Scene.cs:36) scene create: Map 7 1
2024-07-11 18:15:13.5090 (Scene.cs:36) scene create: RouterManager 300 1
2024-07-11 18:15:13.5818 (Scene.cs:36) scene create: Router 301 1
2024-07-11 18:15:13.5923 (Scene.cs:36) scene create: Router 302 1
2024-07-11 18:15:13.5923 (Scene.cs:36) scene create: Router 303 1
2024-07-11 18:15:13.5923 (Scene.cs:36) scene create: Router 304 1
2024-07-11 18:15:22.7558 (Scene.cs:36) scene create: NetInner -2 1
2024-07-11 18:15:22.7735 (Scene.cs:36) scene create: Realm 1 1
2024-07-11 18:15:22.7735 (Scene.cs:36) scene create: Gate 2 1
2024-07-11 18:15:22.7735 (Scene.cs:36) scene create: Gate 3 1
2024-07-11 18:15:22.7735 (Scene.cs:36) scene create: Location 4 1
2024-07-11 18:15:22.7911 (Scene.cs:36) scene create: Match 5 1
2024-07-11 18:15:22.7911 (Scene.cs:36) scene create: Map 6 1
2024-07-11 18:15:22.7911 (Scene.cs:36) scene create: Map 7 1
2024-07-11 18:15:22.8034 (Scene.cs:36) scene create: RouterManager 300 1
2024-07-11 18:15:22.8434 (Scene.cs:36) scene create: Router 301 1
2024-07-11 18:15:22.8546 (Scene.cs:36) scene create: Router 302 1
2024-07-11 18:15:22.8546 (Scene.cs:36) scene create: Router 303 1
2024-07-11 18:15:22.8546 (Scene.cs:36) scene create: Router 304 1
2024-07-11 18:36:16.8232 (Scene.cs:36) scene create: NetInner -2 1
2024-07-11 18:36:16.8401 (Scene.cs:36) scene create: Realm 1 1
2024-07-11 18:36:16.8401 (Scene.cs:36) scene create: Gate 2 1
2024-07-11 18:36:16.8521 (Scene.cs:36) scene create: Gate 3 1
2024-07-11 18:36:16.8521 (Scene.cs:36) scene create: Location 4 1
2024-07-11 18:36:16.8521 (Scene.cs:36) scene create: Match 5 1
2024-07-11 18:36:16.8521 (Scene.cs:36) scene create: Map 6 1
2024-07-11 18:36:16.8660 (Scene.cs:36) scene create: Map 7 1
2024-07-11 18:36:16.8660 (Scene.cs:36) scene create: RouterManager 300 1
2024-07-11 18:36:16.9097 (Scene.cs:36) scene create: Router 301 1
2024-07-11 18:36:16.9198 (Scene.cs:36) scene create: Router 302 1
2024-07-11 18:36:16.9198 (Scene.cs:36) scene create: Router 303 1
2024-07-11 18:36:16.9284 (Scene.cs:36) scene create: Router 304 1
2024-07-11 18:43:34.1301 (Scene.cs:36) scene create: NetInner -2 1
2024-07-11 18:43:34.1546 (Scene.cs:36) scene create: Realm 1 1
2024-07-11 18:43:34.1654 (Scene.cs:36) scene create: Gate 2 1
2024-07-11 18:43:34.1654 (Scene.cs:36) scene create: Gate 3 1
2024-07-11 18:43:34.1654 (Scene.cs:36) scene create: Location 4 1
2024-07-11 18:43:34.1791 (Scene.cs:36) scene create: Match 5 1
2024-07-11 18:43:34.1791 (Scene.cs:36) scene create: Map 6 1
2024-07-11 18:43:34.1791 (Scene.cs:36) scene create: Map 7 1
2024-07-11 18:43:34.1791 (Scene.cs:36) scene create: RouterManager 300 1
2024-07-11 18:43:34.2364 (Scene.cs:36) scene create: Router 301 1
2024-07-11 18:43:34.2559 (Scene.cs:36) scene create: Router 302 1
2024-07-11 18:43:34.2559 (Scene.cs:36) scene create: Router 303 1
2024-07-11 18:43:34.2559 (Scene.cs:36) scene create: Router 304 1
2024-07-11 18:57:03.7038 (Scene.cs:36) scene create: NetInner -2 1
2024-07-11 18:57:03.7188 (Scene.cs:36) scene create: Realm 1 1
2024-07-11 18:57:03.7248 (Scene.cs:36) scene create: Gate 2 1
2024-07-11 18:57:03.7248 (Scene.cs:36) scene create: Gate 3 1
2024-07-11 18:57:03.7248 (Scene.cs:36) scene create: Location 4 1
2024-07-11 18:57:03.7248 (Scene.cs:36) scene create: Match 5 1
2024-07-11 18:57:03.7416 (Scene.cs:36) scene create: Map 6 1
2024-07-11 18:57:03.7416 (Scene.cs:36) scene create: Map 7 1
2024-07-11 18:57:03.7416 (Scene.cs:36) scene create: RouterManager 300 1
2024-07-11 18:57:03.7889 (Scene.cs:36) scene create: Router 301 1
2024-07-11 18:57:03.7889 (Scene.cs:36) scene create: Router 302 1
2024-07-11 18:57:03.8034 (Scene.cs:36) scene create: Router 303 1
2024-07-11 18:57:03.8034 (Scene.cs:36) scene create: Router 304 1
2024-07-11 18:58:12.4067 (Scene.cs:36) scene create: NetInner -2 1
2024-07-11 18:58:12.4245 (Scene.cs:36) scene create: Realm 1 1
2024-07-11 18:58:12.4316 (Scene.cs:36) scene create: Gate 2 1
2024-07-11 18:58:12.4316 (Scene.cs:36) scene create: Gate 3 1
2024-07-11 18:58:12.4316 (Scene.cs:36) scene create: Location 4 1
2024-07-11 18:58:12.4432 (Scene.cs:36) scene create: Match 5 1
2024-07-11 18:58:12.4432 (Scene.cs:36) scene create: Map 6 1
2024-07-11 18:58:12.4432 (Scene.cs:36) scene create: Map 7 1
2024-07-11 18:58:12.4432 (Scene.cs:36) scene create: RouterManager 300 1
2024-07-11 18:58:12.4880 (Scene.cs:36) scene create: Router 301 1
2024-07-11 18:58:12.4977 (Scene.cs:36) scene create: Router 302 1
2024-07-11 18:58:12.4977 (Scene.cs:36) scene create: Router 303 1
2024-07-11 18:58:12.5067 (Scene.cs:36) scene create: Router 304 1
2024-07-11 18:59:55.1805 (Scene.cs:36) scene create: NetInner -2 1
2024-07-11 18:59:55.1960 (Scene.cs:36) scene create: Realm 1 1
2024-07-11 18:59:55.1960 (Scene.cs:36) scene create: Gate 2 1
2024-07-11 18:59:55.1960 (Scene.cs:36) scene create: Gate 3 1
2024-07-11 18:59:55.2097 (Scene.cs:36) scene create: Location 4 1
2024-07-11 18:59:55.2097 (Scene.cs:36) scene create: Match 5 1
2024-07-11 18:59:55.2097 (Scene.cs:36) scene create: Map 6 1
2024-07-11 18:59:55.2097 (Scene.cs:36) scene create: Map 7 1
2024-07-11 18:59:55.2265 (Scene.cs:36) scene create: RouterManager 300 1
2024-07-11 18:59:55.2559 (Scene.cs:36) scene create: Router 301 1
2024-07-11 18:59:55.2559 (Scene.cs:36) scene create: Router 302 1
2024-07-11 18:59:55.2559 (Scene.cs:36) scene create: Router 303 1
2024-07-11 18:59:55.2716 (Scene.cs:36) scene create: Router 304 1
