2024-07-11 19:01:22.8088 scene create: NetInner -2 1
2024-07-11 19:01:22.8245 scene create: Realm 1 1
2024-07-11 19:01:22.8245 scene create: Gate 2 1
2024-07-11 19:01:22.8374 scene create: Gate 3 1
2024-07-11 19:01:22.8374 scene create: Location 4 1
2024-07-11 19:01:22.8374 scene create: Match 5 1
2024-07-11 19:01:22.8374 scene create: Map 6 1
2024-07-11 19:01:22.8525 scene create: Map 7 1
2024-07-11 19:01:22.8525 scene create: RouterManager 300 1
2024-07-11 19:01:22.8908 scene create: Router 301 1
2024-07-11 19:01:22.8996 scene create: Router 302 1
2024-07-11 19:01:22.8996 scene create: Router 303 1
2024-07-11 19:01:22.8996 scene create: Router 304 1
2024-07-11 19:02:37.1091 scene create: NetInner -2 1
2024-07-11 19:02:37.1272 scene create: Realm 1 1
2024-07-11 19:02:37.1349 scene create: Gate 2 1
2024-07-11 19:02:37.1349 scene create: Gate 3 1
2024-07-11 19:02:37.1349 scene create: Location 4 1
2024-07-11 19:02:37.1467 scene create: Match 5 1
2024-07-11 19:02:37.1467 scene create: Map 6 1
2024-07-11 19:02:37.1467 scene create: Map 7 1
2024-07-11 19:02:37.1467 scene create: RouterManager 300 1
2024-07-11 19:02:37.1925 scene create: Router 301 1
2024-07-11 19:02:37.2012 scene create: Router 302 1
2024-07-11 19:02:37.2012 scene create: Router 303 1
2024-07-11 19:02:37.2012 scene create: Router 304 1
2024-07-11 19:05:04.9409 scene create: NetInner -2 1
2024-07-11 19:05:04.9586 scene create: Realm 1 1
2024-07-11 19:05:04.9644 scene create: Gate 2 1
2024-07-11 19:05:04.9644 scene create: Gate 3 1
2024-07-11 19:05:04.9644 scene create: Location 4 1
2024-07-11 19:05:04.9764 scene create: Match 5 1
2024-07-11 19:05:04.9764 scene create: Map 6 1
2024-07-11 19:05:04.9764 scene create: Map 7 1
2024-07-11 19:05:04.9764 scene create: RouterManager 300 1
2024-07-11 19:05:05.0244 scene create: Router 301 1
2024-07-11 19:05:05.0244 scene create: Router 302 1
2024-07-11 19:05:05.0377 scene create: Router 303 1
2024-07-11 19:05:05.0377 scene create: Router 304 1
2024-07-11 19:08:16.4216 scene create: NetInner -2 1
2024-07-11 19:08:16.4338 scene create: Realm 1 1
2024-07-11 19:08:16.4338 scene create: Gate 2 1
2024-07-11 19:08:16.4435 scene create: Gate 3 1
2024-07-11 19:08:16.4435 scene create: Location 4 1
2024-07-11 19:08:16.4435 scene create: Match 5 1
2024-07-11 19:08:16.4435 scene create: Map 6 1
2024-07-11 19:08:16.4602 scene create: Map 7 1
2024-07-11 19:08:16.4602 scene create: RouterManager 300 1
2024-07-11 19:08:16.4923 scene create: Router 301 1
2024-07-11 19:08:16.4923 scene create: Router 302 1
2024-07-11 19:08:16.5062 scene create: Router 303 1
2024-07-11 19:08:16.5062 scene create: Router 304 1
2024-07-11 19:08:28.6787 scene create: NetInner -2 1
2024-07-11 19:08:28.6979 scene create: Realm 1 1
2024-07-11 19:08:28.6979 scene create: Gate 2 1
2024-07-11 19:08:28.7100 scene create: Gate 3 1
2024-07-11 19:08:28.7100 scene create: Location 4 1
2024-07-11 19:08:28.7100 scene create: Match 5 1
2024-07-11 19:08:28.7100 scene create: Map 6 1
2024-07-11 19:08:28.7261 scene create: Map 7 1
2024-07-11 19:08:28.7261 scene create: RouterManager 300 1
2024-07-11 19:08:28.7597 scene create: Router 301 1
2024-07-11 19:08:28.7716 scene create: Router 302 1
2024-07-11 19:08:28.7716 scene create: Router 303 1
2024-07-11 19:08:28.7716 scene create: Router 304 1
2024-07-11 19:23:18.8356 scene create: NetInner -2 1
2024-07-11 19:23:18.8525 scene create: Realm 1 1
2024-07-11 19:23:18.8525 scene create: Gate 2 1
2024-07-11 19:23:18.8525 scene create: Gate 3 1
2024-07-11 19:23:18.8525 scene create: Location 4 1
2024-07-11 19:23:18.8662 scene create: Match 5 1
2024-07-11 19:23:18.8662 scene create: Map 6 1
2024-07-11 19:23:18.8662 scene create: Map 7 1
2024-07-11 19:23:18.8662 scene create: RouterManager 300 1
2024-07-11 19:23:18.9082 scene create: Router 301 1
2024-07-11 19:23:18.9174 scene create: Router 302 1
2024-07-11 19:23:18.9174 scene create: Router 303 1
2024-07-11 19:23:18.9174 scene create: Router 304 1
2024-07-11 19:27:03.5117 scene create: NetInner -2 1
2024-07-11 19:27:03.5268 scene create: Realm 1 1
2024-07-11 19:27:03.5268 scene create: Gate 2 1
2024-07-11 19:27:03.5407 scene create: Gate 3 1
2024-07-11 19:27:03.5407 scene create: Location 4 1
2024-07-11 19:27:03.5407 scene create: Match 5 1
2024-07-11 19:27:03.5528 scene create: Map 6 1
2024-07-11 19:27:03.5528 scene create: Map 7 1
2024-07-11 19:27:03.5528 scene create: RouterManager 300 1
2024-07-11 19:27:03.5887 scene create: Router 301 1
2024-07-11 19:27:03.5887 scene create: Router 302 1
2024-07-11 19:27:03.6010 scene create: Router 303 1
2024-07-11 19:27:03.6010 scene create: Router 304 1
2024-07-11 19:30:27.4193 scene create: NetInner -2 1
2024-07-11 19:30:27.4363 scene create: Realm 1 1
2024-07-11 19:30:27.4363 scene create: Gate 2 1
2024-07-11 19:30:27.4479 scene create: Gate 3 1
2024-07-11 19:30:27.4479 scene create: Location 4 1
2024-07-11 19:30:27.4479 scene create: Match 5 1
2024-07-11 19:30:27.4479 scene create: Map 6 1
2024-07-11 19:30:27.4599 scene create: Map 7 1
2024-07-11 19:30:27.4599 scene create: RouterManager 300 1
2024-07-11 19:30:27.4944 scene create: Router 301 1
2024-07-11 19:30:27.5067 scene create: Router 302 1
2024-07-11 19:30:27.5067 scene create: Router 303 1
2024-07-11 19:30:27.5067 scene create: Router 304 1
2024-07-11 19:33:58.6080 scene create: NetInner -2 1
2024-07-11 19:33:58.6291 scene create: Realm 1 1
2024-07-11 19:33:58.6377 scene create: Gate 2 1
2024-07-11 19:33:58.6377 scene create: Gate 3 1
2024-07-11 19:33:58.6471 scene create: Location 4 1
2024-07-11 19:33:58.6471 scene create: Match 5 1
2024-07-11 19:33:58.6471 scene create: Map 6 1
2024-07-11 19:33:58.6471 scene create: Map 7 1
2024-07-11 19:33:58.6654 scene create: RouterManager 300 1
2024-07-11 19:33:58.7000 scene create: Router 301 1
2024-07-11 19:33:58.7099 scene create: Router 302 1
2024-07-11 19:33:58.7099 scene create: Router 303 1
2024-07-11 19:33:58.7099 scene create: Router 304 1
2024-07-11 19:48:43.7098 scene create: NetInner -2 1
2024-07-11 19:48:43.7304 scene create: Realm 1 1
2024-07-11 19:48:43.7304 scene create: Gate 2 1
2024-07-11 19:48:43.7432 scene create: Gate 3 1
2024-07-11 19:48:43.7432 scene create: Location 4 1
2024-07-11 19:48:43.7432 scene create: Match 5 1
2024-07-11 19:48:43.7567 scene create: Map 6 1
2024-07-11 19:48:43.7567 scene create: Map 7 1
2024-07-11 19:48:43.7567 scene create: RouterManager 300 1
2024-07-11 19:48:43.8019 scene create: Router 301 1
2024-07-11 19:48:43.8096 scene create: Router 302 1
2024-07-11 19:48:43.8096 scene create: Router 303 1
2024-07-11 19:48:43.8201 scene create: Router 304 1
2024-07-11 19:55:31.4416 scene create: NetInner -2 1
2024-07-11 19:55:31.4592 scene create: Realm 1 1
2024-07-11 19:55:31.4722 scene create: Gate 2 1
2024-07-11 19:55:31.4782 scene create: Gate 3 1
2024-07-11 19:55:31.4782 scene create: Location 4 1
2024-07-11 19:55:31.4782 scene create: Match 5 1
2024-07-11 19:55:31.4902 scene create: Map 6 1
2024-07-11 19:55:31.4902 scene create: Map 7 1
2024-07-11 19:55:31.4902 scene create: RouterManager 300 1
2024-07-11 19:55:31.5344 scene create: Router 301 1
2024-07-11 19:55:31.5438 scene create: Router 302 1
2024-07-11 19:55:31.5438 scene create: Router 303 1
2024-07-11 19:55:31.5535 scene create: Router 304 1
