2024-07-10 15:12:02.4636 scene create: NetInner -2 1
2024-07-10 15:12:02.4801 scene create: Realm 1 1
2024-07-10 15:12:02.4801 scene create: Gate 2 1
2024-07-10 15:12:02.4916 scene create: Gate 3 1
2024-07-10 15:12:02.4916 scene create: Location 4 1
2024-07-10 15:12:02.4916 scene create: Match 5 1
2024-07-10 15:12:02.4916 scene create: Map 6 1
2024-07-10 15:12:02.5075 scene create: Map 7 1
2024-07-10 15:12:02.5075 scene create: RouterManager 300 1
2024-07-10 15:12:02.5523 scene create: Router 301 1
2024-07-10 15:12:02.5633 scene create: Router 302 1
2024-07-10 15:12:02.5697 scene create: Router 303 1
2024-07-10 15:12:02.5697 scene create: Router 304 1
2024-07-10 15:12:42.6491 scene create: NetInner -2 1
2024-07-10 15:12:42.6639 scene create: Realm 1 1
2024-07-10 15:12:42.6639 scene create: Gate 2 1
2024-07-10 15:12:42.6639 scene create: Gate 3 1
2024-07-10 15:12:42.6639 scene create: Location 4 1
2024-07-10 15:12:42.6795 scene create: Match 5 1
2024-07-10 15:12:42.6795 scene create: Map 6 1
2024-07-10 15:12:42.6795 scene create: Map 7 1
2024-07-10 15:12:42.6795 scene create: RouterManager 300 1
2024-07-10 15:12:42.7178 scene create: Router 301 1
2024-07-10 15:12:42.7268 scene create: Router 302 1
2024-07-10 15:12:42.7268 scene create: Router 303 1
2024-07-10 15:12:42.7268 scene create: Router 304 1
2024-07-10 15:13:57.7492 scene create: NetInner -2 1
2024-07-10 15:13:57.7664 scene create: Realm 1 1
2024-07-10 15:13:57.7746 scene create: Gate 2 1
2024-07-10 15:13:57.7746 scene create: Gate 3 1
2024-07-10 15:13:57.7746 scene create: Location 4 1
2024-07-10 15:13:57.7887 scene create: Match 5 1
2024-07-10 15:13:57.7887 scene create: Map 6 1
2024-07-10 15:13:57.7887 scene create: Map 7 1
2024-07-10 15:13:57.8052 scene create: RouterManager 300 1
2024-07-10 15:13:57.8438 scene create: Router 301 1
2024-07-10 15:13:57.8535 scene create: Router 302 1
2024-07-10 15:13:57.8535 scene create: Router 303 1
2024-07-10 15:13:57.8535 scene create: Router 304 1
2024-07-10 15:14:24.5140 scene create: NetInner -2 1
2024-07-10 15:14:24.5276 scene create: Realm 1 1
2024-07-10 15:14:24.5276 scene create: Gate 2 1
2024-07-10 15:14:24.5276 scene create: Gate 3 1
2024-07-10 15:14:24.5393 scene create: Location 4 1
2024-07-10 15:14:24.5393 scene create: Match 5 1
2024-07-10 15:14:24.5393 scene create: Map 6 1
2024-07-10 15:14:24.5393 scene create: Map 7 1
2024-07-10 15:14:24.5553 scene create: RouterManager 300 1
2024-07-10 15:14:24.5846 scene create: Router 301 1
2024-07-10 15:14:24.5939 scene create: Router 302 1
2024-07-10 15:14:24.5939 scene create: Router 303 1
2024-07-10 15:14:24.6022 scene create: Router 304 1
2024-07-10 15:17:08.3605 scene create: NetInner -2 1
2024-07-10 15:17:08.3854 scene create: Realm 1 1
2024-07-10 15:17:08.3854 scene create: Gate 2 1
2024-07-10 15:17:08.3990 scene create: Gate 3 1
2024-07-10 15:17:08.3990 scene create: Location 4 1
2024-07-10 15:17:08.3990 scene create: Match 5 1
2024-07-10 15:17:08.3990 scene create: Map 6 1
2024-07-10 15:17:08.4156 scene create: Map 7 1
2024-07-10 15:17:08.4156 scene create: RouterManager 300 1
2024-07-10 15:17:08.4586 scene create: Router 301 1
2024-07-10 15:17:08.4695 scene create: Router 302 1
2024-07-10 15:17:08.4759 scene create: Router 303 1
2024-07-10 15:17:08.4759 scene create: Router 304 1
2024-07-10 15:17:24.5203 scene create: NetInner -2 1
2024-07-10 15:17:24.5342 scene create: Realm 1 1
2024-07-10 15:17:24.5342 scene create: Gate 2 1
2024-07-10 15:17:24.5421 scene create: Gate 3 1
2024-07-10 15:17:24.5421 scene create: Location 4 1
2024-07-10 15:17:24.5421 scene create: Match 5 1
2024-07-10 15:17:24.5421 scene create: Map 6 1
2024-07-10 15:17:24.5561 scene create: Map 7 1
2024-07-10 15:17:24.5561 scene create: RouterManager 300 1
2024-07-10 15:17:24.5852 scene create: Router 301 1
2024-07-10 15:17:24.5852 scene create: Router 302 1
2024-07-10 15:17:24.5852 scene create: Router 303 1
2024-07-10 15:17:24.6012 scene create: Router 304 1
2024-07-10 15:18:13.3965 scene create: NetInner -2 1
2024-07-10 15:18:13.4141 scene create: Realm 1 1
2024-07-10 15:18:13.4141 scene create: Gate 2 1
2024-07-10 15:18:13.4141 scene create: Gate 3 1
2024-07-10 15:18:13.4141 scene create: Location 4 1
2024-07-10 15:18:13.4311 scene create: Match 5 1
2024-07-10 15:18:13.4311 scene create: Map 6 1
2024-07-10 15:18:13.4311 scene create: Map 7 1
2024-07-10 15:18:13.4311 scene create: RouterManager 300 1
2024-07-10 15:18:13.4713 scene create: Router 301 1
2024-07-10 15:18:13.4819 scene create: Router 302 1
2024-07-10 15:18:13.4819 scene create: Router 303 1
2024-07-10 15:18:13.4819 scene create: Router 304 1
