2024-07-09 11:03:54.6866 (Scene.cs:36) scene create: NetInner -2 1
2024-07-09 11:03:54.7013 (Scene.cs:36) scene create: Realm 1 1
2024-07-09 11:03:54.7013 (Scene.cs:36) scene create: Gate 2 1
2024-07-09 11:03:54.7106 (Scene.cs:36) scene create: Gate 3 1
2024-07-09 11:03:54.7106 (Scene.cs:36) scene create: Location 4 1
2024-07-09 11:03:54.7106 (Scene.cs:36) scene create: Match 5 1
2024-07-09 11:03:54.7106 (Scene.cs:36) scene create: Map 6 1
2024-07-09 11:03:54.7264 (Scene.cs:36) scene create: Map 7 1
2024-07-09 11:03:54.7264 (Scene.cs:36) scene create: RouterManager 300 1
2024-07-09 11:03:54.7593 (Scene.cs:36) scene create: Router 301 1
2024-07-09 11:03:54.7593 (Scene.cs:36) scene create: Router 302 1
2024-07-09 11:03:54.7734 (Scene.cs:36) scene create: Router 303 1
2024-07-09 11:03:54.7734 (Scene.cs:36) scene create: Router 304 1
2024-07-09 11:08:37.4306 (Scene.cs:36) scene create: NetInner -2 1
2024-07-09 11:08:37.4506 (Scene.cs:36) scene create: Realm 1 1
2024-07-09 11:08:37.4506 (Scene.cs:36) scene create: Gate 2 1
2024-07-09 11:08:37.4621 (Scene.cs:36) scene create: Gate 3 1
2024-07-09 11:08:37.4621 (Scene.cs:36) scene create: Location 4 1
2024-07-09 11:08:37.4621 (Scene.cs:36) scene create: Match 5 1
2024-07-09 11:08:37.4621 (Scene.cs:36) scene create: Map 6 1
2024-07-09 11:08:37.4621 (Scene.cs:36) scene create: Map 7 1
2024-07-09 11:08:37.4793 (Scene.cs:36) scene create: RouterManager 300 1
2024-07-09 11:08:37.5189 (Scene.cs:36) scene create: Router 301 1
2024-07-09 11:08:37.5288 (Scene.cs:36) scene create: Router 302 1
2024-07-09 11:08:37.5288 (Scene.cs:36) scene create: Router 303 1
2024-07-09 11:08:37.5385 (Scene.cs:36) scene create: Router 304 1
2024-07-09 11:20:29.3273 (Scene.cs:36) scene create: NetInner -2 1
2024-07-09 11:20:29.3395 (Scene.cs:36) scene create: Realm 1 1
2024-07-09 11:20:29.3395 (Scene.cs:36) scene create: Gate 2 1
2024-07-09 11:20:29.3395 (Scene.cs:36) scene create: Gate 3 1
2024-07-09 11:20:29.3511 (Scene.cs:36) scene create: Location 4 1
2024-07-09 11:20:29.3511 (Scene.cs:36) scene create: Match 5 1
2024-07-09 11:20:29.3511 (Scene.cs:36) scene create: Map 6 1
2024-07-09 11:20:29.3511 (Scene.cs:36) scene create: Map 7 1
2024-07-09 11:20:29.3511 (Scene.cs:36) scene create: RouterManager 300 1
2024-07-09 11:20:29.3879 (Scene.cs:36) scene create: Router 301 1
2024-07-09 11:20:29.3980 (Scene.cs:36) scene create: Router 302 1
2024-07-09 11:20:29.3980 (Scene.cs:36) scene create: Router 303 1
2024-07-09 11:20:29.3980 (Scene.cs:36) scene create: Router 304 1
2024-07-09 11:27:01.9304 (Scene.cs:36) scene create: NetInner -2 1
2024-07-09 11:27:01.9449 (Scene.cs:36) scene create: Realm 1 1
2024-07-09 11:27:01.9449 (Scene.cs:36) scene create: Gate 2 1
2024-07-09 11:27:01.9449 (Scene.cs:36) scene create: Gate 3 1
2024-07-09 11:27:01.9449 (Scene.cs:36) scene create: Location 4 1
2024-07-09 11:27:01.9449 (Scene.cs:36) scene create: Match 5 1
2024-07-09 11:27:01.9629 (Scene.cs:36) scene create: Map 6 1
2024-07-09 11:27:01.9629 (Scene.cs:36) scene create: Map 7 1
2024-07-09 11:27:01.9629 (Scene.cs:36) scene create: RouterManager 300 1
2024-07-09 11:27:01.9956 (Scene.cs:36) scene create: Router 301 1
2024-07-09 11:27:02.0079 (Scene.cs:36) scene create: Router 302 1
2024-07-09 11:27:02.0079 (Scene.cs:36) scene create: Router 303 1
2024-07-09 11:27:02.0079 (Scene.cs:36) scene create: Router 304 1
2024-07-09 11:29:38.5745 (Scene.cs:36) scene create: NetInner -2 1
2024-07-09 11:29:38.5888 (Scene.cs:36) scene create: Realm 1 1
2024-07-09 11:29:38.5888 (Scene.cs:36) scene create: Gate 2 1
2024-07-09 11:29:38.5888 (Scene.cs:36) scene create: Gate 3 1
2024-07-09 11:29:38.6031 (Scene.cs:36) scene create: Location 4 1
2024-07-09 11:29:38.6031 (Scene.cs:36) scene create: Match 5 1
2024-07-09 11:29:38.6031 (Scene.cs:36) scene create: Map 6 1
2024-07-09 11:29:38.6031 (Scene.cs:36) scene create: Map 7 1
2024-07-09 11:29:38.6193 (Scene.cs:36) scene create: RouterManager 300 1
2024-07-09 11:29:38.6478 (Scene.cs:36) scene create: Router 301 1
2024-07-09 11:29:38.6478 (Scene.cs:36) scene create: Router 302 1
2024-07-09 11:29:38.6478 (Scene.cs:36) scene create: Router 303 1
2024-07-09 11:29:38.6635 (Scene.cs:36) scene create: Router 304 1
2024-07-09 11:35:26.9107 (Scene.cs:36) scene create: NetInner -2 1
2024-07-09 11:35:26.9294 (Scene.cs:36) scene create: Realm 1 1
2024-07-09 11:35:26.9294 (Scene.cs:36) scene create: Gate 2 1
2024-07-09 11:35:26.9294 (Scene.cs:36) scene create: Gate 3 1
2024-07-09 11:35:26.9294 (Scene.cs:36) scene create: Location 4 1
2024-07-09 11:35:26.9474 (Scene.cs:36) scene create: Match 5 1
2024-07-09 11:35:26.9474 (Scene.cs:36) scene create: Map 6 1
2024-07-09 11:35:26.9474 (Scene.cs:36) scene create: Map 7 1
2024-07-09 11:35:26.9608 (Scene.cs:36) scene create: RouterManager 300 1
2024-07-09 11:35:26.9914 (Scene.cs:36) scene create: Router 301 1
2024-07-09 11:35:26.9914 (Scene.cs:36) scene create: Router 302 1
2024-07-09 11:35:26.9914 (Scene.cs:36) scene create: Router 303 1
2024-07-09 11:35:27.0088 (Scene.cs:36) scene create: Router 304 1
2024-07-09 11:42:35.5475 (Scene.cs:36) scene create: NetInner -2 1
2024-07-09 11:42:35.5630 (Scene.cs:36) scene create: Realm 1 1
2024-07-09 11:42:35.5630 (Scene.cs:36) scene create: Gate 2 1
2024-07-09 11:42:35.5712 (Scene.cs:36) scene create: Gate 3 1
2024-07-09 11:42:35.5712 (Scene.cs:36) scene create: Location 4 1
2024-07-09 11:42:35.5712 (Scene.cs:36) scene create: Match 5 1
2024-07-09 11:42:35.5712 (Scene.cs:36) scene create: Map 6 1
2024-07-09 11:42:35.5873 (Scene.cs:36) scene create: Map 7 1
2024-07-09 11:42:35.5873 (Scene.cs:36) scene create: RouterManager 300 1
2024-07-09 11:42:35.6179 (Scene.cs:36) scene create: Router 301 1
2024-07-09 11:42:35.6179 (Scene.cs:36) scene create: Router 302 1
2024-07-09 11:42:35.6320 (Scene.cs:36) scene create: Router 303 1
2024-07-09 11:42:35.6320 (Scene.cs:36) scene create: Router 304 1
2024-07-09 11:44:22.8637 (Scene.cs:36) scene create: NetInner -2 1
2024-07-09 11:44:22.8754 (Scene.cs:36) scene create: Realm 1 1
2024-07-09 11:44:22.8754 (Scene.cs:36) scene create: Gate 2 1
2024-07-09 11:44:22.8825 (Scene.cs:36) scene create: Gate 3 1
2024-07-09 11:44:22.8825 (Scene.cs:36) scene create: Location 4 1
2024-07-09 11:44:22.8825 (Scene.cs:36) scene create: Match 5 1
2024-07-09 11:44:22.8825 (Scene.cs:36) scene create: Map 6 1
2024-07-09 11:44:22.8986 (Scene.cs:36) scene create: Map 7 1
2024-07-09 11:44:22.8986 (Scene.cs:36) scene create: RouterManager 300 1
2024-07-09 11:44:22.9384 (Scene.cs:36) scene create: Router 301 1
2024-07-09 11:44:22.9468 (Scene.cs:36) scene create: Router 302 1
2024-07-09 11:44:22.9468 (Scene.cs:36) scene create: Router 303 1
2024-07-09 11:44:22.9468 (Scene.cs:36) scene create: Router 304 1
