2024-07-05 10:32:03.3052 (Init.cs:35) server start........................ 
2024-07-05 10:32:06.6590 (ExcelExporter.cs:215) System.Exception: 动态编译失败:
The type or namespace name 'Vector3' could not be found (are you missing a using directive or an assembly reference?)
The type or namespace name 'Shape' could not be found (are you missing a using directive or an assembly reference?)

   at ET.ExcelExporter.DynamicBuild(ConfigType configType) in D:\ToolSoft\U3D\Project\ETs\ET-BattleSystem8.1\Share\Tool\ExcelExporter\ExcelExporter.cs:line 353
   at ET.ExcelExporter.Export() in D:\ToolSoft\U3D\Project\ETs\ET-BattleSystem8.1\Share\Tool\ExcelExporter\ExcelExporter.cs:line 194
2024-07-05 10:52:09.9617 (Init.cs:35) server start........................ 
2024-07-05 10:52:13.0754 (ExcelExporter.cs:215) System.Exception: 动态编译失败:
The type or namespace name 'Vector3' could not be found (are you missing a using directive or an assembly reference?)
The type or namespace name 'CollisionShape' could not be found (are you missing a using directive or an assembly reference?)

   at ET.ExcelExporter.DynamicBuild(ConfigType configType) in D:\ToolSoft\U3D\Project\ETs\ET-BattleSystem8.1\Share\Tool\ExcelExporter\ExcelExporter.cs:line 353
   at ET.ExcelExporter.Export() in D:\ToolSoft\U3D\Project\ETs\ET-BattleSystem8.1\Share\Tool\ExcelExporter\ExcelExporter.cs:line 194
2024-07-05 10:53:45.0747 (Init.cs:35) server start........................ 
2024-07-05 10:53:48.3406 (ExcelExporter.cs:215) System.Exception: 动态编译失败:
The type or namespace name 'Vector3' could not be found (are you missing a using directive or an assembly reference?)

   at ET.ExcelExporter.DynamicBuild(ConfigType configType) in D:\ToolSoft\U3D\Project\ETs\ET-BattleSystem8.1\Share\Tool\ExcelExporter\ExcelExporter.cs:line 353
   at ET.ExcelExporter.Export() in D:\ToolSoft\U3D\Project\ETs\ET-BattleSystem8.1\Share\Tool\ExcelExporter\ExcelExporter.cs:line 194
2024-07-05 10:54:44.7062 (Init.cs:35) server start........................ 
2024-07-05 10:54:50.5323 (ExcelExporter.cs:215) System.Exception: 不支持此类型: object[]
   at ET.ExcelExporter.Convert(String type, String value) in D:\ToolSoft\U3D\Project\ETs\ET-BattleSystem8.1\Share\Tool\ExcelExporter\ExcelExporter.cs:line 582
   at ET.ExcelExporter.ExportSheetJson(ExcelWorksheet worksheet, String name, Dictionary`2 classField, ConfigType configType, StringBuilder sb) in D:\ToolSoft\U3D\Project\ETs\ET-BattleSystem8.1\Share\Tool\ExcelExporter\ExcelExporter.cs:line 545
   at ET.ExcelExporter.ExportExcelJson(ExcelPackage p, String name, Table table, ConfigType configType, String relativeDir) in D:\ToolSoft\U3D\Project\ETs\ET-BattleSystem8.1\Share\Tool\ExcelExporter\ExcelExporter.cs:line 474
   at ET.ExcelExporter.ExportExcel(String path) in D:\ToolSoft\U3D\Project\ETs\ET-BattleSystem8.1\Share\Tool\ExcelExporter\ExcelExporter.cs:line 266
   at ET.ExcelExporter.Export() in D:\ToolSoft\U3D\Project\ETs\ET-BattleSystem8.1\Share\Tool\ExcelExporter\ExcelExporter.cs:line 202
