2024-07-11 20:25:01.7041 (FrameInputsHandler.cs:29) FrameMessage < AuthorityFrame discard: { "_t" : "FrameMessage", "Frame" : 0, "PlayerId" : NumberLong("1209477180162049"), "Input" : { "V" : { "x" : { "_serializedValue" : NumberLong(0) }, "y" : { "_serializedValue" : NumberLong(0) } }, "Button" : 0 } }
2024-07-11 20:25:01.7041 (FrameInputsHandler.cs:29) FrameMessage < AuthorityFrame discard: { "_t" : "FrameMessage", "Frame" : 1, "PlayerId" : NumberLong("1209477180162049"), "Input" : { "V" : { "x" : { "_serializedValue" : NumberLong(0) }, "y" : { "_serializedValue" : NumberLong(0) } }, "Button" : 0 } }
2024-07-11 20:25:01.7041 (FrameInputsHandler.cs:29) FrameMessage < AuthorityFrame discard: { "_t" : "FrameMessage", "Frame" : 2, "PlayerId" : NumberLong("1209477180162049"), "Input" : { "V" : { "x" : { "_serializedValue" : NumberLong(0) }, "y" : { "_serializedValue" : NumberLong(0) } }, "Button" : 0 } }
2024-07-11 20:25:06.7694 (LSEntitySystemSingleton.cs:123) System.DllNotFoundException: Unable to load DLL 'libbulletc' or one of its dependencies: 找不到指定的模块。 (0x8007007E)
   at BulletSharp.ContactResultCallback.btCollisionWorld_ContactResultCallbackWrapper_new(IntPtr addSingleResult, IntPtr needsCollision, IntPtr thisPtr)
   at BulletSharp.ContactResultCallback..ctor() in D:\ToolSoft\U3D\Project\ETs\ET-OWDemo\Unity\Assets\Scripts\ThirdParty\BulletUnity\BulletSharp\Collision\CollisionWorld.cs:line 137
   at ET.TestContact..ctor()
   at ET.SkeletonHandler.CastHandler(LSInput input, LSUnit unit) in D:\ToolSoft\U3D\Project\ETs\ET-OWDemo\Unity\Assets\Scripts\Hotfix\Share\Battle\ActionHandler\UnitActions\SkeletonHandler.cs:line 51
   at ET.SkeletonHandler.Update(ActionComponent actionComponent, ActionConfig config) in D:\ToolSoft\U3D\Project\ETs\ET-OWDemo\Unity\Assets\Scripts\Hotfix\Share\Battle\ActionHandler\UnitActions\SkeletonHandler.cs:line 21
   at ET.ActionComponentSystem.LSUpdate(ActionComponent self) in D:\ToolSoft\U3D\Project\ETs\ET-OWDemo\Unity\Assets\Scripts\Hotfix\Share\Battle\ActionComponentSystem.cs:line 44
   at ET.ActionComponentSystem.ET_ActionComponent_LSUpdateSystem.LSUpdate(ActionComponent self) in D:\ToolSoft\U3D\Project\ETs\ET-OWDemo\DotNet\Hotfix\Share.SourceGenerator\ET.Generator.ETSystemGenerator\ET.ActionComponentSystem.LSUpdate.ET_ActionComponent.g.cs:line 10
   at ET.LSUpdateSystem`1.ET.ILSUpdateSystem.Run(LSEntity o) in D:\ToolSoft\U3D\Project\ETs\ET-OWDemo\Unity\Assets\Scripts\Model\Share\LockStep\ILSUpdateSystem.cs:line 19
   at ET.LSEntitySystemSingleton.LSUpdate(LSEntity entity) in D:\ToolSoft\U3D\Project\ETs\ET-OWDemo\Unity\Assets\Scripts\Model\Share\LockStep\LSEntitySystemSingleton.cs:line 119
2024-07-11 20:48:01.5071 (FrameInputsHandler.cs:29) FrameMessage < AuthorityFrame discard: { "_t" : "FrameMessage", "Frame" : 0, "PlayerId" : NumberLong("1209478625099777"), "Input" : { "V" : { "x" : { "_serializedValue" : NumberLong(0) }, "y" : { "_serializedValue" : NumberLong(0) } }, "Button" : 0 } }
2024-07-11 20:48:01.5071 (FrameInputsHandler.cs:29) FrameMessage < AuthorityFrame discard: { "_t" : "FrameMessage", "Frame" : 1, "PlayerId" : NumberLong("1209478625099777"), "Input" : { "V" : { "x" : { "_serializedValue" : NumberLong(0) }, "y" : { "_serializedValue" : NumberLong(0) } }, "Button" : 0 } }
2024-07-11 20:48:01.5071 (FrameInputsHandler.cs:29) FrameMessage < AuthorityFrame discard: { "_t" : "FrameMessage", "Frame" : 2, "PlayerId" : NumberLong("1209478625099777"), "Input" : { "V" : { "x" : { "_serializedValue" : NumberLong(0) }, "y" : { "_serializedValue" : NumberLong(0) } }, "Button" : 0 } }
2024-07-11 20:48:01.5071 (FrameInputsHandler.cs:29) FrameMessage < AuthorityFrame discard: { "_t" : "FrameMessage", "Frame" : 3, "PlayerId" : NumberLong("1209478625099777"), "Input" : { "V" : { "x" : { "_serializedValue" : NumberLong(0) }, "y" : { "_serializedValue" : NumberLong(0) } }, "Button" : 0 } }
2024-07-11 20:48:01.5071 (FrameInputsHandler.cs:29) FrameMessage < AuthorityFrame discard: { "_t" : "FrameMessage", "Frame" : 4, "PlayerId" : NumberLong("1209478625099777"), "Input" : { "V" : { "x" : { "_serializedValue" : NumberLong(0) }, "y" : { "_serializedValue" : NumberLong(0) } }, "Button" : 0 } }
2024-07-11 20:48:03.3652 (LSEntitySystemSingleton.cs:123) System.DllNotFoundException: Unable to load DLL 'libbulletc' or one of its dependencies: 找不到指定的模块。 (0x8007007E)
   at BulletSharp.ContactResultCallback.btCollisionWorld_ContactResultCallbackWrapper_new(IntPtr addSingleResult, IntPtr needsCollision, IntPtr thisPtr)
   at BulletSharp.ContactResultCallback..ctor() in D:\ToolSoft\U3D\Project\ETs\ET-OWDemo\Unity\Assets\Scripts\ThirdParty\BulletUnity\BulletSharp\Collision\CollisionWorld.cs:line 137
   at ET.TestContact..ctor()
   at ET.SkeletonHandler.CastHandler(LSInput input, LSUnit unit) in D:\ToolSoft\U3D\Project\ETs\ET-OWDemo\Unity\Assets\Scripts\Hotfix\Share\Battle\ActionHandler\UnitActions\SkeletonHandler.cs:line 51
   at ET.SkeletonHandler.Update(ActionComponent actionComponent, ActionConfig config) in D:\ToolSoft\U3D\Project\ETs\ET-OWDemo\Unity\Assets\Scripts\Hotfix\Share\Battle\ActionHandler\UnitActions\SkeletonHandler.cs:line 21
   at ET.ActionComponentSystem.LSUpdate(ActionComponent self) in D:\ToolSoft\U3D\Project\ETs\ET-OWDemo\Unity\Assets\Scripts\Hotfix\Share\Battle\ActionComponentSystem.cs:line 44
   at ET.ActionComponentSystem.ET_ActionComponent_LSUpdateSystem.LSUpdate(ActionComponent self) in D:\ToolSoft\U3D\Project\ETs\ET-OWDemo\DotNet\Hotfix\Share.SourceGenerator\ET.Generator.ETSystemGenerator\ET.ActionComponentSystem.LSUpdate.ET_ActionComponent.g.cs:line 10
   at ET.LSUpdateSystem`1.ET.ILSUpdateSystem.Run(LSEntity o) in D:\ToolSoft\U3D\Project\ETs\ET-OWDemo\Unity\Assets\Scripts\Model\Share\LockStep\ILSUpdateSystem.cs:line 19
   at ET.LSEntitySystemSingleton.LSUpdate(LSEntity entity) in D:\ToolSoft\U3D\Project\ETs\ET-OWDemo\Unity\Assets\Scripts\Model\Share\LockStep\LSEntitySystemSingleton.cs:line 119
2024-07-11 20:53:57.4803 (FrameInputsHandler.cs:29) FrameMessage < AuthorityFrame discard: { "_t" : "FrameMessage", "Frame" : 0, "PlayerId" : NumberLong("1209478998392833"), "Input" : { "V" : { "x" : { "_serializedValue" : NumberLong(0) }, "y" : { "_serializedValue" : NumberLong(0) } }, "Button" : 0 } }
2024-07-11 20:53:57.5076 (FrameInputsHandler.cs:29) FrameMessage < AuthorityFrame discard: { "_t" : "FrameMessage", "Frame" : 1, "PlayerId" : NumberLong("1209478998392833"), "Input" : { "V" : { "x" : { "_serializedValue" : NumberLong(0) }, "y" : { "_serializedValue" : NumberLong(0) } }, "Button" : 0 } }
2024-07-11 20:53:57.5076 (FrameInputsHandler.cs:29) FrameMessage < AuthorityFrame discard: { "_t" : "FrameMessage", "Frame" : 2, "PlayerId" : NumberLong("1209478998392833"), "Input" : { "V" : { "x" : { "_serializedValue" : NumberLong(0) }, "y" : { "_serializedValue" : NumberLong(0) } }, "Button" : 0 } }
2024-07-11 20:53:57.5076 (FrameInputsHandler.cs:29) FrameMessage < AuthorityFrame discard: { "_t" : "FrameMessage", "Frame" : 3, "PlayerId" : NumberLong("1209478998392833"), "Input" : { "V" : { "x" : { "_serializedValue" : NumberLong(0) }, "y" : { "_serializedValue" : NumberLong(0) } }, "Button" : 0 } }
2024-07-11 20:53:57.5076 (FrameInputsHandler.cs:29) FrameMessage < AuthorityFrame discard: { "_t" : "FrameMessage", "Frame" : 4, "PlayerId" : NumberLong("1209478998392833"), "Input" : { "V" : { "x" : { "_serializedValue" : NumberLong(0) }, "y" : { "_serializedValue" : NumberLong(0) } }, "Button" : 0 } }
2024-07-11 20:53:57.5333 (FrameInputsHandler.cs:29) FrameMessage < AuthorityFrame discard: { "_t" : "FrameMessage", "Frame" : 5, "PlayerId" : NumberLong("1209478998392833"), "Input" : { "V" : { "x" : { "_serializedValue" : NumberLong(0) }, "y" : { "_serializedValue" : NumberLong(0) } }, "Button" : 0 } }
2024-07-11 20:53:57.5589 (FrameInputsHandler.cs:29) FrameMessage < AuthorityFrame discard: { "_t" : "FrameMessage", "Frame" : 6, "PlayerId" : NumberLong("1209478998392833"), "Input" : { "V" : { "x" : { "_serializedValue" : NumberLong(0) }, "y" : { "_serializedValue" : NumberLong(0) } }, "Button" : 0 } }
2024-07-11 20:53:57.6206 (FrameInputsHandler.cs:29) FrameMessage < AuthorityFrame discard: { "_t" : "FrameMessage", "Frame" : 7, "PlayerId" : NumberLong("1209478998392833"), "Input" : { "V" : { "x" : { "_serializedValue" : NumberLong(0) }, "y" : { "_serializedValue" : NumberLong(0) } }, "Button" : 0 } }
2024-07-11 20:53:57.6481 (FrameInputsHandler.cs:29) FrameMessage < AuthorityFrame discard: { "_t" : "FrameMessage", "Frame" : 8, "PlayerId" : NumberLong("1209478998392833"), "Input" : { "V" : { "x" : { "_serializedValue" : NumberLong(0) }, "y" : { "_serializedValue" : NumberLong(0) } }, "Button" : 0 } }
2024-07-11 20:53:58.4851 (FrameInputsHandler.cs:29) FrameMessage < AuthorityFrame discard: { "_t" : "FrameMessage", "Frame" : 20, "PlayerId" : NumberLong("1209478998392833"), "Input" : { "V" : { "x" : { "_serializedValue" : NumberLong(0) }, "y" : { "_serializedValue" : NumberLong(0) } }, "Button" : 0 } }
2024-07-11 20:53:58.4901 (FrameInputsHandler.cs:29) FrameMessage < AuthorityFrame discard: { "_t" : "FrameMessage", "Frame" : 21, "PlayerId" : NumberLong("1209478998392833"), "Input" : { "V" : { "x" : { "_serializedValue" : NumberLong(0) }, "y" : { "_serializedValue" : NumberLong(0) } }, "Button" : 0 } }
2024-07-11 20:53:58.4901 (FrameInputsHandler.cs:29) FrameMessage < AuthorityFrame discard: { "_t" : "FrameMessage", "Frame" : 22, "PlayerId" : NumberLong("1209478998392833"), "Input" : { "V" : { "x" : { "_serializedValue" : NumberLong(0) }, "y" : { "_serializedValue" : NumberLong(0) } }, "Button" : 0 } }
2024-07-11 20:53:58.4901 (FrameInputsHandler.cs:29) FrameMessage < AuthorityFrame discard: { "_t" : "FrameMessage", "Frame" : 23, "PlayerId" : NumberLong("1209478998392833"), "Input" : { "V" : { "x" : { "_serializedValue" : NumberLong(0) }, "y" : { "_serializedValue" : NumberLong(0) } }, "Button" : 0 } }
2024-07-11 20:53:59.0059 (FrameInputsHandler.cs:29) FrameMessage < AuthorityFrame discard: { "_t" : "FrameMessage", "Frame" : 24, "PlayerId" : NumberLong("1209478998392833"), "Input" : { "V" : { "x" : { "_serializedValue" : NumberLong(0) }, "y" : { "_serializedValue" : NumberLong(0) } }, "Button" : 0 } }
2024-07-11 20:53:59.0059 (FrameInputsHandler.cs:29) FrameMessage < AuthorityFrame discard: { "_t" : "FrameMessage", "Frame" : 25, "PlayerId" : NumberLong("1209478998392833"), "Input" : { "V" : { "x" : { "_serializedValue" : NumberLong(0) }, "y" : { "_serializedValue" : NumberLong(0) } }, "Button" : 0 } }
2024-07-11 20:53:59.0233 (FrameInputsHandler.cs:29) FrameMessage < AuthorityFrame discard: { "_t" : "FrameMessage", "Frame" : 26, "PlayerId" : NumberLong("1209478998392833"), "Input" : { "V" : { "x" : { "_serializedValue" : NumberLong(0) }, "y" : { "_serializedValue" : NumberLong(0) } }, "Button" : 0 } }
2024-07-11 20:53:59.0233 (FrameInputsHandler.cs:29) FrameMessage < AuthorityFrame discard: { "_t" : "FrameMessage", "Frame" : 27, "PlayerId" : NumberLong("1209478998392833"), "Input" : { "V" : { "x" : { "_serializedValue" : NumberLong(0) }, "y" : { "_serializedValue" : NumberLong(0) } }, "Button" : 0 } }
2024-07-11 20:53:59.0233 (FrameInputsHandler.cs:29) FrameMessage < AuthorityFrame discard: { "_t" : "FrameMessage", "Frame" : 28, "PlayerId" : NumberLong("1209478998392833"), "Input" : { "V" : { "x" : { "_serializedValue" : NumberLong(0) }, "y" : { "_serializedValue" : NumberLong(0) } }, "Button" : 0 } }
2024-07-11 20:53:59.5839 (FrameInputsHandler.cs:29) FrameMessage < AuthorityFrame discard: { "_t" : "FrameMessage", "Frame" : 29, "PlayerId" : NumberLong("1209478998392833"), "Input" : { "V" : { "x" : { "_serializedValue" : NumberLong(0) }, "y" : { "_serializedValue" : NumberLong(0) } }, "Button" : 0 } }
2024-07-11 20:53:59.5839 (FrameInputsHandler.cs:29) FrameMessage < AuthorityFrame discard: { "_t" : "FrameMessage", "Frame" : 30, "PlayerId" : NumberLong("1209478998392833"), "Input" : { "V" : { "x" : { "_serializedValue" : NumberLong(0) }, "y" : { "_serializedValue" : NumberLong(0) } }, "Button" : 0 } }
2024-07-11 20:53:59.5839 (FrameInputsHandler.cs:29) FrameMessage < AuthorityFrame discard: { "_t" : "FrameMessage", "Frame" : 31, "PlayerId" : NumberLong("1209478998392833"), "Input" : { "V" : { "x" : { "_serializedValue" : NumberLong(0) }, "y" : { "_serializedValue" : NumberLong(0) } }, "Button" : 0 } }
2024-07-11 20:53:59.5839 (FrameInputsHandler.cs:29) FrameMessage < AuthorityFrame discard: { "_t" : "FrameMessage", "Frame" : 32, "PlayerId" : NumberLong("1209478998392833"), "Input" : { "V" : { "x" : { "_serializedValue" : NumberLong(0) }, "y" : { "_serializedValue" : NumberLong(0) } }, "Button" : 0 } }
2024-07-11 20:53:59.5996 (FrameInputsHandler.cs:29) FrameMessage < AuthorityFrame discard: { "_t" : "FrameMessage", "Frame" : 33, "PlayerId" : NumberLong("1209478998392833"), "Input" : { "V" : { "x" : { "_serializedValue" : NumberLong(0) }, "y" : { "_serializedValue" : NumberLong(0) } }, "Button" : 0 } }
2024-07-11 20:53:59.5996 (FrameInputsHandler.cs:29) FrameMessage < AuthorityFrame discard: { "_t" : "FrameMessage", "Frame" : 34, "PlayerId" : NumberLong("1209478998392833"), "Input" : { "V" : { "x" : { "_serializedValue" : NumberLong(0) }, "y" : { "_serializedValue" : NumberLong(0) } }, "Button" : 0 } }
2024-07-11 20:54:00.0865 (FrameInputsHandler.cs:29) FrameMessage < AuthorityFrame discard: { "_t" : "FrameMessage", "Frame" : 35, "PlayerId" : NumberLong("1209478998392833"), "Input" : { "V" : { "x" : { "_serializedValue" : NumberLong(0) }, "y" : { "_serializedValue" : NumberLong(0) } }, "Button" : 0 } }
2024-07-11 20:54:00.0865 (FrameInputsHandler.cs:29) FrameMessage < AuthorityFrame discard: { "_t" : "FrameMessage", "Frame" : 36, "PlayerId" : NumberLong("1209478998392833"), "Input" : { "V" : { "x" : { "_serializedValue" : NumberLong(0) }, "y" : { "_serializedValue" : NumberLong(0) } }, "Button" : 0 } }
2024-07-11 20:54:00.1008 (FrameInputsHandler.cs:29) FrameMessage < AuthorityFrame discard: { "_t" : "FrameMessage", "Frame" : 37, "PlayerId" : NumberLong("1209478998392833"), "Input" : { "V" : { "x" : { "_serializedValue" : NumberLong(0) }, "y" : { "_serializedValue" : NumberLong(0) } }, "Button" : 0 } }
2024-07-11 20:54:00.1008 (FrameInputsHandler.cs:29) FrameMessage < AuthorityFrame discard: { "_t" : "FrameMessage", "Frame" : 38, "PlayerId" : NumberLong("1209478998392833"), "Input" : { "V" : { "x" : { "_serializedValue" : NumberLong(0) }, "y" : { "_serializedValue" : NumberLong(0) } }, "Button" : 0 } }
2024-07-11 20:54:00.1008 (FrameInputsHandler.cs:29) FrameMessage < AuthorityFrame discard: { "_t" : "FrameMessage", "Frame" : 39, "PlayerId" : NumberLong("1209478998392833"), "Input" : { "V" : { "x" : { "_serializedValue" : NumberLong(0) }, "y" : { "_serializedValue" : NumberLong(0) } }, "Button" : 0 } }
2024-07-11 20:54:00.6315 (FrameInputsHandler.cs:29) FrameMessage < AuthorityFrame discard: { "_t" : "FrameMessage", "Frame" : 40, "PlayerId" : NumberLong("1209478998392833"), "Input" : { "V" : { "x" : { "_serializedValue" : NumberLong(0) }, "y" : { "_serializedValue" : NumberLong(0) } }, "Button" : 0 } }
2024-07-11 20:54:00.6315 (FrameInputsHandler.cs:29) FrameMessage < AuthorityFrame discard: { "_t" : "FrameMessage", "Frame" : 41, "PlayerId" : NumberLong("1209478998392833"), "Input" : { "V" : { "x" : { "_serializedValue" : NumberLong(0) }, "y" : { "_serializedValue" : NumberLong(0) } }, "Button" : 0 } }
2024-07-11 20:54:00.6315 (FrameInputsHandler.cs:29) FrameMessage < AuthorityFrame discard: { "_t" : "FrameMessage", "Frame" : 42, "PlayerId" : NumberLong("1209478998392833"), "Input" : { "V" : { "x" : { "_serializedValue" : NumberLong(0) }, "y" : { "_serializedValue" : NumberLong(0) } }, "Button" : 0 } }
2024-07-11 20:54:00.6482 (FrameInputsHandler.cs:29) FrameMessage < AuthorityFrame discard: { "_t" : "FrameMessage", "Frame" : 43, "PlayerId" : NumberLong("1209478998392833"), "Input" : { "V" : { "x" : { "_serializedValue" : NumberLong(0) }, "y" : { "_serializedValue" : NumberLong(0) } }, "Button" : 0 } }
2024-07-11 20:54:00.6482 (FrameInputsHandler.cs:29) FrameMessage < AuthorityFrame discard: { "_t" : "FrameMessage", "Frame" : 44, "PlayerId" : NumberLong("1209478998392833"), "Input" : { "V" : { "x" : { "_serializedValue" : NumberLong(0) }, "y" : { "_serializedValue" : NumberLong(0) } }, "Button" : 0 } }
2024-07-11 20:54:00.6482 (FrameInputsHandler.cs:29) FrameMessage < AuthorityFrame discard: { "_t" : "FrameMessage", "Frame" : 45, "PlayerId" : NumberLong("1209478998392833"), "Input" : { "V" : { "x" : { "_serializedValue" : NumberLong(0) }, "y" : { "_serializedValue" : NumberLong(0) } }, "Button" : 0 } }
2024-07-11 20:54:01.1213 (FrameInputsHandler.cs:29) FrameMessage < AuthorityFrame discard: { "_t" : "FrameMessage", "Frame" : 46, "PlayerId" : NumberLong("1209478998392833"), "Input" : { "V" : { "x" : { "_serializedValue" : NumberLong(0) }, "y" : { "_serializedValue" : NumberLong(0) } }, "Button" : 0 } }
2024-07-11 20:54:01.1213 (FrameInputsHandler.cs:29) FrameMessage < AuthorityFrame discard: { "_t" : "FrameMessage", "Frame" : 47, "PlayerId" : NumberLong("1209478998392833"), "Input" : { "V" : { "x" : { "_serializedValue" : NumberLong(0) }, "y" : { "_serializedValue" : NumberLong(0) } }, "Button" : 0 } }
2024-07-11 20:54:01.1315 (FrameInputsHandler.cs:29) FrameMessage < AuthorityFrame discard: { "_t" : "FrameMessage", "Frame" : 48, "PlayerId" : NumberLong("1209478998392833"), "Input" : { "V" : { "x" : { "_serializedValue" : NumberLong(0) }, "y" : { "_serializedValue" : NumberLong(0) } }, "Button" : 0 } }
2024-07-11 20:54:01.1315 (FrameInputsHandler.cs:29) FrameMessage < AuthorityFrame discard: { "_t" : "FrameMessage", "Frame" : 49, "PlayerId" : NumberLong("1209478998392833"), "Input" : { "V" : { "x" : { "_serializedValue" : NumberLong(0) }, "y" : { "_serializedValue" : NumberLong(0) } }, "Button" : 0 } }
2024-07-11 20:54:01.1315 (FrameInputsHandler.cs:29) FrameMessage < AuthorityFrame discard: { "_t" : "FrameMessage", "Frame" : 50, "PlayerId" : NumberLong("1209478998392833"), "Input" : { "V" : { "x" : { "_serializedValue" : NumberLong(0) }, "y" : { "_serializedValue" : NumberLong(0) } }, "Button" : 0 } }
2024-07-11 20:54:01.1315 (FrameInputsHandler.cs:29) FrameMessage < AuthorityFrame discard: { "_t" : "FrameMessage", "Frame" : 51, "PlayerId" : NumberLong("1209478998392833"), "Input" : { "V" : { "x" : { "_serializedValue" : NumberLong(0) }, "y" : { "_serializedValue" : NumberLong(0) } }, "Button" : 0 } }
2024-07-11 20:54:01.1315 (FrameInputsHandler.cs:29) FrameMessage < AuthorityFrame discard: { "_t" : "FrameMessage", "Frame" : 52, "PlayerId" : NumberLong("1209478998392833"), "Input" : { "V" : { "x" : { "_serializedValue" : NumberLong(0) }, "y" : { "_serializedValue" : NumberLong(0) } }, "Button" : 0 } }
2024-07-11 20:54:01.6798 (FrameInputsHandler.cs:29) FrameMessage < AuthorityFrame discard: { "_t" : "FrameMessage", "Frame" : 53, "PlayerId" : NumberLong("1209478998392833"), "Input" : { "V" : { "x" : { "_serializedValue" : NumberLong(0) }, "y" : { "_serializedValue" : NumberLong(0) } }, "Button" : 0 } }
2024-07-11 20:54:01.6798 (FrameInputsHandler.cs:29) FrameMessage < AuthorityFrame discard: { "_t" : "FrameMessage", "Frame" : 54, "PlayerId" : NumberLong("1209478998392833"), "Input" : { "V" : { "x" : { "_serializedValue" : NumberLong(0) }, "y" : { "_serializedValue" : NumberLong(0) } }, "Button" : 0 } }
2024-07-11 20:54:01.6798 (FrameInputsHandler.cs:29) FrameMessage < AuthorityFrame discard: { "_t" : "FrameMessage", "Frame" : 55, "PlayerId" : NumberLong("1209478998392833"), "Input" : { "V" : { "x" : { "_serializedValue" : NumberLong(0) }, "y" : { "_serializedValue" : NumberLong(0) } }, "Button" : 0 } }
2024-07-11 20:54:01.6798 (FrameInputsHandler.cs:29) FrameMessage < AuthorityFrame discard: { "_t" : "FrameMessage", "Frame" : 56, "PlayerId" : NumberLong("1209478998392833"), "Input" : { "V" : { "x" : { "_serializedValue" : NumberLong(0) }, "y" : { "_serializedValue" : NumberLong(0) } }, "Button" : 0 } }
2024-07-11 20:54:01.6798 (FrameInputsHandler.cs:29) FrameMessage < AuthorityFrame discard: { "_t" : "FrameMessage", "Frame" : 57, "PlayerId" : NumberLong("1209478998392833"), "Input" : { "V" : { "x" : { "_serializedValue" : NumberLong(0) }, "y" : { "_serializedValue" : NumberLong(0) } }, "Button" : 0 } }
2024-07-11 20:54:01.7001 (FrameInputsHandler.cs:29) FrameMessage < AuthorityFrame discard: { "_t" : "FrameMessage", "Frame" : 58, "PlayerId" : NumberLong("1209478998392833"), "Input" : { "V" : { "x" : { "_serializedValue" : NumberLong(0) }, "y" : { "_serializedValue" : NumberLong(0) } }, "Button" : 0 } }
2024-07-11 20:54:01.7001 (FrameInputsHandler.cs:29) FrameMessage < AuthorityFrame discard: { "_t" : "FrameMessage", "Frame" : 59, "PlayerId" : NumberLong("1209478998392833"), "Input" : { "V" : { "x" : { "_serializedValue" : NumberLong(0) }, "y" : { "_serializedValue" : NumberLong(0) } }, "Button" : 0 } }
2024-07-11 20:54:01.7001 (FrameInputsHandler.cs:29) FrameMessage < AuthorityFrame discard: { "_t" : "FrameMessage", "Frame" : 60, "PlayerId" : NumberLong("1209478998392833"), "Input" : { "V" : { "x" : { "_serializedValue" : NumberLong(0) }, "y" : { "_serializedValue" : NumberLong(0) } }, "Button" : 0 } }
2024-07-11 20:54:01.7001 (FrameInputsHandler.cs:29) FrameMessage < AuthorityFrame discard: { "_t" : "FrameMessage", "Frame" : 61, "PlayerId" : NumberLong("1209478998392833"), "Input" : { "V" : { "x" : { "_serializedValue" : NumberLong(0) }, "y" : { "_serializedValue" : NumberLong(0) } }, "Button" : 0 } }
2024-07-11 20:54:02.1935 (FrameInputsHandler.cs:29) FrameMessage < AuthorityFrame discard: { "_t" : "FrameMessage", "Frame" : 62, "PlayerId" : NumberLong("1209478998392833"), "Input" : { "V" : { "x" : { "_serializedValue" : NumberLong(0) }, "y" : { "_serializedValue" : NumberLong(0) } }, "Button" : 0 } }
2024-07-11 20:54:02.1935 (FrameInputsHandler.cs:29) FrameMessage < AuthorityFrame discard: { "_t" : "FrameMessage", "Frame" : 63, "PlayerId" : NumberLong("1209478998392833"), "Input" : { "V" : { "x" : { "_serializedValue" : NumberLong(0) }, "y" : { "_serializedValue" : NumberLong(0) } }, "Button" : 0 } }
2024-07-11 20:54:02.1935 (FrameInputsHandler.cs:29) FrameMessage < AuthorityFrame discard: { "_t" : "FrameMessage", "Frame" : 64, "PlayerId" : NumberLong("1209478998392833"), "Input" : { "V" : { "x" : { "_serializedValue" : NumberLong(0) }, "y" : { "_serializedValue" : NumberLong(0) } }, "Button" : 0 } }
2024-07-11 20:54:02.1935 (FrameInputsHandler.cs:29) FrameMessage < AuthorityFrame discard: { "_t" : "FrameMessage", "Frame" : 65, "PlayerId" : NumberLong("1209478998392833"), "Input" : { "V" : { "x" : { "_serializedValue" : NumberLong(0) }, "y" : { "_serializedValue" : NumberLong(0) } }, "Button" : 0 } }
2024-07-11 20:54:02.2103 (FrameInputsHandler.cs:29) FrameMessage < AuthorityFrame discard: { "_t" : "FrameMessage", "Frame" : 66, "PlayerId" : NumberLong("1209478998392833"), "Input" : { "V" : { "x" : { "_serializedValue" : NumberLong(0) }, "y" : { "_serializedValue" : NumberLong(0) } }, "Button" : 0 } }
2024-07-11 20:54:02.2103 (FrameInputsHandler.cs:29) FrameMessage < AuthorityFrame discard: { "_t" : "FrameMessage", "Frame" : 67, "PlayerId" : NumberLong("1209478998392833"), "Input" : { "V" : { "x" : { "_serializedValue" : NumberLong(0) }, "y" : { "_serializedValue" : NumberLong(0) } }, "Button" : 0 } }
2024-07-11 20:54:02.2103 (FrameInputsHandler.cs:29) FrameMessage < AuthorityFrame discard: { "_t" : "FrameMessage", "Frame" : 68, "PlayerId" : NumberLong("1209478998392833"), "Input" : { "V" : { "x" : { "_serializedValue" : NumberLong(0) }, "y" : { "_serializedValue" : NumberLong(0) } }, "Button" : 0 } }
2024-07-11 20:54:02.2103 (FrameInputsHandler.cs:29) FrameMessage < AuthorityFrame discard: { "_t" : "FrameMessage", "Frame" : 69, "PlayerId" : NumberLong("1209478998392833"), "Input" : { "V" : { "x" : { "_serializedValue" : NumberLong(0) }, "y" : { "_serializedValue" : NumberLong(0) } }, "Button" : 0 } }
2024-07-11 20:54:02.6262 (FrameInputsHandler.cs:29) FrameMessage < AuthorityFrame discard: { "_t" : "FrameMessage", "Frame" : 70, "PlayerId" : NumberLong("1209478998392833"), "Input" : { "V" : { "x" : { "_serializedValue" : NumberLong(0) }, "y" : { "_serializedValue" : NumberLong(0) } }, "Button" : 0 } }
2024-07-11 20:54:02.6356 (FrameInputsHandler.cs:29) FrameMessage < AuthorityFrame discard: { "_t" : "FrameMessage", "Frame" : 71, "PlayerId" : NumberLong("1209478998392833"), "Input" : { "V" : { "x" : { "_serializedValue" : NumberLong(0) }, "y" : { "_serializedValue" : NumberLong(0) } }, "Button" : 0 } }
2024-07-11 20:54:03.0773 (FrameInputsHandler.cs:29) FrameMessage < AuthorityFrame discard: { "_t" : "FrameMessage", "Frame" : 72, "PlayerId" : NumberLong("1209478998392833"), "Input" : { "V" : { "x" : { "_serializedValue" : NumberLong(0) }, "y" : { "_serializedValue" : NumberLong(0) } }, "Button" : 0 } }
2024-07-11 20:54:03.0847 (FrameInputsHandler.cs:29) FrameMessage < AuthorityFrame discard: { "_t" : "FrameMessage", "Frame" : 73, "PlayerId" : NumberLong("1209478998392833"), "Input" : { "V" : { "x" : { "_serializedValue" : NumberLong(0) }, "y" : { "_serializedValue" : NumberLong(0) } }, "Button" : 0 } }
2024-07-11 20:54:03.0847 (FrameInputsHandler.cs:29) FrameMessage < AuthorityFrame discard: { "_t" : "FrameMessage", "Frame" : 74, "PlayerId" : NumberLong("1209478998392833"), "Input" : { "V" : { "x" : { "_serializedValue" : NumberLong(0) }, "y" : { "_serializedValue" : NumberLong(0) } }, "Button" : 0 } }
2024-07-11 20:54:03.0847 (FrameInputsHandler.cs:29) FrameMessage < AuthorityFrame discard: { "_t" : "FrameMessage", "Frame" : 75, "PlayerId" : NumberLong("1209478998392833"), "Input" : { "V" : { "x" : { "_serializedValue" : NumberLong(0) }, "y" : { "_serializedValue" : NumberLong(0) } }, "Button" : 0 } }
2024-07-11 20:54:03.1019 (FrameInputsHandler.cs:29) FrameMessage < AuthorityFrame discard: { "_t" : "FrameMessage", "Frame" : 76, "PlayerId" : NumberLong("1209478998392833"), "Input" : { "V" : { "x" : { "_serializedValue" : NumberLong(0) }, "y" : { "_serializedValue" : NumberLong(0) } }, "Button" : 0 } }
2024-07-11 20:54:03.1019 (FrameInputsHandler.cs:29) FrameMessage < AuthorityFrame discard: { "_t" : "FrameMessage", "Frame" : 77, "PlayerId" : NumberLong("1209478998392833"), "Input" : { "V" : { "x" : { "_serializedValue" : NumberLong(0) }, "y" : { "_serializedValue" : NumberLong(0) } }, "Button" : 0 } }
2024-07-11 20:54:03.4172 (FrameInputsHandler.cs:29) FrameMessage < AuthorityFrame discard: { "_t" : "FrameMessage", "Frame" : 78, "PlayerId" : NumberLong("1209478998392833"), "Input" : { "V" : { "x" : { "_serializedValue" : NumberLong(0) }, "y" : { "_serializedValue" : NumberLong(0) } }, "Button" : 0 } }
2024-07-11 20:54:03.4172 (FrameInputsHandler.cs:29) FrameMessage < AuthorityFrame discard: { "_t" : "FrameMessage", "Frame" : 79, "PlayerId" : NumberLong("1209478998392833"), "Input" : { "V" : { "x" : { "_serializedValue" : NumberLong(0) }, "y" : { "_serializedValue" : NumberLong(0) } }, "Button" : 0 } }
2024-07-11 20:54:03.4172 (FrameInputsHandler.cs:29) FrameMessage < AuthorityFrame discard: { "_t" : "FrameMessage", "Frame" : 80, "PlayerId" : NumberLong("1209478998392833"), "Input" : { "V" : { "x" : { "_serializedValue" : NumberLong(0) }, "y" : { "_serializedValue" : NumberLong(0) } }, "Button" : 0 } }
2024-07-11 20:54:03.4172 (FrameInputsHandler.cs:29) FrameMessage < AuthorityFrame discard: { "_t" : "FrameMessage", "Frame" : 81, "PlayerId" : NumberLong("1209478998392833"), "Input" : { "V" : { "x" : { "_serializedValue" : NumberLong(0) }, "y" : { "_serializedValue" : NumberLong(0) } }, "Button" : 0 } }
2024-07-11 20:54:03.4172 (FrameInputsHandler.cs:29) FrameMessage < AuthorityFrame discard: { "_t" : "FrameMessage", "Frame" : 82, "PlayerId" : NumberLong("1209478998392833"), "Input" : { "V" : { "x" : { "_serializedValue" : NumberLong(0) }, "y" : { "_serializedValue" : NumberLong(0) } }, "Button" : 0 } }
2024-07-11 20:54:03.4172 (FrameInputsHandler.cs:29) FrameMessage < AuthorityFrame discard: { "_t" : "FrameMessage", "Frame" : 83, "PlayerId" : NumberLong("1209478998392833"), "Input" : { "V" : { "x" : { "_serializedValue" : NumberLong(0) }, "y" : { "_serializedValue" : NumberLong(0) } }, "Button" : 0 } }
2024-07-11 20:54:03.4948 (FrameInputsHandler.cs:29) FrameMessage < AuthorityFrame discard: { "_t" : "FrameMessage", "Frame" : 84, "PlayerId" : NumberLong("1209478998392833"), "Input" : { "V" : { "x" : { "_serializedValue" : NumberLong(0) }, "y" : { "_serializedValue" : NumberLong(0) } }, "Button" : 0 } }
2024-07-11 20:54:03.4948 (FrameInputsHandler.cs:29) FrameMessage < AuthorityFrame discard: { "_t" : "FrameMessage", "Frame" : 85, "PlayerId" : NumberLong("1209478998392833"), "Input" : { "V" : { "x" : { "_serializedValue" : NumberLong(0) }, "y" : { "_serializedValue" : NumberLong(0) } }, "Button" : 0 } }
2024-07-11 20:54:03.4948 (FrameInputsHandler.cs:29) FrameMessage < AuthorityFrame discard: { "_t" : "FrameMessage", "Frame" : 86, "PlayerId" : NumberLong("1209478998392833"), "Input" : { "V" : { "x" : { "_serializedValue" : NumberLong(0) }, "y" : { "_serializedValue" : NumberLong(0) } }, "Button" : 0 } }
2024-07-11 20:54:03.4948 (FrameInputsHandler.cs:29) FrameMessage < AuthorityFrame discard: { "_t" : "FrameMessage", "Frame" : 87, "PlayerId" : NumberLong("1209478998392833"), "Input" : { "V" : { "x" : { "_serializedValue" : NumberLong(0) }, "y" : { "_serializedValue" : NumberLong(0) } }, "Button" : 0 } }
2024-07-11 20:54:03.4948 (FrameInputsHandler.cs:29) FrameMessage < AuthorityFrame discard: { "_t" : "FrameMessage", "Frame" : 88, "PlayerId" : NumberLong("1209478998392833"), "Input" : { "V" : { "x" : { "_serializedValue" : NumberLong(0) }, "y" : { "_serializedValue" : NumberLong(0) } }, "Button" : 0 } }
2024-07-11 20:54:03.4948 (FrameInputsHandler.cs:29) FrameMessage < AuthorityFrame discard: { "_t" : "FrameMessage", "Frame" : 89, "PlayerId" : NumberLong("1209478998392833"), "Input" : { "V" : { "x" : { "_serializedValue" : NumberLong(0) }, "y" : { "_serializedValue" : NumberLong(0) } }, "Button" : 0 } }
2024-07-11 20:54:03.4948 (FrameInputsHandler.cs:29) FrameMessage < AuthorityFrame discard: { "_t" : "FrameMessage", "Frame" : 90, "PlayerId" : NumberLong("1209478998392833"), "Input" : { "V" : { "x" : { "_serializedValue" : NumberLong(0) }, "y" : { "_serializedValue" : NumberLong(0) } }, "Button" : 0 } }
2024-07-11 20:54:03.4948 (FrameInputsHandler.cs:29) FrameMessage < AuthorityFrame discard: { "_t" : "FrameMessage", "Frame" : 91, "PlayerId" : NumberLong("1209478998392833"), "Input" : { "V" : { "x" : { "_serializedValue" : NumberLong(0) }, "y" : { "_serializedValue" : NumberLong(0) } }, "Button" : 0 } }
2024-07-11 20:54:03.4948 (FrameInputsHandler.cs:29) FrameMessage < AuthorityFrame discard: { "_t" : "FrameMessage", "Frame" : 92, "PlayerId" : NumberLong("1209478998392833"), "Input" : { "V" : { "x" : { "_serializedValue" : NumberLong(0) }, "y" : { "_serializedValue" : NumberLong(0) } }, "Button" : 0 } }
2024-07-11 20:54:03.4948 (FrameInputsHandler.cs:29) FrameMessage < AuthorityFrame discard: { "_t" : "FrameMessage", "Frame" : 93, "PlayerId" : NumberLong("1209478998392833"), "Input" : { "V" : { "x" : { "_serializedValue" : NumberLong(0) }, "y" : { "_serializedValue" : NumberLong(0) } }, "Button" : 0 } }
2024-07-11 20:54:03.4948 (FrameInputsHandler.cs:29) FrameMessage < AuthorityFrame discard: { "_t" : "FrameMessage", "Frame" : 94, "PlayerId" : NumberLong("1209478998392833"), "Input" : { "V" : { "x" : { "_serializedValue" : NumberLong(0) }, "y" : { "_serializedValue" : NumberLong(0) } }, "Button" : 0 } }
2024-07-11 20:54:03.4948 (FrameInputsHandler.cs:29) FrameMessage < AuthorityFrame discard: { "_t" : "FrameMessage", "Frame" : 95, "PlayerId" : NumberLong("1209478998392833"), "Input" : { "V" : { "x" : { "_serializedValue" : NumberLong(0) }, "y" : { "_serializedValue" : NumberLong(0) } }, "Button" : 0 } }
2024-07-11 20:54:03.4948 (FrameInputsHandler.cs:29) FrameMessage < AuthorityFrame discard: { "_t" : "FrameMessage", "Frame" : 96, "PlayerId" : NumberLong("1209478998392833"), "Input" : { "V" : { "x" : { "_serializedValue" : NumberLong(0) }, "y" : { "_serializedValue" : NumberLong(0) } }, "Button" : 0 } }
2024-07-11 20:54:03.4948 (FrameInputsHandler.cs:29) FrameMessage < AuthorityFrame discard: { "_t" : "FrameMessage", "Frame" : 97, "PlayerId" : NumberLong("1209478998392833"), "Input" : { "V" : { "x" : { "_serializedValue" : NumberLong(0) }, "y" : { "_serializedValue" : NumberLong(0) } }, "Button" : 0 } }
2024-07-11 20:54:03.4948 (FrameInputsHandler.cs:29) FrameMessage < AuthorityFrame discard: { "_t" : "FrameMessage", "Frame" : 98, "PlayerId" : NumberLong("1209478998392833"), "Input" : { "V" : { "x" : { "_serializedValue" : NumberLong(0) }, "y" : { "_serializedValue" : NumberLong(0) } }, "Button" : 0 } }
2024-07-11 20:54:03.4948 (FrameInputsHandler.cs:29) FrameMessage < AuthorityFrame discard: { "_t" : "FrameMessage", "Frame" : 99, "PlayerId" : NumberLong("1209478998392833"), "Input" : { "V" : { "x" : { "_serializedValue" : NumberLong(0) }, "y" : { "_serializedValue" : NumberLong(0) } }, "Button" : 0 } }
2024-07-11 20:54:03.4948 (FrameInputsHandler.cs:29) FrameMessage < AuthorityFrame discard: { "_t" : "FrameMessage", "Frame" : 100, "PlayerId" : NumberLong("1209478998392833"), "Input" : { "V" : { "x" : { "_serializedValue" : NumberLong(0) }, "y" : { "_serializedValue" : NumberLong(0) } }, "Button" : 0 } }
2024-07-11 20:54:03.4948 (FrameInputsHandler.cs:29) FrameMessage < AuthorityFrame discard: { "_t" : "FrameMessage", "Frame" : 101, "PlayerId" : NumberLong("1209478998392833"), "Input" : { "V" : { "x" : { "_serializedValue" : NumberLong(0) }, "y" : { "_serializedValue" : NumberLong(0) } }, "Button" : 0 } }
2024-07-11 20:54:03.4948 (FrameInputsHandler.cs:29) FrameMessage < AuthorityFrame discard: { "_t" : "FrameMessage", "Frame" : 102, "PlayerId" : NumberLong("1209478998392833"), "Input" : { "V" : { "x" : { "_serializedValue" : NumberLong(0) }, "y" : { "_serializedValue" : NumberLong(0) } }, "Button" : 0 } }
2024-07-11 20:54:03.4948 (FrameInputsHandler.cs:29) FrameMessage < AuthorityFrame discard: { "_t" : "FrameMessage", "Frame" : 103, "PlayerId" : NumberLong("1209478998392833"), "Input" : { "V" : { "x" : { "_serializedValue" : NumberLong(0) }, "y" : { "_serializedValue" : NumberLong(0) } }, "Button" : 0 } }
2024-07-11 20:54:03.4948 (FrameInputsHandler.cs:29) FrameMessage < AuthorityFrame discard: { "_t" : "FrameMessage", "Frame" : 104, "PlayerId" : NumberLong("1209478998392833"), "Input" : { "V" : { "x" : { "_serializedValue" : NumberLong(0) }, "y" : { "_serializedValue" : NumberLong(0) } }, "Button" : 0 } }
2024-07-11 20:54:03.5061 (FrameInputsHandler.cs:29) FrameMessage < AuthorityFrame discard: { "_t" : "FrameMessage", "Frame" : 105, "PlayerId" : NumberLong("1209478998392833"), "Input" : { "V" : { "x" : { "_serializedValue" : NumberLong(0) }, "y" : { "_serializedValue" : NumberLong(0) } }, "Button" : 0 } }
2024-07-11 20:54:03.5061 (FrameInputsHandler.cs:29) FrameMessage < AuthorityFrame discard: { "_t" : "FrameMessage", "Frame" : 106, "PlayerId" : NumberLong("1209478998392833"), "Input" : { "V" : { "x" : { "_serializedValue" : NumberLong(0) }, "y" : { "_serializedValue" : NumberLong(0) } }, "Button" : 0 } }
2024-07-11 20:54:03.5061 (FrameInputsHandler.cs:29) FrameMessage < AuthorityFrame discard: { "_t" : "FrameMessage", "Frame" : 107, "PlayerId" : NumberLong("1209478998392833"), "Input" : { "V" : { "x" : { "_serializedValue" : NumberLong(0) }, "y" : { "_serializedValue" : NumberLong(0) } }, "Button" : 0 } }
2024-07-11 20:54:03.5061 (FrameInputsHandler.cs:29) FrameMessage < AuthorityFrame discard: { "_t" : "FrameMessage", "Frame" : 108, "PlayerId" : NumberLong("1209478998392833"), "Input" : { "V" : { "x" : { "_serializedValue" : NumberLong(0) }, "y" : { "_serializedValue" : NumberLong(0) } }, "Button" : 0 } }
2024-07-11 20:54:03.5061 (FrameInputsHandler.cs:29) FrameMessage < AuthorityFrame discard: { "_t" : "FrameMessage", "Frame" : 109, "PlayerId" : NumberLong("1209478998392833"), "Input" : { "V" : { "x" : { "_serializedValue" : NumberLong(0) }, "y" : { "_serializedValue" : NumberLong(0) } }, "Button" : 0 } }
2024-07-11 20:54:03.5061 (FrameInputsHandler.cs:29) FrameMessage < AuthorityFrame discard: { "_t" : "FrameMessage", "Frame" : 110, "PlayerId" : NumberLong("1209478998392833"), "Input" : { "V" : { "x" : { "_serializedValue" : NumberLong(0) }, "y" : { "_serializedValue" : NumberLong(0) } }, "Button" : 0 } }
2024-07-11 20:54:03.5061 (FrameInputsHandler.cs:29) FrameMessage < AuthorityFrame discard: { "_t" : "FrameMessage", "Frame" : 111, "PlayerId" : NumberLong("1209478998392833"), "Input" : { "V" : { "x" : { "_serializedValue" : NumberLong(0) }, "y" : { "_serializedValue" : NumberLong(0) } }, "Button" : 0 } }
2024-07-11 20:54:03.5061 (FrameInputsHandler.cs:29) FrameMessage < AuthorityFrame discard: { "_t" : "FrameMessage", "Frame" : 112, "PlayerId" : NumberLong("1209478998392833"), "Input" : { "V" : { "x" : { "_serializedValue" : NumberLong(0) }, "y" : { "_serializedValue" : NumberLong(0) } }, "Button" : 0 } }
2024-07-11 20:54:03.5061 (FrameInputsHandler.cs:29) FrameMessage < AuthorityFrame discard: { "_t" : "FrameMessage", "Frame" : 113, "PlayerId" : NumberLong("1209478998392833"), "Input" : { "V" : { "x" : { "_serializedValue" : NumberLong(0) }, "y" : { "_serializedValue" : NumberLong(0) } }, "Button" : 0 } }
2024-07-11 20:54:03.5061 (FrameInputsHandler.cs:29) FrameMessage < AuthorityFrame discard: { "_t" : "FrameMessage", "Frame" : 114, "PlayerId" : NumberLong("1209478998392833"), "Input" : { "V" : { "x" : { "_serializedValue" : NumberLong(0) }, "y" : { "_serializedValue" : NumberLong(0) } }, "Button" : 0 } }
2024-07-11 20:54:03.5061 (FrameInputsHandler.cs:29) FrameMessage < AuthorityFrame discard: { "_t" : "FrameMessage", "Frame" : 115, "PlayerId" : NumberLong("1209478998392833"), "Input" : { "V" : { "x" : { "_serializedValue" : NumberLong(0) }, "y" : { "_serializedValue" : NumberLong(0) } }, "Button" : 0 } }
2024-07-11 20:54:03.5061 (FrameInputsHandler.cs:29) FrameMessage < AuthorityFrame discard: { "_t" : "FrameMessage", "Frame" : 116, "PlayerId" : NumberLong("1209478998392833"), "Input" : { "V" : { "x" : { "_serializedValue" : NumberLong(0) }, "y" : { "_serializedValue" : NumberLong(0) } }, "Button" : 0 } }
2024-07-11 20:54:03.5061 (FrameInputsHandler.cs:29) FrameMessage < AuthorityFrame discard: { "_t" : "FrameMessage", "Frame" : 117, "PlayerId" : NumberLong("1209478998392833"), "Input" : { "V" : { "x" : { "_serializedValue" : NumberLong(0) }, "y" : { "_serializedValue" : NumberLong(0) } }, "Button" : 0 } }
2024-07-11 20:54:03.5061 (FrameInputsHandler.cs:29) FrameMessage < AuthorityFrame discard: { "_t" : "FrameMessage", "Frame" : 118, "PlayerId" : NumberLong("1209478998392833"), "Input" : { "V" : { "x" : { "_serializedValue" : NumberLong(0) }, "y" : { "_serializedValue" : NumberLong(0) } }, "Button" : 0 } }
2024-07-11 20:54:03.5061 (FrameInputsHandler.cs:29) FrameMessage < AuthorityFrame discard: { "_t" : "FrameMessage", "Frame" : 119, "PlayerId" : NumberLong("1209478998392833"), "Input" : { "V" : { "x" : { "_serializedValue" : NumberLong(0) }, "y" : { "_serializedValue" : NumberLong(0) } }, "Button" : 0 } }
2024-07-11 20:54:03.5061 (FrameInputsHandler.cs:29) FrameMessage < AuthorityFrame discard: { "_t" : "FrameMessage", "Frame" : 120, "PlayerId" : NumberLong("1209478998392833"), "Input" : { "V" : { "x" : { "_serializedValue" : NumberLong(0) }, "y" : { "_serializedValue" : NumberLong(0) } }, "Button" : 0 } }
2024-07-11 20:54:03.5061 (FrameInputsHandler.cs:29) FrameMessage < AuthorityFrame discard: { "_t" : "FrameMessage", "Frame" : 121, "PlayerId" : NumberLong("1209478998392833"), "Input" : { "V" : { "x" : { "_serializedValue" : NumberLong(0) }, "y" : { "_serializedValue" : NumberLong(0) } }, "Button" : 0 } }
2024-07-11 20:54:03.5061 (FrameInputsHandler.cs:29) FrameMessage < AuthorityFrame discard: { "_t" : "FrameMessage", "Frame" : 122, "PlayerId" : NumberLong("1209478998392833"), "Input" : { "V" : { "x" : { "_serializedValue" : NumberLong(0) }, "y" : { "_serializedValue" : NumberLong(0) } }, "Button" : 0 } }
2024-07-11 20:54:03.5061 (FrameInputsHandler.cs:29) FrameMessage < AuthorityFrame discard: { "_t" : "FrameMessage", "Frame" : 123, "PlayerId" : NumberLong("1209478998392833"), "Input" : { "V" : { "x" : { "_serializedValue" : NumberLong(0) }, "y" : { "_serializedValue" : NumberLong(0) } }, "Button" : 0 } }
2024-07-11 20:54:03.5061 (FrameInputsHandler.cs:29) FrameMessage < AuthorityFrame discard: { "_t" : "FrameMessage", "Frame" : 124, "PlayerId" : NumberLong("1209478998392833"), "Input" : { "V" : { "x" : { "_serializedValue" : NumberLong(0) }, "y" : { "_serializedValue" : NumberLong(0) } }, "Button" : 0 } }
2024-07-11 20:54:03.5061 (FrameInputsHandler.cs:29) FrameMessage < AuthorityFrame discard: { "_t" : "FrameMessage", "Frame" : 125, "PlayerId" : NumberLong("1209478998392833"), "Input" : { "V" : { "x" : { "_serializedValue" : NumberLong(0) }, "y" : { "_serializedValue" : NumberLong(0) } }, "Button" : 0 } }
2024-07-11 20:54:24.8044 (LSEntitySystemSingleton.cs:123) System.DllNotFoundException: Unable to load DLL 'libbulletc' or one of its dependencies: 找不到指定的模块。 (0x8007007E)
   at BulletSharp.ContactResultCallback.btCollisionWorld_ContactResultCallbackWrapper_new(IntPtr addSingleResult, IntPtr needsCollision, IntPtr thisPtr)
   at BulletSharp.ContactResultCallback..ctor() in D:\ToolSoft\U3D\Project\ETs\ET-OWDemo\Unity\Assets\Scripts\ThirdParty\BulletUnity\BulletSharp\Collision\CollisionWorld.cs:line 137
   at ET.TestContact..ctor()
   at ET.SkeletonHandler.CastHandler(LSInput input, LSUnit unit) in D:\ToolSoft\U3D\Project\ETs\ET-OWDemo\Unity\Assets\Scripts\Hotfix\Share\Battle\ActionHandler\UnitActions\SkeletonHandler.cs:line 51
   at ET.SkeletonHandler.Update(ActionComponent actionComponent, ActionConfig config) in D:\ToolSoft\U3D\Project\ETs\ET-OWDemo\Unity\Assets\Scripts\Hotfix\Share\Battle\ActionHandler\UnitActions\SkeletonHandler.cs:line 21
   at ET.ActionComponentSystem.LSUpdate(ActionComponent self) in D:\ToolSoft\U3D\Project\ETs\ET-OWDemo\Unity\Assets\Scripts\Hotfix\Share\Battle\ActionComponentSystem.cs:line 44
   at ET.ActionComponentSystem.ET_ActionComponent_LSUpdateSystem.LSUpdate(ActionComponent self) in D:\ToolSoft\U3D\Project\ETs\ET-OWDemo\DotNet\Hotfix\Share.SourceGenerator\ET.Generator.ETSystemGenerator\ET.ActionComponentSystem.LSUpdate.ET_ActionComponent.g.cs:line 10
   at ET.LSUpdateSystem`1.ET.ILSUpdateSystem.Run(LSEntity o) in D:\ToolSoft\U3D\Project\ETs\ET-OWDemo\Unity\Assets\Scripts\Model\Share\LockStep\ILSUpdateSystem.cs:line 19
   at ET.LSEntitySystemSingleton.LSUpdate(LSEntity entity) in D:\ToolSoft\U3D\Project\ETs\ET-OWDemo\Unity\Assets\Scripts\Model\Share\LockStep\LSEntitySystemSingleton.cs:line 119
