2024-07-09 14:35:03.3447 (Scene.cs:36) scene create: NetInner -2 1
2024-07-09 14:35:03.3663 (Scene.cs:36) scene create: Realm 1 1
2024-07-09 14:35:03.3764 (Scene.cs:36) scene create: Gate 2 1
2024-07-09 14:35:03.3764 (Scene.cs:36) scene create: Gate 3 1
2024-07-09 14:35:03.3841 (Scene.cs:36) scene create: Location 4 1
2024-07-09 14:35:03.3841 (Scene.cs:36) scene create: Match 5 1
2024-07-09 14:35:03.3993 (Scene.cs:36) scene create: Map 6 1
2024-07-09 14:35:03.3993 (Scene.cs:36) scene create: Map 7 1
2024-07-09 14:35:03.4152 (Scene.cs:36) scene create: RouterManager 300 1
2024-07-09 14:35:03.5107 (Scene.cs:36) scene create: Router 301 1
2024-07-09 14:35:03.5268 (Scene.cs:36) scene create: Router 302 1
2024-07-09 14:35:03.5268 (Scene.cs:36) scene create: Router 303 1
2024-07-09 14:35:03.5425 (Scene.cs:36) scene create: Router 304 1
2024-07-09 14:35:10.6838 (Scene.cs:36) scene create: NetInner -2 1
2024-07-09 14:35:10.6977 (Scene.cs:36) scene create: Realm 1 1
2024-07-09 14:35:10.6977 (Scene.cs:36) scene create: Gate 2 1
2024-07-09 14:35:10.6977 (Scene.cs:36) scene create: Gate 3 1
2024-07-09 14:35:10.7114 (Scene.cs:36) scene create: Location 4 1
2024-07-09 14:35:10.7114 (Scene.cs:36) scene create: Match 5 1
2024-07-09 14:35:10.7114 (Scene.cs:36) scene create: Map 6 1
2024-07-09 14:35:10.7114 (Scene.cs:36) scene create: Map 7 1
2024-07-09 14:35:10.7276 (Scene.cs:36) scene create: RouterManager 300 1
2024-07-09 14:35:10.7579 (Scene.cs:36) scene create: Router 301 1
2024-07-09 14:35:10.7579 (Scene.cs:36) scene create: Router 302 1
2024-07-09 14:35:10.7579 (Scene.cs:36) scene create: Router 303 1
2024-07-09 14:35:10.7732 (Scene.cs:36) scene create: Router 304 1
2024-07-09 14:41:44.1932 (Scene.cs:36) scene create: NetInner -2 1
2024-07-09 14:41:44.2331 (Scene.cs:36) scene create: Realm 1 1
2024-07-09 14:41:44.2743 (Scene.cs:36) scene create: Gate 2 1
2024-07-09 14:41:44.2743 (Scene.cs:36) scene create: Gate 3 1
2024-07-09 14:41:44.2743 (Scene.cs:36) scene create: Location 4 1
2024-07-09 14:41:44.3172 (Scene.cs:36) scene create: Match 5 1
2024-07-09 14:41:44.3225 (Scene.cs:36) scene create: Map 6 1
2024-07-09 14:41:44.3225 (Scene.cs:36) scene create: Map 7 1
2024-07-09 14:41:44.3225 (Scene.cs:36) scene create: RouterManager 300 1
2024-07-09 14:41:44.4264 (Scene.cs:36) scene create: Router 301 1
2024-07-09 14:41:44.4701 (Scene.cs:36) scene create: Router 302 1
2024-07-09 14:41:44.4701 (Scene.cs:36) scene create: Router 303 1
2024-07-09 14:41:44.4774 (Scene.cs:36) scene create: Router 304 1
2024-07-09 14:44:37.4164 (Scene.cs:36) scene create: NetInner -2 1
2024-07-09 14:44:37.4388 (Scene.cs:36) scene create: Realm 1 1
2024-07-09 14:44:37.4466 (Scene.cs:36) scene create: Gate 2 1
2024-07-09 14:44:37.4466 (Scene.cs:36) scene create: Gate 3 1
2024-07-09 14:44:37.4466 (Scene.cs:36) scene create: Location 4 1
2024-07-09 14:44:37.4601 (Scene.cs:36) scene create: Match 5 1
2024-07-09 14:44:37.4601 (Scene.cs:36) scene create: Map 6 1
2024-07-09 14:44:37.4601 (Scene.cs:36) scene create: Map 7 1
2024-07-09 14:44:37.4601 (Scene.cs:36) scene create: RouterManager 300 1
2024-07-09 14:44:37.5068 (Scene.cs:36) scene create: Router 301 1
2024-07-09 14:44:37.5159 (Scene.cs:36) scene create: Router 302 1
2024-07-09 14:44:37.5159 (Scene.cs:36) scene create: Router 303 1
2024-07-09 14:44:37.5240 (Scene.cs:36) scene create: Router 304 1
