2024-07-16 13:37:01.7284 (Scene.cs:36) scene create: NetInner -2 1
2024-07-16 13:37:01.7474 (Scene.cs:36) scene create: Realm 1 1
2024-07-16 13:37:01.7545 (Scene.cs:36) scene create: Gate 2 1
2024-07-16 13:37:01.7545 (Scene.cs:36) scene create: Gate 3 1
2024-07-16 13:37:01.7545 (Scene.cs:36) scene create: Location 4 1
2024-07-16 13:37:01.7684 (Scene.cs:36) scene create: Match 5 1
2024-07-16 13:37:01.7684 (Scene.cs:36) scene create: Map 6 1
2024-07-16 13:37:01.7684 (Scene.cs:36) scene create: Map 7 1
2024-07-16 13:37:01.7684 (Scene.cs:36) scene create: RouterManager 300 1
2024-07-16 13:37:01.8524 (Scene.cs:36) scene create: Router 301 1
2024-07-16 13:37:01.8650 (Scene.cs:36) scene create: Router 302 1
2024-07-16 13:37:01.8650 (Scene.cs:36) scene create: Router 303 1
2024-07-16 13:37:01.8650 (Scene.cs:36) scene create: Router 304 1
2024-07-16 13:37:29.6637 (Scene.cs:36) scene create: NetInner -2 1
2024-07-16 13:37:29.6793 (Scene.cs:36) scene create: Realm 1 1
2024-07-16 13:37:29.6793 (Scene.cs:36) scene create: Gate 2 1
2024-07-16 13:37:29.6916 (Scene.cs:36) scene create: Gate 3 1
2024-07-16 13:37:29.6916 (Scene.cs:36) scene create: Location 4 1
2024-07-16 13:37:29.6916 (Scene.cs:36) scene create: Match 5 1
2024-07-16 13:37:29.6916 (Scene.cs:36) scene create: Map 6 1
2024-07-16 13:37:29.7056 (Scene.cs:36) scene create: Map 7 1
2024-07-16 13:37:29.7056 (Scene.cs:36) scene create: RouterManager 300 1
2024-07-16 13:37:29.7415 (Scene.cs:36) scene create: Router 301 1
2024-07-16 13:37:29.7554 (Scene.cs:36) scene create: Router 302 1
2024-07-16 13:37:29.7554 (Scene.cs:36) scene create: Router 303 1
2024-07-16 13:37:29.7554 (Scene.cs:36) scene create: Router 304 1
