2024-07-09 00:22:44.0301 scene create: NetInner -2 1
2024-07-09 00:22:44.0572 scene create: Realm 1 1
2024-07-09 00:22:44.0634 scene create: Gate 2 1
2024-07-09 00:22:44.0634 scene create: Gate 3 1
2024-07-09 00:22:44.0634 scene create: Location 4 1
2024-07-09 00:22:44.0777 scene create: Match 5 1
2024-07-09 00:22:44.0777 scene create: Map 6 1
2024-07-09 00:22:44.0777 scene create: Map 7 1
2024-07-09 00:22:44.0777 scene create: RouterManager 300 1
2024-07-09 00:22:44.1702 scene create: Router 301 1
2024-07-09 00:22:44.1842 scene create: Router 302 1
2024-07-09 00:22:44.1842 scene create: Router 303 1
2024-07-09 00:22:44.1842 scene create: Router 304 1
2024-07-09 00:27:35.6746 scene create: NetInner -2 1
2024-07-09 00:27:35.7291 scene create: Realm 1 1
2024-07-09 00:27:35.7387 scene create: Gate 2 1
2024-07-09 00:27:35.7474 scene create: Gate 3 1
2024-07-09 00:27:35.7474 scene create: Location 4 1
2024-07-09 00:27:35.7474 scene create: Match 5 1
2024-07-09 00:27:35.7474 scene create: Map 6 1
2024-07-09 00:27:35.7664 scene create: Map 7 1
2024-07-09 00:27:35.7664 scene create: RouterManager 300 1
2024-07-09 00:27:35.9588 scene create: Router 301 1
2024-07-09 00:27:35.9845 scene create: Router 302 1
2024-07-09 00:27:35.9845 scene create: Router 303 1
2024-07-09 00:27:35.9978 scene create: Router 304 1
2024-07-09 00:30:38.6894 scene create: NetInner -2 1
2024-07-09 00:30:38.7236 scene create: Realm 1 1
2024-07-09 00:30:38.7348 scene create: Gate 2 1
2024-07-09 00:30:38.7348 scene create: Gate 3 1
2024-07-09 00:30:38.7491 scene create: Location 4 1
2024-07-09 00:30:38.7491 scene create: Match 5 1
2024-07-09 00:30:38.7625 scene create: Map 6 1
2024-07-09 00:30:38.7800 scene create: Map 7 1
2024-07-09 00:30:38.7800 scene create: RouterManager 300 1
2024-07-09 00:30:38.9869 scene create: Router 301 1
2024-07-09 00:30:39.0015 scene create: Router 302 1
2024-07-09 00:30:39.0015 scene create: Router 303 1
2024-07-09 00:30:39.0015 scene create: Router 304 1
