2024-07-09 22:24:21.2109 scene create: NetInner -2 1
2024-07-09 22:24:21.2325 scene create: Realm 1 1
2024-07-09 22:24:21.2325 scene create: Gate 2 1
2024-07-09 22:24:21.2470 scene create: Gate 3 1
2024-07-09 22:24:21.2470 scene create: Location 4 1
2024-07-09 22:24:21.2470 scene create: Match 5 1
2024-07-09 22:24:21.2585 scene create: Map 6 1
2024-07-09 22:24:21.2585 scene create: Map 7 1
2024-07-09 22:24:21.2585 scene create: RouterManager 300 1
2024-07-09 22:24:21.3068 scene create: Router 301 1
2024-07-09 22:24:21.3202 scene create: Router 302 1
2024-07-09 22:24:21.3202 scene create: Router 303 1
2024-07-09 22:24:21.3202 scene create: Router 304 1
2024-07-09 22:24:37.8655 scene create: NetInner -2 1
2024-07-09 22:24:37.8805 scene create: Realm 1 1
2024-07-09 22:24:37.8864 scene create: Gate 2 1
2024-07-09 22:24:37.8864 scene create: Gate 3 1
2024-07-09 22:24:37.8864 scene create: Location 4 1
2024-07-09 22:24:37.8998 scene create: Match 5 1
2024-07-09 22:24:37.8998 scene create: Map 6 1
2024-07-09 22:24:37.8998 scene create: Map 7 1
2024-07-09 22:24:37.8998 scene create: RouterManager 300 1
2024-07-09 22:24:37.9392 scene create: Router 301 1
2024-07-09 22:24:37.9472 scene create: Router 302 1
2024-07-09 22:24:37.9472 scene create: Router 303 1
2024-07-09 22:24:37.9472 scene create: Router 304 1
2024-07-09 22:56:35.2616 scene create: NetInner -2 1
2024-07-09 22:56:35.2776 scene create: Realm 1 1
2024-07-09 22:56:35.2776 scene create: Gate 2 1
2024-07-09 22:56:35.2907 scene create: Gate 3 1
2024-07-09 22:56:35.2907 scene create: Location 4 1
2024-07-09 22:56:35.2907 scene create: Match 5 1
2024-07-09 22:56:35.3049 scene create: Map 6 1
2024-07-09 22:56:35.3049 scene create: Map 7 1
2024-07-09 22:56:35.3049 scene create: RouterManager 300 1
2024-07-09 22:56:35.3496 scene create: Router 301 1
2024-07-09 22:56:35.3585 scene create: Router 302 1
2024-07-09 22:56:35.3585 scene create: Router 303 1
2024-07-09 22:56:35.3671 scene create: Router 304 1
2024-07-09 22:59:06.6174 scene create: NetInner -2 1
2024-07-09 22:59:06.6174 scene create: Realm 1 1
2024-07-09 22:59:06.6378 scene create: Gate 2 1
2024-07-09 22:59:06.6378 scene create: Gate 3 1
2024-07-09 22:59:06.6378 scene create: Location 4 1
2024-07-09 22:59:06.6498 scene create: Match 5 1
2024-07-09 22:59:06.6498 scene create: Map 6 1
2024-07-09 22:59:06.6498 scene create: Map 7 1
2024-07-09 22:59:06.6498 scene create: RouterManager 300 1
2024-07-09 22:59:06.6891 scene create: Router 301 1
2024-07-09 22:59:06.6953 scene create: Router 302 1
2024-07-09 22:59:06.6953 scene create: Router 303 1
2024-07-09 22:59:06.6953 scene create: Router 304 1
