2024-07-10 13:29:38.7480 scene create: NetInner -2 1
2024-07-10 13:29:38.7628 scene create: Realm 1 1
2024-07-10 13:29:38.7628 scene create: Gate 2 1
2024-07-10 13:29:38.7628 scene create: Gate 3 1
2024-07-10 13:29:38.7741 scene create: Location 4 1
2024-07-10 13:29:38.7741 scene create: Match 5 1
2024-07-10 13:29:38.7741 scene create: Map 6 1
2024-07-10 13:29:38.7741 scene create: Map 7 1
2024-07-10 13:29:38.7910 scene create: RouterManager 300 1
2024-07-10 13:29:38.8240 scene create: Router 301 1
2024-07-10 13:29:38.8240 scene create: Router 302 1
2024-07-10 13:29:38.8364 scene create: Router 303 1
2024-07-10 13:29:38.8364 scene create: Router 304 1
2024-07-10 13:38:09.5173 scene create: NetInner -2 1
2024-07-10 13:38:09.5299 scene create: Realm 1 1
2024-07-10 13:38:09.5299 scene create: Gate 2 1
2024-07-10 13:38:09.5402 scene create: Gate 3 1
2024-07-10 13:38:09.5402 scene create: Location 4 1
2024-07-10 13:38:09.5402 scene create: Match 5 1
2024-07-10 13:38:09.5402 scene create: Map 6 1
2024-07-10 13:38:09.5546 scene create: Map 7 1
2024-07-10 13:38:09.5546 scene create: RouterManager 300 1
2024-07-10 13:38:09.5849 scene create: Router 301 1
2024-07-10 13:38:09.5941 scene create: Router 302 1
2024-07-10 13:38:09.5941 scene create: Router 303 1
2024-07-10 13:38:09.6012 scene create: Router 304 1
2024-07-10 13:39:53.6499 scene create: NetInner -2 1
2024-07-10 13:39:53.6654 scene create: Realm 1 1
2024-07-10 13:39:53.6654 scene create: Gate 2 1
2024-07-10 13:39:53.6654 scene create: Gate 3 1
2024-07-10 13:39:53.6806 scene create: Location 4 1
2024-07-10 13:39:53.6806 scene create: Match 5 1
2024-07-10 13:39:53.6806 scene create: Map 6 1
2024-07-10 13:39:53.6806 scene create: Map 7 1
2024-07-10 13:39:53.6966 scene create: RouterManager 300 1
2024-07-10 13:39:53.7280 scene create: Router 301 1
2024-07-10 13:39:53.7280 scene create: Router 302 1
2024-07-10 13:39:53.7426 scene create: Router 303 1
2024-07-10 13:39:53.7426 scene create: Router 304 1
2024-07-10 13:41:30.9953 scene create: NetInner -2 1
2024-07-10 13:41:31.0097 scene create: Realm 1 1
2024-07-10 13:41:31.0097 scene create: Gate 2 1
2024-07-10 13:41:31.0097 scene create: Gate 3 1
2024-07-10 13:41:31.0097 scene create: Location 4 1
2024-07-10 13:41:31.0242 scene create: Match 5 1
2024-07-10 13:41:31.0242 scene create: Map 6 1
2024-07-10 13:41:31.0242 scene create: Map 7 1
2024-07-10 13:41:31.0242 scene create: RouterManager 300 1
2024-07-10 13:41:31.0740 scene create: Router 301 1
2024-07-10 13:41:31.0879 scene create: Router 302 1
2024-07-10 13:41:31.0879 scene create: Router 303 1
2024-07-10 13:41:31.0879 scene create: Router 304 1
