2024-07-09 10:55:01.0659 scene create: NetInner -2 1
2024-07-09 10:55:01.1172 scene create: Realm 1 1
2024-07-09 10:55:01.1172 scene create: Gate 2 1
2024-07-09 10:55:01.1347 scene create: Gate 3 1
2024-07-09 10:55:01.1603 scene create: Location 4 1
2024-07-09 10:55:01.1653 scene create: Match 5 1
2024-07-09 10:55:01.1653 scene create: Map 6 1
2024-07-09 10:55:01.1792 scene create: Map 7 1
2024-07-09 10:55:01.1792 scene create: RouterManager 300 1
2024-07-09 10:55:01.2927 scene create: Router 301 1
2024-07-09 10:55:01.3095 scene create: Router 302 1
2024-07-09 10:55:01.3095 scene create: Router 303 1
2024-07-09 10:55:01.3095 scene create: Router 304 1
2024-07-09 10:57:12.3496 scene create: NetInner -2 1
2024-07-09 10:57:12.3627 scene create: Realm 1 1
2024-07-09 10:57:12.3673 scene create: Gate 2 1
2024-07-09 10:57:12.3673 scene create: Gate 3 1
2024-07-09 10:57:12.3673 scene create: Location 4 1
2024-07-09 10:57:12.3673 scene create: Match 5 1
2024-07-09 10:57:12.3833 scene create: Map 6 1
2024-07-09 10:57:12.3833 scene create: Map 7 1
2024-07-09 10:57:12.3833 scene create: RouterManager 300 1
2024-07-09 10:57:12.4145 scene create: Router 301 1
2024-07-09 10:57:12.4145 scene create: Router 302 1
2024-07-09 10:57:12.4299 scene create: Router 303 1
2024-07-09 10:57:12.4299 scene create: Router 304 1
2024-07-09 10:59:50.7692 scene create: NetInner -2 1
2024-07-09 10:59:50.7930 scene create: Realm 1 1
2024-07-09 10:59:50.7930 scene create: Gate 2 1
2024-07-09 10:59:50.8087 scene create: Gate 3 1
2024-07-09 10:59:50.8087 scene create: Location 4 1
2024-07-09 10:59:50.8087 scene create: Match 5 1
2024-07-09 10:59:50.8204 scene create: Map 6 1
2024-07-09 10:59:50.8204 scene create: Map 7 1
2024-07-09 10:59:50.8204 scene create: RouterManager 300 1
2024-07-09 10:59:50.8892 scene create: Router 301 1
2024-07-09 10:59:50.9042 scene create: Router 302 1
2024-07-09 10:59:50.9042 scene create: Router 303 1
2024-07-09 10:59:50.9132 scene create: Router 304 1
