2024-07-16 13:37:01.7284 scene create: NetInner -2 1
2024-07-16 13:37:01.7474 scene create: Realm 1 1
2024-07-16 13:37:01.7545 scene create: Gate 2 1
2024-07-16 13:37:01.7545 scene create: Gate 3 1
2024-07-16 13:37:01.7545 scene create: Location 4 1
2024-07-16 13:37:01.7684 scene create: Match 5 1
2024-07-16 13:37:01.7684 scene create: Map 6 1
2024-07-16 13:37:01.7684 scene create: Map 7 1
2024-07-16 13:37:01.7684 scene create: RouterManager 300 1
2024-07-16 13:37:01.8524 scene create: Router 301 1
2024-07-16 13:37:01.8650 scene create: Router 302 1
2024-07-16 13:37:01.8650 scene create: Router 303 1
2024-07-16 13:37:01.8650 scene create: Router 304 1
2024-07-16 13:37:29.6637 scene create: NetInner -2 1
2024-07-16 13:37:29.6793 scene create: Realm 1 1
2024-07-16 13:37:29.6793 scene create: Gate 2 1
2024-07-16 13:37:29.6916 scene create: Gate 3 1
2024-07-16 13:37:29.6916 scene create: Location 4 1
2024-07-16 13:37:29.6916 scene create: Match 5 1
2024-07-16 13:37:29.6916 scene create: Map 6 1
2024-07-16 13:37:29.7056 scene create: Map 7 1
2024-07-16 13:37:29.7056 scene create: RouterManager 300 1
2024-07-16 13:37:29.7415 scene create: Router 301 1
2024-07-16 13:37:29.7554 scene create: Router 302 1
2024-07-16 13:37:29.7554 scene create: Router 303 1
2024-07-16 13:37:29.7554 scene create: Router 304 1
