2024-07-11 18:15:37.9170 (KChannel.cs:89) channel create: 2147483650 1286919092 127.0.0.1:61611 Accept
2024-07-11 18:15:37.9170 (Session.cs:51) session create: zone: 1 id: 2147483650 1720692937919 
2024-07-11 18:15:37.9170 (KService.cs:319) kservice syn: 2147483650 1286919092 2147483650 127.0.0.1:61611
2024-07-11 18:15:37.9512 (NetComponentSystem.cs:77) { "_t" : "C2G_LoginGate", "RpcId" : 1, "Key" : NumberLong("2396081995354314423"), "GateId" : NumberLong(2) }
2024-07-11 18:15:37.9720 (LocationProxyComponentSystem.cs:15) location proxy add 1209469041115137, 1:2:342299173980209237 1720692937972
2024-07-11 18:15:37.9908 (LocationProxyComponentSystem.cs:15) location proxy add 1209469041115137, 1:2:342299173980209236 1720692937990
2024-07-11 18:15:37.9908 (Session.cs:153) { "_t" : "G2C_LoginGate", "RpcId" : 1, "Error" : 0, "Message" : null, "PlayerId" : NumberLong("1209469041115137") }
2024-07-11 18:15:39.9151 (NetComponentSystem.cs:77) { "_t" : "C2G_Match", "RpcId" : 2 }
2024-07-11 18:15:39.9287 (Session.cs:153) { "_t" : "G2C_Match", "RpcId" : 2, "Error" : 0, "Message" : null }
2024-07-11 18:15:39.9612 (Session.cs:153) { "_t" : "Match2G_NotifyMatchSuccess", "RpcId" : 0, "ActorId" : { "Address" : { "Process" : 1, "Fiber" : 10000001 }, "InstanceId" : NumberLong(1) } }
2024-07-11 18:15:40.9794 (NetComponentSystem.cs:77) { "_t" : "C2Room_ChangeSceneFinish", "PlayerId" : NumberLong(0) }
2024-07-11 18:15:42.1037 (Session.cs:153) { "_t" : "Room2C_Start", "StartTime" : NumberLong("1720692941982"), "UnitInfo" : [{ "PlayerId" : NumberLong("1209469041115137"), "Position" : { "x" : { "_serializedValue" : NumberLong("128849018880") }, "y" : { "_serializedValue" : NumberLong(0) }, "z" : { "_serializedValue" : NumberLong("-42949672960") } }, "Rotation" : { "x" : { "_serializedValue" : NumberLong(0) }, "y" : { "_serializedValue" : NumberLong(0) }, "z" : { "_serializedValue" : NumberLong(0) }, "w" : { "_serializedValue" : NumberLong("4294967296") } }, "ActionGroup" : 6 }] }
2024-07-11 18:43:39.9443 (KChannel.cs:89) channel create: 2147483650 119614659 127.0.0.1:58561 Accept
2024-07-11 18:43:39.9443 (Session.cs:51) session create: zone: 1 id: 2147483650 1720694619958 
2024-07-11 18:43:39.9598 (KService.cs:319) kservice syn: 2147483650 119614659 2147483650 127.0.0.1:58561
2024-07-11 18:43:39.9798 (NetComponentSystem.cs:77) { "_t" : "C2G_LoginGate", "RpcId" : 1, "Key" : NumberLong("8040410638493105353"), "GateId" : NumberLong(2) }
2024-07-11 18:43:39.9924 (LocationProxyComponentSystem.cs:15) location proxy add 1209470804819969, 1:2:342306398115201109 1720694619992
2024-07-11 18:43:40.0158 (LocationProxyComponentSystem.cs:15) location proxy add 1209470804819969, 1:2:342306398115201108 1720694620021
2024-07-11 18:43:40.0232 (Session.cs:153) { "_t" : "G2C_LoginGate", "RpcId" : 1, "Error" : 0, "Message" : null, "PlayerId" : NumberLong("1209470804819969") }
2024-07-11 18:43:42.0578 (NetComponentSystem.cs:77) { "_t" : "C2G_Match", "RpcId" : 3 }
2024-07-11 18:43:42.0822 (Session.cs:153) { "_t" : "G2C_Match", "RpcId" : 3, "Error" : 0, "Message" : null }
2024-07-11 18:43:42.1328 (Session.cs:153) { "_t" : "Match2G_NotifyMatchSuccess", "RpcId" : 0, "ActorId" : { "Address" : { "Process" : 1, "Fiber" : 10000001 }, "InstanceId" : NumberLong(1) } }
2024-07-11 18:43:42.3132 (NetComponentSystem.cs:77) { "_t" : "C2Room_ChangeSceneFinish", "PlayerId" : NumberLong(0) }
2024-07-11 18:43:43.4919 (Session.cs:153) { "_t" : "Room2C_Start", "StartTime" : NumberLong("1720694623319"), "UnitInfo" : [{ "PlayerId" : NumberLong("1209470804819969"), "Position" : { "x" : { "_serializedValue" : NumberLong("128849018880") }, "y" : { "_serializedValue" : NumberLong(0) }, "z" : { "_serializedValue" : NumberLong("-42949672960") } }, "Rotation" : { "x" : { "_serializedValue" : NumberLong(0) }, "y" : { "_serializedValue" : NumberLong(0) }, "z" : { "_serializedValue" : NumberLong(0) }, "w" : { "_serializedValue" : NumberLong("4294967296") } }, "ActionGroup" : 6 }] }
2024-07-11 18:43:47.9387 (KService.cs:373) kservice recv fin: 2147483650 119614659 0
2024-07-11 18:43:47.9387 (KService.cs:452) kservice remove channel: 2147483650 2147483650 119614659 100208
2024-07-11 18:43:47.9387 (KChannel.cs:109) channel dispose: 2147483650 119614659 100208
2024-07-11 18:43:47.9524 (Session.cs:64) session dispose: 127.0.0.1:58562 id: 2147483650 ErrorCode: 100208, please see ErrorCode.cs! 1720694627956
2024-07-11 18:57:12.0403 (KChannel.cs:89) channel create: 2147483650 940002259 127.0.0.1:61228 Accept
2024-07-11 18:57:12.0403 (Session.cs:51) session create: zone: 1 id: 2147483650 1720695432042 
2024-07-11 18:57:12.0403 (KService.cs:319) kservice syn: 2147483650 940002259 2147483650 127.0.0.1:61228
2024-07-11 18:57:12.0608 (NetComponentSystem.cs:77) { "_t" : "C2G_LoginGate", "RpcId" : 1, "Key" : NumberLong("3765252887336761509"), "GateId" : NumberLong(2) }
2024-07-11 18:57:12.0724 (LocationProxyComponentSystem.cs:15) location proxy add 1209471657312257, 1:2:342309889923612757 1720695432072
2024-07-11 18:57:12.0867 (LocationProxyComponentSystem.cs:15) location proxy add 1209471657312257, 1:2:342309889923612756 1720695432089
2024-07-11 18:57:12.0867 (Session.cs:153) { "_t" : "G2C_LoginGate", "RpcId" : 1, "Error" : 0, "Message" : null, "PlayerId" : NumberLong("1209471657312257") }
2024-07-11 18:57:16.7649 (NetComponentSystem.cs:77) { "_t" : "C2G_Match", "RpcId" : 4 }
2024-07-11 18:57:16.7739 (Session.cs:153) { "_t" : "G2C_Match", "RpcId" : 4, "Error" : 0, "Message" : null }
2024-07-11 18:57:16.7952 (Session.cs:153) { "_t" : "Match2G_NotifyMatchSuccess", "RpcId" : 0, "ActorId" : { "Address" : { "Process" : 1, "Fiber" : 10000001 }, "InstanceId" : NumberLong(1) } }
2024-07-11 18:57:17.4723 (NetComponentSystem.cs:77) { "_t" : "C2Room_ChangeSceneFinish", "PlayerId" : NumberLong(0) }
2024-07-11 18:57:18.5369 (Session.cs:153) { "_t" : "Room2C_Start", "StartTime" : NumberLong("1720695438474"), "UnitInfo" : [{ "PlayerId" : NumberLong("1209471657312257"), "Position" : { "x" : { "_serializedValue" : NumberLong("128849018880") }, "y" : { "_serializedValue" : NumberLong(0) }, "z" : { "_serializedValue" : NumberLong("-42949672960") } }, "Rotation" : { "x" : { "_serializedValue" : NumberLong(0) }, "y" : { "_serializedValue" : NumberLong(0) }, "z" : { "_serializedValue" : NumberLong(0) }, "w" : { "_serializedValue" : NumberLong("4294967296") } }, "ActionGroup" : 6 }] }
2024-07-11 18:57:18.6316 (NetComponentSystem.cs:77) { "_t" : "FrameMessage", "Frame" : 0, "PlayerId" : NumberLong(0), "Input" : { "V" : { "x" : { "_serializedValue" : NumberLong(0) }, "y" : { "_serializedValue" : NumberLong(0) } }, "Button" : 0 } }
2024-07-11 18:57:18.6316 (Session.cs:153) { "_t" : "Room2C_AdjustUpdateTime", "DiffTime" : -159 }
2024-07-11 18:57:18.6468 (NetComponentSystem.cs:77) { "_t" : "FrameMessage", "Frame" : 1, "PlayerId" : NumberLong(0), "Input" : { "V" : { "x" : { "_serializedValue" : NumberLong(0) }, "y" : { "_serializedValue" : NumberLong(0) } }, "Button" : 0 } }
2024-07-11 18:57:18.6468 (NetComponentSystem.cs:77) { "_t" : "FrameMessage", "Frame" : 2, "PlayerId" : NumberLong(0), "Input" : { "V" : { "x" : { "_serializedValue" : NumberLong(0) }, "y" : { "_serializedValue" : NumberLong(0) } }, "Button" : 0 } }
2024-07-11 18:57:18.6468 (NetComponentSystem.cs:77) { "_t" : "FrameMessage", "Frame" : 3, "PlayerId" : NumberLong(0), "Input" : { "V" : { "x" : { "_serializedValue" : NumberLong(0) }, "y" : { "_serializedValue" : NumberLong(0) } }, "Button" : 0 } }
2024-07-11 18:57:18.6686 (NetComponentSystem.cs:77) { "_t" : "FrameMessage", "Frame" : 4, "PlayerId" : NumberLong(0), "Input" : { "V" : { "x" : { "_serializedValue" : NumberLong(0) }, "y" : { "_serializedValue" : NumberLong(0) } }, "Button" : 0 } }
2024-07-11 18:57:18.7192 (NetComponentSystem.cs:77) { "_t" : "FrameMessage", "Frame" : 5, "PlayerId" : NumberLong(0), "Input" : { "V" : { "x" : { "_serializedValue" : NumberLong(0) }, "y" : { "_serializedValue" : NumberLong(0) } }, "Button" : 0 } }
2024-07-11 18:58:18.4960 (KChannel.cs:89) channel create: 2147483650 1265822394 127.0.0.1:56514 Accept
2024-07-11 18:58:18.4960 (Session.cs:51) session create: zone: 1 id: 2147483650 1720695498498 
2024-07-11 18:58:18.4960 (KService.cs:319) kservice syn: 2147483650 1265822394 2147483650 127.0.0.1:56514
2024-07-11 18:58:18.5215 (NetComponentSystem.cs:77) { "_t" : "C2G_LoginGate", "RpcId" : 1, "Key" : NumberLong("3890373048961395052"), "GateId" : NumberLong(2) }
2024-07-11 18:58:18.5326 (LocationProxyComponentSystem.cs:15) location proxy add 1209471726518273, 1:2:342310173391454293 1720695498532
2024-07-11 18:58:18.5452 (LocationProxyComponentSystem.cs:15) location proxy add 1209471726518273, 1:2:342310173391454292 1720695498548
2024-07-11 18:58:18.5539 (Session.cs:153) { "_t" : "G2C_LoginGate", "RpcId" : 1, "Error" : 0, "Message" : null, "PlayerId" : NumberLong("1209471726518273") }
2024-07-11 18:58:19.8750 (NetComponentSystem.cs:77) { "_t" : "C2G_Match", "RpcId" : 2 }
2024-07-11 18:58:19.8844 (Session.cs:153) { "_t" : "G2C_Match", "RpcId" : 2, "Error" : 0, "Message" : null }
2024-07-11 18:58:19.9041 (Session.cs:153) { "_t" : "Match2G_NotifyMatchSuccess", "RpcId" : 0, "ActorId" : { "Address" : { "Process" : 1, "Fiber" : 10000001 }, "InstanceId" : NumberLong(1) } }
2024-07-11 18:58:20.6225 (NetComponentSystem.cs:77) { "_t" : "C2Room_ChangeSceneFinish", "PlayerId" : NumberLong(0) }
2024-07-11 18:58:21.7134 (Session.cs:153) { "_t" : "Room2C_Start", "StartTime" : NumberLong("1720695501627"), "UnitInfo" : [{ "PlayerId" : NumberLong("1209471726518273"), "Position" : { "x" : { "_serializedValue" : NumberLong("128849018880") }, "y" : { "_serializedValue" : NumberLong(0) }, "z" : { "_serializedValue" : NumberLong("-42949672960") } }, "Rotation" : { "x" : { "_serializedValue" : NumberLong(0) }, "y" : { "_serializedValue" : NumberLong(0) }, "z" : { "_serializedValue" : NumberLong(0) }, "w" : { "_serializedValue" : NumberLong("4294967296") } }, "ActionGroup" : 6 }] }
2024-07-11 18:58:21.7134 (Session.cs:153) { "_t" : "OneFrameInputs", "Inputs" : [[NumberLong("1209471726518273"), { "V" : { "x" : { "_serializedValue" : NumberLong(0) }, "y" : { "_serializedValue" : NumberLong(0) } }, "Button" : 0 }]] }
2024-07-11 18:58:21.7284 (Session.cs:153) { "_t" : "OneFrameInputs", "Inputs" : [[NumberLong("1209471726518273"), { "V" : { "x" : { "_serializedValue" : NumberLong(0) }, "y" : { "_serializedValue" : NumberLong(0) } }, "Button" : 0 }]] }
2024-07-11 18:58:21.7284 (Session.cs:153) { "_t" : "OneFrameInputs", "Inputs" : [[NumberLong("1209471726518273"), { "V" : { "x" : { "_serializedValue" : NumberLong(0) }, "y" : { "_serializedValue" : NumberLong(0) } }, "Button" : 0 }]] }
2024-07-11 18:58:21.7773 (Session.cs:153) { "_t" : "OneFrameInputs", "Inputs" : [[NumberLong("1209471726518273"), { "V" : { "x" : { "_serializedValue" : NumberLong(0) }, "y" : { "_serializedValue" : NumberLong(0) } }, "Button" : 0 }]] }
2024-07-11 18:58:21.8282 (Session.cs:153) { "_t" : "OneFrameInputs", "Inputs" : [[NumberLong("1209471726518273"), { "V" : { "x" : { "_serializedValue" : NumberLong(0) }, "y" : { "_serializedValue" : NumberLong(0) } }, "Button" : 0 }]] }
2024-07-11 18:58:21.8342 (NetComponentSystem.cs:77) { "_t" : "FrameMessage", "Frame" : 0, "PlayerId" : NumberLong(0), "Input" : { "V" : { "x" : { "_serializedValue" : NumberLong(0) }, "y" : { "_serializedValue" : NumberLong(0) } }, "Button" : 0 } }
2024-07-11 18:58:21.8342 (Session.cs:153) { "_t" : "Room2C_AdjustUpdateTime", "DiffTime" : -209 }
2024-07-11 18:58:21.8505 (NetComponentSystem.cs:77) { "_t" : "FrameMessage", "Frame" : 1, "PlayerId" : NumberLong(0), "Input" : { "V" : { "x" : { "_serializedValue" : NumberLong(0) }, "y" : { "_serializedValue" : NumberLong(0) } }, "Button" : 0 } }
2024-07-11 18:58:21.8505 (NetComponentSystem.cs:77) { "_t" : "FrameMessage", "Frame" : 2, "PlayerId" : NumberLong(0), "Input" : { "V" : { "x" : { "_serializedValue" : NumberLong(0) }, "y" : { "_serializedValue" : NumberLong(0) } }, "Button" : 0 } }
2024-07-11 18:58:21.8505 (NetComponentSystem.cs:77) { "_t" : "FrameMessage", "Frame" : 3, "PlayerId" : NumberLong(0), "Input" : { "V" : { "x" : { "_serializedValue" : NumberLong(0) }, "y" : { "_serializedValue" : NumberLong(0) } }, "Button" : 0 } }
2024-07-11 18:58:21.8505 (NetComponentSystem.cs:77) { "_t" : "FrameMessage", "Frame" : 4, "PlayerId" : NumberLong(0), "Input" : { "V" : { "x" : { "_serializedValue" : NumberLong(0) }, "y" : { "_serializedValue" : NumberLong(0) } }, "Button" : 0 } }
2024-07-11 18:58:21.8787 (Session.cs:153) { "_t" : "OneFrameInputs", "Inputs" : [[NumberLong("1209471726518273"), { "V" : { "x" : { "_serializedValue" : NumberLong(0) }, "y" : { "_serializedValue" : NumberLong(0) } }, "Button" : 0 }]] }
2024-07-11 18:58:21.8787 (NetComponentSystem.cs:77) { "_t" : "FrameMessage", "Frame" : 5, "PlayerId" : NumberLong(0), "Input" : { "V" : { "x" : { "_serializedValue" : NumberLong(0) }, "y" : { "_serializedValue" : NumberLong(0) } }, "Button" : 0 } }
2024-07-11 18:58:21.9249 (NetComponentSystem.cs:77) { "_t" : "FrameMessage", "Frame" : 6, "PlayerId" : NumberLong(0), "Input" : { "V" : { "x" : { "_serializedValue" : NumberLong(0) }, "y" : { "_serializedValue" : NumberLong(0) } }, "Button" : 0 } }
2024-07-11 18:58:21.9292 (Session.cs:153) { "_t" : "OneFrameInputs", "Inputs" : [[NumberLong("1209471726518273"), { "V" : { "x" : { "_serializedValue" : NumberLong(0) }, "y" : { "_serializedValue" : NumberLong(0) } }, "Button" : 0 }]] }
2024-07-11 18:58:21.9611 (NetComponentSystem.cs:77) { "_t" : "FrameMessage", "Frame" : 7, "PlayerId" : NumberLong(0), "Input" : { "V" : { "x" : { "_serializedValue" : NumberLong(0) }, "y" : { "_serializedValue" : NumberLong(0) } }, "Button" : 0 } }
2024-07-11 18:58:21.9790 (Session.cs:153) { "_t" : "OneFrameInputs", "Inputs" : [[NumberLong("1209471726518273"), { "V" : { "x" : { "_serializedValue" : NumberLong(0) }, "y" : { "_serializedValue" : NumberLong(0) } }, "Button" : 0 }]] }
2024-07-11 18:58:22.0012 (NetComponentSystem.cs:77) { "_t" : "FrameMessage", "Frame" : 8, "PlayerId" : NumberLong(0), "Input" : { "V" : { "x" : { "_serializedValue" : NumberLong(0) }, "y" : { "_serializedValue" : NumberLong(0) } }, "Button" : 0 } }
2024-07-11 18:58:22.0272 (Session.cs:153) { "_t" : "OneFrameInputs", "Inputs" : [[NumberLong("1209471726518273"), { "V" : { "x" : { "_serializedValue" : NumberLong(0) }, "y" : { "_serializedValue" : NumberLong(0) } }, "Button" : 0 }]] }
2024-07-11 18:58:22.0474 (NetComponentSystem.cs:77) { "_t" : "FrameMessage", "Frame" : 9, "PlayerId" : NumberLong(0), "Input" : { "V" : { "x" : { "_serializedValue" : NumberLong(0) }, "y" : { "_serializedValue" : NumberLong(0) } }, "Button" : 0 } }
2024-07-11 18:58:22.0809 (Session.cs:153) { "_t" : "OneFrameInputs", "Inputs" : [[NumberLong("1209471726518273"), { "V" : { "x" : { "_serializedValue" : NumberLong(0) }, "y" : { "_serializedValue" : NumberLong(0) } }, "Button" : 0 }]] }
2024-07-11 18:58:22.0809 (NetComponentSystem.cs:77) { "_t" : "FrameMessage", "Frame" : 10, "PlayerId" : NumberLong(0), "Input" : { "V" : { "x" : { "_serializedValue" : NumberLong(0) }, "y" : { "_serializedValue" : NumberLong(0) } }, "Button" : 0 } }
2024-07-11 18:58:22.1218 (NetComponentSystem.cs:77) { "_t" : "FrameMessage", "Frame" : 11, "PlayerId" : NumberLong(0), "Input" : { "V" : { "x" : { "_serializedValue" : NumberLong(0) }, "y" : { "_serializedValue" : NumberLong(0) } }, "Button" : 0 } }
2024-07-11 18:58:22.1218 (Session.cs:153) { "_t" : "OneFrameInputs", "Inputs" : [[NumberLong("1209471726518273"), { "V" : { "x" : { "_serializedValue" : NumberLong(0) }, "y" : { "_serializedValue" : NumberLong(0) } }, "Button" : 0 }]] }
2024-07-11 18:58:22.1674 (NetComponentSystem.cs:77) { "_t" : "FrameMessage", "Frame" : 12, "PlayerId" : NumberLong(0), "Input" : { "V" : { "x" : { "_serializedValue" : NumberLong(0) }, "y" : { "_serializedValue" : NumberLong(0) } }, "Button" : 0 } }
2024-07-11 18:58:22.1785 (Session.cs:153) { "_t" : "OneFrameInputs", "Inputs" : [[NumberLong("1209471726518273"), { "V" : { "x" : { "_serializedValue" : NumberLong(0) }, "y" : { "_serializedValue" : NumberLong(0) } }, "Button" : 0 }]] }
2024-07-11 18:58:22.2087 (NetComponentSystem.cs:77) { "_t" : "FrameMessage", "Frame" : 13, "PlayerId" : NumberLong(0), "Input" : { "V" : { "x" : { "_serializedValue" : NumberLong(0) }, "y" : { "_serializedValue" : NumberLong(0) } }, "Button" : 0 } }
2024-07-11 18:58:22.2296 (Session.cs:153) { "_t" : "OneFrameInputs", "Inputs" : [[NumberLong("1209471726518273"), { "V" : { "x" : { "_serializedValue" : NumberLong(0) }, "y" : { "_serializedValue" : NumberLong(0) } }, "Button" : 0 }]] }
2024-07-11 18:58:22.2472 (NetComponentSystem.cs:77) { "_t" : "FrameMessage", "Frame" : 14, "PlayerId" : NumberLong(0), "Input" : { "V" : { "x" : { "_serializedValue" : NumberLong(0) }, "y" : { "_serializedValue" : NumberLong(0) } }, "Button" : 0 } }
2024-07-11 18:58:22.2783 (Session.cs:153) { "_t" : "OneFrameInputs", "Inputs" : [[NumberLong("1209471726518273"), { "V" : { "x" : { "_serializedValue" : NumberLong(0) }, "y" : { "_serializedValue" : NumberLong(0) } }, "Button" : 0 }]] }
2024-07-11 18:58:22.2783 (NetComponentSystem.cs:77) { "_t" : "FrameMessage", "Frame" : 15, "PlayerId" : NumberLong(0), "Input" : { "V" : { "x" : { "_serializedValue" : NumberLong(0) }, "y" : { "_serializedValue" : NumberLong(0) } }, "Button" : 0 } }
2024-07-11 18:58:22.3244 (NetComponentSystem.cs:77) { "_t" : "FrameMessage", "Frame" : 16, "PlayerId" : NumberLong(0), "Input" : { "V" : { "x" : { "_serializedValue" : NumberLong(0) }, "y" : { "_serializedValue" : NumberLong(0) } }, "Button" : 0 } }
2024-07-11 18:58:22.3244 (Session.cs:153) { "_t" : "OneFrameInputs", "Inputs" : [[NumberLong("1209471726518273"), { "V" : { "x" : { "_serializedValue" : NumberLong(0) }, "y" : { "_serializedValue" : NumberLong(0) } }, "Button" : 0 }]] }
2024-07-11 18:58:22.3580 (NetComponentSystem.cs:77) { "_t" : "FrameMessage", "Frame" : 17, "PlayerId" : NumberLong(0), "Input" : { "V" : { "x" : { "_serializedValue" : NumberLong(0) }, "y" : { "_serializedValue" : NumberLong(0) } }, "Button" : 0 } }
2024-07-11 18:58:22.3777 (Session.cs:153) { "_t" : "OneFrameInputs", "Inputs" : [[NumberLong("1209471726518273"), { "V" : { "x" : { "_serializedValue" : NumberLong(0) }, "y" : { "_serializedValue" : NumberLong(0) } }, "Button" : 0 }]] }
2024-07-11 18:58:22.4018 (NetComponentSystem.cs:77) { "_t" : "FrameMessage", "Frame" : 18, "PlayerId" : NumberLong(0), "Input" : { "V" : { "x" : { "_serializedValue" : NumberLong(0) }, "y" : { "_serializedValue" : NumberLong(0) } }, "Button" : 0 } }
2024-07-11 18:58:22.4281 (Session.cs:153) { "_t" : "OneFrameInputs", "Inputs" : [[NumberLong("1209471726518273"), { "V" : { "x" : { "_serializedValue" : NumberLong(0) }, "y" : { "_serializedValue" : NumberLong(0) } }, "Button" : 0 }]] }
2024-07-11 18:58:22.4476 (NetComponentSystem.cs:77) { "_t" : "FrameMessage", "Frame" : 19, "PlayerId" : NumberLong(0), "Input" : { "V" : { "x" : { "_serializedValue" : NumberLong(0) }, "y" : { "_serializedValue" : NumberLong(0) } }, "Button" : 0 } }
2024-07-11 18:58:22.4778 (Session.cs:153) { "_t" : "OneFrameInputs", "Inputs" : [[NumberLong("1209471726518273"), { "V" : { "x" : { "_serializedValue" : NumberLong(0) }, "y" : { "_serializedValue" : NumberLong(0) } }, "Button" : 0 }]] }
2024-07-11 18:58:22.4778 (NetComponentSystem.cs:77) { "_t" : "FrameMessage", "Frame" : 20, "PlayerId" : NumberLong(0), "Input" : { "V" : { "x" : { "_serializedValue" : NumberLong(0) }, "y" : { "_serializedValue" : NumberLong(0) } }, "Button" : 0 } }
2024-07-11 18:58:22.4778 (Session.cs:153) { "_t" : "Room2C_AdjustUpdateTime", "DiffTime" : 146 }
2024-07-11 18:58:22.5292 (Session.cs:153) { "_t" : "OneFrameInputs", "Inputs" : [[NumberLong("1209471726518273"), { "V" : { "x" : { "_serializedValue" : NumberLong(0) }, "y" : { "_serializedValue" : NumberLong(0) } }, "Button" : 0 }]] }
2024-07-11 18:58:22.5292 (NetComponentSystem.cs:77) { "_t" : "FrameMessage", "Frame" : 21, "PlayerId" : NumberLong(0), "Input" : { "V" : { "x" : { "_serializedValue" : NumberLong(0) }, "y" : { "_serializedValue" : NumberLong(0) } }, "Button" : 0 } }
2024-07-11 18:58:22.5791 (Session.cs:153) { "_t" : "OneFrameInputs", "Inputs" : [[NumberLong("1209471726518273"), { "V" : { "x" : { "_serializedValue" : NumberLong(0) }, "y" : { "_serializedValue" : NumberLong(0) } }, "Button" : 0 }]] }
2024-07-11 18:58:22.5840 (NetComponentSystem.cs:77) { "_t" : "FrameMessage", "Frame" : 22, "PlayerId" : NumberLong(0), "Input" : { "V" : { "x" : { "_serializedValue" : NumberLong(0) }, "y" : { "_serializedValue" : NumberLong(0) } }, "Button" : 0 } }
2024-07-11 18:58:22.6280 (Session.cs:153) { "_t" : "OneFrameInputs", "Inputs" : [[NumberLong("1209471726518273"), { "V" : { "x" : { "_serializedValue" : NumberLong(0) }, "y" : { "_serializedValue" : NumberLong(0) } }, "Button" : 0 }]] }
2024-07-11 18:58:22.6411 (NetComponentSystem.cs:77) { "_t" : "FrameMessage", "Frame" : 23, "PlayerId" : NumberLong(0), "Input" : { "V" : { "x" : { "_serializedValue" : NumberLong(0) }, "y" : { "_serializedValue" : NumberLong(0) } }, "Button" : 0 } }
2024-07-11 18:58:22.6782 (Session.cs:153) { "_t" : "OneFrameInputs", "Inputs" : [[NumberLong("1209471726518273"), { "V" : { "x" : { "_serializedValue" : NumberLong(0) }, "y" : { "_serializedValue" : NumberLong(0) } }, "Button" : 0 }]] }
2024-07-11 18:58:22.6782 (NetComponentSystem.cs:77) { "_t" : "FrameMessage", "Frame" : 24, "PlayerId" : NumberLong(0), "Input" : { "V" : { "x" : { "_serializedValue" : NumberLong(0) }, "y" : { "_serializedValue" : NumberLong(0) } }, "Button" : 0 } }
2024-07-11 18:58:22.7280 (Session.cs:153) { "_t" : "OneFrameInputs", "Inputs" : [[NumberLong("1209471726518273"), { "V" : { "x" : { "_serializedValue" : NumberLong(0) }, "y" : { "_serializedValue" : NumberLong(0) } }, "Button" : 0 }]] }
2024-07-11 18:58:22.7571 (NetComponentSystem.cs:77) { "_t" : "FrameMessage", "Frame" : 25, "PlayerId" : NumberLong(0), "Input" : { "V" : { "x" : { "_serializedValue" : NumberLong(0) }, "y" : { "_serializedValue" : NumberLong(0) } }, "Button" : 0 } }
2024-07-11 18:58:22.7785 (Session.cs:153) { "_t" : "OneFrameInputs", "Inputs" : [[NumberLong("1209471726518273"), { "V" : { "x" : { "_serializedValue" : NumberLong(0) }, "y" : { "_serializedValue" : NumberLong(0) } }, "Button" : 0 }]] }
2024-07-11 18:58:22.8044 (NetComponentSystem.cs:77) { "_t" : "FrameMessage", "Frame" : 26, "PlayerId" : NumberLong(0), "Input" : { "V" : { "x" : { "_serializedValue" : NumberLong(0) }, "y" : { "_serializedValue" : NumberLong(0) } }, "Button" : 0 } }
2024-07-11 18:58:22.8287 (Session.cs:153) { "_t" : "OneFrameInputs", "Inputs" : [[NumberLong("1209471726518273"), { "V" : { "x" : { "_serializedValue" : NumberLong(0) }, "y" : { "_serializedValue" : NumberLong(0) } }, "Button" : 0 }]] }
2024-07-11 18:58:22.8532 (NetComponentSystem.cs:77) { "_t" : "FrameMessage", "Frame" : 27, "PlayerId" : NumberLong(0), "Input" : { "V" : { "x" : { "_serializedValue" : NumberLong(0) }, "y" : { "_serializedValue" : NumberLong(0) } }, "Button" : 0 } }
2024-07-11 18:58:22.8783 (Session.cs:153) { "_t" : "OneFrameInputs", "Inputs" : [[NumberLong("1209471726518273"), { "V" : { "x" : { "_serializedValue" : NumberLong(0) }, "y" : { "_serializedValue" : NumberLong(0) } }, "Button" : 0 }]] }
2024-07-11 18:58:22.9065 (NetComponentSystem.cs:77) { "_t" : "FrameMessage", "Frame" : 28, "PlayerId" : NumberLong(0), "Input" : { "V" : { "x" : { "_serializedValue" : NumberLong(0) }, "y" : { "_serializedValue" : NumberLong(0) } }, "Button" : 0 } }
2024-07-11 18:58:22.9290 (Session.cs:153) { "_t" : "OneFrameInputs", "Inputs" : [[NumberLong("1209471726518273"), { "V" : { "x" : { "_serializedValue" : NumberLong(0) }, "y" : { "_serializedValue" : NumberLong(0) } }, "Button" : 0 }]] }
2024-07-11 18:58:22.9582 (NetComponentSystem.cs:77) { "_t" : "FrameMessage", "Frame" : 29, "PlayerId" : NumberLong(0), "Input" : { "V" : { "x" : { "_serializedValue" : NumberLong(0) }, "y" : { "_serializedValue" : NumberLong(0) } }, "Button" : 0 } }
2024-07-11 18:58:22.9791 (Session.cs:153) { "_t" : "OneFrameInputs", "Inputs" : [[NumberLong("1209471726518273"), { "V" : { "x" : { "_serializedValue" : NumberLong(0) }, "y" : { "_serializedValue" : NumberLong(0) } }, "Button" : 0 }]] }
2024-07-11 18:58:23.0190 (NetComponentSystem.cs:77) { "_t" : "FrameMessage", "Frame" : 30, "PlayerId" : NumberLong(0), "Input" : { "V" : { "x" : { "_serializedValue" : NumberLong(0) }, "y" : { "_serializedValue" : NumberLong(0) } }, "Button" : 0 } }
2024-07-11 18:58:23.0279 (Session.cs:153) { "_t" : "OneFrameInputs", "Inputs" : [[NumberLong("1209471726518273"), { "V" : { "x" : { "_serializedValue" : NumberLong(0) }, "y" : { "_serializedValue" : NumberLong(0) } }, "Button" : 0 }]] }
2024-07-11 18:58:23.0666 (NetComponentSystem.cs:77) { "_t" : "FrameMessage", "Frame" : 31, "PlayerId" : NumberLong(0), "Input" : { "V" : { "x" : { "_serializedValue" : NumberLong(0) }, "y" : { "_serializedValue" : NumberLong(0) } }, "Button" : 0 } }
2024-07-11 18:58:23.0782 (Session.cs:153) { "_t" : "OneFrameInputs", "Inputs" : [[NumberLong("1209471726518273"), { "V" : { "x" : { "_serializedValue" : NumberLong(0) }, "y" : { "_serializedValue" : NumberLong(0) } }, "Button" : 0 }]] }
2024-07-11 18:58:23.1310 (Session.cs:153) { "_t" : "OneFrameInputs", "Inputs" : [[NumberLong("1209471726518273"), { "V" : { "x" : { "_serializedValue" : NumberLong(0) }, "y" : { "_serializedValue" : NumberLong(0) } }, "Button" : 0 }]] }
2024-07-11 18:58:23.1310 (NetComponentSystem.cs:77) { "_t" : "FrameMessage", "Frame" : 32, "PlayerId" : NumberLong(0), "Input" : { "V" : { "x" : { "_serializedValue" : NumberLong(0) }, "y" : { "_serializedValue" : NumberLong(0) } }, "Button" : 0 } }
2024-07-11 18:58:23.1788 (Session.cs:153) { "_t" : "OneFrameInputs", "Inputs" : [[NumberLong("1209471726518273"), { "V" : { "x" : { "_serializedValue" : NumberLong(0) }, "y" : { "_serializedValue" : NumberLong(0) } }, "Button" : 0 }]] }
2024-07-11 18:58:23.1788 (NetComponentSystem.cs:77) { "_t" : "FrameMessage", "Frame" : 33, "PlayerId" : NumberLong(0), "Input" : { "V" : { "x" : { "_serializedValue" : NumberLong(0) }, "y" : { "_serializedValue" : NumberLong(0) } }, "Button" : 0 } }
2024-07-11 18:58:23.2312 (NetComponentSystem.cs:77) { "_t" : "FrameMessage", "Frame" : 34, "PlayerId" : NumberLong(0), "Input" : { "V" : { "x" : { "_serializedValue" : NumberLong(0) }, "y" : { "_serializedValue" : NumberLong(0) } }, "Button" : 0 } }
2024-07-11 18:58:23.2312 (Session.cs:153) { "_t" : "OneFrameInputs", "Inputs" : [[NumberLong("1209471726518273"), { "V" : { "x" : { "_serializedValue" : NumberLong(0) }, "y" : { "_serializedValue" : NumberLong(0) } }, "Button" : 0 }]] }
2024-07-11 18:58:23.2792 (Session.cs:153) { "_t" : "OneFrameInputs", "Inputs" : [[NumberLong("1209471726518273"), { "V" : { "x" : { "_serializedValue" : NumberLong(0) }, "y" : { "_serializedValue" : NumberLong(0) } }, "Button" : 0 }]] }
2024-07-11 18:58:23.2792 (NetComponentSystem.cs:77) { "_t" : "FrameMessage", "Frame" : 35, "PlayerId" : NumberLong(0), "Input" : { "V" : { "x" : { "_serializedValue" : NumberLong(0) }, "y" : { "_serializedValue" : NumberLong(0) } }, "Button" : 0 } }
2024-07-11 18:58:23.3309 (Session.cs:153) { "_t" : "OneFrameInputs", "Inputs" : [[NumberLong("1209471726518273"), { "V" : { "x" : { "_serializedValue" : NumberLong(0) }, "y" : { "_serializedValue" : NumberLong(0) } }, "Button" : 0 }]] }
2024-07-11 18:58:23.3468 (NetComponentSystem.cs:77) { "_t" : "FrameMessage", "Frame" : 36, "PlayerId" : NumberLong(0), "Input" : { "V" : { "x" : { "_serializedValue" : NumberLong(0) }, "y" : { "_serializedValue" : NumberLong(0) } }, "Button" : 0 } }
2024-07-11 18:58:23.3775 (Session.cs:153) { "_t" : "OneFrameInputs", "Inputs" : [[NumberLong("1209471726518273"), { "V" : { "x" : { "_serializedValue" : NumberLong(0) }, "y" : { "_serializedValue" : NumberLong(0) } }, "Button" : 0 }]] }
2024-07-11 18:58:23.3949 (NetComponentSystem.cs:77) { "_t" : "FrameMessage", "Frame" : 37, "PlayerId" : NumberLong(0), "Input" : { "V" : { "x" : { "_serializedValue" : NumberLong(0) }, "y" : { "_serializedValue" : NumberLong(0) } }, "Button" : 0 } }
2024-07-11 18:58:23.4308 (Session.cs:153) { "_t" : "OneFrameInputs", "Inputs" : [[NumberLong("1209471726518273"), { "V" : { "x" : { "_serializedValue" : NumberLong(0) }, "y" : { "_serializedValue" : NumberLong(0) } }, "Button" : 0 }]] }
2024-07-11 18:58:23.4539 (NetComponentSystem.cs:77) { "_t" : "FrameMessage", "Frame" : 38, "PlayerId" : NumberLong(0), "Input" : { "V" : { "x" : { "_serializedValue" : NumberLong(0) }, "y" : { "_serializedValue" : NumberLong(0) } }, "Button" : 0 } }
2024-07-11 18:58:23.4791 (Session.cs:153) { "_t" : "OneFrameInputs", "Inputs" : [[NumberLong("1209471726518273"), { "V" : { "x" : { "_serializedValue" : NumberLong(0) }, "y" : { "_serializedValue" : NumberLong(0) } }, "Button" : 0 }]] }
2024-07-11 18:58:23.5001 (NetComponentSystem.cs:77) { "_t" : "FrameMessage", "Frame" : 39, "PlayerId" : NumberLong(0), "Input" : { "V" : { "x" : { "_serializedValue" : NumberLong(0) }, "y" : { "_serializedValue" : NumberLong(0) } }, "Button" : 0 } }
2024-07-11 18:58:23.5301 (Session.cs:153) { "_t" : "OneFrameInputs", "Inputs" : [[NumberLong("1209471726518273"), { "V" : { "x" : { "_serializedValue" : NumberLong(0) }, "y" : { "_serializedValue" : NumberLong(0) } }, "Button" : 0 }]] }
2024-07-11 18:58:23.5593 (NetComponentSystem.cs:77) { "_t" : "FrameMessage", "Frame" : 40, "PlayerId" : NumberLong(0), "Input" : { "V" : { "x" : { "_serializedValue" : NumberLong(0) }, "y" : { "_serializedValue" : NumberLong(0) } }, "Button" : 0 } }
2024-07-11 18:58:23.5593 (Session.cs:153) { "_t" : "Room2C_AdjustUpdateTime", "DiffTime" : 67 }
2024-07-11 18:58:23.5789 (Session.cs:153) { "_t" : "OneFrameInputs", "Inputs" : [[NumberLong("1209471726518273"), { "V" : { "x" : { "_serializedValue" : NumberLong(0) }, "y" : { "_serializedValue" : NumberLong(0) } }, "Button" : 0 }]] }
2024-07-11 18:58:23.6095 (NetComponentSystem.cs:77) { "_t" : "FrameMessage", "Frame" : 41, "PlayerId" : NumberLong(0), "Input" : { "V" : { "x" : { "_serializedValue" : NumberLong(0) }, "y" : { "_serializedValue" : NumberLong(0) } }, "Button" : 0 } }
2024-07-11 18:58:23.6280 (Session.cs:153) { "_t" : "OneFrameInputs", "Inputs" : [[NumberLong("1209471726518273"), { "V" : { "x" : { "_serializedValue" : NumberLong(0) }, "y" : { "_serializedValue" : NumberLong(0) } }, "Button" : 0 }]] }
2024-07-11 18:58:23.6586 (NetComponentSystem.cs:77) { "_t" : "FrameMessage", "Frame" : 42, "PlayerId" : NumberLong(0), "Input" : { "V" : { "x" : { "_serializedValue" : NumberLong(0) }, "y" : { "_serializedValue" : NumberLong(0) } }, "Button" : 0 } }
2024-07-11 18:58:23.6799 (Session.cs:153) { "_t" : "OneFrameInputs", "Inputs" : [[NumberLong("1209471726518273"), { "V" : { "x" : { "_serializedValue" : NumberLong(0) }, "y" : { "_serializedValue" : NumberLong(0) } }, "Button" : 0 }]] }
2024-07-11 18:58:23.7056 (NetComponentSystem.cs:77) { "_t" : "FrameMessage", "Frame" : 43, "PlayerId" : NumberLong(0), "Input" : { "V" : { "x" : { "_serializedValue" : NumberLong(0) }, "y" : { "_serializedValue" : NumberLong(0) } }, "Button" : 0 } }
2024-07-11 18:58:23.7273 (Session.cs:153) { "_t" : "OneFrameInputs", "Inputs" : [[NumberLong("1209471726518273"), { "V" : { "x" : { "_serializedValue" : NumberLong(0) }, "y" : { "_serializedValue" : NumberLong(0) } }, "Button" : 0 }]] }
2024-07-11 18:58:23.7573 (NetComponentSystem.cs:77) { "_t" : "FrameMessage", "Frame" : 44, "PlayerId" : NumberLong(0), "Input" : { "V" : { "x" : { "_serializedValue" : NumberLong(0) }, "y" : { "_serializedValue" : NumberLong(0) } }, "Button" : 0 } }
2024-07-11 18:58:23.7781 (Session.cs:153) { "_t" : "OneFrameInputs", "Inputs" : [[NumberLong("1209471726518273"), { "V" : { "x" : { "_serializedValue" : NumberLong(0) }, "y" : { "_serializedValue" : NumberLong(0) } }, "Button" : 0 }]] }
2024-07-11 18:58:23.8093 (NetComponentSystem.cs:77) { "_t" : "FrameMessage", "Frame" : 45, "PlayerId" : NumberLong(0), "Input" : { "V" : { "x" : { "_serializedValue" : NumberLong(0) }, "y" : { "_serializedValue" : NumberLong(0) } }, "Button" : 0 } }
2024-07-11 18:58:23.8282 (Session.cs:153) { "_t" : "OneFrameInputs", "Inputs" : [[NumberLong("1209471726518273"), { "V" : { "x" : { "_serializedValue" : NumberLong(0) }, "y" : { "_serializedValue" : NumberLong(0) } }, "Button" : 0 }]] }
2024-07-11 18:58:23.8629 (NetComponentSystem.cs:77) { "_t" : "FrameMessage", "Frame" : 46, "PlayerId" : NumberLong(0), "Input" : { "V" : { "x" : { "_serializedValue" : NumberLong(0) }, "y" : { "_serializedValue" : NumberLong(0) } }, "Button" : 0 } }
2024-07-11 18:58:23.8782 (Session.cs:153) { "_t" : "OneFrameInputs", "Inputs" : [[NumberLong("1209471726518273"), { "V" : { "x" : { "_serializedValue" : NumberLong(0) }, "y" : { "_serializedValue" : NumberLong(0) } }, "Button" : 0 }]] }
2024-07-11 18:58:23.9050 (NetComponentSystem.cs:77) { "_t" : "FrameMessage", "Frame" : 47, "PlayerId" : NumberLong(0), "Input" : { "V" : { "x" : { "_serializedValue" : NumberLong(0) }, "y" : { "_serializedValue" : NumberLong(0) } }, "Button" : 0 } }
2024-07-11 18:58:23.9298 (Session.cs:153) { "_t" : "OneFrameInputs", "Inputs" : [[NumberLong("1209471726518273"), { "V" : { "x" : { "_serializedValue" : NumberLong(0) }, "y" : { "_serializedValue" : NumberLong(0) } }, "Button" : 0 }]] }
2024-07-11 18:58:23.9593 (NetComponentSystem.cs:77) { "_t" : "FrameMessage", "Frame" : 48, "PlayerId" : NumberLong(0), "Input" : { "V" : { "x" : { "_serializedValue" : NumberLong(0) }, "y" : { "_serializedValue" : NumberLong(0) } }, "Button" : 0 } }
2024-07-11 18:58:23.9805 (Session.cs:153) { "_t" : "OneFrameInputs", "Inputs" : [[NumberLong("1209471726518273"), { "V" : { "x" : { "_serializedValue" : NumberLong(0) }, "y" : { "_serializedValue" : NumberLong(0) } }, "Button" : 0 }]] }
2024-07-11 18:58:24.0127 (NetComponentSystem.cs:77) { "_t" : "FrameMessage", "Frame" : 49, "PlayerId" : NumberLong(0), "Input" : { "V" : { "x" : { "_serializedValue" : NumberLong(0) }, "y" : { "_serializedValue" : NumberLong(0) } }, "Button" : 0 } }
2024-07-11 18:58:24.0303 (Session.cs:153) { "_t" : "OneFrameInputs", "Inputs" : [[NumberLong("1209471726518273"), { "V" : { "x" : { "_serializedValue" : NumberLong(0) }, "y" : { "_serializedValue" : NumberLong(0) } }, "Button" : 0 }]] }
2024-07-11 18:58:24.0624 (NetComponentSystem.cs:77) { "_t" : "FrameMessage", "Frame" : 50, "PlayerId" : NumberLong(0), "Input" : { "V" : { "x" : { "_serializedValue" : NumberLong(0) }, "y" : { "_serializedValue" : NumberLong(0) } }, "Button" : 0 } }
2024-07-11 18:58:24.0783 (Session.cs:153) { "_t" : "OneFrameInputs", "Inputs" : [[NumberLong("1209471726518273"), { "V" : { "x" : { "_serializedValue" : NumberLong(0) }, "y" : { "_serializedValue" : NumberLong(0) } }, "Button" : 0 }]] }
2024-07-11 18:58:24.1031 (NetComponentSystem.cs:77) { "_t" : "FrameMessage", "Frame" : 51, "PlayerId" : NumberLong(0), "Input" : { "V" : { "x" : { "_serializedValue" : NumberLong(0) }, "y" : { "_serializedValue" : NumberLong(0) } }, "Button" : 0 } }
2024-07-11 18:58:24.1308 (Session.cs:153) { "_t" : "OneFrameInputs", "Inputs" : [[NumberLong("1209471726518273"), { "V" : { "x" : { "_serializedValue" : NumberLong(0) }, "y" : { "_serializedValue" : NumberLong(0) } }, "Button" : 0 }]] }
2024-07-11 18:58:24.1640 (NetComponentSystem.cs:77) { "_t" : "FrameMessage", "Frame" : 52, "PlayerId" : NumberLong(0), "Input" : { "V" : { "x" : { "_serializedValue" : NumberLong(0) }, "y" : { "_serializedValue" : NumberLong(0) } }, "Button" : 0 } }
2024-07-11 18:58:24.1791 (Session.cs:153) { "_t" : "OneFrameInputs", "Inputs" : [[NumberLong("1209471726518273"), { "V" : { "x" : { "_serializedValue" : NumberLong(0) }, "y" : { "_serializedValue" : NumberLong(0) } }, "Button" : 0 }]] }
2024-07-11 18:58:24.2024 (NetComponentSystem.cs:77) { "_t" : "FrameMessage", "Frame" : 53, "PlayerId" : NumberLong(0), "Input" : { "V" : { "x" : { "_serializedValue" : NumberLong(0) }, "y" : { "_serializedValue" : NumberLong(0) } }, "Button" : 0 } }
2024-07-11 18:58:24.2286 (Session.cs:153) { "_t" : "OneFrameInputs", "Inputs" : [[NumberLong("1209471726518273"), { "V" : { "x" : { "_serializedValue" : NumberLong(0) }, "y" : { "_serializedValue" : NumberLong(0) } }, "Button" : 0 }]] }
2024-07-11 18:58:24.2530 (NetComponentSystem.cs:77) { "_t" : "FrameMessage", "Frame" : 54, "PlayerId" : NumberLong(0), "Input" : { "V" : { "x" : { "_serializedValue" : NumberLong(0) }, "y" : { "_serializedValue" : NumberLong(0) } }, "Button" : 0 } }
2024-07-11 18:58:24.2809 (Session.cs:153) { "_t" : "OneFrameInputs", "Inputs" : [[NumberLong("1209471726518273"), { "V" : { "x" : { "_serializedValue" : NumberLong(0) }, "y" : { "_serializedValue" : NumberLong(0) } }, "Button" : 0 }]] }
2024-07-11 18:58:24.3095 (NetComponentSystem.cs:77) { "_t" : "FrameMessage", "Frame" : 55, "PlayerId" : NumberLong(0), "Input" : { "V" : { "x" : { "_serializedValue" : NumberLong(0) }, "y" : { "_serializedValue" : NumberLong(0) } }, "Button" : 0 } }
2024-07-11 18:58:24.3299 (Session.cs:153) { "_t" : "OneFrameInputs", "Inputs" : [[NumberLong("1209471726518273"), { "V" : { "x" : { "_serializedValue" : NumberLong(0) }, "y" : { "_serializedValue" : NumberLong(0) } }, "Button" : 0 }]] }
2024-07-11 18:58:24.3579 (NetComponentSystem.cs:77) { "_t" : "FrameMessage", "Frame" : 56, "PlayerId" : NumberLong(0), "Input" : { "V" : { "x" : { "_serializedValue" : NumberLong(0) }, "y" : { "_serializedValue" : NumberLong(0) } }, "Button" : 0 } }
2024-07-11 18:58:24.3812 (Session.cs:153) { "_t" : "OneFrameInputs", "Inputs" : [[NumberLong("1209471726518273"), { "V" : { "x" : { "_serializedValue" : NumberLong(0) }, "y" : { "_serializedValue" : NumberLong(0) } }, "Button" : 0 }]] }
2024-07-11 18:58:24.4074 (NetComponentSystem.cs:77) { "_t" : "FrameMessage", "Frame" : 57, "PlayerId" : NumberLong(0), "Input" : { "V" : { "x" : { "_serializedValue" : NumberLong(0) }, "y" : { "_serializedValue" : NumberLong(0) } }, "Button" : 0 } }
2024-07-11 18:58:24.4290 (Session.cs:153) { "_t" : "OneFrameInputs", "Inputs" : [[NumberLong("1209471726518273"), { "V" : { "x" : { "_serializedValue" : NumberLong(0) }, "y" : { "_serializedValue" : NumberLong(0) } }, "Button" : 0 }]] }
2024-07-11 18:58:24.4546 (NetComponentSystem.cs:77) { "_t" : "FrameMessage", "Frame" : 58, "PlayerId" : NumberLong(0), "Input" : { "V" : { "x" : { "_serializedValue" : NumberLong(0) }, "y" : { "_serializedValue" : NumberLong(0) } }, "Button" : 0 } }
2024-07-11 18:58:24.4783 (Session.cs:153) { "_t" : "OneFrameInputs", "Inputs" : [[NumberLong("1209471726518273"), { "V" : { "x" : { "_serializedValue" : NumberLong(0) }, "y" : { "_serializedValue" : NumberLong(0) } }, "Button" : 0 }]] }
2024-07-11 18:58:24.5035 (NetComponentSystem.cs:77) { "_t" : "FrameMessage", "Frame" : 59, "PlayerId" : NumberLong(0), "Input" : { "V" : { "x" : { "_serializedValue" : NumberLong(0) }, "y" : { "_serializedValue" : NumberLong(0) } }, "Button" : 0 } }
2024-07-11 18:58:24.5275 (Session.cs:153) { "_t" : "OneFrameInputs", "Inputs" : [[NumberLong("1209471726518273"), { "V" : { "x" : { "_serializedValue" : NumberLong(0) }, "y" : { "_serializedValue" : NumberLong(0) } }, "Button" : 0 }]] }
2024-07-11 18:58:24.5599 (NetComponentSystem.cs:77) { "_t" : "FrameMessage", "Frame" : 60, "PlayerId" : NumberLong(0), "Input" : { "V" : { "x" : { "_serializedValue" : NumberLong(0) }, "y" : { "_serializedValue" : NumberLong(0) } }, "Button" : 0 } }
2024-07-11 18:58:24.5599 (Session.cs:153) { "_t" : "Room2C_AdjustUpdateTime", "DiffTime" : 66 }
2024-07-11 18:58:24.5780 (Session.cs:153) { "_t" : "OneFrameInputs", "Inputs" : [[NumberLong("1209471726518273"), { "V" : { "x" : { "_serializedValue" : NumberLong(0) }, "y" : { "_serializedValue" : NumberLong(0) } }, "Button" : 0 }]] }
2024-07-11 18:58:24.6105 (NetComponentSystem.cs:77) { "_t" : "FrameMessage", "Frame" : 61, "PlayerId" : NumberLong(0), "Input" : { "V" : { "x" : { "_serializedValue" : NumberLong(0) }, "y" : { "_serializedValue" : NumberLong(0) } }, "Button" : 0 } }
2024-07-11 18:58:24.6278 (Session.cs:153) { "_t" : "OneFrameInputs", "Inputs" : [[NumberLong("1209471726518273"), { "V" : { "x" : { "_serializedValue" : NumberLong(0) }, "y" : { "_serializedValue" : NumberLong(0) } }, "Button" : 0 }]] }
2024-07-11 18:58:24.6591 (NetComponentSystem.cs:77) { "_t" : "FrameMessage", "Frame" : 62, "PlayerId" : NumberLong(0), "Input" : { "V" : { "x" : { "_serializedValue" : NumberLong(0) }, "y" : { "_serializedValue" : NumberLong(0) } }, "Button" : 0 } }
2024-07-11 18:58:24.6784 (Session.cs:153) { "_t" : "OneFrameInputs", "Inputs" : [[NumberLong("1209471726518273"), { "V" : { "x" : { "_serializedValue" : NumberLong(0) }, "y" : { "_serializedValue" : NumberLong(0) } }, "Button" : 0 }]] }
2024-07-11 18:58:24.7053 (NetComponentSystem.cs:77) { "_t" : "FrameMessage", "Frame" : 63, "PlayerId" : NumberLong(0), "Input" : { "V" : { "x" : { "_serializedValue" : NumberLong(0) }, "y" : { "_serializedValue" : NumberLong(0) } }, "Button" : 0 } }
2024-07-11 18:58:24.7290 (Session.cs:153) { "_t" : "OneFrameInputs", "Inputs" : [[NumberLong("1209471726518273"), { "V" : { "x" : { "_serializedValue" : NumberLong(0) }, "y" : { "_serializedValue" : NumberLong(0) } }, "Button" : 0 }]] }
2024-07-11 18:58:24.7553 (NetComponentSystem.cs:77) { "_t" : "FrameMessage", "Frame" : 64, "PlayerId" : NumberLong(0), "Input" : { "V" : { "x" : { "_serializedValue" : NumberLong(0) }, "y" : { "_serializedValue" : NumberLong(0) } }, "Button" : 0 } }
2024-07-11 18:58:24.7800 (Session.cs:153) { "_t" : "OneFrameInputs", "Inputs" : [[NumberLong("1209471726518273"), { "V" : { "x" : { "_serializedValue" : NumberLong(0) }, "y" : { "_serializedValue" : NumberLong(0) } }, "Button" : 0 }]] }
2024-07-11 18:58:24.8063 (NetComponentSystem.cs:77) { "_t" : "FrameMessage", "Frame" : 65, "PlayerId" : NumberLong(0), "Input" : { "V" : { "x" : { "_serializedValue" : NumberLong(0) }, "y" : { "_serializedValue" : NumberLong(0) } }, "Button" : 0 } }
2024-07-11 18:58:24.8288 (Session.cs:153) { "_t" : "OneFrameInputs", "Inputs" : [[NumberLong("1209471726518273"), { "V" : { "x" : { "_serializedValue" : NumberLong(0) }, "y" : { "_serializedValue" : NumberLong(0) } }, "Button" : 0 }]] }
2024-07-11 18:58:24.8554 (NetComponentSystem.cs:77) { "_t" : "FrameMessage", "Frame" : 66, "PlayerId" : NumberLong(0), "Input" : { "V" : { "x" : { "_serializedValue" : NumberLong(0) }, "y" : { "_serializedValue" : NumberLong(0) } }, "Button" : 0 } }
2024-07-11 18:58:24.8826 (Session.cs:153) { "_t" : "OneFrameInputs", "Inputs" : [[NumberLong("1209471726518273"), { "V" : { "x" : { "_serializedValue" : NumberLong(0) }, "y" : { "_serializedValue" : NumberLong(0) } }, "Button" : 0 }]] }
2024-07-11 18:58:24.9020 (NetComponentSystem.cs:77) { "_t" : "FrameMessage", "Frame" : 67, "PlayerId" : NumberLong(0), "Input" : { "V" : { "x" : { "_serializedValue" : NumberLong(0) }, "y" : { "_serializedValue" : NumberLong(0) } }, "Button" : 0 } }
2024-07-11 18:58:24.9308 (Session.cs:153) { "_t" : "OneFrameInputs", "Inputs" : [[NumberLong("1209471726518273"), { "V" : { "x" : { "_serializedValue" : NumberLong(0) }, "y" : { "_serializedValue" : NumberLong(0) } }, "Button" : 0 }]] }
2024-07-11 18:58:24.9619 (NetComponentSystem.cs:77) { "_t" : "FrameMessage", "Frame" : 68, "PlayerId" : NumberLong(0), "Input" : { "V" : { "x" : { "_serializedValue" : NumberLong(0) }, "y" : { "_serializedValue" : NumberLong(0) } }, "Button" : 0 } }
2024-07-11 18:58:24.9778 (Session.cs:153) { "_t" : "OneFrameInputs", "Inputs" : [[NumberLong("1209471726518273"), { "V" : { "x" : { "_serializedValue" : NumberLong(0) }, "y" : { "_serializedValue" : NumberLong(0) } }, "Button" : 0 }]] }
2024-07-11 18:58:25.0050 (NetComponentSystem.cs:77) { "_t" : "FrameMessage", "Frame" : 69, "PlayerId" : NumberLong(0), "Input" : { "V" : { "x" : { "_serializedValue" : NumberLong(0) }, "y" : { "_serializedValue" : NumberLong(0) } }, "Button" : 0 } }
2024-07-11 18:58:25.0299 (Session.cs:153) { "_t" : "OneFrameInputs", "Inputs" : [[NumberLong("1209471726518273"), { "V" : { "x" : { "_serializedValue" : NumberLong(0) }, "y" : { "_serializedValue" : NumberLong(0) } }, "Button" : 0 }]] }
2024-07-11 18:58:25.0529 (NetComponentSystem.cs:77) { "_t" : "FrameMessage", "Frame" : 70, "PlayerId" : NumberLong(0), "Input" : { "V" : { "x" : { "_serializedValue" : NumberLong(0) }, "y" : { "_serializedValue" : NumberLong(0) } }, "Button" : 0 } }
2024-07-11 18:58:25.0774 (Session.cs:153) { "_t" : "OneFrameInputs", "Inputs" : [[NumberLong("1209471726518273"), { "V" : { "x" : { "_serializedValue" : NumberLong(0) }, "y" : { "_serializedValue" : NumberLong(0) } }, "Button" : 0 }]] }
2024-07-11 18:58:25.1104 (NetComponentSystem.cs:77) { "_t" : "FrameMessage", "Frame" : 71, "PlayerId" : NumberLong(0), "Input" : { "V" : { "x" : { "_serializedValue" : NumberLong(0) }, "y" : { "_serializedValue" : NumberLong(0) } }, "Button" : 0 } }
2024-07-11 18:58:25.1285 (Session.cs:153) { "_t" : "OneFrameInputs", "Inputs" : [[NumberLong("1209471726518273"), { "V" : { "x" : { "_serializedValue" : NumberLong(0) }, "y" : { "_serializedValue" : NumberLong(0) } }, "Button" : 0 }]] }
2024-07-11 18:58:25.1570 (NetComponentSystem.cs:77) { "_t" : "FrameMessage", "Frame" : 72, "PlayerId" : NumberLong(0), "Input" : { "V" : { "x" : { "_serializedValue" : NumberLong(0) }, "y" : { "_serializedValue" : NumberLong(0) } }, "Button" : 0 } }
2024-07-11 18:58:25.1788 (Session.cs:153) { "_t" : "OneFrameInputs", "Inputs" : [[NumberLong("1209471726518273"), { "V" : { "x" : { "_serializedValue" : NumberLong(0) }, "y" : { "_serializedValue" : NumberLong(0) } }, "Button" : 0 }]] }
2024-07-11 18:58:25.2080 (NetComponentSystem.cs:77) { "_t" : "FrameMessage", "Frame" : 73, "PlayerId" : NumberLong(0), "Input" : { "V" : { "x" : { "_serializedValue" : NumberLong(0) }, "y" : { "_serializedValue" : NumberLong(0) } }, "Button" : 0 } }
2024-07-11 18:58:25.2272 (Session.cs:153) { "_t" : "OneFrameInputs", "Inputs" : [[NumberLong("1209471726518273"), { "V" : { "x" : { "_serializedValue" : NumberLong(0) }, "y" : { "_serializedValue" : NumberLong(0) } }, "Button" : 0 }]] }
2024-07-11 18:58:25.2550 (NetComponentSystem.cs:77) { "_t" : "FrameMessage", "Frame" : 74, "PlayerId" : NumberLong(0), "Input" : { "V" : { "x" : { "_serializedValue" : NumberLong(0) }, "y" : { "_serializedValue" : NumberLong(0) } }, "Button" : 0 } }
2024-07-11 18:58:25.2810 (Session.cs:153) { "_t" : "OneFrameInputs", "Inputs" : [[NumberLong("1209471726518273"), { "V" : { "x" : { "_serializedValue" : NumberLong(0) }, "y" : { "_serializedValue" : NumberLong(0) } }, "Button" : 0 }]] }
2024-07-11 18:58:25.3099 (NetComponentSystem.cs:77) { "_t" : "FrameMessage", "Frame" : 75, "PlayerId" : NumberLong(0), "Input" : { "V" : { "x" : { "_serializedValue" : NumberLong(0) }, "y" : { "_serializedValue" : NumberLong(0) } }, "Button" : 0 } }
2024-07-11 18:58:25.3286 (Session.cs:153) { "_t" : "OneFrameInputs", "Inputs" : [[NumberLong("1209471726518273"), { "V" : { "x" : { "_serializedValue" : NumberLong(0) }, "y" : { "_serializedValue" : NumberLong(0) } }, "Button" : 0 }]] }
2024-07-11 18:58:25.3576 (NetComponentSystem.cs:77) { "_t" : "FrameMessage", "Frame" : 76, "PlayerId" : NumberLong(0), "Input" : { "V" : { "x" : { "_serializedValue" : NumberLong(0) }, "y" : { "_serializedValue" : NumberLong(0) } }, "Button" : 0 } }
2024-07-11 18:58:25.3811 (Session.cs:153) { "_t" : "OneFrameInputs", "Inputs" : [[NumberLong("1209471726518273"), { "V" : { "x" : { "_serializedValue" : NumberLong(0) }, "y" : { "_serializedValue" : NumberLong(0) } }, "Button" : 0 }]] }
2024-07-11 18:58:25.4163 (NetComponentSystem.cs:77) { "_t" : "FrameMessage", "Frame" : 77, "PlayerId" : NumberLong(0), "Input" : { "V" : { "x" : { "_serializedValue" : NumberLong(0) }, "y" : { "_serializedValue" : NumberLong(0) } }, "Button" : 0 } }
2024-07-11 18:58:25.4295 (Session.cs:153) { "_t" : "OneFrameInputs", "Inputs" : [[NumberLong("1209471726518273"), { "V" : { "x" : { "_serializedValue" : NumberLong(0) }, "y" : { "_serializedValue" : NumberLong(0) } }, "Button" : 0 }]] }
2024-07-11 18:58:25.4527 (NetComponentSystem.cs:77) { "_t" : "FrameMessage", "Frame" : 78, "PlayerId" : NumberLong(0), "Input" : { "V" : { "x" : { "_serializedValue" : NumberLong(0) }, "y" : { "_serializedValue" : NumberLong(0) } }, "Button" : 0 } }
2024-07-11 18:58:25.4795 (Session.cs:153) { "_t" : "OneFrameInputs", "Inputs" : [[NumberLong("1209471726518273"), { "V" : { "x" : { "_serializedValue" : NumberLong(0) }, "y" : { "_serializedValue" : NumberLong(0) } }, "Button" : 0 }]] }
2024-07-11 18:58:25.5113 (NetComponentSystem.cs:77) { "_t" : "FrameMessage", "Frame" : 79, "PlayerId" : NumberLong(0), "Input" : { "V" : { "x" : { "_serializedValue" : NumberLong(0) }, "y" : { "_serializedValue" : NumberLong(0) } }, "Button" : 0 } }
2024-07-11 18:58:25.5274 (Session.cs:153) { "_t" : "OneFrameInputs", "Inputs" : [[NumberLong("1209471726518273"), { "V" : { "x" : { "_serializedValue" : NumberLong(0) }, "y" : { "_serializedValue" : NumberLong(0) } }, "Button" : 0 }]] }
2024-07-11 18:58:25.5608 (NetComponentSystem.cs:77) { "_t" : "FrameMessage", "Frame" : 80, "PlayerId" : NumberLong(0), "Input" : { "V" : { "x" : { "_serializedValue" : NumberLong(0) }, "y" : { "_serializedValue" : NumberLong(0) } }, "Button" : 0 } }
2024-07-11 18:58:25.5608 (Session.cs:153) { "_t" : "Room2C_AdjustUpdateTime", "DiffTime" : 67 }
2024-07-11 18:58:25.5803 (Session.cs:153) { "_t" : "OneFrameInputs", "Inputs" : [[NumberLong("1209471726518273"), { "V" : { "x" : { "_serializedValue" : NumberLong(0) }, "y" : { "_serializedValue" : NumberLong(0) } }, "Button" : 0 }]] }
2024-07-11 18:58:25.6040 (NetComponentSystem.cs:77) { "_t" : "FrameMessage", "Frame" : 81, "PlayerId" : NumberLong(0), "Input" : { "V" : { "x" : { "_serializedValue" : NumberLong(0) }, "y" : { "_serializedValue" : NumberLong(0) } }, "Button" : 0 } }
2024-07-11 18:58:25.6307 (Session.cs:153) { "_t" : "OneFrameInputs", "Inputs" : [[NumberLong("1209471726518273"), { "V" : { "x" : { "_serializedValue" : NumberLong(0) }, "y" : { "_serializedValue" : NumberLong(0) } }, "Button" : 0 }]] }
2024-07-11 18:58:25.6549 (NetComponentSystem.cs:77) { "_t" : "FrameMessage", "Frame" : 82, "PlayerId" : NumberLong(0), "Input" : { "V" : { "x" : { "_serializedValue" : NumberLong(0) }, "y" : { "_serializedValue" : NumberLong(0) } }, "Button" : 0 } }
2024-07-11 18:58:25.6792 (Session.cs:153) { "_t" : "OneFrameInputs", "Inputs" : [[NumberLong("1209471726518273"), { "V" : { "x" : { "_serializedValue" : NumberLong(0) }, "y" : { "_serializedValue" : NumberLong(0) } }, "Button" : 0 }]] }
2024-07-11 18:58:25.7065 (NetComponentSystem.cs:77) { "_t" : "FrameMessage", "Frame" : 83, "PlayerId" : NumberLong(0), "Input" : { "V" : { "x" : { "_serializedValue" : NumberLong(0) }, "y" : { "_serializedValue" : NumberLong(0) } }, "Button" : 0 } }
2024-07-11 18:58:25.7275 (Session.cs:153) { "_t" : "OneFrameInputs", "Inputs" : [[NumberLong("1209471726518273"), { "V" : { "x" : { "_serializedValue" : NumberLong(0) }, "y" : { "_serializedValue" : NumberLong(0) } }, "Button" : 0 }]] }
2024-07-11 18:58:25.7581 (NetComponentSystem.cs:77) { "_t" : "FrameMessage", "Frame" : 84, "PlayerId" : NumberLong(0), "Input" : { "V" : { "x" : { "_serializedValue" : NumberLong(0) }, "y" : { "_serializedValue" : NumberLong(0) } }, "Button" : 0 } }
2024-07-11 18:58:25.7789 (Session.cs:153) { "_t" : "OneFrameInputs", "Inputs" : [[NumberLong("1209471726518273"), { "V" : { "x" : { "_serializedValue" : NumberLong(0) }, "y" : { "_serializedValue" : NumberLong(0) } }, "Button" : 0 }]] }
2024-07-11 18:58:25.8079 (NetComponentSystem.cs:77) { "_t" : "FrameMessage", "Frame" : 85, "PlayerId" : NumberLong(0), "Input" : { "V" : { "x" : { "_serializedValue" : NumberLong(0) }, "y" : { "_serializedValue" : NumberLong(0) } }, "Button" : 0 } }
2024-07-11 18:58:25.8309 (Session.cs:153) { "_t" : "OneFrameInputs", "Inputs" : [[NumberLong("1209471726518273"), { "V" : { "x" : { "_serializedValue" : NumberLong(0) }, "y" : { "_serializedValue" : NumberLong(0) } }, "Button" : 0 }]] }
2024-07-11 18:58:25.8567 (NetComponentSystem.cs:77) { "_t" : "FrameMessage", "Frame" : 86, "PlayerId" : NumberLong(0), "Input" : { "V" : { "x" : { "_serializedValue" : NumberLong(0) }, "y" : { "_serializedValue" : NumberLong(0) } }, "Button" : 0 } }
2024-07-11 18:58:25.8778 (Session.cs:153) { "_t" : "OneFrameInputs", "Inputs" : [[NumberLong("1209471726518273"), { "V" : { "x" : { "_serializedValue" : NumberLong(0) }, "y" : { "_serializedValue" : NumberLong(0) } }, "Button" : 0 }]] }
2024-07-11 18:58:25.9054 (NetComponentSystem.cs:77) { "_t" : "FrameMessage", "Frame" : 87, "PlayerId" : NumberLong(0), "Input" : { "V" : { "x" : { "_serializedValue" : NumberLong(0) }, "y" : { "_serializedValue" : NumberLong(0) } }, "Button" : 0 } }
2024-07-11 18:58:25.9313 (Session.cs:153) { "_t" : "OneFrameInputs", "Inputs" : [[NumberLong("1209471726518273"), { "V" : { "x" : { "_serializedValue" : NumberLong(0) }, "y" : { "_serializedValue" : NumberLong(0) } }, "Button" : 0 }]] }
2024-07-11 18:58:25.9596 (NetComponentSystem.cs:77) { "_t" : "FrameMessage", "Frame" : 88, "PlayerId" : NumberLong(0), "Input" : { "V" : { "x" : { "_serializedValue" : NumberLong(0) }, "y" : { "_serializedValue" : NumberLong(0) } }, "Button" : 0 } }
2024-07-11 18:58:25.9789 (Session.cs:153) { "_t" : "OneFrameInputs", "Inputs" : [[NumberLong("1209471726518273"), { "V" : { "x" : { "_serializedValue" : NumberLong(0) }, "y" : { "_serializedValue" : NumberLong(0) } }, "Button" : 0 }]] }
2024-07-11 18:58:26.0057 (NetComponentSystem.cs:77) { "_t" : "FrameMessage", "Frame" : 89, "PlayerId" : NumberLong(0), "Input" : { "V" : { "x" : { "_serializedValue" : NumberLong(0) }, "y" : { "_serializedValue" : NumberLong(0) } }, "Button" : 0 } }
2024-07-11 18:58:26.0296 (Session.cs:153) { "_t" : "OneFrameInputs", "Inputs" : [[NumberLong("1209471726518273"), { "V" : { "x" : { "_serializedValue" : NumberLong(0) }, "y" : { "_serializedValue" : NumberLong(0) } }, "Button" : 0 }]] }
2024-07-11 18:58:26.0689 (NetComponentSystem.cs:77) { "_t" : "FrameMessage", "Frame" : 90, "PlayerId" : NumberLong(0), "Input" : { "V" : { "x" : { "_serializedValue" : NumberLong(0) }, "y" : { "_serializedValue" : NumberLong(0) } }, "Button" : 0 } }
2024-07-11 18:58:26.0689 (Session.cs:153) { "_t" : "OneFrameInputs", "Inputs" : [[NumberLong("1209471726518273"), { "V" : { "x" : { "_serializedValue" : NumberLong(0) }, "y" : { "_serializedValue" : NumberLong(0) } }, "Button" : 0 }]] }
2024-07-11 18:58:26.1150 (NetComponentSystem.cs:77) { "_t" : "FrameMessage", "Frame" : 91, "PlayerId" : NumberLong(0), "Input" : { "V" : { "x" : { "_serializedValue" : NumberLong(0) }, "y" : { "_serializedValue" : NumberLong(0) } }, "Button" : 0 } }
2024-07-11 18:58:26.1288 (Session.cs:153) { "_t" : "OneFrameInputs", "Inputs" : [[NumberLong("1209471726518273"), { "V" : { "x" : { "_serializedValue" : NumberLong(0) }, "y" : { "_serializedValue" : NumberLong(0) } }, "Button" : 0 }]] }
2024-07-11 18:58:26.1634 (NetComponentSystem.cs:77) { "_t" : "FrameMessage", "Frame" : 92, "PlayerId" : NumberLong(0), "Input" : { "V" : { "x" : { "_serializedValue" : NumberLong(0) }, "y" : { "_serializedValue" : NumberLong(0) } }, "Button" : 0 } }
2024-07-11 18:58:26.1793 (Session.cs:153) { "_t" : "OneFrameInputs", "Inputs" : [[NumberLong("1209471726518273"), { "V" : { "x" : { "_serializedValue" : NumberLong(0) }, "y" : { "_serializedValue" : NumberLong(0) } }, "Button" : 0 }]] }
2024-07-11 18:58:26.2042 (NetComponentSystem.cs:77) { "_t" : "FrameMessage", "Frame" : 93, "PlayerId" : NumberLong(0), "Input" : { "V" : { "x" : { "_serializedValue" : NumberLong(0) }, "y" : { "_serializedValue" : NumberLong(0) } }, "Button" : 0 } }
2024-07-11 18:58:26.2280 (Session.cs:153) { "_t" : "OneFrameInputs", "Inputs" : [[NumberLong("1209471726518273"), { "V" : { "x" : { "_serializedValue" : NumberLong(0) }, "y" : { "_serializedValue" : NumberLong(0) } }, "Button" : 0 }]] }
2024-07-11 18:58:26.2527 (NetComponentSystem.cs:77) { "_t" : "FrameMessage", "Frame" : 94, "PlayerId" : NumberLong(0), "Input" : { "V" : { "x" : { "_serializedValue" : NumberLong(0) }, "y" : { "_serializedValue" : NumberLong(0) } }, "Button" : 0 } }
2024-07-11 18:58:26.2793 (Session.cs:153) { "_t" : "OneFrameInputs", "Inputs" : [[NumberLong("1209471726518273"), { "V" : { "x" : { "_serializedValue" : NumberLong(0) }, "y" : { "_serializedValue" : NumberLong(0) } }, "Button" : 0 }]] }
2024-07-11 18:58:26.3090 (NetComponentSystem.cs:77) { "_t" : "FrameMessage", "Frame" : 95, "PlayerId" : NumberLong(0), "Input" : { "V" : { "x" : { "_serializedValue" : NumberLong(0) }, "y" : { "_serializedValue" : NumberLong(0) } }, "Button" : 0 } }
2024-07-11 18:58:26.3273 (Session.cs:153) { "_t" : "OneFrameInputs", "Inputs" : [[NumberLong("1209471726518273"), { "V" : { "x" : { "_serializedValue" : NumberLong(0) }, "y" : { "_serializedValue" : NumberLong(0) } }, "Button" : 0 }]] }
2024-07-11 18:58:26.3534 (NetComponentSystem.cs:77) { "_t" : "FrameMessage", "Frame" : 96, "PlayerId" : NumberLong(0), "Input" : { "V" : { "x" : { "_serializedValue" : NumberLong(0) }, "y" : { "_serializedValue" : NumberLong(0) } }, "Button" : 0 } }
2024-07-11 18:58:26.3789 (Session.cs:153) { "_t" : "OneFrameInputs", "Inputs" : [[NumberLong("1209471726518273"), { "V" : { "x" : { "_serializedValue" : NumberLong(0) }, "y" : { "_serializedValue" : NumberLong(0) } }, "Button" : 0 }]] }
2024-07-11 18:58:26.4072 (NetComponentSystem.cs:77) { "_t" : "FrameMessage", "Frame" : 97, "PlayerId" : NumberLong(0), "Input" : { "V" : { "x" : { "_serializedValue" : NumberLong(0) }, "y" : { "_serializedValue" : NumberLong(0) } }, "Button" : 0 } }
2024-07-11 18:58:26.4284 (Session.cs:153) { "_t" : "OneFrameInputs", "Inputs" : [[NumberLong("1209471726518273"), { "V" : { "x" : { "_serializedValue" : NumberLong(0) }, "y" : { "_serializedValue" : NumberLong(0) } }, "Button" : 0 }]] }
2024-07-11 18:58:26.4627 (NetComponentSystem.cs:77) { "_t" : "FrameMessage", "Frame" : 98, "PlayerId" : NumberLong(0), "Input" : { "V" : { "x" : { "_serializedValue" : NumberLong(0) }, "y" : { "_serializedValue" : NumberLong(0) } }, "Button" : 0 } }
2024-07-11 18:58:26.4795 (Session.cs:153) { "_t" : "OneFrameInputs", "Inputs" : [[NumberLong("1209471726518273"), { "V" : { "x" : { "_serializedValue" : NumberLong(0) }, "y" : { "_serializedValue" : NumberLong(0) } }, "Button" : 0 }]] }
2024-07-11 18:58:26.5053 (NetComponentSystem.cs:77) { "_t" : "FrameMessage", "Frame" : 99, "PlayerId" : NumberLong(0), "Input" : { "V" : { "x" : { "_serializedValue" : NumberLong(0) }, "y" : { "_serializedValue" : NumberLong(0) } }, "Button" : 0 } }
2024-07-11 18:58:26.5282 (Session.cs:153) { "_t" : "OneFrameInputs", "Inputs" : [[NumberLong("1209471726518273"), { "V" : { "x" : { "_serializedValue" : NumberLong(0) }, "y" : { "_serializedValue" : NumberLong(0) } }, "Button" : 0 }]] }
2024-07-11 18:58:26.5683 (NetComponentSystem.cs:77) { "_t" : "FrameMessage", "Frame" : 100, "PlayerId" : NumberLong(0), "Input" : { "V" : { "x" : { "_serializedValue" : NumberLong(0) }, "y" : { "_serializedValue" : NumberLong(0) } }, "Button" : 0 } }
2024-07-11 18:58:26.5683 (Session.cs:153) { "_t" : "Room2C_AdjustUpdateTime", "DiffTime" : 58 }
2024-07-11 18:58:26.5683 (Session.cs:153) { "_t" : "OneFrameInputs", "Inputs" : [[NumberLong("1209471726518273"), { "V" : { "x" : { "_serializedValue" : NumberLong(0) }, "y" : { "_serializedValue" : NumberLong(0) } }, "Button" : 0 }]] }
2024-07-11 18:58:26.6023 (NetComponentSystem.cs:77) { "_t" : "FrameMessage", "Frame" : 101, "PlayerId" : NumberLong(0), "Input" : { "V" : { "x" : { "_serializedValue" : NumberLong(0) }, "y" : { "_serializedValue" : NumberLong(0) } }, "Button" : 0 } }
2024-07-11 18:58:26.6301 (Session.cs:153) { "_t" : "OneFrameInputs", "Inputs" : [[NumberLong("1209471726518273"), { "V" : { "x" : { "_serializedValue" : NumberLong(0) }, "y" : { "_serializedValue" : NumberLong(0) } }, "Button" : 0 }]] }
