2024-07-09 18:01:34.6369 scene create: NetInner -2 1
2024-07-09 18:01:34.6533 scene create: Realm 1 1
2024-07-09 18:01:34.6533 scene create: Gate 2 1
2024-07-09 18:01:34.6652 scene create: Gate 3 1
2024-07-09 18:01:34.6652 scene create: Location 4 1
2024-07-09 18:01:34.6652 scene create: Match 5 1
2024-07-09 18:01:34.6652 scene create: Map 6 1
2024-07-09 18:01:34.6795 scene create: Map 7 1
2024-07-09 18:01:34.6795 scene create: RouterManager 300 1
2024-07-09 18:01:34.7126 scene create: Router 301 1
2024-07-09 18:01:34.7126 scene create: Router 302 1
2024-07-09 18:01:34.7256 scene create: Router 303 1
2024-07-09 18:01:34.7256 scene create: Router 304 1
2024-07-09 18:03:16.9374 scene create: NetInner -2 1
2024-07-09 18:03:16.9545 scene create: Realm 1 1
2024-07-09 18:03:16.9600 scene create: Gate 2 1
2024-07-09 18:03:16.9600 scene create: Gate 3 1
2024-07-09 18:03:16.9600 scene create: Location 4 1
2024-07-09 18:03:16.9600 scene create: Match 5 1
2024-07-09 18:03:16.9600 scene create: Map 6 1
2024-07-09 18:03:16.9800 scene create: Map 7 1
2024-07-09 18:03:16.9800 scene create: RouterManager 300 1
2024-07-09 18:03:17.0185 scene create: Router 301 1
2024-07-09 18:03:17.0294 scene create: Router 302 1
2024-07-09 18:03:17.0294 scene create: Router 303 1
2024-07-09 18:03:17.0294 scene create: Router 304 1
2024-07-09 18:04:37.8050 scene create: NetInner -2 1
2024-07-09 18:04:37.8199 scene create: Realm 1 1
2024-07-09 18:04:37.8199 scene create: Gate 2 1
2024-07-09 18:04:37.8199 scene create: Gate 3 1
2024-07-09 18:04:37.8199 scene create: Location 4 1
2024-07-09 18:04:37.8199 scene create: Match 5 1
2024-07-09 18:04:37.8390 scene create: Map 6 1
2024-07-09 18:04:37.8390 scene create: Map 7 1
2024-07-09 18:04:37.8390 scene create: RouterManager 300 1
2024-07-09 18:04:37.8731 scene create: Router 301 1
2024-07-09 18:04:37.8843 scene create: Router 302 1
2024-07-09 18:04:37.8843 scene create: Router 303 1
2024-07-09 18:04:37.8843 scene create: Router 304 1
2024-07-09 18:08:20.3091 scene create: NetInner -2 1
2024-07-09 18:08:20.3231 scene create: Realm 1 1
2024-07-09 18:08:20.3231 scene create: Gate 2 1
2024-07-09 18:08:20.3231 scene create: Gate 3 1
2024-07-09 18:08:20.3366 scene create: Location 4 1
2024-07-09 18:08:20.3366 scene create: Match 5 1
2024-07-09 18:08:20.3366 scene create: Map 6 1
2024-07-09 18:08:20.3366 scene create: Map 7 1
2024-07-09 18:08:20.3366 scene create: RouterManager 300 1
2024-07-09 18:08:20.3742 scene create: Router 301 1
2024-07-09 18:08:20.3838 scene create: Router 302 1
2024-07-09 18:08:20.3838 scene create: Router 303 1
2024-07-09 18:08:20.3838 scene create: Router 304 1
