2024-07-09 17:57:03.9695 scene create: NetInner -2 1
2024-07-09 17:57:03.9823 scene create: Realm 1 1
2024-07-09 17:57:03.9823 scene create: Gate 2 1
2024-07-09 17:57:03.9913 scene create: Gate 3 1
2024-07-09 17:57:03.9913 scene create: Location 4 1
2024-07-09 17:57:03.9913 scene create: Match 5 1
2024-07-09 17:57:03.9913 scene create: Map 6 1
2024-07-09 17:57:03.9913 scene create: Map 7 1
2024-07-09 17:57:04.0105 scene create: RouterManager 300 1
2024-07-09 17:57:04.0413 scene create: Router 301 1
2024-07-09 17:57:04.0413 scene create: Router 302 1
2024-07-09 17:57:04.0538 scene create: Router 303 1
2024-07-09 17:57:04.0538 scene create: Router 304 1
2024-07-09 17:58:59.9247 scene create: NetInner -2 1
2024-07-09 17:58:59.9394 scene create: Realm 1 1
2024-07-09 17:58:59.9449 scene create: Gate 2 1
2024-07-09 17:58:59.9449 scene create: Gate 3 1
2024-07-09 17:58:59.9449 scene create: Location 4 1
2024-07-09 17:58:59.9449 scene create: Match 5 1
2024-07-09 17:58:59.9603 scene create: Map 6 1
2024-07-09 17:58:59.9603 scene create: Map 7 1
2024-07-09 17:58:59.9603 scene create: RouterManager 300 1
2024-07-09 17:59:00.0016 scene create: Router 301 1
2024-07-09 17:59:00.0130 scene create: Router 302 1
2024-07-09 17:59:00.0130 scene create: Router 303 1
2024-07-09 17:59:00.0130 scene create: Router 304 1
