2024-07-10 13:29:38.7480 (Scene.cs:36) scene create: NetInner -2 1
2024-07-10 13:29:38.7628 (Scene.cs:36) scene create: Realm 1 1
2024-07-10 13:29:38.7628 (Scene.cs:36) scene create: Gate 2 1
2024-07-10 13:29:38.7628 (Scene.cs:36) scene create: Gate 3 1
2024-07-10 13:29:38.7741 (Scene.cs:36) scene create: Location 4 1
2024-07-10 13:29:38.7741 (Scene.cs:36) scene create: Match 5 1
2024-07-10 13:29:38.7741 (Scene.cs:36) scene create: Map 6 1
2024-07-10 13:29:38.7741 (Scene.cs:36) scene create: Map 7 1
2024-07-10 13:29:38.7910 (Scene.cs:36) scene create: RouterManager 300 1
2024-07-10 13:29:38.8240 (Scene.cs:36) scene create: Router 301 1
2024-07-10 13:29:38.8240 (Scene.cs:36) scene create: Router 302 1
2024-07-10 13:29:38.8364 (Scene.cs:36) scene create: Router 303 1
2024-07-10 13:29:38.8364 (Scene.cs:36) scene create: Router 304 1
2024-07-10 13:38:09.5173 (Scene.cs:36) scene create: NetInner -2 1
2024-07-10 13:38:09.5299 (Scene.cs:36) scene create: Realm 1 1
2024-07-10 13:38:09.5299 (Scene.cs:36) scene create: Gate 2 1
2024-07-10 13:38:09.5402 (Scene.cs:36) scene create: Gate 3 1
2024-07-10 13:38:09.5402 (Scene.cs:36) scene create: Location 4 1
2024-07-10 13:38:09.5402 (Scene.cs:36) scene create: Match 5 1
2024-07-10 13:38:09.5402 (Scene.cs:36) scene create: Map 6 1
2024-07-10 13:38:09.5546 (Scene.cs:36) scene create: Map 7 1
2024-07-10 13:38:09.5546 (Scene.cs:36) scene create: RouterManager 300 1
2024-07-10 13:38:09.5849 (Scene.cs:36) scene create: Router 301 1
2024-07-10 13:38:09.5941 (Scene.cs:36) scene create: Router 302 1
2024-07-10 13:38:09.5941 (Scene.cs:36) scene create: Router 303 1
2024-07-10 13:38:09.6012 (Scene.cs:36) scene create: Router 304 1
2024-07-10 13:39:53.6499 (Scene.cs:36) scene create: NetInner -2 1
2024-07-10 13:39:53.6654 (Scene.cs:36) scene create: Realm 1 1
2024-07-10 13:39:53.6654 (Scene.cs:36) scene create: Gate 2 1
2024-07-10 13:39:53.6654 (Scene.cs:36) scene create: Gate 3 1
2024-07-10 13:39:53.6806 (Scene.cs:36) scene create: Location 4 1
2024-07-10 13:39:53.6806 (Scene.cs:36) scene create: Match 5 1
2024-07-10 13:39:53.6806 (Scene.cs:36) scene create: Map 6 1
2024-07-10 13:39:53.6806 (Scene.cs:36) scene create: Map 7 1
2024-07-10 13:39:53.6966 (Scene.cs:36) scene create: RouterManager 300 1
2024-07-10 13:39:53.7280 (Scene.cs:36) scene create: Router 301 1
2024-07-10 13:39:53.7280 (Scene.cs:36) scene create: Router 302 1
2024-07-10 13:39:53.7426 (Scene.cs:36) scene create: Router 303 1
2024-07-10 13:39:53.7426 (Scene.cs:36) scene create: Router 304 1
2024-07-10 13:41:30.9953 (Scene.cs:36) scene create: NetInner -2 1
2024-07-10 13:41:31.0097 (Scene.cs:36) scene create: Realm 1 1
2024-07-10 13:41:31.0097 (Scene.cs:36) scene create: Gate 2 1
2024-07-10 13:41:31.0097 (Scene.cs:36) scene create: Gate 3 1
2024-07-10 13:41:31.0097 (Scene.cs:36) scene create: Location 4 1
2024-07-10 13:41:31.0242 (Scene.cs:36) scene create: Match 5 1
2024-07-10 13:41:31.0242 (Scene.cs:36) scene create: Map 6 1
2024-07-10 13:41:31.0242 (Scene.cs:36) scene create: Map 7 1
2024-07-10 13:41:31.0242 (Scene.cs:36) scene create: RouterManager 300 1
2024-07-10 13:41:31.0740 (Scene.cs:36) scene create: Router 301 1
2024-07-10 13:41:31.0879 (Scene.cs:36) scene create: Router 302 1
2024-07-10 13:41:31.0879 (Scene.cs:36) scene create: Router 303 1
2024-07-10 13:41:31.0879 (Scene.cs:36) scene create: Router 304 1
