2024-07-11 20:24:58.7968 scene create: NetInner -2 1
2024-07-11 20:24:58.8141 scene create: Realm 1 1
2024-07-11 20:24:58.8203 scene create: Gate 2 1
2024-07-11 20:24:58.8203 scene create: Gate 3 1
2024-07-11 20:24:58.8203 scene create: Location 4 1
2024-07-11 20:24:58.8203 scene create: Match 5 1
2024-07-11 20:24:58.8373 scene create: Map 6 1
2024-07-11 20:24:58.8373 scene create: Map 7 1
2024-07-11 20:24:58.8373 scene create: RouterManager 300 1
2024-07-11 20:24:58.8904 scene create: Router 301 1
2024-07-11 20:24:58.8998 scene create: Router 302 1
2024-07-11 20:24:58.8998 scene create: Router 303 1
2024-07-11 20:24:58.8998 scene create: Router 304 1
2024-07-11 20:47:55.2537 scene create: NetInner -2 1
2024-07-11 20:47:55.2795 scene create: Realm 1 1
2024-07-11 20:47:55.2882 scene create: Gate 2 1
2024-07-11 20:47:55.2882 scene create: Gate 3 1
2024-07-11 20:47:55.2882 scene create: Location 4 1
2024-07-11 20:47:55.2882 scene create: Match 5 1
2024-07-11 20:47:55.3037 scene create: Map 6 1
2024-07-11 20:47:55.3037 scene create: Map 7 1
2024-07-11 20:47:55.3037 scene create: RouterManager 300 1
2024-07-11 20:47:55.3488 scene create: Router 301 1
2024-07-11 20:47:55.3608 scene create: Router 302 1
2024-07-11 20:47:55.3655 scene create: Router 303 1
2024-07-11 20:47:55.3655 scene create: Router 304 1
2024-07-11 20:51:03.8178 scene create: NetInner -2 1
2024-07-11 20:51:03.8393 scene create: Realm 1 1
2024-07-11 20:51:03.8500 scene create: Gate 2 1
2024-07-11 20:51:03.8500 scene create: Gate 3 1
2024-07-11 20:51:03.8500 scene create: Location 4 1
2024-07-11 20:51:03.8500 scene create: Match 5 1
2024-07-11 20:51:03.8500 scene create: Map 6 1
2024-07-11 20:51:03.8705 scene create: Map 7 1
2024-07-11 20:51:03.8705 scene create: RouterManager 300 1
2024-07-11 20:51:03.9196 scene create: Router 301 1
2024-07-11 20:51:03.9321 scene create: Router 302 1
2024-07-11 20:51:03.9321 scene create: Router 303 1
2024-07-11 20:51:03.9321 scene create: Router 304 1
2024-07-11 20:53:38.9374 scene create: NetInner -2 1
2024-07-11 20:53:38.9544 scene create: Realm 1 1
2024-07-11 20:53:38.9627 scene create: Gate 2 1
2024-07-11 20:53:38.9627 scene create: Gate 3 1
2024-07-11 20:53:38.9627 scene create: Location 4 1
2024-07-11 20:53:38.9770 scene create: Match 5 1
2024-07-11 20:53:38.9770 scene create: Map 6 1
2024-07-11 20:53:38.9770 scene create: Map 7 1
2024-07-11 20:53:38.9903 scene create: RouterManager 300 1
2024-07-11 20:53:39.0304 scene create: Router 301 1
2024-07-11 20:53:39.0422 scene create: Router 302 1
2024-07-11 20:53:39.0422 scene create: Router 303 1
2024-07-11 20:53:39.0422 scene create: Router 304 1
