2024-07-09 10:55:01.0659 (Scene.cs:36) scene create: NetInner -2 1
2024-07-09 10:55:01.1172 (Scene.cs:36) scene create: Realm 1 1
2024-07-09 10:55:01.1172 (Scene.cs:36) scene create: Gate 2 1
2024-07-09 10:55:01.1347 (Scene.cs:36) scene create: Gate 3 1
2024-07-09 10:55:01.1603 (Scene.cs:36) scene create: Location 4 1
2024-07-09 10:55:01.1653 (Scene.cs:36) scene create: Match 5 1
2024-07-09 10:55:01.1653 (Scene.cs:36) scene create: Map 6 1
2024-07-09 10:55:01.1792 (Scene.cs:36) scene create: Map 7 1
2024-07-09 10:55:01.1792 (Scene.cs:36) scene create: RouterManager 300 1
2024-07-09 10:55:01.2927 (Scene.cs:36) scene create: Router 301 1
2024-07-09 10:55:01.3095 (Scene.cs:36) scene create: Router 302 1
2024-07-09 10:55:01.3095 (Scene.cs:36) scene create: Router 303 1
2024-07-09 10:55:01.3095 (Scene.cs:36) scene create: Router 304 1
2024-07-09 10:57:12.3496 (Scene.cs:36) scene create: NetInner -2 1
2024-07-09 10:57:12.3627 (Scene.cs:36) scene create: Realm 1 1
2024-07-09 10:57:12.3673 (Scene.cs:36) scene create: Gate 2 1
2024-07-09 10:57:12.3673 (Scene.cs:36) scene create: Gate 3 1
2024-07-09 10:57:12.3673 (Scene.cs:36) scene create: Location 4 1
2024-07-09 10:57:12.3673 (Scene.cs:36) scene create: Match 5 1
2024-07-09 10:57:12.3833 (Scene.cs:36) scene create: Map 6 1
2024-07-09 10:57:12.3833 (Scene.cs:36) scene create: Map 7 1
2024-07-09 10:57:12.3833 (Scene.cs:36) scene create: RouterManager 300 1
2024-07-09 10:57:12.4145 (Scene.cs:36) scene create: Router 301 1
2024-07-09 10:57:12.4145 (Scene.cs:36) scene create: Router 302 1
2024-07-09 10:57:12.4299 (Scene.cs:36) scene create: Router 303 1
2024-07-09 10:57:12.4299 (Scene.cs:36) scene create: Router 304 1
2024-07-09 10:59:50.7692 (Scene.cs:36) scene create: NetInner -2 1
2024-07-09 10:59:50.7930 (Scene.cs:36) scene create: Realm 1 1
2024-07-09 10:59:50.7930 (Scene.cs:36) scene create: Gate 2 1
2024-07-09 10:59:50.8087 (Scene.cs:36) scene create: Gate 3 1
2024-07-09 10:59:50.8087 (Scene.cs:36) scene create: Location 4 1
2024-07-09 10:59:50.8087 (Scene.cs:36) scene create: Match 5 1
2024-07-09 10:59:50.8204 (Scene.cs:36) scene create: Map 6 1
2024-07-09 10:59:50.8204 (Scene.cs:36) scene create: Map 7 1
2024-07-09 10:59:50.8204 (Scene.cs:36) scene create: RouterManager 300 1
2024-07-09 10:59:50.8892 (Scene.cs:36) scene create: Router 301 1
2024-07-09 10:59:50.9042 (Scene.cs:36) scene create: Router 302 1
2024-07-09 10:59:50.9042 (Scene.cs:36) scene create: Router 303 1
2024-07-09 10:59:50.9132 (Scene.cs:36) scene create: Router 304 1
