2024-07-11 18:15:13.4587 scene create: NetInner -2 1
2024-07-11 18:15:13.4774 scene create: Realm 1 1
2024-07-11 18:15:13.4774 scene create: Gate 2 1
2024-07-11 18:15:13.4774 scene create: Gate 3 1
2024-07-11 18:15:13.4938 scene create: Location 4 1
2024-07-11 18:15:13.4938 scene create: Match 5 1
2024-07-11 18:15:13.4938 scene create: Map 6 1
2024-07-11 18:15:13.4938 scene create: Map 7 1
2024-07-11 18:15:13.5090 scene create: RouterManager 300 1
2024-07-11 18:15:13.5818 scene create: Router 301 1
2024-07-11 18:15:13.5923 scene create: Router 302 1
2024-07-11 18:15:13.5923 scene create: Router 303 1
2024-07-11 18:15:13.5923 scene create: Router 304 1
2024-07-11 18:15:22.7558 scene create: NetInner -2 1
2024-07-11 18:15:22.7735 scene create: Realm 1 1
2024-07-11 18:15:22.7735 scene create: Gate 2 1
2024-07-11 18:15:22.7735 scene create: Gate 3 1
2024-07-11 18:15:22.7735 scene create: Location 4 1
2024-07-11 18:15:22.7911 scene create: Match 5 1
2024-07-11 18:15:22.7911 scene create: Map 6 1
2024-07-11 18:15:22.7911 scene create: Map 7 1
2024-07-11 18:15:22.8034 scene create: RouterManager 300 1
2024-07-11 18:15:22.8434 scene create: Router 301 1
2024-07-11 18:15:22.8546 scene create: Router 302 1
2024-07-11 18:15:22.8546 scene create: Router 303 1
2024-07-11 18:15:22.8546 scene create: Router 304 1
2024-07-11 18:36:16.8232 scene create: NetInner -2 1
2024-07-11 18:36:16.8401 scene create: Realm 1 1
2024-07-11 18:36:16.8401 scene create: Gate 2 1
2024-07-11 18:36:16.8521 scene create: Gate 3 1
2024-07-11 18:36:16.8521 scene create: Location 4 1
2024-07-11 18:36:16.8521 scene create: Match 5 1
2024-07-11 18:36:16.8521 scene create: Map 6 1
2024-07-11 18:36:16.8660 scene create: Map 7 1
2024-07-11 18:36:16.8660 scene create: RouterManager 300 1
2024-07-11 18:36:16.9097 scene create: Router 301 1
2024-07-11 18:36:16.9198 scene create: Router 302 1
2024-07-11 18:36:16.9198 scene create: Router 303 1
2024-07-11 18:36:16.9284 scene create: Router 304 1
2024-07-11 18:43:34.1301 scene create: NetInner -2 1
2024-07-11 18:43:34.1546 scene create: Realm 1 1
2024-07-11 18:43:34.1654 scene create: Gate 2 1
2024-07-11 18:43:34.1654 scene create: Gate 3 1
2024-07-11 18:43:34.1654 scene create: Location 4 1
2024-07-11 18:43:34.1791 scene create: Match 5 1
2024-07-11 18:43:34.1791 scene create: Map 6 1
2024-07-11 18:43:34.1791 scene create: Map 7 1
2024-07-11 18:43:34.1791 scene create: RouterManager 300 1
2024-07-11 18:43:34.2364 scene create: Router 301 1
2024-07-11 18:43:34.2559 scene create: Router 302 1
2024-07-11 18:43:34.2559 scene create: Router 303 1
2024-07-11 18:43:34.2559 scene create: Router 304 1
2024-07-11 18:57:03.7038 scene create: NetInner -2 1
2024-07-11 18:57:03.7188 scene create: Realm 1 1
2024-07-11 18:57:03.7248 scene create: Gate 2 1
2024-07-11 18:57:03.7248 scene create: Gate 3 1
2024-07-11 18:57:03.7248 scene create: Location 4 1
2024-07-11 18:57:03.7248 scene create: Match 5 1
2024-07-11 18:57:03.7416 scene create: Map 6 1
2024-07-11 18:57:03.7416 scene create: Map 7 1
2024-07-11 18:57:03.7416 scene create: RouterManager 300 1
2024-07-11 18:57:03.7889 scene create: Router 301 1
2024-07-11 18:57:03.7889 scene create: Router 302 1
2024-07-11 18:57:03.8034 scene create: Router 303 1
2024-07-11 18:57:03.8034 scene create: Router 304 1
2024-07-11 18:58:12.4067 scene create: NetInner -2 1
2024-07-11 18:58:12.4245 scene create: Realm 1 1
2024-07-11 18:58:12.4316 scene create: Gate 2 1
2024-07-11 18:58:12.4316 scene create: Gate 3 1
2024-07-11 18:58:12.4316 scene create: Location 4 1
2024-07-11 18:58:12.4432 scene create: Match 5 1
2024-07-11 18:58:12.4432 scene create: Map 6 1
2024-07-11 18:58:12.4432 scene create: Map 7 1
2024-07-11 18:58:12.4432 scene create: RouterManager 300 1
2024-07-11 18:58:12.4880 scene create: Router 301 1
2024-07-11 18:58:12.4977 scene create: Router 302 1
2024-07-11 18:58:12.4977 scene create: Router 303 1
2024-07-11 18:58:12.5067 scene create: Router 304 1
2024-07-11 18:59:55.1805 scene create: NetInner -2 1
2024-07-11 18:59:55.1960 scene create: Realm 1 1
2024-07-11 18:59:55.1960 scene create: Gate 2 1
2024-07-11 18:59:55.1960 scene create: Gate 3 1
2024-07-11 18:59:55.2097 scene create: Location 4 1
2024-07-11 18:59:55.2097 scene create: Match 5 1
2024-07-11 18:59:55.2097 scene create: Map 6 1
2024-07-11 18:59:55.2097 scene create: Map 7 1
2024-07-11 18:59:55.2265 scene create: RouterManager 300 1
2024-07-11 18:59:55.2559 scene create: Router 301 1
2024-07-11 18:59:55.2559 scene create: Router 302 1
2024-07-11 18:59:55.2559 scene create: Router 303 1
2024-07-11 18:59:55.2716 scene create: Router 304 1
