2024-07-11 16:26:05.5727 (Scene.cs:36) scene create: NetInner -2 1
2024-07-11 16:26:05.5983 (Scene.cs:36) scene create: Realm 1 1
2024-07-11 16:26:05.6048 (Scene.cs:36) scene create: Gate 2 1
2024-07-11 16:26:05.6048 (Scene.cs:36) scene create: Gate 3 1
2024-07-11 16:26:05.6048 (Scene.cs:36) scene create: Location 4 1
2024-07-11 16:26:05.6175 (Scene.cs:36) scene create: Match 5 1
2024-07-11 16:26:05.6175 (Scene.cs:36) scene create: Map 6 1
2024-07-11 16:26:05.6175 (Scene.cs:36) scene create: Map 7 1
2024-07-11 16:26:05.6175 (Scene.cs:36) scene create: RouterManager 300 1
2024-07-11 16:26:05.6946 (Scene.cs:36) scene create: Router 301 1
2024-07-11 16:26:05.6946 (Scene.cs:36) scene create: Router 302 1
2024-07-11 16:26:05.6946 (Scene.cs:36) scene create: Router 303 1
2024-07-11 16:26:05.7095 (Scene.cs:36) scene create: Router 304 1
2024-07-11 16:38:59.1589 (Scene.cs:36) scene create: NetInner -2 1
2024-07-11 16:38:59.1822 (Scene.cs:36) scene create: Realm 1 1
2024-07-11 16:38:59.1822 (Scene.cs:36) scene create: Gate 2 1
2024-07-11 16:38:59.1963 (Scene.cs:36) scene create: Gate 3 1
2024-07-11 16:38:59.1963 (Scene.cs:36) scene create: Location 4 1
2024-07-11 16:38:59.1963 (Scene.cs:36) scene create: Match 5 1
2024-07-11 16:38:59.1963 (Scene.cs:36) scene create: Map 6 1
2024-07-11 16:38:59.2117 (Scene.cs:36) scene create: Map 7 1
2024-07-11 16:38:59.2117 (Scene.cs:36) scene create: RouterManager 300 1
2024-07-11 16:38:59.2575 (Scene.cs:36) scene create: Router 301 1
2024-07-11 16:38:59.2575 (Scene.cs:36) scene create: Router 302 1
2024-07-11 16:38:59.2724 (Scene.cs:36) scene create: Router 303 1
2024-07-11 16:38:59.2724 (Scene.cs:36) scene create: Router 304 1
