2024-07-09 00:22:44.0301 (Scene.cs:36) scene create: NetInner -2 1
2024-07-09 00:22:44.0572 (Scene.cs:36) scene create: Realm 1 1
2024-07-09 00:22:44.0634 (Scene.cs:36) scene create: Gate 2 1
2024-07-09 00:22:44.0634 (Scene.cs:36) scene create: Gate 3 1
2024-07-09 00:22:44.0634 (Scene.cs:36) scene create: Location 4 1
2024-07-09 00:22:44.0777 (Scene.cs:36) scene create: Match 5 1
2024-07-09 00:22:44.0777 (Scene.cs:36) scene create: Map 6 1
2024-07-09 00:22:44.0777 (Scene.cs:36) scene create: Map 7 1
2024-07-09 00:22:44.0777 (Scene.cs:36) scene create: RouterManager 300 1
2024-07-09 00:22:44.1702 (Scene.cs:36) scene create: Router 301 1
2024-07-09 00:22:44.1842 (Scene.cs:36) scene create: Router 302 1
2024-07-09 00:22:44.1842 (Scene.cs:36) scene create: Router 303 1
2024-07-09 00:22:44.1842 (Scene.cs:36) scene create: Router 304 1
2024-07-09 00:27:35.6746 (Scene.cs:36) scene create: NetInner -2 1
2024-07-09 00:27:35.7291 (Scene.cs:36) scene create: Realm 1 1
2024-07-09 00:27:35.7387 (Scene.cs:36) scene create: Gate 2 1
2024-07-09 00:27:35.7474 (Scene.cs:36) scene create: Gate 3 1
2024-07-09 00:27:35.7474 (Scene.cs:36) scene create: Location 4 1
2024-07-09 00:27:35.7474 (Scene.cs:36) scene create: Match 5 1
2024-07-09 00:27:35.7474 (Scene.cs:36) scene create: Map 6 1
2024-07-09 00:27:35.7664 (Scene.cs:36) scene create: Map 7 1
2024-07-09 00:27:35.7664 (Scene.cs:36) scene create: RouterManager 300 1
2024-07-09 00:27:35.9588 (Scene.cs:36) scene create: Router 301 1
2024-07-09 00:27:35.9845 (Scene.cs:36) scene create: Router 302 1
2024-07-09 00:27:35.9845 (Scene.cs:36) scene create: Router 303 1
2024-07-09 00:27:35.9978 (Scene.cs:36) scene create: Router 304 1
2024-07-09 00:30:38.6894 (Scene.cs:36) scene create: NetInner -2 1
2024-07-09 00:30:38.7236 (Scene.cs:36) scene create: Realm 1 1
2024-07-09 00:30:38.7348 (Scene.cs:36) scene create: Gate 2 1
2024-07-09 00:30:38.7348 (Scene.cs:36) scene create: Gate 3 1
2024-07-09 00:30:38.7491 (Scene.cs:36) scene create: Location 4 1
2024-07-09 00:30:38.7491 (Scene.cs:36) scene create: Match 5 1
2024-07-09 00:30:38.7625 (Scene.cs:36) scene create: Map 6 1
2024-07-09 00:30:38.7800 (Scene.cs:36) scene create: Map 7 1
2024-07-09 00:30:38.7800 (Scene.cs:36) scene create: RouterManager 300 1
2024-07-09 00:30:38.9869 (Scene.cs:36) scene create: Router 301 1
2024-07-09 00:30:39.0015 (Scene.cs:36) scene create: Router 302 1
2024-07-09 00:30:39.0015 (Scene.cs:36) scene create: Router 303 1
2024-07-09 00:30:39.0015 (Scene.cs:36) scene create: Router 304 1
