2024-07-09 23:01:53.0115 (Scene.cs:36) scene create: NetInner -2 1
2024-07-09 23:01:53.0294 (Scene.cs:36) scene create: Realm 1 1
2024-07-09 23:01:53.0294 (Scene.cs:36) scene create: Gate 2 1
2024-07-09 23:01:53.0406 (Scene.cs:36) scene create: Gate 3 1
2024-07-09 23:01:53.0406 (Scene.cs:36) scene create: Location 4 1
2024-07-09 23:01:53.0406 (Scene.cs:36) scene create: Match 5 1
2024-07-09 23:01:53.0406 (Scene.cs:36) scene create: Map 6 1
2024-07-09 23:01:53.0574 (Scene.cs:36) scene create: Map 7 1
2024-07-09 23:01:53.0574 (Scene.cs:36) scene create: RouterManager 300 1
2024-07-09 23:01:53.0905 (Scene.cs:36) scene create: Router 301 1
2024-07-09 23:01:53.0905 (Scene.cs:36) scene create: Router 302 1
2024-07-09 23:01:53.1016 (Scene.cs:36) scene create: Router 303 1
2024-07-09 23:01:53.1016 (Scene.cs:36) scene create: Router 304 1
2024-07-09 23:05:54.0279 (Scene.cs:36) scene create: NetInner -2 1
2024-07-09 23:05:54.0495 (Scene.cs:36) scene create: Realm 1 1
2024-07-09 23:05:54.0562 (Scene.cs:36) scene create: Gate 2 1
2024-07-09 23:05:54.0562 (Scene.cs:36) scene create: Gate 3 1
2024-07-09 23:05:54.0562 (Scene.cs:36) scene create: Location 4 1
2024-07-09 23:05:54.0694 (Scene.cs:36) scene create: Match 5 1
2024-07-09 23:05:54.0694 (Scene.cs:36) scene create: Map 6 1
2024-07-09 23:05:54.0694 (Scene.cs:36) scene create: Map 7 1
2024-07-09 23:05:54.0694 (Scene.cs:36) scene create: RouterManager 300 1
2024-07-09 23:05:54.1209 (Scene.cs:36) scene create: Router 301 1
2024-07-09 23:05:54.1326 (Scene.cs:36) scene create: Router 302 1
2024-07-09 23:05:54.1326 (Scene.cs:36) scene create: Router 303 1
2024-07-09 23:05:54.1326 (Scene.cs:36) scene create: Router 304 1
2024-07-09 23:07:25.7302 (Scene.cs:36) scene create: NetInner -2 1
2024-07-09 23:07:25.7446 (Scene.cs:36) scene create: Realm 1 1
2024-07-09 23:07:25.7446 (Scene.cs:36) scene create: Gate 2 1
2024-07-09 23:07:25.7446 (Scene.cs:36) scene create: Gate 3 1
2024-07-09 23:07:25.7585 (Scene.cs:36) scene create: Location 4 1
2024-07-09 23:07:25.7585 (Scene.cs:36) scene create: Match 5 1
2024-07-09 23:07:25.7585 (Scene.cs:36) scene create: Map 6 1
2024-07-09 23:07:25.7585 (Scene.cs:36) scene create: Map 7 1
2024-07-09 23:07:25.7745 (Scene.cs:36) scene create: RouterManager 300 1
2024-07-09 23:07:25.8008 (Scene.cs:36) scene create: Router 301 1
2024-07-09 23:07:25.8088 (Scene.cs:36) scene create: Router 302 1
2024-07-09 23:07:25.8088 (Scene.cs:36) scene create: Router 303 1
2024-07-09 23:07:25.8088 (Scene.cs:36) scene create: Router 304 1
2024-07-09 23:09:36.5810 (Scene.cs:36) scene create: NetInner -2 1
2024-07-09 23:09:36.5955 (Scene.cs:36) scene create: Realm 1 1
2024-07-09 23:09:36.6010 (Scene.cs:36) scene create: Gate 2 1
2024-07-09 23:09:36.6010 (Scene.cs:36) scene create: Gate 3 1
2024-07-09 23:09:36.6010 (Scene.cs:36) scene create: Location 4 1
2024-07-09 23:09:36.6010 (Scene.cs:36) scene create: Match 5 1
2024-07-09 23:09:36.6183 (Scene.cs:36) scene create: Map 6 1
2024-07-09 23:09:36.6183 (Scene.cs:36) scene create: Map 7 1
2024-07-09 23:09:36.6183 (Scene.cs:36) scene create: RouterManager 300 1
2024-07-09 23:09:36.6540 (Scene.cs:36) scene create: Router 301 1
2024-07-09 23:09:36.6645 (Scene.cs:36) scene create: Router 302 1
2024-07-09 23:09:36.6645 (Scene.cs:36) scene create: Router 303 1
2024-07-09 23:09:36.6645 (Scene.cs:36) scene create: Router 304 1
2024-07-09 23:10:29.7063 (Scene.cs:36) scene create: NetInner -2 1
2024-07-09 23:10:29.7193 (Scene.cs:36) scene create: Realm 1 1
2024-07-09 23:10:29.7193 (Scene.cs:36) scene create: Gate 2 1
2024-07-09 23:10:29.7287 (Scene.cs:36) scene create: Gate 3 1
2024-07-09 23:10:29.7287 (Scene.cs:36) scene create: Location 4 1
2024-07-09 23:10:29.7287 (Scene.cs:36) scene create: Match 5 1
2024-07-09 23:10:29.7287 (Scene.cs:36) scene create: Map 6 1
2024-07-09 23:10:29.7447 (Scene.cs:36) scene create: Map 7 1
2024-07-09 23:10:29.7447 (Scene.cs:36) scene create: RouterManager 300 1
2024-07-09 23:10:29.7777 (Scene.cs:36) scene create: Router 301 1
2024-07-09 23:10:29.7777 (Scene.cs:36) scene create: Router 302 1
2024-07-09 23:10:29.7900 (Scene.cs:36) scene create: Router 303 1
2024-07-09 23:10:29.7900 (Scene.cs:36) scene create: Router 304 1
2024-07-09 23:10:40.6426 (Scene.cs:36) scene create: NetInner -2 1
2024-07-09 23:10:40.6574 (Scene.cs:36) scene create: Realm 1 1
2024-07-09 23:10:40.6637 (Scene.cs:36) scene create: Gate 2 1
2024-07-09 23:10:40.6637 (Scene.cs:36) scene create: Gate 3 1
2024-07-09 23:10:40.6637 (Scene.cs:36) scene create: Location 4 1
2024-07-09 23:10:40.6637 (Scene.cs:36) scene create: Match 5 1
2024-07-09 23:10:40.6798 (Scene.cs:36) scene create: Map 6 1
2024-07-09 23:10:40.6798 (Scene.cs:36) scene create: Map 7 1
2024-07-09 23:10:40.6798 (Scene.cs:36) scene create: RouterManager 300 1
2024-07-09 23:10:40.7169 (Scene.cs:36) scene create: Router 301 1
2024-07-09 23:10:40.7260 (Scene.cs:36) scene create: Router 302 1
2024-07-09 23:10:40.7260 (Scene.cs:36) scene create: Router 303 1
2024-07-09 23:10:40.7260 (Scene.cs:36) scene create: Router 304 1
