2024-06-27 18:08:08.3714 (Init.cs:35) server start........................ 
2024-06-27 18:08:11.8197 (ExcelExporter.cs:215) System.Exception: json : ../Config/Json/c/.\ActionConfig.txt error
 ---> System.FormatException: An error occurred while deserializing the dict field of class ET.ActionConfigCategory: An item with the same key has already been added. Key: 4001
 ---> System.ArgumentException: An item with the same key has already been added. Key: 4001
   at System.Collections.Generic.Dictionary`2.TryInsert(TKey key, TValue value, InsertionBehavior behavior)
   at System.Collections.Generic.Dictionary`2.System.Collections.Generic.ICollection<System.Collections.Generic.KeyValuePair<TKey,TValue>>.Add(KeyValuePair`2 keyValuePair)
   at MongoDB.Bson.Serialization.Serializers.DictionarySerializerBase`3.DeserializeArrayRepresentation(BsonDeserializationContext context)
   at MongoDB.Bson.Serialization.Serializers.DictionarySerializerBase`3.DeserializeValue(BsonDeserializationContext context, BsonDeserializationArgs args)
   at MongoDB.Bson.Serialization.Serializers.ClassSerializerBase`1.Deserialize(BsonDeserializationContext context, BsonDeserializationArgs args)
   at MongoDB.Bson.Serialization.Serializers.SerializerBase`1.MongoDB.Bson.Serialization.IBsonSerializer.Deserialize(BsonDeserializationContext context, BsonDeserializationArgs args)
   at MongoDB.Bson.Serialization.IBsonSerializerExtensions.Deserialize(IBsonSerializer serializer, BsonDeserializationContext context)
   at MongoDB.Bson.Serialization.BsonClassMapSerializer`1.DeserializeMemberValue(BsonDeserializationContext context, BsonMemberMap memberMap)
   --- End of inner exception stack trace ---
   at MongoDB.Bson.Serialization.BsonClassMapSerializer`1.DeserializeMemberValue(BsonDeserializationContext context, BsonMemberMap memberMap)
   at MongoDB.Bson.Serialization.BsonClassMapSerializer`1.DeserializeClass(BsonDeserializationContext context)
   at MongoDB.Bson.Serialization.BsonClassMapSerializer`1.Deserialize(BsonDeserializationContext context, BsonDeserializationArgs args)
   at MongoDB.Bson.Serialization.Serializers.SerializerBase`1.MongoDB.Bson.Serialization.IBsonSerializer.Deserialize(BsonDeserializationContext context, BsonDeserializationArgs args)
   at MongoDB.Bson.Serialization.IBsonSerializerExtensions.Deserialize(IBsonSerializer serializer, BsonDeserializationContext context)
   at MongoDB.Bson.Serialization.BsonSerializer.Deserialize(IBsonReader bsonReader, Type nominalType, Action`1 configurator)
   at MongoDB.Bson.Serialization.BsonSerializer.Deserialize(String json, Type nominalType, Action`1 configurator)
   at ET.ExcelExporter.ExportExcelProtobuf(ConfigType configType, String protoName, String relativeDir) in D:\ToolSoft\U3D\Project\ETs\ET-BattleSystem8.1\Share\Tool\ExcelExporter\ExcelExporter.cs:line 615
   --- End of inner exception stack trace ---
   at ET.ExcelExporter.ExportExcelProtobuf(ConfigType configType, String protoName, String relativeDir) in D:\ToolSoft\U3D\Project\ETs\ET-BattleSystem8.1\Share\Tool\ExcelExporter\ExcelExporter.cs:line 620
   at ET.ExcelExporter.ExportExcel(String path) in D:\ToolSoft\U3D\Project\ETs\ET-BattleSystem8.1\Share\Tool\ExcelExporter\ExcelExporter.cs:line 267
   at ET.ExcelExporter.Export() in D:\ToolSoft\U3D\Project\ETs\ET-BattleSystem8.1\Share\Tool\ExcelExporter\ExcelExporter.cs:line 202
2024-06-27 18:11:30.6005 (Init.cs:35) server start........................ 
2024-06-27 18:11:34.1506 (ExcelExporter.cs:215) System.Exception: json : ../Config/Json/c/.\ActionConfig.txt error
 ---> System.FormatException: An error occurred while deserializing the dict field of class ET.ActionConfigCategory: An item with the same key has already been added. Key: 4001
 ---> System.ArgumentException: An item with the same key has already been added. Key: 4001
   at System.Collections.Generic.Dictionary`2.TryInsert(TKey key, TValue value, InsertionBehavior behavior)
   at System.Collections.Generic.Dictionary`2.System.Collections.Generic.ICollection<System.Collections.Generic.KeyValuePair<TKey,TValue>>.Add(KeyValuePair`2 keyValuePair)
   at MongoDB.Bson.Serialization.Serializers.DictionarySerializerBase`3.DeserializeArrayRepresentation(BsonDeserializationContext context)
   at MongoDB.Bson.Serialization.Serializers.DictionarySerializerBase`3.DeserializeValue(BsonDeserializationContext context, BsonDeserializationArgs args)
   at MongoDB.Bson.Serialization.Serializers.ClassSerializerBase`1.Deserialize(BsonDeserializationContext context, BsonDeserializationArgs args)
   at MongoDB.Bson.Serialization.Serializers.SerializerBase`1.MongoDB.Bson.Serialization.IBsonSerializer.Deserialize(BsonDeserializationContext context, BsonDeserializationArgs args)
   at MongoDB.Bson.Serialization.IBsonSerializerExtensions.Deserialize(IBsonSerializer serializer, BsonDeserializationContext context)
   at MongoDB.Bson.Serialization.BsonClassMapSerializer`1.DeserializeMemberValue(BsonDeserializationContext context, BsonMemberMap memberMap)
   --- End of inner exception stack trace ---
   at MongoDB.Bson.Serialization.BsonClassMapSerializer`1.DeserializeMemberValue(BsonDeserializationContext context, BsonMemberMap memberMap)
   at MongoDB.Bson.Serialization.BsonClassMapSerializer`1.DeserializeClass(BsonDeserializationContext context)
   at MongoDB.Bson.Serialization.BsonClassMapSerializer`1.Deserialize(BsonDeserializationContext context, BsonDeserializationArgs args)
   at MongoDB.Bson.Serialization.Serializers.SerializerBase`1.MongoDB.Bson.Serialization.IBsonSerializer.Deserialize(BsonDeserializationContext context, BsonDeserializationArgs args)
   at MongoDB.Bson.Serialization.IBsonSerializerExtensions.Deserialize(IBsonSerializer serializer, BsonDeserializationContext context)
   at MongoDB.Bson.Serialization.BsonSerializer.Deserialize(IBsonReader bsonReader, Type nominalType, Action`1 configurator)
   at MongoDB.Bson.Serialization.BsonSerializer.Deserialize(String json, Type nominalType, Action`1 configurator)
   at ET.ExcelExporter.ExportExcelProtobuf(ConfigType configType, String protoName, String relativeDir) in D:\ToolSoft\U3D\Project\ETs\ET-BattleSystem8.1\Share\Tool\ExcelExporter\ExcelExporter.cs:line 615
   --- End of inner exception stack trace ---
   at ET.ExcelExporter.ExportExcelProtobuf(ConfigType configType, String protoName, String relativeDir) in D:\ToolSoft\U3D\Project\ETs\ET-BattleSystem8.1\Share\Tool\ExcelExporter\ExcelExporter.cs:line 620
   at ET.ExcelExporter.ExportExcel(String path) in D:\ToolSoft\U3D\Project\ETs\ET-BattleSystem8.1\Share\Tool\ExcelExporter\ExcelExporter.cs:line 267
   at ET.ExcelExporter.Export() in D:\ToolSoft\U3D\Project\ETs\ET-BattleSystem8.1\Share\Tool\ExcelExporter\ExcelExporter.cs:line 202
2024-06-27 18:12:14.6125 (Init.cs:35) server start........................ 
2024-06-27 18:12:18.6945 (ExcelExporter.cs:215) System.Exception: json : ../Config/Json/cs/.\CastConfig.txt error
 ---> System.FormatException: An error occurred while deserializing the dict field of class ET.CastConfigCategory: An item with the same key has already been added. Key: 1003
 ---> System.ArgumentException: An item with the same key has already been added. Key: 1003
   at System.Collections.Generic.Dictionary`2.TryInsert(TKey key, TValue value, InsertionBehavior behavior)
   at System.Collections.Generic.Dictionary`2.System.Collections.Generic.ICollection<System.Collections.Generic.KeyValuePair<TKey,TValue>>.Add(KeyValuePair`2 keyValuePair)
   at MongoDB.Bson.Serialization.Serializers.DictionarySerializerBase`3.DeserializeArrayRepresentation(BsonDeserializationContext context)
   at MongoDB.Bson.Serialization.Serializers.DictionarySerializerBase`3.DeserializeValue(BsonDeserializationContext context, BsonDeserializationArgs args)
   at MongoDB.Bson.Serialization.Serializers.ClassSerializerBase`1.Deserialize(BsonDeserializationContext context, BsonDeserializationArgs args)
   at MongoDB.Bson.Serialization.Serializers.SerializerBase`1.MongoDB.Bson.Serialization.IBsonSerializer.Deserialize(BsonDeserializationContext context, BsonDeserializationArgs args)
   at MongoDB.Bson.Serialization.IBsonSerializerExtensions.Deserialize(IBsonSerializer serializer, BsonDeserializationContext context)
   at MongoDB.Bson.Serialization.BsonClassMapSerializer`1.DeserializeMemberValue(BsonDeserializationContext context, BsonMemberMap memberMap)
   --- End of inner exception stack trace ---
   at MongoDB.Bson.Serialization.BsonClassMapSerializer`1.DeserializeMemberValue(BsonDeserializationContext context, BsonMemberMap memberMap)
   at MongoDB.Bson.Serialization.BsonClassMapSerializer`1.DeserializeClass(BsonDeserializationContext context)
   at MongoDB.Bson.Serialization.BsonClassMapSerializer`1.Deserialize(BsonDeserializationContext context, BsonDeserializationArgs args)
   at MongoDB.Bson.Serialization.Serializers.SerializerBase`1.MongoDB.Bson.Serialization.IBsonSerializer.Deserialize(BsonDeserializationContext context, BsonDeserializationArgs args)
   at MongoDB.Bson.Serialization.IBsonSerializerExtensions.Deserialize(IBsonSerializer serializer, BsonDeserializationContext context)
   at MongoDB.Bson.Serialization.BsonSerializer.Deserialize(IBsonReader bsonReader, Type nominalType, Action`1 configurator)
   at MongoDB.Bson.Serialization.BsonSerializer.Deserialize(String json, Type nominalType, Action`1 configurator)
   at ET.ExcelExporter.ExportExcelProtobuf(ConfigType configType, String protoName, String relativeDir) in D:\ToolSoft\U3D\Project\ETs\ET-BattleSystem8.1\Share\Tool\ExcelExporter\ExcelExporter.cs:line 615
   --- End of inner exception stack trace ---
   at ET.ExcelExporter.ExportExcelProtobuf(ConfigType configType, String protoName, String relativeDir) in D:\ToolSoft\U3D\Project\ETs\ET-BattleSystem8.1\Share\Tool\ExcelExporter\ExcelExporter.cs:line 620
   at ET.ExcelExporter.ExportExcel(String path) in D:\ToolSoft\U3D\Project\ETs\ET-BattleSystem8.1\Share\Tool\ExcelExporter\ExcelExporter.cs:line 276
   at ET.ExcelExporter.Export() in D:\ToolSoft\U3D\Project\ETs\ET-BattleSystem8.1\Share\Tool\ExcelExporter\ExcelExporter.cs:line 202
2024-06-27 18:13:16.9405 (Init.cs:35) server start........................ 
2024-06-27 18:13:20.5787 (ExcelExporter.cs:211) Export Excel Sucess!
2024-06-27 18:18:46.7020 (Init.cs:35) server start........................ 
2024-06-27 18:18:50.4724 (ExcelExporter.cs:211) Export Excel Sucess!
