2024-07-09 22:24:21.2109 (Scene.cs:36) scene create: NetInner -2 1
2024-07-09 22:24:21.2325 (Scene.cs:36) scene create: Realm 1 1
2024-07-09 22:24:21.2325 (Scene.cs:36) scene create: Gate 2 1
2024-07-09 22:24:21.2470 (Scene.cs:36) scene create: Gate 3 1
2024-07-09 22:24:21.2470 (Scene.cs:36) scene create: Location 4 1
2024-07-09 22:24:21.2470 (Scene.cs:36) scene create: Match 5 1
2024-07-09 22:24:21.2585 (Scene.cs:36) scene create: Map 6 1
2024-07-09 22:24:21.2585 (Scene.cs:36) scene create: Map 7 1
2024-07-09 22:24:21.2585 (Scene.cs:36) scene create: RouterManager 300 1
2024-07-09 22:24:21.3068 (Scene.cs:36) scene create: Router 301 1
2024-07-09 22:24:21.3202 (Scene.cs:36) scene create: Router 302 1
2024-07-09 22:24:21.3202 (Scene.cs:36) scene create: Router 303 1
2024-07-09 22:24:21.3202 (Scene.cs:36) scene create: Router 304 1
2024-07-09 22:24:37.8655 (Scene.cs:36) scene create: NetInner -2 1
2024-07-09 22:24:37.8805 (Scene.cs:36) scene create: Realm 1 1
2024-07-09 22:24:37.8864 (Scene.cs:36) scene create: Gate 2 1
2024-07-09 22:24:37.8864 (Scene.cs:36) scene create: Gate 3 1
2024-07-09 22:24:37.8864 (Scene.cs:36) scene create: Location 4 1
2024-07-09 22:24:37.8998 (Scene.cs:36) scene create: Match 5 1
2024-07-09 22:24:37.8998 (Scene.cs:36) scene create: Map 6 1
2024-07-09 22:24:37.8998 (Scene.cs:36) scene create: Map 7 1
2024-07-09 22:24:37.8998 (Scene.cs:36) scene create: RouterManager 300 1
2024-07-09 22:24:37.9392 (Scene.cs:36) scene create: Router 301 1
2024-07-09 22:24:37.9472 (Scene.cs:36) scene create: Router 302 1
2024-07-09 22:24:37.9472 (Scene.cs:36) scene create: Router 303 1
2024-07-09 22:24:37.9472 (Scene.cs:36) scene create: Router 304 1
2024-07-09 22:56:35.2616 (Scene.cs:36) scene create: NetInner -2 1
2024-07-09 22:56:35.2776 (Scene.cs:36) scene create: Realm 1 1
2024-07-09 22:56:35.2776 (Scene.cs:36) scene create: Gate 2 1
2024-07-09 22:56:35.2907 (Scene.cs:36) scene create: Gate 3 1
2024-07-09 22:56:35.2907 (Scene.cs:36) scene create: Location 4 1
2024-07-09 22:56:35.2907 (Scene.cs:36) scene create: Match 5 1
2024-07-09 22:56:35.3049 (Scene.cs:36) scene create: Map 6 1
2024-07-09 22:56:35.3049 (Scene.cs:36) scene create: Map 7 1
2024-07-09 22:56:35.3049 (Scene.cs:36) scene create: RouterManager 300 1
2024-07-09 22:56:35.3496 (Scene.cs:36) scene create: Router 301 1
2024-07-09 22:56:35.3585 (Scene.cs:36) scene create: Router 302 1
2024-07-09 22:56:35.3585 (Scene.cs:36) scene create: Router 303 1
2024-07-09 22:56:35.3671 (Scene.cs:36) scene create: Router 304 1
2024-07-09 22:59:06.6174 (Scene.cs:36) scene create: NetInner -2 1
2024-07-09 22:59:06.6174 (Scene.cs:36) scene create: Realm 1 1
2024-07-09 22:59:06.6378 (Scene.cs:36) scene create: Gate 2 1
2024-07-09 22:59:06.6378 (Scene.cs:36) scene create: Gate 3 1
2024-07-09 22:59:06.6378 (Scene.cs:36) scene create: Location 4 1
2024-07-09 22:59:06.6498 (Scene.cs:36) scene create: Match 5 1
2024-07-09 22:59:06.6498 (Scene.cs:36) scene create: Map 6 1
2024-07-09 22:59:06.6498 (Scene.cs:36) scene create: Map 7 1
2024-07-09 22:59:06.6498 (Scene.cs:36) scene create: RouterManager 300 1
2024-07-09 22:59:06.6891 (Scene.cs:36) scene create: Router 301 1
2024-07-09 22:59:06.6953 (Scene.cs:36) scene create: Router 302 1
2024-07-09 22:59:06.6953 (Scene.cs:36) scene create: Router 303 1
2024-07-09 22:59:06.6953 (Scene.cs:36) scene create: Router 304 1
