2024-07-05 19:39:36.1150 (Init.cs:35) server start........................ 
2024-07-05 19:39:39.8629 (ExcelExporter.cs:215) System.Exception: 不支持此类型: object[]
   at ET.ExcelExporter.Convert(String type, String value) in D:\ToolSoft\U3D\Project\ETs\ET-OWDemo\Share\Tool\ExcelExporter\ExcelExporter.cs:line 582
   at ET.ExcelExporter.ExportSheetJson(ExcelWorksheet worksheet, String name, Dictionary`2 classField, ConfigType configType, StringBuilder sb) in D:\ToolSoft\U3D\Project\ETs\ET-OWDemo\Share\Tool\ExcelExporter\ExcelExporter.cs:line 545
   at ET.ExcelExporter.ExportExcelJson(ExcelPackage p, String name, Table table, ConfigType configType, String relativeDir) in D:\ToolSoft\U3D\Project\ETs\ET-OWDemo\Share\Tool\ExcelExporter\ExcelExporter.cs:line 474
   at ET.ExcelExporter.ExportExcel(String path) in D:\ToolSoft\U3D\Project\ETs\ET-OWDemo\Share\Tool\ExcelExporter\ExcelExporter.cs:line 266
   at ET.ExcelExporter.Export() in D:\ToolSoft\U3D\Project\ETs\ET-OWDemo\Share\Tool\ExcelExporter\ExcelExporter.cs:line 202
2024-07-05 19:39:48.7399 (Init.cs:35) server start........................ 
2024-07-05 19:39:51.9590 (ExcelExporter.cs:215) System.Exception: 不支持此类型: object[]
   at ET.ExcelExporter.Convert(String type, String value) in D:\ToolSoft\U3D\Project\ETs\ET-OWDemo\Share\Tool\ExcelExporter\ExcelExporter.cs:line 582
   at ET.ExcelExporter.ExportSheetJson(ExcelWorksheet worksheet, String name, Dictionary`2 classField, ConfigType configType, StringBuilder sb) in D:\ToolSoft\U3D\Project\ETs\ET-OWDemo\Share\Tool\ExcelExporter\ExcelExporter.cs:line 545
   at ET.ExcelExporter.ExportExcelJson(ExcelPackage p, String name, Table table, ConfigType configType, String relativeDir) in D:\ToolSoft\U3D\Project\ETs\ET-OWDemo\Share\Tool\ExcelExporter\ExcelExporter.cs:line 474
   at ET.ExcelExporter.ExportExcel(String path) in D:\ToolSoft\U3D\Project\ETs\ET-OWDemo\Share\Tool\ExcelExporter\ExcelExporter.cs:line 266
   at ET.ExcelExporter.Export() in D:\ToolSoft\U3D\Project\ETs\ET-OWDemo\Share\Tool\ExcelExporter\ExcelExporter.cs:line 202
2024-07-05 19:39:54.6464 (Init.cs:35) server start........................ 
2024-07-05 19:39:57.9247 (ExcelExporter.cs:215) System.Exception: 不支持此类型: object[]
   at ET.ExcelExporter.Convert(String type, String value) in D:\ToolSoft\U3D\Project\ETs\ET-OWDemo\Share\Tool\ExcelExporter\ExcelExporter.cs:line 582
   at ET.ExcelExporter.ExportSheetJson(ExcelWorksheet worksheet, String name, Dictionary`2 classField, ConfigType configType, StringBuilder sb) in D:\ToolSoft\U3D\Project\ETs\ET-OWDemo\Share\Tool\ExcelExporter\ExcelExporter.cs:line 545
   at ET.ExcelExporter.ExportExcelJson(ExcelPackage p, String name, Table table, ConfigType configType, String relativeDir) in D:\ToolSoft\U3D\Project\ETs\ET-OWDemo\Share\Tool\ExcelExporter\ExcelExporter.cs:line 474
   at ET.ExcelExporter.ExportExcel(String path) in D:\ToolSoft\U3D\Project\ETs\ET-OWDemo\Share\Tool\ExcelExporter\ExcelExporter.cs:line 266
   at ET.ExcelExporter.Export() in D:\ToolSoft\U3D\Project\ETs\ET-OWDemo\Share\Tool\ExcelExporter\ExcelExporter.cs:line 202
2024-07-05 19:40:31.5618 (Init.cs:35) server start........................ 
2024-07-05 19:40:34.8917 (ExcelExporter.cs:211) Export Excel Sucess!
2024-07-05 19:41:13.5153 (Init.cs:35) server start........................ 
2024-07-05 19:41:16.9366 (ExcelExporter.cs:211) Export Excel Sucess!
2024-07-05 19:41:48.3834 (Init.cs:35) server start........................ 
2024-07-05 19:41:51.7200 (ExcelExporter.cs:211) Export Excel Sucess!
2024-07-05 19:42:01.1939 (Init.cs:35) server start........................ 
2024-07-05 19:42:04.9329 (ExcelExporter.cs:211) Export Excel Sucess!
2024-07-05 19:42:33.6159 (Init.cs:35) server start........................ 
2024-07-05 19:42:36.8105 (ExcelExporter.cs:215) System.Exception: 不支持此类型: object[]
   at ET.ExcelExporter.Convert(String type, String value) in D:\ToolSoft\U3D\Project\ETs\ET-OWDemo\Share\Tool\ExcelExporter\ExcelExporter.cs:line 582
   at ET.ExcelExporter.ExportSheetJson(ExcelWorksheet worksheet, String name, Dictionary`2 classField, ConfigType configType, StringBuilder sb) in D:\ToolSoft\U3D\Project\ETs\ET-OWDemo\Share\Tool\ExcelExporter\ExcelExporter.cs:line 545
   at ET.ExcelExporter.ExportExcelJson(ExcelPackage p, String name, Table table, ConfigType configType, String relativeDir) in D:\ToolSoft\U3D\Project\ETs\ET-OWDemo\Share\Tool\ExcelExporter\ExcelExporter.cs:line 474
   at ET.ExcelExporter.ExportExcel(String path) in D:\ToolSoft\U3D\Project\ETs\ET-OWDemo\Share\Tool\ExcelExporter\ExcelExporter.cs:line 266
   at ET.ExcelExporter.Export() in D:\ToolSoft\U3D\Project\ETs\ET-OWDemo\Share\Tool\ExcelExporter\ExcelExporter.cs:line 202
2024-07-05 19:42:54.9334 (Init.cs:35) server start........................ 
2024-07-05 19:42:58.0695 (ExcelExporter.cs:215) System.Exception: 不支持此类型: List<object>
   at ET.ExcelExporter.Convert(String type, String value) in D:\ToolSoft\U3D\Project\ETs\ET-OWDemo\Share\Tool\ExcelExporter\ExcelExporter.cs:line 582
   at ET.ExcelExporter.ExportSheetJson(ExcelWorksheet worksheet, String name, Dictionary`2 classField, ConfigType configType, StringBuilder sb) in D:\ToolSoft\U3D\Project\ETs\ET-OWDemo\Share\Tool\ExcelExporter\ExcelExporter.cs:line 545
   at ET.ExcelExporter.ExportExcelJson(ExcelPackage p, String name, Table table, ConfigType configType, String relativeDir) in D:\ToolSoft\U3D\Project\ETs\ET-OWDemo\Share\Tool\ExcelExporter\ExcelExporter.cs:line 474
   at ET.ExcelExporter.ExportExcel(String path) in D:\ToolSoft\U3D\Project\ETs\ET-OWDemo\Share\Tool\ExcelExporter\ExcelExporter.cs:line 266
   at ET.ExcelExporter.Export() in D:\ToolSoft\U3D\Project\ETs\ET-OWDemo\Share\Tool\ExcelExporter\ExcelExporter.cs:line 202
2024-07-05 19:43:32.4356 (Init.cs:35) server start........................ 
2024-07-05 19:43:35.7591 (ExcelExporter.cs:211) Export Excel Sucess!
2024-07-05 19:43:42.5025 (Init.cs:35) server start........................ 
2024-07-05 19:43:45.8275 (ExcelExporter.cs:211) Export Excel Sucess!
2024-07-05 19:44:23.2151 (Init.cs:35) server start........................ 
2024-07-05 19:44:26.4260 (ExcelExporter.cs:215) System.Exception: 不支持此类型: object[]
   at ET.ExcelExporter.Convert(String type, String value) in D:\ToolSoft\U3D\Project\ETs\ET-OWDemo\Share\Tool\ExcelExporter\ExcelExporter.cs:line 582
   at ET.ExcelExporter.ExportSheetJson(ExcelWorksheet worksheet, String name, Dictionary`2 classField, ConfigType configType, StringBuilder sb) in D:\ToolSoft\U3D\Project\ETs\ET-OWDemo\Share\Tool\ExcelExporter\ExcelExporter.cs:line 545
   at ET.ExcelExporter.ExportExcelJson(ExcelPackage p, String name, Table table, ConfigType configType, String relativeDir) in D:\ToolSoft\U3D\Project\ETs\ET-OWDemo\Share\Tool\ExcelExporter\ExcelExporter.cs:line 474
   at ET.ExcelExporter.ExportExcel(String path) in D:\ToolSoft\U3D\Project\ETs\ET-OWDemo\Share\Tool\ExcelExporter\ExcelExporter.cs:line 266
   at ET.ExcelExporter.Export() in D:\ToolSoft\U3D\Project\ETs\ET-OWDemo\Share\Tool\ExcelExporter\ExcelExporter.cs:line 202
2024-07-05 19:44:49.9311 (Init.cs:35) server start........................ 
2024-07-05 19:44:53.2340 (ExcelExporter.cs:215) System.Exception: 不支持此类型: float[]
   at ET.ExcelExporter.Convert(String type, String value) in D:\ToolSoft\U3D\Project\ETs\ET-OWDemo\Share\Tool\ExcelExporter\ExcelExporter.cs:line 582
   at ET.ExcelExporter.ExportSheetJson(ExcelWorksheet worksheet, String name, Dictionary`2 classField, ConfigType configType, StringBuilder sb) in D:\ToolSoft\U3D\Project\ETs\ET-OWDemo\Share\Tool\ExcelExporter\ExcelExporter.cs:line 545
   at ET.ExcelExporter.ExportExcelJson(ExcelPackage p, String name, Table table, ConfigType configType, String relativeDir) in D:\ToolSoft\U3D\Project\ETs\ET-OWDemo\Share\Tool\ExcelExporter\ExcelExporter.cs:line 474
   at ET.ExcelExporter.ExportExcel(String path) in D:\ToolSoft\U3D\Project\ETs\ET-OWDemo\Share\Tool\ExcelExporter\ExcelExporter.cs:line 266
   at ET.ExcelExporter.Export() in D:\ToolSoft\U3D\Project\ETs\ET-OWDemo\Share\Tool\ExcelExporter\ExcelExporter.cs:line 202
2024-07-05 19:45:06.5332 (Init.cs:35) server start........................ 
2024-07-05 19:45:09.9780 (ExcelExporter.cs:211) Export Excel Sucess!
2024-07-05 19:45:13.6652 (Init.cs:35) server start........................ 
2024-07-05 19:45:17.4940 (ExcelExporter.cs:211) Export Excel Sucess!
2024-07-05 19:46:06.0988 (Init.cs:35) server start........................ 
2024-07-05 19:46:09.4177 (ExcelExporter.cs:215) System.Exception: json : ../Config/Json/c/.\RigidBodyConfig.txt error
 ---> System.FormatException: An error occurred while deserializing the dict field of class ET.RigidBodyConfigCategory: An error occurred while deserializing the ShapeArgs property of class ET.RigidBodyConfig: Cannot deserialize a 'Int64' from BsonType 'Document'.
 ---> System.FormatException: An error occurred while deserializing the ShapeArgs property of class ET.RigidBodyConfig: Cannot deserialize a 'Int64' from BsonType 'Document'.
 ---> System.FormatException: Cannot deserialize a 'Int64' from BsonType 'Document'.
   at MongoDB.Bson.Serialization.Serializers.Int64Serializer.Deserialize(BsonDeserializationContext context, BsonDeserializationArgs args)
   at MongoDB.Bson.Serialization.IBsonSerializerExtensions.Deserialize[TValue](IBsonSerializer`1 serializer, BsonDeserializationContext context)
   at MongoDB.Bson.Serialization.Serializers.EnumerableSerializerBase`2.Deserialize(BsonDeserializationContext context, BsonDeserializationArgs args)
   at MongoDB.Bson.Serialization.Serializers.SerializerBase`1.MongoDB.Bson.Serialization.IBsonSerializer.Deserialize(BsonDeserializationContext context, BsonDeserializationArgs args)
   at MongoDB.Bson.Serialization.IBsonSerializerExtensions.Deserialize(IBsonSerializer serializer, BsonDeserializationContext context)
   at MongoDB.Bson.Serialization.BsonClassMapSerializer`1.DeserializeMemberValue(BsonDeserializationContext context, BsonMemberMap memberMap)
   --- End of inner exception stack trace ---
   at MongoDB.Bson.Serialization.BsonClassMapSerializer`1.DeserializeMemberValue(BsonDeserializationContext context, BsonMemberMap memberMap)
   at MongoDB.Bson.Serialization.BsonClassMapSerializer`1.DeserializeClass(BsonDeserializationContext context)
   at MongoDB.Bson.Serialization.BsonClassMapSerializer`1.Deserialize(BsonDeserializationContext context, BsonDeserializationArgs args)
   at MongoDB.Bson.Serialization.IBsonSerializerExtensions.Deserialize[TValue](IBsonSerializer`1 serializer, BsonDeserializationContext context)
   at MongoDB.Bson.Serialization.Serializers.DictionarySerializerBase`3.DeserializeArrayRepresentation(BsonDeserializationContext context)
   at MongoDB.Bson.Serialization.Serializers.DictionarySerializerBase`3.DeserializeValue(BsonDeserializationContext context, BsonDeserializationArgs args)
   at MongoDB.Bson.Serialization.Serializers.ClassSerializerBase`1.Deserialize(BsonDeserializationContext context, BsonDeserializationArgs args)
   at MongoDB.Bson.Serialization.Serializers.SerializerBase`1.MongoDB.Bson.Serialization.IBsonSerializer.Deserialize(BsonDeserializationContext context, BsonDeserializationArgs args)
   at MongoDB.Bson.Serialization.IBsonSerializerExtensions.Deserialize(IBsonSerializer serializer, BsonDeserializationContext context)
   at MongoDB.Bson.Serialization.BsonClassMapSerializer`1.DeserializeMemberValue(BsonDeserializationContext context, BsonMemberMap memberMap)
   --- End of inner exception stack trace ---
   at MongoDB.Bson.Serialization.BsonClassMapSerializer`1.DeserializeMemberValue(BsonDeserializationContext context, BsonMemberMap memberMap)
   at MongoDB.Bson.Serialization.BsonClassMapSerializer`1.DeserializeClass(BsonDeserializationContext context)
   at MongoDB.Bson.Serialization.BsonClassMapSerializer`1.Deserialize(BsonDeserializationContext context, BsonDeserializationArgs args)
   at MongoDB.Bson.Serialization.Serializers.SerializerBase`1.MongoDB.Bson.Serialization.IBsonSerializer.Deserialize(BsonDeserializationContext context, BsonDeserializationArgs args)
   at MongoDB.Bson.Serialization.IBsonSerializerExtensions.Deserialize(IBsonSerializer serializer, BsonDeserializationContext context)
   at MongoDB.Bson.Serialization.BsonSerializer.Deserialize(IBsonReader bsonReader, Type nominalType, Action`1 configurator)
   at MongoDB.Bson.Serialization.BsonSerializer.Deserialize(String json, Type nominalType, Action`1 configurator)
   at ET.ExcelExporter.ExportExcelProtobuf(ConfigType configType, String protoName, String relativeDir) in D:\ToolSoft\U3D\Project\ETs\ET-OWDemo\Share\Tool\ExcelExporter\ExcelExporter.cs:line 615
   --- End of inner exception stack trace ---
   at ET.ExcelExporter.ExportExcelProtobuf(ConfigType configType, String protoName, String relativeDir) in D:\ToolSoft\U3D\Project\ETs\ET-OWDemo\Share\Tool\ExcelExporter\ExcelExporter.cs:line 620
   at ET.ExcelExporter.ExportExcel(String path) in D:\ToolSoft\U3D\Project\ETs\ET-OWDemo\Share\Tool\ExcelExporter\ExcelExporter.cs:line 267
   at ET.ExcelExporter.Export() in D:\ToolSoft\U3D\Project\ETs\ET-OWDemo\Share\Tool\ExcelExporter\ExcelExporter.cs:line 202
2024-07-05 19:46:16.7625 (Init.cs:35) server start........................ 
2024-07-05 19:46:19.9878 (ExcelExporter.cs:215) System.Exception: json : ../Config/Json/c/.\RigidBodyConfig.txt error
 ---> System.FormatException: An error occurred while deserializing the dict field of class ET.RigidBodyConfigCategory: An error occurred while deserializing the ShapeArgs property of class ET.RigidBodyConfig: Cannot deserialize a 'Int64' from BsonType 'Array'.
 ---> System.FormatException: An error occurred while deserializing the ShapeArgs property of class ET.RigidBodyConfig: Cannot deserialize a 'Int64' from BsonType 'Array'.
 ---> System.FormatException: Cannot deserialize a 'Int64' from BsonType 'Array'.
   at MongoDB.Bson.Serialization.Serializers.Int64Serializer.Deserialize(BsonDeserializationContext context, BsonDeserializationArgs args)
   at MongoDB.Bson.Serialization.IBsonSerializerExtensions.Deserialize[TValue](IBsonSerializer`1 serializer, BsonDeserializationContext context)
   at MongoDB.Bson.Serialization.Serializers.EnumerableSerializerBase`2.Deserialize(BsonDeserializationContext context, BsonDeserializationArgs args)
   at MongoDB.Bson.Serialization.Serializers.SerializerBase`1.MongoDB.Bson.Serialization.IBsonSerializer.Deserialize(BsonDeserializationContext context, BsonDeserializationArgs args)
   at MongoDB.Bson.Serialization.IBsonSerializerExtensions.Deserialize(IBsonSerializer serializer, BsonDeserializationContext context)
   at MongoDB.Bson.Serialization.BsonClassMapSerializer`1.DeserializeMemberValue(BsonDeserializationContext context, BsonMemberMap memberMap)
   --- End of inner exception stack trace ---
   at MongoDB.Bson.Serialization.BsonClassMapSerializer`1.DeserializeMemberValue(BsonDeserializationContext context, BsonMemberMap memberMap)
   at MongoDB.Bson.Serialization.BsonClassMapSerializer`1.DeserializeClass(BsonDeserializationContext context)
   at MongoDB.Bson.Serialization.BsonClassMapSerializer`1.Deserialize(BsonDeserializationContext context, BsonDeserializationArgs args)
   at MongoDB.Bson.Serialization.IBsonSerializerExtensions.Deserialize[TValue](IBsonSerializer`1 serializer, BsonDeserializationContext context)
   at MongoDB.Bson.Serialization.Serializers.DictionarySerializerBase`3.DeserializeArrayRepresentation(BsonDeserializationContext context)
   at MongoDB.Bson.Serialization.Serializers.DictionarySerializerBase`3.DeserializeValue(BsonDeserializationContext context, BsonDeserializationArgs args)
   at MongoDB.Bson.Serialization.Serializers.ClassSerializerBase`1.Deserialize(BsonDeserializationContext context, BsonDeserializationArgs args)
   at MongoDB.Bson.Serialization.Serializers.SerializerBase`1.MongoDB.Bson.Serialization.IBsonSerializer.Deserialize(BsonDeserializationContext context, BsonDeserializationArgs args)
   at MongoDB.Bson.Serialization.IBsonSerializerExtensions.Deserialize(IBsonSerializer serializer, BsonDeserializationContext context)
   at MongoDB.Bson.Serialization.BsonClassMapSerializer`1.DeserializeMemberValue(BsonDeserializationContext context, BsonMemberMap memberMap)
   --- End of inner exception stack trace ---
   at MongoDB.Bson.Serialization.BsonClassMapSerializer`1.DeserializeMemberValue(BsonDeserializationContext context, BsonMemberMap memberMap)
   at MongoDB.Bson.Serialization.BsonClassMapSerializer`1.DeserializeClass(BsonDeserializationContext context)
   at MongoDB.Bson.Serialization.BsonClassMapSerializer`1.Deserialize(BsonDeserializationContext context, BsonDeserializationArgs args)
   at MongoDB.Bson.Serialization.Serializers.SerializerBase`1.MongoDB.Bson.Serialization.IBsonSerializer.Deserialize(BsonDeserializationContext context, BsonDeserializationArgs args)
   at MongoDB.Bson.Serialization.IBsonSerializerExtensions.Deserialize(IBsonSerializer serializer, BsonDeserializationContext context)
   at MongoDB.Bson.Serialization.BsonSerializer.Deserialize(IBsonReader bsonReader, Type nominalType, Action`1 configurator)
   at MongoDB.Bson.Serialization.BsonSerializer.Deserialize(String json, Type nominalType, Action`1 configurator)
   at ET.ExcelExporter.ExportExcelProtobuf(ConfigType configType, String protoName, String relativeDir) in D:\ToolSoft\U3D\Project\ETs\ET-OWDemo\Share\Tool\ExcelExporter\ExcelExporter.cs:line 615
   --- End of inner exception stack trace ---
   at ET.ExcelExporter.ExportExcelProtobuf(ConfigType configType, String protoName, String relativeDir) in D:\ToolSoft\U3D\Project\ETs\ET-OWDemo\Share\Tool\ExcelExporter\ExcelExporter.cs:line 620
   at ET.ExcelExporter.ExportExcel(String path) in D:\ToolSoft\U3D\Project\ETs\ET-OWDemo\Share\Tool\ExcelExporter\ExcelExporter.cs:line 267
   at ET.ExcelExporter.Export() in D:\ToolSoft\U3D\Project\ETs\ET-OWDemo\Share\Tool\ExcelExporter\ExcelExporter.cs:line 202
2024-07-05 19:46:24.5665 (Init.cs:35) server start........................ 
2024-07-05 19:46:27.8066 (ExcelExporter.cs:215) System.Exception: json : ../Config/Json/c/.\RigidBodyConfig.txt error
 ---> System.FormatException: An error occurred while deserializing the dict field of class ET.RigidBodyConfigCategory: An error occurred while deserializing the ShapeArgs property of class ET.RigidBodyConfig: Cannot deserialize a 'Int64' from BsonType 'Array'.
 ---> System.FormatException: An error occurred while deserializing the ShapeArgs property of class ET.RigidBodyConfig: Cannot deserialize a 'Int64' from BsonType 'Array'.
 ---> System.FormatException: Cannot deserialize a 'Int64' from BsonType 'Array'.
   at MongoDB.Bson.Serialization.Serializers.Int64Serializer.Deserialize(BsonDeserializationContext context, BsonDeserializationArgs args)
   at MongoDB.Bson.Serialization.IBsonSerializerExtensions.Deserialize[TValue](IBsonSerializer`1 serializer, BsonDeserializationContext context)
   at MongoDB.Bson.Serialization.Serializers.EnumerableSerializerBase`2.Deserialize(BsonDeserializationContext context, BsonDeserializationArgs args)
   at MongoDB.Bson.Serialization.Serializers.SerializerBase`1.MongoDB.Bson.Serialization.IBsonSerializer.Deserialize(BsonDeserializationContext context, BsonDeserializationArgs args)
   at MongoDB.Bson.Serialization.IBsonSerializerExtensions.Deserialize(IBsonSerializer serializer, BsonDeserializationContext context)
   at MongoDB.Bson.Serialization.BsonClassMapSerializer`1.DeserializeMemberValue(BsonDeserializationContext context, BsonMemberMap memberMap)
   --- End of inner exception stack trace ---
   at MongoDB.Bson.Serialization.BsonClassMapSerializer`1.DeserializeMemberValue(BsonDeserializationContext context, BsonMemberMap memberMap)
   at MongoDB.Bson.Serialization.BsonClassMapSerializer`1.DeserializeClass(BsonDeserializationContext context)
   at MongoDB.Bson.Serialization.BsonClassMapSerializer`1.Deserialize(BsonDeserializationContext context, BsonDeserializationArgs args)
   at MongoDB.Bson.Serialization.IBsonSerializerExtensions.Deserialize[TValue](IBsonSerializer`1 serializer, BsonDeserializationContext context)
   at MongoDB.Bson.Serialization.Serializers.DictionarySerializerBase`3.DeserializeArrayRepresentation(BsonDeserializationContext context)
   at MongoDB.Bson.Serialization.Serializers.DictionarySerializerBase`3.DeserializeValue(BsonDeserializationContext context, BsonDeserializationArgs args)
   at MongoDB.Bson.Serialization.Serializers.ClassSerializerBase`1.Deserialize(BsonDeserializationContext context, BsonDeserializationArgs args)
   at MongoDB.Bson.Serialization.Serializers.SerializerBase`1.MongoDB.Bson.Serialization.IBsonSerializer.Deserialize(BsonDeserializationContext context, BsonDeserializationArgs args)
   at MongoDB.Bson.Serialization.IBsonSerializerExtensions.Deserialize(IBsonSerializer serializer, BsonDeserializationContext context)
   at MongoDB.Bson.Serialization.BsonClassMapSerializer`1.DeserializeMemberValue(BsonDeserializationContext context, BsonMemberMap memberMap)
   --- End of inner exception stack trace ---
   at MongoDB.Bson.Serialization.BsonClassMapSerializer`1.DeserializeMemberValue(BsonDeserializationContext context, BsonMemberMap memberMap)
   at MongoDB.Bson.Serialization.BsonClassMapSerializer`1.DeserializeClass(BsonDeserializationContext context)
   at MongoDB.Bson.Serialization.BsonClassMapSerializer`1.Deserialize(BsonDeserializationContext context, BsonDeserializationArgs args)
   at MongoDB.Bson.Serialization.Serializers.SerializerBase`1.MongoDB.Bson.Serialization.IBsonSerializer.Deserialize(BsonDeserializationContext context, BsonDeserializationArgs args)
   at MongoDB.Bson.Serialization.IBsonSerializerExtensions.Deserialize(IBsonSerializer serializer, BsonDeserializationContext context)
   at MongoDB.Bson.Serialization.BsonSerializer.Deserialize(IBsonReader bsonReader, Type nominalType, Action`1 configurator)
   at MongoDB.Bson.Serialization.BsonSerializer.Deserialize(String json, Type nominalType, Action`1 configurator)
   at ET.ExcelExporter.ExportExcelProtobuf(ConfigType configType, String protoName, String relativeDir) in D:\ToolSoft\U3D\Project\ETs\ET-OWDemo\Share\Tool\ExcelExporter\ExcelExporter.cs:line 615
   --- End of inner exception stack trace ---
   at ET.ExcelExporter.ExportExcelProtobuf(ConfigType configType, String protoName, String relativeDir) in D:\ToolSoft\U3D\Project\ETs\ET-OWDemo\Share\Tool\ExcelExporter\ExcelExporter.cs:line 620
   at ET.ExcelExporter.ExportExcel(String path) in D:\ToolSoft\U3D\Project\ETs\ET-OWDemo\Share\Tool\ExcelExporter\ExcelExporter.cs:line 267
   at ET.ExcelExporter.Export() in D:\ToolSoft\U3D\Project\ETs\ET-OWDemo\Share\Tool\ExcelExporter\ExcelExporter.cs:line 202
2024-07-05 19:46:44.4354 (Init.cs:35) server start........................ 
2024-07-05 19:46:47.5263 (ExcelExporter.cs:215) System.Exception: json : ../Config/Json/c/.\RigidBodyConfig.txt error
 ---> System.FormatException: An error occurred while deserializing the dict field of class ET.RigidBodyConfigCategory: An error occurred while deserializing the ShapeArgs property of class ET.RigidBodyConfig: Cannot deserialize a 'Int64' from BsonType 'Document'.
 ---> System.FormatException: An error occurred while deserializing the ShapeArgs property of class ET.RigidBodyConfig: Cannot deserialize a 'Int64' from BsonType 'Document'.
 ---> System.FormatException: Cannot deserialize a 'Int64' from BsonType 'Document'.
   at MongoDB.Bson.Serialization.Serializers.Int64Serializer.Deserialize(BsonDeserializationContext context, BsonDeserializationArgs args)
   at MongoDB.Bson.Serialization.IBsonSerializerExtensions.Deserialize[TValue](IBsonSerializer`1 serializer, BsonDeserializationContext context)
   at MongoDB.Bson.Serialization.Serializers.EnumerableSerializerBase`2.Deserialize(BsonDeserializationContext context, BsonDeserializationArgs args)
   at MongoDB.Bson.Serialization.Serializers.SerializerBase`1.MongoDB.Bson.Serialization.IBsonSerializer.Deserialize(BsonDeserializationContext context, BsonDeserializationArgs args)
   at MongoDB.Bson.Serialization.IBsonSerializerExtensions.Deserialize(IBsonSerializer serializer, BsonDeserializationContext context)
   at MongoDB.Bson.Serialization.BsonClassMapSerializer`1.DeserializeMemberValue(BsonDeserializationContext context, BsonMemberMap memberMap)
   --- End of inner exception stack trace ---
   at MongoDB.Bson.Serialization.BsonClassMapSerializer`1.DeserializeMemberValue(BsonDeserializationContext context, BsonMemberMap memberMap)
   at MongoDB.Bson.Serialization.BsonClassMapSerializer`1.DeserializeClass(BsonDeserializationContext context)
   at MongoDB.Bson.Serialization.BsonClassMapSerializer`1.Deserialize(BsonDeserializationContext context, BsonDeserializationArgs args)
   at MongoDB.Bson.Serialization.IBsonSerializerExtensions.Deserialize[TValue](IBsonSerializer`1 serializer, BsonDeserializationContext context)
   at MongoDB.Bson.Serialization.Serializers.DictionarySerializerBase`3.DeserializeArrayRepresentation(BsonDeserializationContext context)
   at MongoDB.Bson.Serialization.Serializers.DictionarySerializerBase`3.DeserializeValue(BsonDeserializationContext context, BsonDeserializationArgs args)
   at MongoDB.Bson.Serialization.Serializers.ClassSerializerBase`1.Deserialize(BsonDeserializationContext context, BsonDeserializationArgs args)
   at MongoDB.Bson.Serialization.Serializers.SerializerBase`1.MongoDB.Bson.Serialization.IBsonSerializer.Deserialize(BsonDeserializationContext context, BsonDeserializationArgs args)
   at MongoDB.Bson.Serialization.IBsonSerializerExtensions.Deserialize(IBsonSerializer serializer, BsonDeserializationContext context)
   at MongoDB.Bson.Serialization.BsonClassMapSerializer`1.DeserializeMemberValue(BsonDeserializationContext context, BsonMemberMap memberMap)
   --- End of inner exception stack trace ---
   at MongoDB.Bson.Serialization.BsonClassMapSerializer`1.DeserializeMemberValue(BsonDeserializationContext context, BsonMemberMap memberMap)
   at MongoDB.Bson.Serialization.BsonClassMapSerializer`1.DeserializeClass(BsonDeserializationContext context)
   at MongoDB.Bson.Serialization.BsonClassMapSerializer`1.Deserialize(BsonDeserializationContext context, BsonDeserializationArgs args)
   at MongoDB.Bson.Serialization.Serializers.SerializerBase`1.MongoDB.Bson.Serialization.IBsonSerializer.Deserialize(BsonDeserializationContext context, BsonDeserializationArgs args)
   at MongoDB.Bson.Serialization.IBsonSerializerExtensions.Deserialize(IBsonSerializer serializer, BsonDeserializationContext context)
   at MongoDB.Bson.Serialization.BsonSerializer.Deserialize(IBsonReader bsonReader, Type nominalType, Action`1 configurator)
   at MongoDB.Bson.Serialization.BsonSerializer.Deserialize(String json, Type nominalType, Action`1 configurator)
   at ET.ExcelExporter.ExportExcelProtobuf(ConfigType configType, String protoName, String relativeDir) in D:\ToolSoft\U3D\Project\ETs\ET-OWDemo\Share\Tool\ExcelExporter\ExcelExporter.cs:line 615
   --- End of inner exception stack trace ---
   at ET.ExcelExporter.ExportExcelProtobuf(ConfigType configType, String protoName, String relativeDir) in D:\ToolSoft\U3D\Project\ETs\ET-OWDemo\Share\Tool\ExcelExporter\ExcelExporter.cs:line 620
   at ET.ExcelExporter.ExportExcel(String path) in D:\ToolSoft\U3D\Project\ETs\ET-OWDemo\Share\Tool\ExcelExporter\ExcelExporter.cs:line 267
   at ET.ExcelExporter.Export() in D:\ToolSoft\U3D\Project\ETs\ET-OWDemo\Share\Tool\ExcelExporter\ExcelExporter.cs:line 202
2024-07-05 19:47:20.9619 (Init.cs:35) server start........................ 
2024-07-05 19:47:24.0216 (ExcelExporter.cs:215) System.Exception: json : ../Config/Json/c/.\RigidBodyConfig.txt error
 ---> System.FormatException: An error occurred while deserializing the dict field of class ET.RigidBodyConfigCategory: An error occurred while deserializing the ShapeArgs property of class ET.RigidBodyConfig: Cannot deserialize a 'Int64' from BsonType 'Document'.
 ---> System.FormatException: An error occurred while deserializing the ShapeArgs property of class ET.RigidBodyConfig: Cannot deserialize a 'Int64' from BsonType 'Document'.
 ---> System.FormatException: Cannot deserialize a 'Int64' from BsonType 'Document'.
   at MongoDB.Bson.Serialization.Serializers.Int64Serializer.Deserialize(BsonDeserializationContext context, BsonDeserializationArgs args)
   at MongoDB.Bson.Serialization.IBsonSerializerExtensions.Deserialize[TValue](IBsonSerializer`1 serializer, BsonDeserializationContext context)
   at MongoDB.Bson.Serialization.Serializers.EnumerableSerializerBase`2.Deserialize(BsonDeserializationContext context, BsonDeserializationArgs args)
   at MongoDB.Bson.Serialization.Serializers.SerializerBase`1.MongoDB.Bson.Serialization.IBsonSerializer.Deserialize(BsonDeserializationContext context, BsonDeserializationArgs args)
   at MongoDB.Bson.Serialization.IBsonSerializerExtensions.Deserialize(IBsonSerializer serializer, BsonDeserializationContext context)
   at MongoDB.Bson.Serialization.BsonClassMapSerializer`1.DeserializeMemberValue(BsonDeserializationContext context, BsonMemberMap memberMap)
   --- End of inner exception stack trace ---
   at MongoDB.Bson.Serialization.BsonClassMapSerializer`1.DeserializeMemberValue(BsonDeserializationContext context, BsonMemberMap memberMap)
   at MongoDB.Bson.Serialization.BsonClassMapSerializer`1.DeserializeClass(BsonDeserializationContext context)
   at MongoDB.Bson.Serialization.BsonClassMapSerializer`1.Deserialize(BsonDeserializationContext context, BsonDeserializationArgs args)
   at MongoDB.Bson.Serialization.IBsonSerializerExtensions.Deserialize[TValue](IBsonSerializer`1 serializer, BsonDeserializationContext context)
   at MongoDB.Bson.Serialization.Serializers.DictionarySerializerBase`3.DeserializeArrayRepresentation(BsonDeserializationContext context)
   at MongoDB.Bson.Serialization.Serializers.DictionarySerializerBase`3.DeserializeValue(BsonDeserializationContext context, BsonDeserializationArgs args)
   at MongoDB.Bson.Serialization.Serializers.ClassSerializerBase`1.Deserialize(BsonDeserializationContext context, BsonDeserializationArgs args)
   at MongoDB.Bson.Serialization.Serializers.SerializerBase`1.MongoDB.Bson.Serialization.IBsonSerializer.Deserialize(BsonDeserializationContext context, BsonDeserializationArgs args)
   at MongoDB.Bson.Serialization.IBsonSerializerExtensions.Deserialize(IBsonSerializer serializer, BsonDeserializationContext context)
   at MongoDB.Bson.Serialization.BsonClassMapSerializer`1.DeserializeMemberValue(BsonDeserializationContext context, BsonMemberMap memberMap)
   --- End of inner exception stack trace ---
   at MongoDB.Bson.Serialization.BsonClassMapSerializer`1.DeserializeMemberValue(BsonDeserializationContext context, BsonMemberMap memberMap)
   at MongoDB.Bson.Serialization.BsonClassMapSerializer`1.DeserializeClass(BsonDeserializationContext context)
   at MongoDB.Bson.Serialization.BsonClassMapSerializer`1.Deserialize(BsonDeserializationContext context, BsonDeserializationArgs args)
   at MongoDB.Bson.Serialization.Serializers.SerializerBase`1.MongoDB.Bson.Serialization.IBsonSerializer.Deserialize(BsonDeserializationContext context, BsonDeserializationArgs args)
   at MongoDB.Bson.Serialization.IBsonSerializerExtensions.Deserialize(IBsonSerializer serializer, BsonDeserializationContext context)
   at MongoDB.Bson.Serialization.BsonSerializer.Deserialize(IBsonReader bsonReader, Type nominalType, Action`1 configurator)
   at MongoDB.Bson.Serialization.BsonSerializer.Deserialize(String json, Type nominalType, Action`1 configurator)
   at ET.ExcelExporter.ExportExcelProtobuf(ConfigType configType, String protoName, String relativeDir) in D:\ToolSoft\U3D\Project\ETs\ET-OWDemo\Share\Tool\ExcelExporter\ExcelExporter.cs:line 615
   --- End of inner exception stack trace ---
   at ET.ExcelExporter.ExportExcelProtobuf(ConfigType configType, String protoName, String relativeDir) in D:\ToolSoft\U3D\Project\ETs\ET-OWDemo\Share\Tool\ExcelExporter\ExcelExporter.cs:line 620
   at ET.ExcelExporter.ExportExcel(String path) in D:\ToolSoft\U3D\Project\ETs\ET-OWDemo\Share\Tool\ExcelExporter\ExcelExporter.cs:line 267
   at ET.ExcelExporter.Export() in D:\ToolSoft\U3D\Project\ETs\ET-OWDemo\Share\Tool\ExcelExporter\ExcelExporter.cs:line 202
2024-07-05 19:47:41.6668 (Init.cs:35) server start........................ 
2024-07-05 19:47:45.0203 (ExcelExporter.cs:211) Export Excel Sucess!
