2024-06-26 13:28:45.2480 (Init.cs:35) server start........................ 
2024-06-26 13:28:48.6231 (ExcelExporter.cs:215) System.Exception: json : ../Config/Json/c/.\BuffConfig.txt error
 ---> System.FormatException: An error occurred while deserializing the dict field of class ET.BuffConfigCategory: An error occurred while deserializing the Actions property of class ET.BuffConfig: Cannot deserialize a 'String' from BsonType 'Document'.
 ---> System.FormatException: An error occurred while deserializing the Actions property of class ET.BuffConfig: Cannot deserialize a 'String' from BsonType 'Document'.
 ---> System.FormatException: Cannot deserialize a 'String' from BsonType 'Document'.
   at MongoDB.Bson.Serialization.Serializers.StringSerializer.DeserializeValue(BsonDeserializationContext context, BsonDeserializationArgs args)
   at MongoDB.Bson.Serialization.Serializers.SealedClassSerializerBase`1.Deserialize(BsonDeserializationContext context, BsonDeserializationArgs args)
   at MongoDB.Bson.Serialization.IBsonSerializerExtensions.Deserialize[TValue](IBsonSerializer`1 serializer, BsonDeserializationContext context)
   at MongoDB.Bson.Serialization.Serializers.EnumerableSerializerBase`2.Deserialize(BsonDeserializationContext context, BsonDeserializationArgs args)
   at MongoDB.Bson.Serialization.Serializers.SerializerBase`1.MongoDB.Bson.Serialization.IBsonSerializer.Deserialize(BsonDeserializationContext context, BsonDeserializationArgs args)
   at MongoDB.Bson.Serialization.IBsonSerializerExtensions.Deserialize(IBsonSerializer serializer, BsonDeserializationContext context)
   at MongoDB.Bson.Serialization.BsonClassMapSerializer`1.DeserializeMemberValue(BsonDeserializationContext context, BsonMemberMap memberMap)
   --- End of inner exception stack trace ---
   at MongoDB.Bson.Serialization.BsonClassMapSerializer`1.DeserializeMemberValue(BsonDeserializationContext context, BsonMemberMap memberMap)
   at MongoDB.Bson.Serialization.BsonClassMapSerializer`1.DeserializeClass(BsonDeserializationContext context)
   at MongoDB.Bson.Serialization.BsonClassMapSerializer`1.Deserialize(BsonDeserializationContext context, BsonDeserializationArgs args)
   at MongoDB.Bson.Serialization.IBsonSerializerExtensions.Deserialize[TValue](IBsonSerializer`1 serializer, BsonDeserializationContext context)
   at MongoDB.Bson.Serialization.Serializers.DictionarySerializerBase`3.DeserializeArrayRepresentation(BsonDeserializationContext context)
   at MongoDB.Bson.Serialization.Serializers.DictionarySerializerBase`3.DeserializeValue(BsonDeserializationContext context, BsonDeserializationArgs args)
   at MongoDB.Bson.Serialization.Serializers.ClassSerializerBase`1.Deserialize(BsonDeserializationContext context, BsonDeserializationArgs args)
   at MongoDB.Bson.Serialization.Serializers.SerializerBase`1.MongoDB.Bson.Serialization.IBsonSerializer.Deserialize(BsonDeserializationContext context, BsonDeserializationArgs args)
   at MongoDB.Bson.Serialization.IBsonSerializerExtensions.Deserialize(IBsonSerializer serializer, BsonDeserializationContext context)
   at MongoDB.Bson.Serialization.BsonClassMapSerializer`1.DeserializeMemberValue(BsonDeserializationContext context, BsonMemberMap memberMap)
   --- End of inner exception stack trace ---
   at MongoDB.Bson.Serialization.BsonClassMapSerializer`1.DeserializeMemberValue(BsonDeserializationContext context, BsonMemberMap memberMap)
   at MongoDB.Bson.Serialization.BsonClassMapSerializer`1.DeserializeClass(BsonDeserializationContext context)
   at MongoDB.Bson.Serialization.BsonClassMapSerializer`1.Deserialize(BsonDeserializationContext context, BsonDeserializationArgs args)
   at MongoDB.Bson.Serialization.Serializers.SerializerBase`1.MongoDB.Bson.Serialization.IBsonSerializer.Deserialize(BsonDeserializationContext context, BsonDeserializationArgs args)
   at MongoDB.Bson.Serialization.IBsonSerializerExtensions.Deserialize(IBsonSerializer serializer, BsonDeserializationContext context)
   at MongoDB.Bson.Serialization.BsonSerializer.Deserialize(IBsonReader bsonReader, Type nominalType, Action`1 configurator)
   at MongoDB.Bson.Serialization.BsonSerializer.Deserialize(String json, Type nominalType, Action`1 configurator)
   at ET.ExcelExporter.ExportExcelProtobuf(ConfigType configType, String protoName, String relativeDir) in D:\ToolSoft\U3D\Project\ETs\ET-BattleSystem8.1\Share\Tool\ExcelExporter\ExcelExporter.cs:line 615
   --- End of inner exception stack trace ---
   at ET.ExcelExporter.ExportExcelProtobuf(ConfigType configType, String protoName, String relativeDir) in D:\ToolSoft\U3D\Project\ETs\ET-BattleSystem8.1\Share\Tool\ExcelExporter\ExcelExporter.cs:line 620
   at ET.ExcelExporter.ExportExcel(String path) in D:\ToolSoft\U3D\Project\ETs\ET-BattleSystem8.1\Share\Tool\ExcelExporter\ExcelExporter.cs:line 267
   at ET.ExcelExporter.Export() in D:\ToolSoft\U3D\Project\ETs\ET-BattleSystem8.1\Share\Tool\ExcelExporter\ExcelExporter.cs:line 202
2024-06-26 13:30:20.3608 (Init.cs:35) server start........................ 
2024-06-26 13:30:23.4889 (ExcelExporter.cs:215) System.Exception: json : ../Config/Json/c/.\BuffConfig.txt error
 ---> System.FormatException: An error occurred while deserializing the dict field of class ET.BuffConfigCategory: An error occurred while deserializing the Actions property of class ET.BuffConfig: Cannot deserialize a 'String' from BsonType 'Document'.
 ---> System.FormatException: An error occurred while deserializing the Actions property of class ET.BuffConfig: Cannot deserialize a 'String' from BsonType 'Document'.
 ---> System.FormatException: Cannot deserialize a 'String' from BsonType 'Document'.
   at MongoDB.Bson.Serialization.Serializers.StringSerializer.DeserializeValue(BsonDeserializationContext context, BsonDeserializationArgs args)
   at MongoDB.Bson.Serialization.Serializers.SealedClassSerializerBase`1.Deserialize(BsonDeserializationContext context, BsonDeserializationArgs args)
   at MongoDB.Bson.Serialization.IBsonSerializerExtensions.Deserialize[TValue](IBsonSerializer`1 serializer, BsonDeserializationContext context)
   at MongoDB.Bson.Serialization.Serializers.EnumerableSerializerBase`2.Deserialize(BsonDeserializationContext context, BsonDeserializationArgs args)
   at MongoDB.Bson.Serialization.Serializers.SerializerBase`1.MongoDB.Bson.Serialization.IBsonSerializer.Deserialize(BsonDeserializationContext context, BsonDeserializationArgs args)
   at MongoDB.Bson.Serialization.IBsonSerializerExtensions.Deserialize(IBsonSerializer serializer, BsonDeserializationContext context)
   at MongoDB.Bson.Serialization.BsonClassMapSerializer`1.DeserializeMemberValue(BsonDeserializationContext context, BsonMemberMap memberMap)
   --- End of inner exception stack trace ---
   at MongoDB.Bson.Serialization.BsonClassMapSerializer`1.DeserializeMemberValue(BsonDeserializationContext context, BsonMemberMap memberMap)
   at MongoDB.Bson.Serialization.BsonClassMapSerializer`1.DeserializeClass(BsonDeserializationContext context)
   at MongoDB.Bson.Serialization.BsonClassMapSerializer`1.Deserialize(BsonDeserializationContext context, BsonDeserializationArgs args)
   at MongoDB.Bson.Serialization.IBsonSerializerExtensions.Deserialize[TValue](IBsonSerializer`1 serializer, BsonDeserializationContext context)
   at MongoDB.Bson.Serialization.Serializers.DictionarySerializerBase`3.DeserializeArrayRepresentation(BsonDeserializationContext context)
   at MongoDB.Bson.Serialization.Serializers.DictionarySerializerBase`3.DeserializeValue(BsonDeserializationContext context, BsonDeserializationArgs args)
   at MongoDB.Bson.Serialization.Serializers.ClassSerializerBase`1.Deserialize(BsonDeserializationContext context, BsonDeserializationArgs args)
   at MongoDB.Bson.Serialization.Serializers.SerializerBase`1.MongoDB.Bson.Serialization.IBsonSerializer.Deserialize(BsonDeserializationContext context, BsonDeserializationArgs args)
   at MongoDB.Bson.Serialization.IBsonSerializerExtensions.Deserialize(IBsonSerializer serializer, BsonDeserializationContext context)
   at MongoDB.Bson.Serialization.BsonClassMapSerializer`1.DeserializeMemberValue(BsonDeserializationContext context, BsonMemberMap memberMap)
   --- End of inner exception stack trace ---
   at MongoDB.Bson.Serialization.BsonClassMapSerializer`1.DeserializeMemberValue(BsonDeserializationContext context, BsonMemberMap memberMap)
   at MongoDB.Bson.Serialization.BsonClassMapSerializer`1.DeserializeClass(BsonDeserializationContext context)
   at MongoDB.Bson.Serialization.BsonClassMapSerializer`1.Deserialize(BsonDeserializationContext context, BsonDeserializationArgs args)
   at MongoDB.Bson.Serialization.Serializers.SerializerBase`1.MongoDB.Bson.Serialization.IBsonSerializer.Deserialize(BsonDeserializationContext context, BsonDeserializationArgs args)
   at MongoDB.Bson.Serialization.IBsonSerializerExtensions.Deserialize(IBsonSerializer serializer, BsonDeserializationContext context)
   at MongoDB.Bson.Serialization.BsonSerializer.Deserialize(IBsonReader bsonReader, Type nominalType, Action`1 configurator)
   at MongoDB.Bson.Serialization.BsonSerializer.Deserialize(String json, Type nominalType, Action`1 configurator)
   at ET.ExcelExporter.ExportExcelProtobuf(ConfigType configType, String protoName, String relativeDir) in D:\ToolSoft\U3D\Project\ETs\ET-BattleSystem8.1\Share\Tool\ExcelExporter\ExcelExporter.cs:line 615
   --- End of inner exception stack trace ---
   at ET.ExcelExporter.ExportExcelProtobuf(ConfigType configType, String protoName, String relativeDir) in D:\ToolSoft\U3D\Project\ETs\ET-BattleSystem8.1\Share\Tool\ExcelExporter\ExcelExporter.cs:line 620
   at ET.ExcelExporter.ExportExcel(String path) in D:\ToolSoft\U3D\Project\ETs\ET-BattleSystem8.1\Share\Tool\ExcelExporter\ExcelExporter.cs:line 267
   at ET.ExcelExporter.Export() in D:\ToolSoft\U3D\Project\ETs\ET-BattleSystem8.1\Share\Tool\ExcelExporter\ExcelExporter.cs:line 202
