2024-07-09 12:42:44.6831 (Scene.cs:36) scene create: NetInner -2 1
2024-07-09 12:42:44.6996 (Scene.cs:36) scene create: Realm 1 1
2024-07-09 12:42:44.6996 (Scene.cs:36) scene create: Gate 2 1
2024-07-09 12:42:44.6996 (Scene.cs:36) scene create: Gate 3 1
2024-07-09 12:42:44.7128 (Scene.cs:36) scene create: Location 4 1
2024-07-09 12:42:44.7128 (Scene.cs:36) scene create: Match 5 1
2024-07-09 12:42:44.7128 (Scene.cs:36) scene create: Map 6 1
2024-07-09 12:42:44.7128 (Scene.cs:36) scene create: Map 7 1
2024-07-09 12:42:44.7290 (Scene.cs:36) scene create: RouterManager 300 1
2024-07-09 12:42:44.7600 (Scene.cs:36) scene create: Router 301 1
2024-07-09 12:42:44.7600 (Scene.cs:36) scene create: Router 302 1
2024-07-09 12:42:44.7740 (Scene.cs:36) scene create: Router 303 1
2024-07-09 12:42:44.7740 (Scene.cs:36) scene create: Router 304 1
2024-07-09 12:44:49.2360 (Scene.cs:36) scene create: NetInner -2 1
2024-07-09 12:44:49.2653 (Scene.cs:36) scene create: Realm 1 1
2024-07-09 12:44:49.2748 (Scene.cs:36) scene create: Gate 2 1
2024-07-09 12:44:49.3000 (Scene.cs:36) scene create: Gate 3 1
2024-07-09 12:44:49.3092 (Scene.cs:36) scene create: Location 4 1
2024-07-09 12:44:49.3092 (Scene.cs:36) scene create: Match 5 1
2024-07-09 12:44:49.3092 (Scene.cs:36) scene create: Map 6 1
2024-07-09 12:44:49.3246 (Scene.cs:36) scene create: Map 7 1
2024-07-09 12:44:49.3246 (Scene.cs:36) scene create: RouterManager 300 1
2024-07-09 12:44:49.3985 (Scene.cs:36) scene create: Router 301 1
2024-07-09 12:44:49.3985 (Scene.cs:36) scene create: Router 302 1
2024-07-09 12:44:49.4144 (Scene.cs:36) scene create: Router 303 1
2024-07-09 12:44:49.4144 (Scene.cs:36) scene create: Router 304 1
