2024-07-09 15:06:29.2953 scene create: NetInner -2 1
2024-07-09 15:06:29.3175 scene create: Realm 1 1
2024-07-09 15:06:29.3264 scene create: Gate 2 1
2024-07-09 15:06:29.3264 scene create: Gate 3 1
2024-07-09 15:06:29.3372 scene create: Location 4 1
2024-07-09 15:06:29.3372 scene create: Match 5 1
2024-07-09 15:06:29.3372 scene create: Map 6 1
2024-07-09 15:06:29.3372 scene create: Map 7 1
2024-07-09 15:06:29.3527 scene create: RouterManager 300 1
2024-07-09 15:06:29.4004 scene create: Router 301 1
2024-07-09 15:06:29.4004 scene create: Router 302 1
2024-07-09 15:06:29.4157 scene create: Router 303 1
2024-07-09 15:06:29.4157 scene create: Router 304 1
2024-07-09 15:10:17.3517 scene create: NetInner -2 1
2024-07-09 15:10:17.3517 scene create: Realm 1 1
2024-07-09 15:10:17.3709 scene create: Gate 2 1
2024-07-09 15:10:17.3709 scene create: Gate 3 1
2024-07-09 15:10:17.3709 scene create: Location 4 1
2024-07-09 15:10:17.3709 scene create: Match 5 1
2024-07-09 15:10:17.3856 scene create: Map 6 1
2024-07-09 15:10:17.3856 scene create: Map 7 1
2024-07-09 15:10:17.3856 scene create: RouterManager 300 1
2024-07-09 15:10:17.4287 scene create: Router 301 1
2024-07-09 15:10:17.4374 scene create: Router 302 1
2024-07-09 15:10:17.4374 scene create: Router 303 1
2024-07-09 15:10:17.4459 scene create: Router 304 1
2024-07-09 15:13:46.8061 scene create: NetInner -2 1
2024-07-09 15:13:46.8205 scene create: Realm 1 1
2024-07-09 15:13:46.8205 scene create: Gate 2 1
2024-07-09 15:13:46.8205 scene create: Gate 3 1
2024-07-09 15:13:46.8205 scene create: Location 4 1
2024-07-09 15:13:46.8367 scene create: Match 5 1
2024-07-09 15:13:46.8367 scene create: Map 6 1
2024-07-09 15:13:46.8367 scene create: Map 7 1
2024-07-09 15:13:46.8367 scene create: RouterManager 300 1
2024-07-09 15:13:46.8795 scene create: Router 301 1
2024-07-09 15:13:46.8885 scene create: Router 302 1
2024-07-09 15:13:46.8885 scene create: Router 303 1
2024-07-09 15:13:46.8885 scene create: Router 304 1
