2024-07-09 11:03:54.6866 scene create: NetInner -2 1
2024-07-09 11:03:54.7013 scene create: Realm 1 1
2024-07-09 11:03:54.7013 scene create: Gate 2 1
2024-07-09 11:03:54.7106 scene create: Gate 3 1
2024-07-09 11:03:54.7106 scene create: Location 4 1
2024-07-09 11:03:54.7106 scene create: Match 5 1
2024-07-09 11:03:54.7106 scene create: Map 6 1
2024-07-09 11:03:54.7264 scene create: Map 7 1
2024-07-09 11:03:54.7264 scene create: RouterManager 300 1
2024-07-09 11:03:54.7593 scene create: Router 301 1
2024-07-09 11:03:54.7593 scene create: Router 302 1
2024-07-09 11:03:54.7734 scene create: Router 303 1
2024-07-09 11:03:54.7734 scene create: Router 304 1
2024-07-09 11:08:37.4306 scene create: NetInner -2 1
2024-07-09 11:08:37.4506 scene create: Realm 1 1
2024-07-09 11:08:37.4506 scene create: Gate 2 1
2024-07-09 11:08:37.4621 scene create: Gate 3 1
2024-07-09 11:08:37.4621 scene create: Location 4 1
2024-07-09 11:08:37.4621 scene create: Match 5 1
2024-07-09 11:08:37.4621 scene create: Map 6 1
2024-07-09 11:08:37.4621 scene create: Map 7 1
2024-07-09 11:08:37.4793 scene create: RouterManager 300 1
2024-07-09 11:08:37.5189 scene create: Router 301 1
2024-07-09 11:08:37.5288 scene create: Router 302 1
2024-07-09 11:08:37.5288 scene create: Router 303 1
2024-07-09 11:08:37.5385 scene create: Router 304 1
2024-07-09 11:20:29.3273 scene create: NetInner -2 1
2024-07-09 11:20:29.3395 scene create: Realm 1 1
2024-07-09 11:20:29.3395 scene create: Gate 2 1
2024-07-09 11:20:29.3395 scene create: Gate 3 1
2024-07-09 11:20:29.3511 scene create: Location 4 1
2024-07-09 11:20:29.3511 scene create: Match 5 1
2024-07-09 11:20:29.3511 scene create: Map 6 1
2024-07-09 11:20:29.3511 scene create: Map 7 1
2024-07-09 11:20:29.3511 scene create: RouterManager 300 1
2024-07-09 11:20:29.3879 scene create: Router 301 1
2024-07-09 11:20:29.3980 scene create: Router 302 1
2024-07-09 11:20:29.3980 scene create: Router 303 1
2024-07-09 11:20:29.3980 scene create: Router 304 1
2024-07-09 11:27:01.9304 scene create: NetInner -2 1
2024-07-09 11:27:01.9449 scene create: Realm 1 1
2024-07-09 11:27:01.9449 scene create: Gate 2 1
2024-07-09 11:27:01.9449 scene create: Gate 3 1
2024-07-09 11:27:01.9449 scene create: Location 4 1
2024-07-09 11:27:01.9449 scene create: Match 5 1
2024-07-09 11:27:01.9629 scene create: Map 6 1
2024-07-09 11:27:01.9629 scene create: Map 7 1
2024-07-09 11:27:01.9629 scene create: RouterManager 300 1
2024-07-09 11:27:01.9956 scene create: Router 301 1
2024-07-09 11:27:02.0079 scene create: Router 302 1
2024-07-09 11:27:02.0079 scene create: Router 303 1
2024-07-09 11:27:02.0079 scene create: Router 304 1
2024-07-09 11:29:38.5745 scene create: NetInner -2 1
2024-07-09 11:29:38.5888 scene create: Realm 1 1
2024-07-09 11:29:38.5888 scene create: Gate 2 1
2024-07-09 11:29:38.5888 scene create: Gate 3 1
2024-07-09 11:29:38.6031 scene create: Location 4 1
2024-07-09 11:29:38.6031 scene create: Match 5 1
2024-07-09 11:29:38.6031 scene create: Map 6 1
2024-07-09 11:29:38.6031 scene create: Map 7 1
2024-07-09 11:29:38.6193 scene create: RouterManager 300 1
2024-07-09 11:29:38.6478 scene create: Router 301 1
2024-07-09 11:29:38.6478 scene create: Router 302 1
2024-07-09 11:29:38.6478 scene create: Router 303 1
2024-07-09 11:29:38.6635 scene create: Router 304 1
2024-07-09 11:35:26.9107 scene create: NetInner -2 1
2024-07-09 11:35:26.9294 scene create: Realm 1 1
2024-07-09 11:35:26.9294 scene create: Gate 2 1
2024-07-09 11:35:26.9294 scene create: Gate 3 1
2024-07-09 11:35:26.9294 scene create: Location 4 1
2024-07-09 11:35:26.9474 scene create: Match 5 1
2024-07-09 11:35:26.9474 scene create: Map 6 1
2024-07-09 11:35:26.9474 scene create: Map 7 1
2024-07-09 11:35:26.9608 scene create: RouterManager 300 1
2024-07-09 11:35:26.9914 scene create: Router 301 1
2024-07-09 11:35:26.9914 scene create: Router 302 1
2024-07-09 11:35:26.9914 scene create: Router 303 1
2024-07-09 11:35:27.0088 scene create: Router 304 1
2024-07-09 11:42:35.5475 scene create: NetInner -2 1
2024-07-09 11:42:35.5630 scene create: Realm 1 1
2024-07-09 11:42:35.5630 scene create: Gate 2 1
2024-07-09 11:42:35.5712 scene create: Gate 3 1
2024-07-09 11:42:35.5712 scene create: Location 4 1
2024-07-09 11:42:35.5712 scene create: Match 5 1
2024-07-09 11:42:35.5712 scene create: Map 6 1
2024-07-09 11:42:35.5873 scene create: Map 7 1
2024-07-09 11:42:35.5873 scene create: RouterManager 300 1
2024-07-09 11:42:35.6179 scene create: Router 301 1
2024-07-09 11:42:35.6179 scene create: Router 302 1
2024-07-09 11:42:35.6320 scene create: Router 303 1
2024-07-09 11:42:35.6320 scene create: Router 304 1
2024-07-09 11:44:22.8637 scene create: NetInner -2 1
2024-07-09 11:44:22.8754 scene create: Realm 1 1
2024-07-09 11:44:22.8754 scene create: Gate 2 1
2024-07-09 11:44:22.8825 scene create: Gate 3 1
2024-07-09 11:44:22.8825 scene create: Location 4 1
2024-07-09 11:44:22.8825 scene create: Match 5 1
2024-07-09 11:44:22.8825 scene create: Map 6 1
2024-07-09 11:44:22.8986 scene create: Map 7 1
2024-07-09 11:44:22.8986 scene create: RouterManager 300 1
2024-07-09 11:44:22.9384 scene create: Router 301 1
2024-07-09 11:44:22.9468 scene create: Router 302 1
2024-07-09 11:44:22.9468 scene create: Router 303 1
2024-07-09 11:44:22.9468 scene create: Router 304 1
