2024-07-09 23:01:53.0115 scene create: NetInner -2 1
2024-07-09 23:01:53.0294 scene create: Realm 1 1
2024-07-09 23:01:53.0294 scene create: Gate 2 1
2024-07-09 23:01:53.0406 scene create: Gate 3 1
2024-07-09 23:01:53.0406 scene create: Location 4 1
2024-07-09 23:01:53.0406 scene create: Match 5 1
2024-07-09 23:01:53.0406 scene create: Map 6 1
2024-07-09 23:01:53.0574 scene create: Map 7 1
2024-07-09 23:01:53.0574 scene create: RouterManager 300 1
2024-07-09 23:01:53.0905 scene create: Router 301 1
2024-07-09 23:01:53.0905 scene create: Router 302 1
2024-07-09 23:01:53.1016 scene create: Router 303 1
2024-07-09 23:01:53.1016 scene create: Router 304 1
2024-07-09 23:05:54.0279 scene create: NetInner -2 1
2024-07-09 23:05:54.0495 scene create: Realm 1 1
2024-07-09 23:05:54.0562 scene create: Gate 2 1
2024-07-09 23:05:54.0562 scene create: Gate 3 1
2024-07-09 23:05:54.0562 scene create: Location 4 1
2024-07-09 23:05:54.0694 scene create: Match 5 1
2024-07-09 23:05:54.0694 scene create: Map 6 1
2024-07-09 23:05:54.0694 scene create: Map 7 1
2024-07-09 23:05:54.0694 scene create: RouterManager 300 1
2024-07-09 23:05:54.1209 scene create: Router 301 1
2024-07-09 23:05:54.1326 scene create: Router 302 1
2024-07-09 23:05:54.1326 scene create: Router 303 1
2024-07-09 23:05:54.1326 scene create: Router 304 1
2024-07-09 23:07:25.7302 scene create: NetInner -2 1
2024-07-09 23:07:25.7446 scene create: Realm 1 1
2024-07-09 23:07:25.7446 scene create: Gate 2 1
2024-07-09 23:07:25.7446 scene create: Gate 3 1
2024-07-09 23:07:25.7585 scene create: Location 4 1
2024-07-09 23:07:25.7585 scene create: Match 5 1
2024-07-09 23:07:25.7585 scene create: Map 6 1
2024-07-09 23:07:25.7585 scene create: Map 7 1
2024-07-09 23:07:25.7745 scene create: RouterManager 300 1
2024-07-09 23:07:25.8008 scene create: Router 301 1
2024-07-09 23:07:25.8088 scene create: Router 302 1
2024-07-09 23:07:25.8088 scene create: Router 303 1
2024-07-09 23:07:25.8088 scene create: Router 304 1
2024-07-09 23:09:36.5810 scene create: NetInner -2 1
2024-07-09 23:09:36.5955 scene create: Realm 1 1
2024-07-09 23:09:36.6010 scene create: Gate 2 1
2024-07-09 23:09:36.6010 scene create: Gate 3 1
2024-07-09 23:09:36.6010 scene create: Location 4 1
2024-07-09 23:09:36.6010 scene create: Match 5 1
2024-07-09 23:09:36.6183 scene create: Map 6 1
2024-07-09 23:09:36.6183 scene create: Map 7 1
2024-07-09 23:09:36.6183 scene create: RouterManager 300 1
2024-07-09 23:09:36.6540 scene create: Router 301 1
2024-07-09 23:09:36.6645 scene create: Router 302 1
2024-07-09 23:09:36.6645 scene create: Router 303 1
2024-07-09 23:09:36.6645 scene create: Router 304 1
2024-07-09 23:10:29.7063 scene create: NetInner -2 1
2024-07-09 23:10:29.7193 scene create: Realm 1 1
2024-07-09 23:10:29.7193 scene create: Gate 2 1
2024-07-09 23:10:29.7287 scene create: Gate 3 1
2024-07-09 23:10:29.7287 scene create: Location 4 1
2024-07-09 23:10:29.7287 scene create: Match 5 1
2024-07-09 23:10:29.7287 scene create: Map 6 1
2024-07-09 23:10:29.7447 scene create: Map 7 1
2024-07-09 23:10:29.7447 scene create: RouterManager 300 1
2024-07-09 23:10:29.7777 scene create: Router 301 1
2024-07-09 23:10:29.7777 scene create: Router 302 1
2024-07-09 23:10:29.7900 scene create: Router 303 1
2024-07-09 23:10:29.7900 scene create: Router 304 1
2024-07-09 23:10:40.6426 scene create: NetInner -2 1
2024-07-09 23:10:40.6574 scene create: Realm 1 1
2024-07-09 23:10:40.6637 scene create: Gate 2 1
2024-07-09 23:10:40.6637 scene create: Gate 3 1
2024-07-09 23:10:40.6637 scene create: Location 4 1
2024-07-09 23:10:40.6637 scene create: Match 5 1
2024-07-09 23:10:40.6798 scene create: Map 6 1
2024-07-09 23:10:40.6798 scene create: Map 7 1
2024-07-09 23:10:40.6798 scene create: RouterManager 300 1
2024-07-09 23:10:40.7169 scene create: Router 301 1
2024-07-09 23:10:40.7260 scene create: Router 302 1
2024-07-09 23:10:40.7260 scene create: Router 303 1
2024-07-09 23:10:40.7260 scene create: Router 304 1
