2024-07-09 12:45:03.8843 (KChannel.cs:89) channel create: 2147483650 839351609 127.0.0.1:62885 Accept
2024-07-09 12:45:03.8843 (Session.cs:51) session create: zone: 1 id: 2147483650 1720500303890 
2024-07-09 12:45:03.8843 (KService.cs:319) kservice syn: 2147483650 839351609 2147483650 127.0.0.1:62885
2024-07-09 12:45:03.9108 (NetComponentSystem.cs:77) { "_t" : "C2G_LoginGate", "RpcId" : 1, "Key" : NumberLong("6601463595966870643"), "GateId" : NumberLong(2) }
2024-07-09 12:45:03.9258 (LocationProxyComponentSystem.cs:15) location proxy add 1209267049725953, 1:2:341471817250111573 1720500303925
2024-07-09 12:45:03.9448 (LocationProxyComponentSystem.cs:15) location proxy add 1209267049725953, 1:2:341471817250111572 1720500303944
2024-07-09 12:45:03.9448 (Session.cs:153) { "_t" : "G2C_LoginGate", "RpcId" : 1, "Error" : 0, "Message" : null, "PlayerId" : NumberLong("1209267049725953") }
2024-07-09 12:45:04.5331 (NetComponentSystem.cs:77) { "_t" : "C2G_Match", "RpcId" : 2 }
2024-07-09 12:45:04.5444 (Session.cs:153) { "_t" : "G2C_Match", "RpcId" : 2, "Error" : 0, "Message" : null }
2024-07-09 12:45:04.5727 (Session.cs:153) { "_t" : "Match2G_NotifyMatchSuccess", "RpcId" : 0, "ActorId" : { "Address" : { "Process" : 1, "Fiber" : 10000001 }, "InstanceId" : NumberLong(1) } }
2024-07-09 12:45:05.1678 (NetComponentSystem.cs:77) { "_t" : "C2Room_ChangeSceneFinish", "PlayerId" : NumberLong(0) }
2024-07-09 12:45:06.2739 (Session.cs:153) { "_t" : "Room2C_Start", "StartTime" : NumberLong("1720500306172"), "UnitInfo" : [{ "PlayerId" : NumberLong("1209267049725953"), "Position" : { "x" : { "_serializedValue" : NumberLong("85899345920") }, "y" : { "_serializedValue" : NumberLong(0) }, "z" : { "_serializedValue" : NumberLong("-42949672960") } }, "Rotation" : { "x" : { "_serializedValue" : NumberLong(0) }, "y" : { "_serializedValue" : NumberLong(0) }, "z" : { "_serializedValue" : NumberLong(0) }, "w" : { "_serializedValue" : NumberLong("4294967296") } }, "ActionGroup" : 0 }] }
2024-07-09 12:45:06.2931 (Session.cs:153) { "_t" : "OneFrameInputs", "Inputs" : [[NumberLong("1209267049725953"), { "V" : { "x" : { "_serializedValue" : NumberLong(0) }, "y" : { "_serializedValue" : NumberLong(0) } }, "Button" : 0 }]] }
2024-07-09 12:45:06.2931 (Session.cs:153) { "_t" : "OneFrameInputs", "Inputs" : [[NumberLong("1209267049725953"), { "V" : { "x" : { "_serializedValue" : NumberLong(0) }, "y" : { "_serializedValue" : NumberLong(0) } }, "Button" : 0 }]] }
2024-07-09 12:45:06.2931 (Session.cs:153) { "_t" : "OneFrameInputs", "Inputs" : [[NumberLong("1209267049725953"), { "V" : { "x" : { "_serializedValue" : NumberLong(0) }, "y" : { "_serializedValue" : NumberLong(0) } }, "Button" : 0 }]] }
2024-07-09 12:45:06.3234 (Session.cs:153) { "_t" : "OneFrameInputs", "Inputs" : [[NumberLong("1209267049725953"), { "V" : { "x" : { "_serializedValue" : NumberLong(0) }, "y" : { "_serializedValue" : NumberLong(0) } }, "Button" : 0 }]] }
2024-07-09 12:45:06.3731 (Session.cs:153) { "_t" : "OneFrameInputs", "Inputs" : [[NumberLong("1209267049725953"), { "V" : { "x" : { "_serializedValue" : NumberLong(0) }, "y" : { "_serializedValue" : NumberLong(0) } }, "Button" : 0 }]] }
2024-07-09 12:45:06.3965 (NetComponentSystem.cs:77) { "_t" : "FrameMessage", "Frame" : 0, "PlayerId" : NumberLong(0), "Input" : { "V" : { "x" : { "_serializedValue" : NumberLong(0) }, "y" : { "_serializedValue" : NumberLong(0) } }, "Button" : 0 } }
2024-07-09 12:45:06.4001 (Session.cs:153) { "_t" : "Room2C_AdjustUpdateTime", "DiffTime" : -225 }
2024-07-09 12:45:06.4164 (NetComponentSystem.cs:77) { "_t" : "FrameMessage", "Frame" : 1, "PlayerId" : NumberLong(0), "Input" : { "V" : { "x" : { "_serializedValue" : NumberLong(0) }, "y" : { "_serializedValue" : NumberLong(0) } }, "Button" : 0 } }
2024-07-09 12:45:06.4164 (NetComponentSystem.cs:77) { "_t" : "FrameMessage", "Frame" : 2, "PlayerId" : NumberLong(0), "Input" : { "V" : { "x" : { "_serializedValue" : NumberLong(0) }, "y" : { "_serializedValue" : NumberLong(0) } }, "Button" : 0 } }
2024-07-09 12:45:06.4164 (NetComponentSystem.cs:77) { "_t" : "FrameMessage", "Frame" : 3, "PlayerId" : NumberLong(0), "Input" : { "V" : { "x" : { "_serializedValue" : NumberLong(0) }, "y" : { "_serializedValue" : NumberLong(0) } }, "Button" : 0 } }
2024-07-09 12:45:06.4164 (NetComponentSystem.cs:77) { "_t" : "FrameMessage", "Frame" : 4, "PlayerId" : NumberLong(0), "Input" : { "V" : { "x" : { "_serializedValue" : NumberLong(0) }, "y" : { "_serializedValue" : NumberLong(0) } }, "Button" : 0 } }
2024-07-09 12:45:06.4164 (Session.cs:153) { "_t" : "OneFrameInputs", "Inputs" : [[NumberLong("1209267049725953"), { "V" : { "x" : { "_serializedValue" : NumberLong(0) }, "y" : { "_serializedValue" : NumberLong(0) } }, "Button" : 0 }]] }
2024-07-09 12:45:06.4323 (NetComponentSystem.cs:77) { "_t" : "FrameMessage", "Frame" : 5, "PlayerId" : NumberLong(0), "Input" : { "V" : { "x" : { "_serializedValue" : NumberLong(0) }, "y" : { "_serializedValue" : NumberLong(0) } }, "Button" : 0 } }
2024-07-09 12:45:06.4684 (NetComponentSystem.cs:77) { "_t" : "FrameMessage", "Frame" : 6, "PlayerId" : NumberLong(0), "Input" : { "V" : { "x" : { "_serializedValue" : NumberLong(0) }, "y" : { "_serializedValue" : NumberLong(0) } }, "Button" : 0 } }
2024-07-09 12:45:06.4684 (Session.cs:153) { "_t" : "OneFrameInputs", "Inputs" : [[NumberLong("1209267049725953"), { "V" : { "x" : { "_serializedValue" : NumberLong(0) }, "y" : { "_serializedValue" : NumberLong(0) } }, "Button" : 0 }]] }
2024-07-09 12:45:06.5000 (NetComponentSystem.cs:77) { "_t" : "FrameMessage", "Frame" : 7, "PlayerId" : NumberLong(0), "Input" : { "V" : { "x" : { "_serializedValue" : NumberLong(0) }, "y" : { "_serializedValue" : NumberLong(0) } }, "Button" : 0 } }
2024-07-09 12:45:06.5244 (Session.cs:153) { "_t" : "OneFrameInputs", "Inputs" : [[NumberLong("1209267049725953"), { "V" : { "x" : { "_serializedValue" : NumberLong(0) }, "y" : { "_serializedValue" : NumberLong(0) } }, "Button" : 0 }]] }
2024-07-09 12:45:06.5488 (NetComponentSystem.cs:77) { "_t" : "FrameMessage", "Frame" : 8, "PlayerId" : NumberLong(0), "Input" : { "V" : { "x" : { "_serializedValue" : NumberLong(0) }, "y" : { "_serializedValue" : NumberLong(0) } }, "Button" : 0 } }
2024-07-09 12:45:06.5730 (Session.cs:153) { "_t" : "OneFrameInputs", "Inputs" : [[NumberLong("1209267049725953"), { "V" : { "x" : { "_serializedValue" : NumberLong(0) }, "y" : { "_serializedValue" : NumberLong(0) } }, "Button" : 0 }]] }
2024-07-09 12:45:06.5730 (NetComponentSystem.cs:77) { "_t" : "FrameMessage", "Frame" : 9, "PlayerId" : NumberLong(0), "Input" : { "V" : { "x" : { "_serializedValue" : NumberLong(0) }, "y" : { "_serializedValue" : NumberLong(0) } }, "Button" : 0 } }
2024-07-09 12:45:06.6238 (NetComponentSystem.cs:77) { "_t" : "FrameMessage", "Frame" : 10, "PlayerId" : NumberLong(0), "Input" : { "V" : { "x" : { "_serializedValue" : NumberLong(0) }, "y" : { "_serializedValue" : NumberLong(0) } }, "Button" : 0 } }
2024-07-09 12:45:06.6238 (Session.cs:153) { "_t" : "OneFrameInputs", "Inputs" : [[NumberLong("1209267049725953"), { "V" : { "x" : { "_serializedValue" : NumberLong(0) }, "y" : { "_serializedValue" : NumberLong(0) } }, "Button" : 0 }]] }
2024-07-09 12:45:06.6583 (NetComponentSystem.cs:77) { "_t" : "FrameMessage", "Frame" : 11, "PlayerId" : NumberLong(0), "Input" : { "V" : { "x" : { "_serializedValue" : NumberLong(0) }, "y" : { "_serializedValue" : NumberLong(0) } }, "Button" : 0 } }
2024-07-09 12:45:06.6728 (Session.cs:153) { "_t" : "OneFrameInputs", "Inputs" : [[NumberLong("1209267049725953"), { "V" : { "x" : { "_serializedValue" : NumberLong(0) }, "y" : { "_serializedValue" : NumberLong(0) } }, "Button" : 0 }]] }
2024-07-09 12:45:06.7060 (NetComponentSystem.cs:77) { "_t" : "FrameMessage", "Frame" : 12, "PlayerId" : NumberLong(0), "Input" : { "V" : { "x" : { "_serializedValue" : NumberLong(0) }, "y" : { "_serializedValue" : NumberLong(0) } }, "Button" : 0 } }
2024-07-09 12:45:06.7235 (Session.cs:153) { "_t" : "OneFrameInputs", "Inputs" : [[NumberLong("1209267049725953"), { "V" : { "x" : { "_serializedValue" : NumberLong(0) }, "y" : { "_serializedValue" : NumberLong(0) } }, "Button" : 0 }]] }
2024-07-09 12:45:06.7391 (NetComponentSystem.cs:77) { "_t" : "FrameMessage", "Frame" : 13, "PlayerId" : NumberLong(0), "Input" : { "V" : { "x" : { "_serializedValue" : NumberLong(0) }, "y" : { "_serializedValue" : NumberLong(0) } }, "Button" : 0 } }
2024-07-09 12:45:06.7733 (Session.cs:153) { "_t" : "OneFrameInputs", "Inputs" : [[NumberLong("1209267049725953"), { "V" : { "x" : { "_serializedValue" : NumberLong(0) }, "y" : { "_serializedValue" : NumberLong(0) } }, "Button" : 0 }]] }
2024-07-09 12:45:06.7733 (NetComponentSystem.cs:77) { "_t" : "FrameMessage", "Frame" : 14, "PlayerId" : NumberLong(0), "Input" : { "V" : { "x" : { "_serializedValue" : NumberLong(0) }, "y" : { "_serializedValue" : NumberLong(0) } }, "Button" : 0 } }
2024-07-09 12:45:06.8226 (NetComponentSystem.cs:77) { "_t" : "FrameMessage", "Frame" : 15, "PlayerId" : NumberLong(0), "Input" : { "V" : { "x" : { "_serializedValue" : NumberLong(0) }, "y" : { "_serializedValue" : NumberLong(0) } }, "Button" : 0 } }
2024-07-09 12:45:06.8226 (Session.cs:153) { "_t" : "OneFrameInputs", "Inputs" : [[NumberLong("1209267049725953"), { "V" : { "x" : { "_serializedValue" : NumberLong(0) }, "y" : { "_serializedValue" : NumberLong(0) } }, "Button" : 0 }]] }
2024-07-09 12:45:06.8579 (NetComponentSystem.cs:77) { "_t" : "FrameMessage", "Frame" : 16, "PlayerId" : NumberLong(0), "Input" : { "V" : { "x" : { "_serializedValue" : NumberLong(0) }, "y" : { "_serializedValue" : NumberLong(0) } }, "Button" : 0 } }
2024-07-09 12:45:06.8732 (Session.cs:153) { "_t" : "OneFrameInputs", "Inputs" : [[NumberLong("1209267049725953"), { "V" : { "x" : { "_serializedValue" : NumberLong(0) }, "y" : { "_serializedValue" : NumberLong(0) } }, "Button" : 0 }]] }
2024-07-09 12:45:06.9061 (NetComponentSystem.cs:77) { "_t" : "FrameMessage", "Frame" : 17, "PlayerId" : NumberLong(0), "Input" : { "V" : { "x" : { "_serializedValue" : NumberLong(0) }, "y" : { "_serializedValue" : NumberLong(0) } }, "Button" : 0 } }
2024-07-09 12:45:06.9233 (Session.cs:153) { "_t" : "OneFrameInputs", "Inputs" : [[NumberLong("1209267049725953"), { "V" : { "x" : { "_serializedValue" : NumberLong(0) }, "y" : { "_serializedValue" : NumberLong(0) } }, "Button" : 0 }]] }
2024-07-09 12:45:06.9415 (NetComponentSystem.cs:77) { "_t" : "FrameMessage", "Frame" : 18, "PlayerId" : NumberLong(0), "Input" : { "V" : { "x" : { "_serializedValue" : NumberLong(0) }, "y" : { "_serializedValue" : NumberLong(0) } }, "Button" : 0 } }
2024-07-09 12:45:06.9758 (Session.cs:153) { "_t" : "OneFrameInputs", "Inputs" : [[NumberLong("1209267049725953"), { "V" : { "x" : { "_serializedValue" : NumberLong(0) }, "y" : { "_serializedValue" : NumberLong(0) } }, "Button" : 0 }]] }
2024-07-09 12:45:06.9758 (NetComponentSystem.cs:77) { "_t" : "FrameMessage", "Frame" : 19, "PlayerId" : NumberLong(0), "Input" : { "V" : { "x" : { "_serializedValue" : NumberLong(0) }, "y" : { "_serializedValue" : NumberLong(0) } }, "Button" : 0 } }
2024-07-09 12:45:07.0241 (Session.cs:153) { "_t" : "OneFrameInputs", "Inputs" : [[NumberLong("1209267049725953"), { "V" : { "x" : { "_serializedValue" : NumberLong(0) }, "y" : { "_serializedValue" : NumberLong(0) } }, "Button" : 0 }]] }
2024-07-09 12:45:07.0241 (NetComponentSystem.cs:77) { "_t" : "FrameMessage", "Frame" : 20, "PlayerId" : NumberLong(0), "Input" : { "V" : { "x" : { "_serializedValue" : NumberLong(0) }, "y" : { "_serializedValue" : NumberLong(0) } }, "Button" : 0 } }
2024-07-09 12:45:07.0241 (Session.cs:153) { "_t" : "Room2C_AdjustUpdateTime", "DiffTime" : 145 }
2024-07-09 12:45:07.0711 (NetComponentSystem.cs:77) { "_t" : "FrameMessage", "Frame" : 21, "PlayerId" : NumberLong(0), "Input" : { "V" : { "x" : { "_serializedValue" : NumberLong(0) }, "y" : { "_serializedValue" : NumberLong(0) } }, "Button" : 0 } }
2024-07-09 12:45:07.0711 (Session.cs:153) { "_t" : "OneFrameInputs", "Inputs" : [[NumberLong("1209267049725953"), { "V" : { "x" : { "_serializedValue" : NumberLong(0) }, "y" : { "_serializedValue" : NumberLong(0) } }, "Button" : 0 }]] }
2024-07-09 12:45:07.1247 (NetComponentSystem.cs:77) { "_t" : "FrameMessage", "Frame" : 22, "PlayerId" : NumberLong(0), "Input" : { "V" : { "x" : { "_serializedValue" : NumberLong(0) }, "y" : { "_serializedValue" : NumberLong(0) } }, "Button" : 0 } }
2024-07-09 12:45:07.1247 (Session.cs:153) { "_t" : "OneFrameInputs", "Inputs" : [[NumberLong("1209267049725953"), { "V" : { "x" : { "_serializedValue" : NumberLong(0) }, "y" : { "_serializedValue" : NumberLong(0) } }, "Button" : 0 }]] }
2024-07-09 12:45:07.1741 (Session.cs:153) { "_t" : "OneFrameInputs", "Inputs" : [[NumberLong("1209267049725953"), { "V" : { "x" : { "_serializedValue" : NumberLong(0) }, "y" : { "_serializedValue" : NumberLong(0) } }, "Button" : 0 }]] }
2024-07-09 12:45:07.1877 (NetComponentSystem.cs:77) { "_t" : "FrameMessage", "Frame" : 23, "PlayerId" : NumberLong(0), "Input" : { "V" : { "x" : { "_serializedValue" : NumberLong(0) }, "y" : { "_serializedValue" : NumberLong(0) } }, "Button" : 0 } }
2024-07-09 12:45:07.2241 (Session.cs:153) { "_t" : "OneFrameInputs", "Inputs" : [[NumberLong("1209267049725953"), { "V" : { "x" : { "_serializedValue" : NumberLong(0) }, "y" : { "_serializedValue" : NumberLong(0) } }, "Button" : 0 }]] }
2024-07-09 12:45:07.2348 (NetComponentSystem.cs:77) { "_t" : "FrameMessage", "Frame" : 24, "PlayerId" : NumberLong(0), "Input" : { "V" : { "x" : { "_serializedValue" : NumberLong(0) }, "y" : { "_serializedValue" : NumberLong(0) } }, "Button" : 0 } }
2024-07-09 12:45:07.2729 (Session.cs:153) { "_t" : "OneFrameInputs", "Inputs" : [[NumberLong("1209267049725953"), { "V" : { "x" : { "_serializedValue" : NumberLong(0) }, "y" : { "_serializedValue" : NumberLong(0) } }, "Button" : 0 }]] }
2024-07-09 12:45:07.2923 (NetComponentSystem.cs:77) { "_t" : "FrameMessage", "Frame" : 25, "PlayerId" : NumberLong(0), "Input" : { "V" : { "x" : { "_serializedValue" : NumberLong(0) }, "y" : { "_serializedValue" : NumberLong(0) } }, "Button" : 0 } }
2024-07-09 12:45:07.3234 (Session.cs:153) { "_t" : "OneFrameInputs", "Inputs" : [[NumberLong("1209267049725953"), { "V" : { "x" : { "_serializedValue" : NumberLong(0) }, "y" : { "_serializedValue" : NumberLong(0) } }, "Button" : 0 }]] }
2024-07-09 12:45:07.3432 (NetComponentSystem.cs:77) { "_t" : "FrameMessage", "Frame" : 26, "PlayerId" : NumberLong(0), "Input" : { "V" : { "x" : { "_serializedValue" : NumberLong(0) }, "y" : { "_serializedValue" : NumberLong(0) } }, "Button" : 0 } }
2024-07-09 12:45:07.3749 (Session.cs:153) { "_t" : "OneFrameInputs", "Inputs" : [[NumberLong("1209267049725953"), { "V" : { "x" : { "_serializedValue" : NumberLong(0) }, "y" : { "_serializedValue" : NumberLong(0) } }, "Button" : 0 }]] }
2024-07-09 12:45:07.3969 (NetComponentSystem.cs:77) { "_t" : "FrameMessage", "Frame" : 27, "PlayerId" : NumberLong(0), "Input" : { "V" : { "x" : { "_serializedValue" : NumberLong(0) }, "y" : { "_serializedValue" : NumberLong(0) } }, "Button" : 0 } }
2024-07-09 12:45:07.4227 (Session.cs:153) { "_t" : "OneFrameInputs", "Inputs" : [[NumberLong("1209267049725953"), { "V" : { "x" : { "_serializedValue" : NumberLong(0) }, "y" : { "_serializedValue" : NumberLong(0) } }, "Button" : 0 }]] }
2024-07-09 12:45:07.4584 (NetComponentSystem.cs:77) { "_t" : "FrameMessage", "Frame" : 28, "PlayerId" : NumberLong(0), "Input" : { "V" : { "x" : { "_serializedValue" : NumberLong(0) }, "y" : { "_serializedValue" : NumberLong(0) } }, "Button" : 0 } }
2024-07-09 12:45:07.4733 (Session.cs:153) { "_t" : "OneFrameInputs", "Inputs" : [[NumberLong("1209267049725953"), { "V" : { "x" : { "_serializedValue" : NumberLong(0) }, "y" : { "_serializedValue" : NumberLong(0) } }, "Button" : 0 }]] }
2024-07-09 12:45:07.5111 (NetComponentSystem.cs:77) { "_t" : "FrameMessage", "Frame" : 29, "PlayerId" : NumberLong(0), "Input" : { "V" : { "x" : { "_serializedValue" : NumberLong(0) }, "y" : { "_serializedValue" : NumberLong(0) } }, "Button" : 0 } }
2024-07-09 12:45:07.5249 (Session.cs:153) { "_t" : "OneFrameInputs", "Inputs" : [[NumberLong("1209267049725953"), { "V" : { "x" : { "_serializedValue" : NumberLong(0) }, "y" : { "_serializedValue" : NumberLong(0) } }, "Button" : 0 }]] }
2024-07-09 12:45:07.5635 (NetComponentSystem.cs:77) { "_t" : "FrameMessage", "Frame" : 30, "PlayerId" : NumberLong(0), "Input" : { "V" : { "x" : { "_serializedValue" : NumberLong(0) }, "y" : { "_serializedValue" : NumberLong(0) } }, "Button" : 0 } }
2024-07-09 12:45:07.5734 (Session.cs:153) { "_t" : "OneFrameInputs", "Inputs" : [[NumberLong("1209267049725953"), { "V" : { "x" : { "_serializedValue" : NumberLong(0) }, "y" : { "_serializedValue" : NumberLong(0) } }, "Button" : 0 }]] }
2024-07-09 12:45:07.6164 (NetComponentSystem.cs:77) { "_t" : "FrameMessage", "Frame" : 31, "PlayerId" : NumberLong(0), "Input" : { "V" : { "x" : { "_serializedValue" : NumberLong(0) }, "y" : { "_serializedValue" : NumberLong(0) } }, "Button" : 0 } }
2024-07-09 12:45:07.6164 (Session.cs:153) { "_t" : "OneFrameInputs", "Inputs" : [[NumberLong("1209267049725953"), { "V" : { "x" : { "_serializedValue" : NumberLong(0) }, "y" : { "_serializedValue" : NumberLong(0) } }, "Button" : 0 }]] }
2024-07-09 12:45:07.6711 (NetComponentSystem.cs:77) { "_t" : "FrameMessage", "Frame" : 32, "PlayerId" : NumberLong(0), "Input" : { "V" : { "x" : { "_serializedValue" : NumberLong(0) }, "y" : { "_serializedValue" : NumberLong(0) } }, "Button" : 0 } }
2024-07-09 12:45:07.6711 (Session.cs:153) { "_t" : "OneFrameInputs", "Inputs" : [[NumberLong("1209267049725953"), { "V" : { "x" : { "_serializedValue" : NumberLong(0) }, "y" : { "_serializedValue" : NumberLong(0) } }, "Button" : 0 }]] }
2024-07-09 12:45:07.7261 (NetComponentSystem.cs:77) { "_t" : "FrameMessage", "Frame" : 33, "PlayerId" : NumberLong(0), "Input" : { "V" : { "x" : { "_serializedValue" : NumberLong(0) }, "y" : { "_serializedValue" : NumberLong(0) } }, "Button" : 0 } }
2024-07-09 12:45:07.7261 (Session.cs:153) { "_t" : "OneFrameInputs", "Inputs" : [[NumberLong("1209267049725953"), { "V" : { "x" : { "_serializedValue" : NumberLong(0) }, "y" : { "_serializedValue" : NumberLong(0) } }, "Button" : 0 }]] }
2024-07-09 12:45:07.7741 (Session.cs:153) { "_t" : "OneFrameInputs", "Inputs" : [[NumberLong("1209267049725953"), { "V" : { "x" : { "_serializedValue" : NumberLong(0) }, "y" : { "_serializedValue" : NumberLong(0) } }, "Button" : 0 }]] }
2024-07-09 12:45:07.7741 (NetComponentSystem.cs:77) { "_t" : "FrameMessage", "Frame" : 34, "PlayerId" : NumberLong(0), "Input" : { "V" : { "x" : { "_serializedValue" : NumberLong(0) }, "y" : { "_serializedValue" : NumberLong(0) } }, "Button" : 0 } }
2024-07-09 12:45:07.8232 (Session.cs:153) { "_t" : "OneFrameInputs", "Inputs" : [[NumberLong("1209267049725953"), { "V" : { "x" : { "_serializedValue" : NumberLong(0) }, "y" : { "_serializedValue" : NumberLong(0) } }, "Button" : 0 }]] }
2024-07-09 12:45:07.8232 (NetComponentSystem.cs:77) { "_t" : "FrameMessage", "Frame" : 35, "PlayerId" : NumberLong(0), "Input" : { "V" : { "x" : { "_serializedValue" : NumberLong(0) }, "y" : { "_serializedValue" : NumberLong(0) } }, "Button" : 0 } }
2024-07-09 12:45:07.8735 (Session.cs:153) { "_t" : "OneFrameInputs", "Inputs" : [[NumberLong("1209267049725953"), { "V" : { "x" : { "_serializedValue" : NumberLong(0) }, "y" : { "_serializedValue" : NumberLong(0) } }, "Button" : 0 }]] }
2024-07-09 12:45:07.8850 (NetComponentSystem.cs:77) { "_t" : "FrameMessage", "Frame" : 36, "PlayerId" : NumberLong(0), "Input" : { "V" : { "x" : { "_serializedValue" : NumberLong(0) }, "y" : { "_serializedValue" : NumberLong(0) } }, "Button" : 0 } }
2024-07-09 12:45:07.9260 (Session.cs:153) { "_t" : "OneFrameInputs", "Inputs" : [[NumberLong("1209267049725953"), { "V" : { "x" : { "_serializedValue" : NumberLong(0) }, "y" : { "_serializedValue" : NumberLong(0) } }, "Button" : 0 }]] }
2024-07-09 12:45:07.9458 (NetComponentSystem.cs:77) { "_t" : "FrameMessage", "Frame" : 37, "PlayerId" : NumberLong(0), "Input" : { "V" : { "x" : { "_serializedValue" : NumberLong(0) }, "y" : { "_serializedValue" : NumberLong(0) } }, "Button" : 0 } }
2024-07-09 12:45:07.9762 (Session.cs:153) { "_t" : "OneFrameInputs", "Inputs" : [[NumberLong("1209267049725953"), { "V" : { "x" : { "_serializedValue" : NumberLong(0) }, "y" : { "_serializedValue" : NumberLong(0) } }, "Button" : 0 }]] }
2024-07-09 12:45:07.9981 (NetComponentSystem.cs:77) { "_t" : "FrameMessage", "Frame" : 38, "PlayerId" : NumberLong(0), "Input" : { "V" : { "x" : { "_serializedValue" : NumberLong(0) }, "y" : { "_serializedValue" : NumberLong(0) } }, "Button" : 0 } }
2024-07-09 12:45:08.0242 (Session.cs:153) { "_t" : "OneFrameInputs", "Inputs" : [[NumberLong("1209267049725953"), { "V" : { "x" : { "_serializedValue" : NumberLong(0) }, "y" : { "_serializedValue" : NumberLong(0) } }, "Button" : 0 }]] }
2024-07-09 12:45:08.0492 (NetComponentSystem.cs:77) { "_t" : "FrameMessage", "Frame" : 39, "PlayerId" : NumberLong(0), "Input" : { "V" : { "x" : { "_serializedValue" : NumberLong(0) }, "y" : { "_serializedValue" : NumberLong(0) } }, "Button" : 0 } }
2024-07-09 12:45:08.0731 (Session.cs:153) { "_t" : "OneFrameInputs", "Inputs" : [[NumberLong("1209267049725953"), { "V" : { "x" : { "_serializedValue" : NumberLong(0) }, "y" : { "_serializedValue" : NumberLong(0) } }, "Button" : 0 }]] }
2024-07-09 12:45:08.1123 (NetComponentSystem.cs:77) { "_t" : "FrameMessage", "Frame" : 40, "PlayerId" : NumberLong(0), "Input" : { "V" : { "x" : { "_serializedValue" : NumberLong(0) }, "y" : { "_serializedValue" : NumberLong(0) } }, "Button" : 0 } }
2024-07-09 12:45:08.1123 (Session.cs:153) { "_t" : "Room2C_AdjustUpdateTime", "DiffTime" : 60 }
2024-07-09 12:45:08.1252 (Session.cs:153) { "_t" : "OneFrameInputs", "Inputs" : [[NumberLong("1209267049725953"), { "V" : { "x" : { "_serializedValue" : NumberLong(0) }, "y" : { "_serializedValue" : NumberLong(0) } }, "Button" : 0 }]] }
2024-07-09 12:45:08.1565 (NetComponentSystem.cs:77) { "_t" : "FrameMessage", "Frame" : 41, "PlayerId" : NumberLong(0), "Input" : { "V" : { "x" : { "_serializedValue" : NumberLong(0) }, "y" : { "_serializedValue" : NumberLong(0) } }, "Button" : 0 } }
2024-07-09 12:45:08.1736 (Session.cs:153) { "_t" : "OneFrameInputs", "Inputs" : [[NumberLong("1209267049725953"), { "V" : { "x" : { "_serializedValue" : NumberLong(0) }, "y" : { "_serializedValue" : NumberLong(0) } }, "Button" : 0 }]] }
2024-07-09 12:45:08.2120 (NetComponentSystem.cs:77) { "_t" : "FrameMessage", "Frame" : 42, "PlayerId" : NumberLong(0), "Input" : { "V" : { "x" : { "_serializedValue" : NumberLong(0) }, "y" : { "_serializedValue" : NumberLong(0) } }, "Button" : 0 } }
2024-07-09 12:45:08.2260 (Session.cs:153) { "_t" : "OneFrameInputs", "Inputs" : [[NumberLong("1209267049725953"), { "V" : { "x" : { "_serializedValue" : NumberLong(0) }, "y" : { "_serializedValue" : NumberLong(0) } }, "Button" : 0 }]] }
2024-07-09 12:45:08.2618 (NetComponentSystem.cs:77) { "_t" : "FrameMessage", "Frame" : 43, "PlayerId" : NumberLong(0), "Input" : { "V" : { "x" : { "_serializedValue" : NumberLong(0) }, "y" : { "_serializedValue" : NumberLong(0) } }, "Button" : 0 } }
2024-07-09 12:45:08.2729 (Session.cs:153) { "_t" : "OneFrameInputs", "Inputs" : [[NumberLong("1209267049725953"), { "V" : { "x" : { "_serializedValue" : NumberLong(0) }, "y" : { "_serializedValue" : NumberLong(0) } }, "Button" : 0 }]] }
2024-07-09 12:45:08.3111 (NetComponentSystem.cs:77) { "_t" : "FrameMessage", "Frame" : 44, "PlayerId" : NumberLong(0), "Input" : { "V" : { "x" : { "_serializedValue" : NumberLong(0) }, "y" : { "_serializedValue" : NumberLong(0) } }, "Button" : 0 } }
2024-07-09 12:45:08.3232 (Session.cs:153) { "_t" : "OneFrameInputs", "Inputs" : [[NumberLong("1209267049725953"), { "V" : { "x" : { "_serializedValue" : NumberLong(0) }, "y" : { "_serializedValue" : NumberLong(0) } }, "Button" : 0 }]] }
2024-07-09 12:45:08.3600 (NetComponentSystem.cs:77) { "_t" : "FrameMessage", "Frame" : 45, "PlayerId" : NumberLong(0), "Input" : { "V" : { "x" : { "_serializedValue" : NumberLong(0) }, "y" : { "_serializedValue" : NumberLong(0) } }, "Button" : 0 } }
2024-07-09 12:45:08.3733 (Session.cs:153) { "_t" : "OneFrameInputs", "Inputs" : [[NumberLong("1209267049725953"), { "V" : { "x" : { "_serializedValue" : NumberLong(0) }, "y" : { "_serializedValue" : NumberLong(0) } }, "Button" : 0 }]] }
2024-07-09 12:45:08.4056 (NetComponentSystem.cs:77) { "_t" : "FrameMessage", "Frame" : 46, "PlayerId" : NumberLong(0), "Input" : { "V" : { "x" : { "_serializedValue" : NumberLong(0) }, "y" : { "_serializedValue" : NumberLong(0) } }, "Button" : 0 } }
2024-07-09 12:45:08.4237 (Session.cs:153) { "_t" : "OneFrameInputs", "Inputs" : [[NumberLong("1209267049725953"), { "V" : { "x" : { "_serializedValue" : NumberLong(0) }, "y" : { "_serializedValue" : NumberLong(0) } }, "Button" : 0 }]] }
2024-07-09 12:45:08.4527 (NetComponentSystem.cs:77) { "_t" : "FrameMessage", "Frame" : 47, "PlayerId" : NumberLong(0), "Input" : { "V" : { "x" : { "_serializedValue" : NumberLong(0) }, "y" : { "_serializedValue" : NumberLong(0) } }, "Button" : 0 } }
2024-07-09 12:45:08.4776 (Session.cs:153) { "_t" : "OneFrameInputs", "Inputs" : [[NumberLong("1209267049725953"), { "V" : { "x" : { "_serializedValue" : NumberLong(0) }, "y" : { "_serializedValue" : NumberLong(0) } }, "Button" : 0 }]] }
2024-07-09 12:45:08.5132 (NetComponentSystem.cs:77) { "_t" : "FrameMessage", "Frame" : 48, "PlayerId" : NumberLong(0), "Input" : { "V" : { "x" : { "_serializedValue" : NumberLong(0) }, "y" : { "_serializedValue" : NumberLong(0) } }, "Button" : 0 } }
2024-07-09 12:45:08.5233 (Session.cs:153) { "_t" : "OneFrameInputs", "Inputs" : [[NumberLong("1209267049725953"), { "V" : { "x" : { "_serializedValue" : NumberLong(0) }, "y" : { "_serializedValue" : NumberLong(0) } }, "Button" : 0 }]] }
2024-07-09 12:45:08.5529 (NetComponentSystem.cs:77) { "_t" : "FrameMessage", "Frame" : 49, "PlayerId" : NumberLong(0), "Input" : { "V" : { "x" : { "_serializedValue" : NumberLong(0) }, "y" : { "_serializedValue" : NumberLong(0) } }, "Button" : 0 } }
2024-07-09 12:45:08.5760 (Session.cs:153) { "_t" : "OneFrameInputs", "Inputs" : [[NumberLong("1209267049725953"), { "V" : { "x" : { "_serializedValue" : NumberLong(0) }, "y" : { "_serializedValue" : NumberLong(0) } }, "Button" : 0 }]] }
2024-07-09 12:45:08.6039 (NetComponentSystem.cs:77) { "_t" : "FrameMessage", "Frame" : 50, "PlayerId" : NumberLong(0), "Input" : { "V" : { "x" : { "_serializedValue" : NumberLong(0) }, "y" : { "_serializedValue" : NumberLong(0) } }, "Button" : 0 } }
2024-07-09 12:45:08.6231 (Session.cs:153) { "_t" : "OneFrameInputs", "Inputs" : [[NumberLong("1209267049725953"), { "V" : { "x" : { "_serializedValue" : NumberLong(0) }, "y" : { "_serializedValue" : NumberLong(0) } }, "Button" : 0 }]] }
2024-07-09 12:45:08.6537 (NetComponentSystem.cs:77) { "_t" : "FrameMessage", "Frame" : 51, "PlayerId" : NumberLong(0), "Input" : { "V" : { "x" : { "_serializedValue" : NumberLong(0) }, "y" : { "_serializedValue" : NumberLong(0) } }, "Button" : 0 } }
2024-07-09 12:45:08.6759 (Session.cs:153) { "_t" : "OneFrameInputs", "Inputs" : [[NumberLong("1209267049725953"), { "V" : { "x" : { "_serializedValue" : NumberLong(0) }, "y" : { "_serializedValue" : NumberLong(0) } }, "Button" : 0 }]] }
2024-07-09 12:45:08.7134 (NetComponentSystem.cs:77) { "_t" : "FrameMessage", "Frame" : 52, "PlayerId" : NumberLong(0), "Input" : { "V" : { "x" : { "_serializedValue" : NumberLong(0) }, "y" : { "_serializedValue" : NumberLong(0) } }, "Button" : 0 } }
2024-07-09 12:45:08.7134 (Session.cs:153) { "_t" : "OneFrameInputs", "Inputs" : [[NumberLong("1209267049725953"), { "V" : { "x" : { "_serializedValue" : NumberLong(0) }, "y" : { "_serializedValue" : NumberLong(0) } }, "Button" : 0 }]] }
2024-07-09 12:45:08.7607 (NetComponentSystem.cs:77) { "_t" : "FrameMessage", "Frame" : 53, "PlayerId" : NumberLong(0), "Input" : { "V" : { "x" : { "_serializedValue" : NumberLong(0) }, "y" : { "_serializedValue" : NumberLong(0) } }, "Button" : 0 } }
2024-07-09 12:45:08.7731 (Session.cs:153) { "_t" : "OneFrameInputs", "Inputs" : [[NumberLong("1209267049725953"), { "V" : { "x" : { "_serializedValue" : NumberLong(0) }, "y" : { "_serializedValue" : NumberLong(0) } }, "Button" : 0 }]] }
2024-07-09 12:45:08.8038 (NetComponentSystem.cs:77) { "_t" : "FrameMessage", "Frame" : 54, "PlayerId" : NumberLong(0), "Input" : { "V" : { "x" : { "_serializedValue" : NumberLong(0) }, "y" : { "_serializedValue" : NumberLong(0) } }, "Button" : 0 } }
2024-07-09 12:45:08.8225 (Session.cs:153) { "_t" : "OneFrameInputs", "Inputs" : [[NumberLong("1209267049725953"), { "V" : { "x" : { "_serializedValue" : NumberLong(0) }, "y" : { "_serializedValue" : NumberLong(0) } }, "Button" : 0 }]] }
2024-07-09 12:45:08.8531 (NetComponentSystem.cs:77) { "_t" : "FrameMessage", "Frame" : 55, "PlayerId" : NumberLong(0), "Input" : { "V" : { "x" : { "_serializedValue" : NumberLong(0) }, "y" : { "_serializedValue" : NumberLong(0) } }, "Button" : 0 } }
2024-07-09 12:45:08.8738 (Session.cs:153) { "_t" : "OneFrameInputs", "Inputs" : [[NumberLong("1209267049725953"), { "V" : { "x" : { "_serializedValue" : NumberLong(0) }, "y" : { "_serializedValue" : NumberLong(0) } }, "Button" : 0 }]] }
2024-07-09 12:45:08.9035 (NetComponentSystem.cs:77) { "_t" : "FrameMessage", "Frame" : 56, "PlayerId" : NumberLong(0), "Input" : { "V" : { "x" : { "_serializedValue" : NumberLong(0) }, "y" : { "_serializedValue" : NumberLong(0) } }, "Button" : 0 } }
2024-07-09 12:45:08.9232 (Session.cs:153) { "_t" : "OneFrameInputs", "Inputs" : [[NumberLong("1209267049725953"), { "V" : { "x" : { "_serializedValue" : NumberLong(0) }, "y" : { "_serializedValue" : NumberLong(0) } }, "Button" : 0 }]] }
2024-07-09 12:45:08.9705 (NetComponentSystem.cs:77) { "_t" : "FrameMessage", "Frame" : 57, "PlayerId" : NumberLong(0), "Input" : { "V" : { "x" : { "_serializedValue" : NumberLong(0) }, "y" : { "_serializedValue" : NumberLong(0) } }, "Button" : 0 } }
2024-07-09 12:45:08.9705 (Session.cs:153) { "_t" : "OneFrameInputs", "Inputs" : [[NumberLong("1209267049725953"), { "V" : { "x" : { "_serializedValue" : NumberLong(0) }, "y" : { "_serializedValue" : NumberLong(0) } }, "Button" : 0 }]] }
2024-07-09 12:45:09.0141 (NetComponentSystem.cs:77) { "_t" : "FrameMessage", "Frame" : 58, "PlayerId" : NumberLong(0), "Input" : { "V" : { "x" : { "_serializedValue" : NumberLong(0) }, "y" : { "_serializedValue" : NumberLong(0) } }, "Button" : 0 } }
2024-07-09 12:45:09.0242 (Session.cs:153) { "_t" : "OneFrameInputs", "Inputs" : [[NumberLong("1209267049725953"), { "V" : { "x" : { "_serializedValue" : NumberLong(0) }, "y" : { "_serializedValue" : NumberLong(0) } }, "Button" : 0 }]] }
2024-07-09 12:45:09.0548 (NetComponentSystem.cs:77) { "_t" : "FrameMessage", "Frame" : 59, "PlayerId" : NumberLong(0), "Input" : { "V" : { "x" : { "_serializedValue" : NumberLong(0) }, "y" : { "_serializedValue" : NumberLong(0) } }, "Button" : 0 } }
2024-07-09 12:45:09.0734 (Session.cs:153) { "_t" : "OneFrameInputs", "Inputs" : [[NumberLong("1209267049725953"), { "V" : { "x" : { "_serializedValue" : NumberLong(0) }, "y" : { "_serializedValue" : NumberLong(0) } }, "Button" : 0 }]] }
2024-07-09 12:45:09.1056 (NetComponentSystem.cs:77) { "_t" : "FrameMessage", "Frame" : 60, "PlayerId" : NumberLong(0), "Input" : { "V" : { "x" : { "_serializedValue" : NumberLong(0) }, "y" : { "_serializedValue" : NumberLong(0) } }, "Button" : 0 } }
2024-07-09 12:45:09.1056 (Session.cs:153) { "_t" : "Room2C_AdjustUpdateTime", "DiffTime" : 67 }
2024-07-09 12:45:09.1226 (Session.cs:153) { "_t" : "OneFrameInputs", "Inputs" : [[NumberLong("1209267049725953"), { "V" : { "x" : { "_serializedValue" : NumberLong(0) }, "y" : { "_serializedValue" : NumberLong(0) } }, "Button" : 0 }]] }
2024-07-09 12:45:09.1573 (NetComponentSystem.cs:77) { "_t" : "FrameMessage", "Frame" : 61, "PlayerId" : NumberLong(0), "Input" : { "V" : { "x" : { "_serializedValue" : NumberLong(0) }, "y" : { "_serializedValue" : NumberLong(0) } }, "Button" : 0 } }
2024-07-09 12:45:09.1734 (Session.cs:153) { "_t" : "OneFrameInputs", "Inputs" : [[NumberLong("1209267049725953"), { "V" : { "x" : { "_serializedValue" : NumberLong(0) }, "y" : { "_serializedValue" : NumberLong(0) } }, "Button" : 0 }]] }
2024-07-09 12:45:09.2055 (NetComponentSystem.cs:77) { "_t" : "FrameMessage", "Frame" : 62, "PlayerId" : NumberLong(0), "Input" : { "V" : { "x" : { "_serializedValue" : NumberLong(0) }, "y" : { "_serializedValue" : NumberLong(0) } }, "Button" : 0 } }
2024-07-09 12:45:09.2231 (Session.cs:153) { "_t" : "OneFrameInputs", "Inputs" : [[NumberLong("1209267049725953"), { "V" : { "x" : { "_serializedValue" : NumberLong(0) }, "y" : { "_serializedValue" : NumberLong(0) } }, "Button" : 0 }]] }
2024-07-09 12:45:09.2532 (NetComponentSystem.cs:77) { "_t" : "FrameMessage", "Frame" : 63, "PlayerId" : NumberLong(0), "Input" : { "V" : { "x" : { "_serializedValue" : NumberLong(0) }, "y" : { "_serializedValue" : NumberLong(0) } }, "Button" : 0 } }
2024-07-09 12:45:09.2734 (Session.cs:153) { "_t" : "OneFrameInputs", "Inputs" : [[NumberLong("1209267049725953"), { "V" : { "x" : { "_serializedValue" : NumberLong(0) }, "y" : { "_serializedValue" : NumberLong(0) } }, "Button" : 0 }]] }
2024-07-09 12:45:09.3104 (NetComponentSystem.cs:77) { "_t" : "FrameMessage", "Frame" : 64, "PlayerId" : NumberLong(0), "Input" : { "V" : { "x" : { "_serializedValue" : NumberLong(0) }, "y" : { "_serializedValue" : NumberLong(0) } }, "Button" : 0 } }
2024-07-09 12:45:09.3232 (Session.cs:153) { "_t" : "OneFrameInputs", "Inputs" : [[NumberLong("1209267049725953"), { "V" : { "x" : { "_serializedValue" : NumberLong(0) }, "y" : { "_serializedValue" : NumberLong(0) } }, "Button" : 0 }]] }
2024-07-09 12:45:09.3584 (NetComponentSystem.cs:77) { "_t" : "FrameMessage", "Frame" : 65, "PlayerId" : NumberLong(0), "Input" : { "V" : { "x" : { "_serializedValue" : NumberLong(0) }, "y" : { "_serializedValue" : NumberLong(0) } }, "Button" : 0 } }
2024-07-09 12:45:09.3725 (Session.cs:153) { "_t" : "OneFrameInputs", "Inputs" : [[NumberLong("1209267049725953"), { "V" : { "x" : { "_serializedValue" : NumberLong(0) }, "y" : { "_serializedValue" : NumberLong(0) } }, "Button" : 0 }]] }
2024-07-09 12:45:09.4081 (NetComponentSystem.cs:77) { "_t" : "FrameMessage", "Frame" : 66, "PlayerId" : NumberLong(0), "Input" : { "V" : { "x" : { "_serializedValue" : NumberLong(0) }, "y" : { "_serializedValue" : NumberLong(0) } }, "Button" : 0 } }
2024-07-09 12:45:09.4230 (Session.cs:153) { "_t" : "OneFrameInputs", "Inputs" : [[NumberLong("1209267049725953"), { "V" : { "x" : { "_serializedValue" : NumberLong(0) }, "y" : { "_serializedValue" : NumberLong(0) } }, "Button" : 0 }]] }
2024-07-09 12:45:09.4596 (NetComponentSystem.cs:77) { "_t" : "FrameMessage", "Frame" : 67, "PlayerId" : NumberLong(0), "Input" : { "V" : { "x" : { "_serializedValue" : NumberLong(0) }, "y" : { "_serializedValue" : NumberLong(0) } }, "Button" : 0 } }
2024-07-09 12:45:09.4737 (Session.cs:153) { "_t" : "OneFrameInputs", "Inputs" : [[NumberLong("1209267049725953"), { "V" : { "x" : { "_serializedValue" : NumberLong(0) }, "y" : { "_serializedValue" : NumberLong(0) } }, "Button" : 0 }]] }
2024-07-09 12:45:09.5032 (NetComponentSystem.cs:77) { "_t" : "FrameMessage", "Frame" : 68, "PlayerId" : NumberLong(0), "Input" : { "V" : { "x" : { "_serializedValue" : NumberLong(0) }, "y" : { "_serializedValue" : NumberLong(0) } }, "Button" : 0 } }
2024-07-09 12:45:09.5229 (Session.cs:153) { "_t" : "OneFrameInputs", "Inputs" : [[NumberLong("1209267049725953"), { "V" : { "x" : { "_serializedValue" : NumberLong(0) }, "y" : { "_serializedValue" : NumberLong(0) } }, "Button" : 0 }]] }
2024-07-09 12:45:09.5614 (NetComponentSystem.cs:77) { "_t" : "FrameMessage", "Frame" : 69, "PlayerId" : NumberLong(0), "Input" : { "V" : { "x" : { "_serializedValue" : NumberLong(0) }, "y" : { "_serializedValue" : NumberLong(0) } }, "Button" : 0 } }
2024-07-09 12:45:09.5724 (Session.cs:153) { "_t" : "OneFrameInputs", "Inputs" : [[NumberLong("1209267049725953"), { "V" : { "x" : { "_serializedValue" : NumberLong(0) }, "y" : { "_serializedValue" : NumberLong(0) } }, "Button" : 0 }]] }
2024-07-09 12:45:09.6031 (NetComponentSystem.cs:77) { "_t" : "FrameMessage", "Frame" : 70, "PlayerId" : NumberLong(0), "Input" : { "V" : { "x" : { "_serializedValue" : NumberLong(0) }, "y" : { "_serializedValue" : NumberLong(0) } }, "Button" : 0 } }
2024-07-09 12:45:09.6240 (Session.cs:153) { "_t" : "OneFrameInputs", "Inputs" : [[NumberLong("1209267049725953"), { "V" : { "x" : { "_serializedValue" : NumberLong(0) }, "y" : { "_serializedValue" : NumberLong(0) } }, "Button" : 0 }]] }
2024-07-09 12:45:09.6625 (NetComponentSystem.cs:77) { "_t" : "FrameMessage", "Frame" : 71, "PlayerId" : NumberLong(0), "Input" : { "V" : { "x" : { "_serializedValue" : NumberLong(0) }, "y" : { "_serializedValue" : NumberLong(0) } }, "Button" : 0 } }
2024-07-09 12:45:09.6725 (Session.cs:153) { "_t" : "OneFrameInputs", "Inputs" : [[NumberLong("1209267049725953"), { "V" : { "x" : { "_serializedValue" : NumberLong(0) }, "y" : { "_serializedValue" : NumberLong(0) } }, "Button" : 0 }]] }
2024-07-09 12:45:09.7030 (NetComponentSystem.cs:77) { "_t" : "FrameMessage", "Frame" : 72, "PlayerId" : NumberLong(0), "Input" : { "V" : { "x" : { "_serializedValue" : NumberLong(0) }, "y" : { "_serializedValue" : NumberLong(0) } }, "Button" : 0 } }
2024-07-09 12:45:09.7232 (Session.cs:153) { "_t" : "OneFrameInputs", "Inputs" : [[NumberLong("1209267049725953"), { "V" : { "x" : { "_serializedValue" : NumberLong(0) }, "y" : { "_serializedValue" : NumberLong(0) } }, "Button" : 0 }]] }
2024-07-09 12:45:09.7549 (NetComponentSystem.cs:77) { "_t" : "FrameMessage", "Frame" : 73, "PlayerId" : NumberLong(0), "Input" : { "V" : { "x" : { "_serializedValue" : NumberLong(0) }, "y" : { "_serializedValue" : NumberLong(0) } }, "Button" : 0 } }
2024-07-09 12:45:09.7735 (Session.cs:153) { "_t" : "OneFrameInputs", "Inputs" : [[NumberLong("1209267049725953"), { "V" : { "x" : { "_serializedValue" : NumberLong(0) }, "y" : { "_serializedValue" : NumberLong(0) } }, "Button" : 0 }]] }
2024-07-09 12:45:09.8037 (NetComponentSystem.cs:77) { "_t" : "FrameMessage", "Frame" : 74, "PlayerId" : NumberLong(0), "Input" : { "V" : { "x" : { "_serializedValue" : NumberLong(0) }, "y" : { "_serializedValue" : NumberLong(0) } }, "Button" : 0 } }
2024-07-09 12:45:09.8228 (Session.cs:153) { "_t" : "OneFrameInputs", "Inputs" : [[NumberLong("1209267049725953"), { "V" : { "x" : { "_serializedValue" : NumberLong(0) }, "y" : { "_serializedValue" : NumberLong(0) } }, "Button" : 0 }]] }
2024-07-09 12:45:09.8604 (NetComponentSystem.cs:77) { "_t" : "FrameMessage", "Frame" : 75, "PlayerId" : NumberLong(0), "Input" : { "V" : { "x" : { "_serializedValue" : NumberLong(0) }, "y" : { "_serializedValue" : NumberLong(0) } }, "Button" : 0 } }
2024-07-09 12:45:09.8738 (Session.cs:153) { "_t" : "OneFrameInputs", "Inputs" : [[NumberLong("1209267049725953"), { "V" : { "x" : { "_serializedValue" : NumberLong(0) }, "y" : { "_serializedValue" : NumberLong(0) } }, "Button" : 0 }]] }
2024-07-09 12:45:09.9086 (NetComponentSystem.cs:77) { "_t" : "FrameMessage", "Frame" : 76, "PlayerId" : NumberLong(0), "Input" : { "V" : { "x" : { "_serializedValue" : NumberLong(0) }, "y" : { "_serializedValue" : NumberLong(0) } }, "Button" : 0 } }
2024-07-09 12:45:09.9231 (Session.cs:153) { "_t" : "OneFrameInputs", "Inputs" : [[NumberLong("1209267049725953"), { "V" : { "x" : { "_serializedValue" : NumberLong(0) }, "y" : { "_serializedValue" : NumberLong(0) } }, "Button" : 0 }]] }
2024-07-09 12:45:09.9474 (NetComponentSystem.cs:77) { "_t" : "FrameMessage", "Frame" : 77, "PlayerId" : NumberLong(0), "Input" : { "V" : { "x" : { "_serializedValue" : NumberLong(0) }, "y" : { "_serializedValue" : NumberLong(0) } }, "Button" : 0 } }
2024-07-09 12:45:09.9762 (Session.cs:153) { "_t" : "OneFrameInputs", "Inputs" : [[NumberLong("1209267049725953"), { "V" : { "x" : { "_serializedValue" : NumberLong(0) }, "y" : { "_serializedValue" : NumberLong(0) } }, "Button" : 0 }]] }
2024-07-09 12:45:10.0059 (NetComponentSystem.cs:77) { "_t" : "FrameMessage", "Frame" : 78, "PlayerId" : NumberLong(0), "Input" : { "V" : { "x" : { "_serializedValue" : NumberLong(0) }, "y" : { "_serializedValue" : NumberLong(0) } }, "Button" : 0 } }
2024-07-09 12:45:10.0235 (Session.cs:153) { "_t" : "OneFrameInputs", "Inputs" : [[NumberLong("1209267049725953"), { "V" : { "x" : { "_serializedValue" : NumberLong(0) }, "y" : { "_serializedValue" : NumberLong(0) } }, "Button" : 0 }]] }
2024-07-09 12:45:10.0501 (NetComponentSystem.cs:77) { "_t" : "FrameMessage", "Frame" : 79, "PlayerId" : NumberLong(0), "Input" : { "V" : { "x" : { "_serializedValue" : NumberLong(0) }, "y" : { "_serializedValue" : NumberLong(0) } }, "Button" : 0 } }
2024-07-09 12:45:10.0735 (Session.cs:153) { "_t" : "OneFrameInputs", "Inputs" : [[NumberLong("1209267049725953"), { "V" : { "x" : { "_serializedValue" : NumberLong(0) }, "y" : { "_serializedValue" : NumberLong(0) } }, "Button" : 0 }]] }
2024-07-09 12:45:10.0994 (NetComponentSystem.cs:77) { "_t" : "FrameMessage", "Frame" : 80, "PlayerId" : NumberLong(0), "Input" : { "V" : { "x" : { "_serializedValue" : NumberLong(0) }, "y" : { "_serializedValue" : NumberLong(0) } }, "Button" : 0 } }
2024-07-09 12:45:10.1021 (Session.cs:153) { "_t" : "Room2C_AdjustUpdateTime", "DiffTime" : 72 }
2024-07-09 12:45:10.1233 (Session.cs:153) { "_t" : "OneFrameInputs", "Inputs" : [[NumberLong("1209267049725953"), { "V" : { "x" : { "_serializedValue" : NumberLong(0) }, "y" : { "_serializedValue" : NumberLong(0) } }, "Button" : 0 }]] }
2024-07-09 12:45:10.1504 (NetComponentSystem.cs:77) { "_t" : "FrameMessage", "Frame" : 81, "PlayerId" : NumberLong(0), "Input" : { "V" : { "x" : { "_serializedValue" : NumberLong(0) }, "y" : { "_serializedValue" : NumberLong(0) } }, "Button" : 0 } }
2024-07-09 12:45:10.1740 (Session.cs:153) { "_t" : "OneFrameInputs", "Inputs" : [[NumberLong("1209267049725953"), { "V" : { "x" : { "_serializedValue" : NumberLong(0) }, "y" : { "_serializedValue" : NumberLong(0) } }, "Button" : 0 }]] }
2024-07-09 12:45:10.2080 (NetComponentSystem.cs:77) { "_t" : "FrameMessage", "Frame" : 82, "PlayerId" : NumberLong(0), "Input" : { "V" : { "x" : { "_serializedValue" : NumberLong(0) }, "y" : { "_serializedValue" : NumberLong(0) } }, "Button" : 0 } }
2024-07-09 12:45:10.2276 (Session.cs:153) { "_t" : "OneFrameInputs", "Inputs" : [[NumberLong("1209267049725953"), { "V" : { "x" : { "_serializedValue" : NumberLong(0) }, "y" : { "_serializedValue" : NumberLong(0) } }, "Button" : 0 }]] }
2024-07-09 12:45:10.2538 (NetComponentSystem.cs:77) { "_t" : "FrameMessage", "Frame" : 83, "PlayerId" : NumberLong(0), "Input" : { "V" : { "x" : { "_serializedValue" : NumberLong(0) }, "y" : { "_serializedValue" : NumberLong(0) } }, "Button" : 0 } }
2024-07-09 12:45:10.2734 (Session.cs:153) { "_t" : "OneFrameInputs", "Inputs" : [[NumberLong("1209267049725953"), { "V" : { "x" : { "_serializedValue" : NumberLong(0) }, "y" : { "_serializedValue" : NumberLong(0) } }, "Button" : 0 }]] }
2024-07-09 12:45:10.3105 (NetComponentSystem.cs:77) { "_t" : "FrameMessage", "Frame" : 84, "PlayerId" : NumberLong(0), "Input" : { "V" : { "x" : { "_serializedValue" : NumberLong(0) }, "y" : { "_serializedValue" : NumberLong(0) } }, "Button" : 0 } }
2024-07-09 12:45:10.3244 (Session.cs:153) { "_t" : "OneFrameInputs", "Inputs" : [[NumberLong("1209267049725953"), { "V" : { "x" : { "_serializedValue" : NumberLong(0) }, "y" : { "_serializedValue" : NumberLong(0) } }, "Button" : 0 }]] }
2024-07-09 12:45:10.3580 (NetComponentSystem.cs:77) { "_t" : "FrameMessage", "Frame" : 85, "PlayerId" : NumberLong(0), "Input" : { "V" : { "x" : { "_serializedValue" : NumberLong(0) }, "y" : { "_serializedValue" : NumberLong(0) } }, "Button" : 0 } }
2024-07-09 12:45:10.3753 (Session.cs:153) { "_t" : "OneFrameInputs", "Inputs" : [[NumberLong("1209267049725953"), { "V" : { "x" : { "_serializedValue" : NumberLong(0) }, "y" : { "_serializedValue" : NumberLong(0) } }, "Button" : 0 }]] }
2024-07-09 12:45:10.4085 (NetComponentSystem.cs:77) { "_t" : "FrameMessage", "Frame" : 86, "PlayerId" : NumberLong(0), "Input" : { "V" : { "x" : { "_serializedValue" : NumberLong(0) }, "y" : { "_serializedValue" : NumberLong(0) } }, "Button" : 0 } }
2024-07-09 12:45:10.4257 (Session.cs:153) { "_t" : "OneFrameInputs", "Inputs" : [[NumberLong("1209267049725953"), { "V" : { "x" : { "_serializedValue" : NumberLong(0) }, "y" : { "_serializedValue" : NumberLong(0) } }, "Button" : 0 }]] }
2024-07-09 12:45:10.4698 (NetComponentSystem.cs:77) { "_t" : "FrameMessage", "Frame" : 87, "PlayerId" : NumberLong(0), "Input" : { "V" : { "x" : { "_serializedValue" : NumberLong(0) }, "y" : { "_serializedValue" : NumberLong(0) } }, "Button" : 0 } }
2024-07-09 12:45:10.4698 (Session.cs:153) { "_t" : "OneFrameInputs", "Inputs" : [[NumberLong("1209267049725953"), { "V" : { "x" : { "_serializedValue" : NumberLong(0) }, "y" : { "_serializedValue" : NumberLong(0) } }, "Button" : 0 }]] }
2024-07-09 12:45:10.5118 (NetComponentSystem.cs:77) { "_t" : "FrameMessage", "Frame" : 88, "PlayerId" : NumberLong(0), "Input" : { "V" : { "x" : { "_serializedValue" : NumberLong(0) }, "y" : { "_serializedValue" : NumberLong(0) } }, "Button" : 0 } }
2024-07-09 12:45:10.5234 (Session.cs:153) { "_t" : "OneFrameInputs", "Inputs" : [[NumberLong("1209267049725953"), { "V" : { "x" : { "_serializedValue" : NumberLong(0) }, "y" : { "_serializedValue" : NumberLong(0) } }, "Button" : 0 }]] }
2024-07-09 12:45:10.5652 (NetComponentSystem.cs:77) { "_t" : "FrameMessage", "Frame" : 89, "PlayerId" : NumberLong(0), "Input" : { "V" : { "x" : { "_serializedValue" : NumberLong(0) }, "y" : { "_serializedValue" : NumberLong(0) } }, "Button" : 0 } }
2024-07-09 12:45:10.5747 (Session.cs:153) { "_t" : "OneFrameInputs", "Inputs" : [[NumberLong("1209267049725953"), { "V" : { "x" : { "_serializedValue" : NumberLong(0) }, "y" : { "_serializedValue" : NumberLong(0) } }, "Button" : 0 }]] }
2024-07-09 12:45:10.6229 (Session.cs:153) { "_t" : "OneFrameInputs", "Inputs" : [[NumberLong("1209267049725953"), { "V" : { "x" : { "_serializedValue" : NumberLong(0) }, "y" : { "_serializedValue" : NumberLong(0) } }, "Button" : 0 }]] }
2024-07-09 12:45:10.6229 (NetComponentSystem.cs:77) { "_t" : "FrameMessage", "Frame" : 90, "PlayerId" : NumberLong(0), "Input" : { "V" : { "x" : { "_serializedValue" : NumberLong(0) }, "y" : { "_serializedValue" : NumberLong(0) } }, "Button" : 0 } }
2024-07-09 12:45:10.6623 (NetComponentSystem.cs:77) { "_t" : "FrameMessage", "Frame" : 91, "PlayerId" : NumberLong(0), "Input" : { "V" : { "x" : { "_serializedValue" : NumberLong(0) }, "y" : { "_serializedValue" : NumberLong(0) } }, "Button" : 0 } }
2024-07-09 12:45:10.6724 (Session.cs:153) { "_t" : "OneFrameInputs", "Inputs" : [[NumberLong("1209267049725953"), { "V" : { "x" : { "_serializedValue" : NumberLong(0) }, "y" : { "_serializedValue" : NumberLong(0) } }, "Button" : 0 }]] }
2024-07-09 12:45:10.7183 (NetComponentSystem.cs:77) { "_t" : "FrameMessage", "Frame" : 92, "PlayerId" : NumberLong(0), "Input" : { "V" : { "x" : { "_serializedValue" : NumberLong(0) }, "y" : { "_serializedValue" : NumberLong(0) } }, "Button" : 0 } }
2024-07-09 12:45:10.7262 (Session.cs:153) { "_t" : "OneFrameInputs", "Inputs" : [[NumberLong("1209267049725953"), { "V" : { "x" : { "_serializedValue" : NumberLong(0) }, "y" : { "_serializedValue" : NumberLong(0) } }, "Button" : 0 }]] }
2024-07-09 12:45:10.7717 (NetComponentSystem.cs:77) { "_t" : "FrameMessage", "Frame" : 93, "PlayerId" : NumberLong(0), "Input" : { "V" : { "x" : { "_serializedValue" : NumberLong(0) }, "y" : { "_serializedValue" : NumberLong(0) } }, "Button" : 0 } }
2024-07-09 12:45:10.7753 (Session.cs:153) { "_t" : "OneFrameInputs", "Inputs" : [[NumberLong("1209267049725953"), { "V" : { "x" : { "_serializedValue" : NumberLong(0) }, "y" : { "_serializedValue" : NumberLong(0) } }, "Button" : 0 }]] }
2024-07-09 12:45:10.8148 (NetComponentSystem.cs:77) { "_t" : "FrameMessage", "Frame" : 94, "PlayerId" : NumberLong(0), "Input" : { "V" : { "x" : { "_serializedValue" : NumberLong(0) }, "y" : { "_serializedValue" : NumberLong(0) } }, "Button" : 0 } }
2024-07-09 12:45:10.8229 (Session.cs:153) { "_t" : "OneFrameInputs", "Inputs" : [[NumberLong("1209267049725953"), { "V" : { "x" : { "_serializedValue" : NumberLong(0) }, "y" : { "_serializedValue" : NumberLong(0) } }, "Button" : 0 }]] }
2024-07-09 12:45:10.8724 (Session.cs:153) { "_t" : "OneFrameInputs", "Inputs" : [[NumberLong("1209267049725953"), { "V" : { "x" : { "_serializedValue" : NumberLong(0) }, "y" : { "_serializedValue" : NumberLong(0) } }, "Button" : 0 }]] }
2024-07-09 12:45:10.8724 (NetComponentSystem.cs:77) { "_t" : "FrameMessage", "Frame" : 95, "PlayerId" : NumberLong(0), "Input" : { "V" : { "x" : { "_serializedValue" : NumberLong(0) }, "y" : { "_serializedValue" : NumberLong(0) } }, "Button" : 0 } }
2024-07-09 12:45:10.9182 (NetComponentSystem.cs:77) { "_t" : "FrameMessage", "Frame" : 96, "PlayerId" : NumberLong(0), "Input" : { "V" : { "x" : { "_serializedValue" : NumberLong(0) }, "y" : { "_serializedValue" : NumberLong(0) } }, "Button" : 0 } }
2024-07-09 12:45:10.9182 (Session.cs:153) { "_t" : "OneFrameInputs", "Inputs" : [[NumberLong("1209267049725953"), { "V" : { "x" : { "_serializedValue" : NumberLong(0) }, "y" : { "_serializedValue" : NumberLong(0) } }, "Button" : 0 }]] }
2024-07-09 12:45:10.9732 (Session.cs:153) { "_t" : "OneFrameInputs", "Inputs" : [[NumberLong("1209267049725953"), { "V" : { "x" : { "_serializedValue" : NumberLong(0) }, "y" : { "_serializedValue" : NumberLong(0) } }, "Button" : 0 }]] }
2024-07-09 12:45:10.9732 (NetComponentSystem.cs:77) { "_t" : "FrameMessage", "Frame" : 97, "PlayerId" : NumberLong(0), "Input" : { "V" : { "x" : { "_serializedValue" : NumberLong(0) }, "y" : { "_serializedValue" : NumberLong(0) } }, "Button" : 0 } }
2024-07-09 12:45:11.0230 (NetComponentSystem.cs:77) { "_t" : "FrameMessage", "Frame" : 98, "PlayerId" : NumberLong(0), "Input" : { "V" : { "x" : { "_serializedValue" : NumberLong(0) }, "y" : { "_serializedValue" : NumberLong(0) } }, "Button" : 0 } }
2024-07-09 12:45:11.0230 (Session.cs:153) { "_t" : "OneFrameInputs", "Inputs" : [[NumberLong("1209267049725953"), { "V" : { "x" : { "_serializedValue" : NumberLong(0) }, "y" : { "_serializedValue" : NumberLong(0) } }, "Button" : 0 }]] }
2024-07-09 12:45:11.0751 (Session.cs:153) { "_t" : "OneFrameInputs", "Inputs" : [[NumberLong("1209267049725953"), { "V" : { "x" : { "_serializedValue" : NumberLong(0) }, "y" : { "_serializedValue" : NumberLong(0) } }, "Button" : 0 }]] }
2024-07-09 12:45:11.0751 (NetComponentSystem.cs:77) { "_t" : "FrameMessage", "Frame" : 99, "PlayerId" : NumberLong(0), "Input" : { "V" : { "x" : { "_serializedValue" : NumberLong(0) }, "y" : { "_serializedValue" : NumberLong(0) } }, "Button" : 0 } }
2024-07-09 12:45:11.1246 (Session.cs:153) { "_t" : "OneFrameInputs", "Inputs" : [[NumberLong("1209267049725953"), { "V" : { "x" : { "_serializedValue" : NumberLong(0) }, "y" : { "_serializedValue" : NumberLong(0) } }, "Button" : 0 }]] }
2024-07-09 12:45:11.1246 (NetComponentSystem.cs:77) { "_t" : "FrameMessage", "Frame" : 100, "PlayerId" : NumberLong(0), "Input" : { "V" : { "x" : { "_serializedValue" : NumberLong(0) }, "y" : { "_serializedValue" : NumberLong(0) } }, "Button" : 0 } }
2024-07-09 12:45:11.1331 (Session.cs:153) { "_t" : "Room2C_AdjustUpdateTime", "DiffTime" : 44 }
2024-07-09 12:45:11.1706 (NetComponentSystem.cs:77) { "_t" : "FrameMessage", "Frame" : 101, "PlayerId" : NumberLong(0), "Input" : { "V" : { "x" : { "_serializedValue" : NumberLong(0) }, "y" : { "_serializedValue" : NumberLong(0) } }, "Button" : 0 } }
2024-07-09 12:45:11.1706 (Session.cs:153) { "_t" : "OneFrameInputs", "Inputs" : [[NumberLong("1209267049725953"), { "V" : { "x" : { "_serializedValue" : NumberLong(0) }, "y" : { "_serializedValue" : NumberLong(0) } }, "Button" : 0 }]] }
2024-07-09 12:45:11.2169 (NetComponentSystem.cs:77) { "_t" : "FrameMessage", "Frame" : 102, "PlayerId" : NumberLong(0), "Input" : { "V" : { "x" : { "_serializedValue" : NumberLong(0) }, "y" : { "_serializedValue" : NumberLong(0) } }, "Button" : 0 } }
2024-07-09 12:45:11.2259 (Session.cs:153) { "_t" : "OneFrameInputs", "Inputs" : [[NumberLong("1209267049725953"), { "V" : { "x" : { "_serializedValue" : NumberLong(0) }, "y" : { "_serializedValue" : NumberLong(0) } }, "Button" : 0 }]] }
2024-07-09 12:45:11.2652 (NetComponentSystem.cs:77) { "_t" : "FrameMessage", "Frame" : 103, "PlayerId" : NumberLong(0), "Input" : { "V" : { "x" : { "_serializedValue" : NumberLong(0) }, "y" : { "_serializedValue" : NumberLong(0) } }, "Button" : 0 } }
2024-07-09 12:45:11.2728 (Session.cs:153) { "_t" : "OneFrameInputs", "Inputs" : [[NumberLong("1209267049725953"), { "V" : { "x" : { "_serializedValue" : NumberLong(0) }, "y" : { "_serializedValue" : NumberLong(0) } }, "Button" : 0 }]] }
2024-07-09 12:45:11.3132 (NetComponentSystem.cs:77) { "_t" : "FrameMessage", "Frame" : 104, "PlayerId" : NumberLong(0), "Input" : { "V" : { "x" : { "_serializedValue" : NumberLong(0) }, "y" : { "_serializedValue" : NumberLong(0) } }, "Button" : 0 } }
2024-07-09 12:45:11.3226 (Session.cs:153) { "_t" : "OneFrameInputs", "Inputs" : [[NumberLong("1209267049725953"), { "V" : { "x" : { "_serializedValue" : NumberLong(0) }, "y" : { "_serializedValue" : NumberLong(0) } }, "Button" : 0 }]] }
2024-07-09 12:45:11.3631 (NetComponentSystem.cs:77) { "_t" : "FrameMessage", "Frame" : 105, "PlayerId" : NumberLong(0), "Input" : { "V" : { "x" : { "_serializedValue" : NumberLong(0) }, "y" : { "_serializedValue" : NumberLong(0) } }, "Button" : 0 } }
2024-07-09 12:45:11.3728 (Session.cs:153) { "_t" : "OneFrameInputs", "Inputs" : [[NumberLong("1209267049725953"), { "V" : { "x" : { "_serializedValue" : NumberLong(0) }, "y" : { "_serializedValue" : NumberLong(0) } }, "Button" : 0 }]] }
2024-07-09 12:45:11.4126 (NetComponentSystem.cs:77) { "_t" : "FrameMessage", "Frame" : 106, "PlayerId" : NumberLong(0), "Input" : { "V" : { "x" : { "_serializedValue" : NumberLong(0) }, "y" : { "_serializedValue" : NumberLong(0) } }, "Button" : 0 } }
2024-07-09 12:45:11.4240 (Session.cs:153) { "_t" : "OneFrameInputs", "Inputs" : [[NumberLong("1209267049725953"), { "V" : { "x" : { "_serializedValue" : NumberLong(0) }, "y" : { "_serializedValue" : NumberLong(0) } }, "Button" : 0 }]] }
2024-07-09 12:45:11.4665 (NetComponentSystem.cs:77) { "_t" : "FrameMessage", "Frame" : 107, "PlayerId" : NumberLong(0), "Input" : { "V" : { "x" : { "_serializedValue" : NumberLong(0) }, "y" : { "_serializedValue" : NumberLong(0) } }, "Button" : 0 } }
2024-07-09 12:45:11.4665 (Session.cs:153) { "_t" : "OneFrameInputs", "Inputs" : [[NumberLong("1209267049725953"), { "V" : { "x" : { "_serializedValue" : NumberLong(0) }, "y" : { "_serializedValue" : NumberLong(0) } }, "Button" : 0 }]] }
2024-07-09 12:45:11.5103 (NetComponentSystem.cs:77) { "_t" : "FrameMessage", "Frame" : 108, "PlayerId" : NumberLong(0), "Input" : { "V" : { "x" : { "_serializedValue" : NumberLong(0) }, "y" : { "_serializedValue" : NumberLong(0) } }, "Button" : 0 } }
2024-07-09 12:45:11.5237 (Session.cs:153) { "_t" : "OneFrameInputs", "Inputs" : [[NumberLong("1209267049725953"), { "V" : { "x" : { "_serializedValue" : NumberLong(0) }, "y" : { "_serializedValue" : NumberLong(0) } }, "Button" : 0 }]] }
2024-07-09 12:45:11.5703 (NetComponentSystem.cs:77) { "_t" : "FrameMessage", "Frame" : 109, "PlayerId" : NumberLong(0), "Input" : { "V" : { "x" : { "_serializedValue" : NumberLong(0) }, "y" : { "_serializedValue" : NumberLong(0) } }, "Button" : 0 } }
2024-07-09 12:45:11.5703 (Session.cs:153) { "_t" : "OneFrameInputs", "Inputs" : [[NumberLong("1209267049725953"), { "V" : { "x" : { "_serializedValue" : NumberLong(0) }, "y" : { "_serializedValue" : NumberLong(0) } }, "Button" : 0 }]] }
2024-07-09 12:45:11.6249 (Session.cs:153) { "_t" : "OneFrameInputs", "Inputs" : [[NumberLong("1209267049725953"), { "V" : { "x" : { "_serializedValue" : NumberLong(0) }, "y" : { "_serializedValue" : NumberLong(0) } }, "Button" : 0 }]] }
2024-07-09 12:45:11.6323 (KService.cs:373) kservice recv fin: 2147483650 839351609 0
2024-07-09 12:45:11.6323 (KService.cs:452) kservice remove channel: 2147483650 2147483650 839351609 100208
2024-07-09 12:45:11.6323 (KChannel.cs:109) channel dispose: 2147483650 839351609 100208
2024-07-09 12:45:11.6323 (Session.cs:64) session dispose: 127.0.0.1:54198 id: 2147483650 ErrorCode: 100208, please see ErrorCode.cs! 1720500311640
