2024-07-11 20:25:06.7694 (LSEntitySystemSingleton.cs:123) System.DllNotFoundException: Unable to load DLL 'libbulletc' or one of its dependencies: 找不到指定的模块。 (0x8007007E)
   at BulletSharp.ContactResultCallback.btCollisionWorld_ContactResultCallbackWrapper_new(IntPtr addSingleResult, IntPtr needsCollision, IntPtr thisPtr)
   at BulletSharp.ContactResultCallback..ctor() in D:\ToolSoft\U3D\Project\ETs\ET-OWDemo\Unity\Assets\Scripts\ThirdParty\BulletUnity\BulletSharp\Collision\CollisionWorld.cs:line 137
   at ET.TestContact..ctor()
   at ET.SkeletonHandler.CastHandler(LSInput input, LSUnit unit) in D:\ToolSoft\U3D\Project\ETs\ET-OWDemo\Unity\Assets\Scripts\Hotfix\Share\Battle\ActionHandler\UnitActions\SkeletonHandler.cs:line 51
   at ET.SkeletonHandler.Update(ActionComponent actionComponent, ActionConfig config) in D:\ToolSoft\U3D\Project\ETs\ET-OWDemo\Unity\Assets\Scripts\Hotfix\Share\Battle\ActionHandler\UnitActions\SkeletonHandler.cs:line 21
   at ET.ActionComponentSystem.LSUpdate(ActionComponent self) in D:\ToolSoft\U3D\Project\ETs\ET-OWDemo\Unity\Assets\Scripts\Hotfix\Share\Battle\ActionComponentSystem.cs:line 44
   at ET.ActionComponentSystem.ET_ActionComponent_LSUpdateSystem.LSUpdate(ActionComponent self) in D:\ToolSoft\U3D\Project\ETs\ET-OWDemo\DotNet\Hotfix\Share.SourceGenerator\ET.Generator.ETSystemGenerator\ET.ActionComponentSystem.LSUpdate.ET_ActionComponent.g.cs:line 10
   at ET.LSUpdateSystem`1.ET.ILSUpdateSystem.Run(LSEntity o) in D:\ToolSoft\U3D\Project\ETs\ET-OWDemo\Unity\Assets\Scripts\Model\Share\LockStep\ILSUpdateSystem.cs:line 19
   at ET.LSEntitySystemSingleton.LSUpdate(LSEntity entity) in D:\ToolSoft\U3D\Project\ETs\ET-OWDemo\Unity\Assets\Scripts\Model\Share\LockStep\LSEntitySystemSingleton.cs:line 119
2024-07-11 20:48:03.3652 (LSEntitySystemSingleton.cs:123) System.DllNotFoundException: Unable to load DLL 'libbulletc' or one of its dependencies: 找不到指定的模块。 (0x8007007E)
   at BulletSharp.ContactResultCallback.btCollisionWorld_ContactResultCallbackWrapper_new(IntPtr addSingleResult, IntPtr needsCollision, IntPtr thisPtr)
   at BulletSharp.ContactResultCallback..ctor() in D:\ToolSoft\U3D\Project\ETs\ET-OWDemo\Unity\Assets\Scripts\ThirdParty\BulletUnity\BulletSharp\Collision\CollisionWorld.cs:line 137
   at ET.TestContact..ctor()
   at ET.SkeletonHandler.CastHandler(LSInput input, LSUnit unit) in D:\ToolSoft\U3D\Project\ETs\ET-OWDemo\Unity\Assets\Scripts\Hotfix\Share\Battle\ActionHandler\UnitActions\SkeletonHandler.cs:line 51
   at ET.SkeletonHandler.Update(ActionComponent actionComponent, ActionConfig config) in D:\ToolSoft\U3D\Project\ETs\ET-OWDemo\Unity\Assets\Scripts\Hotfix\Share\Battle\ActionHandler\UnitActions\SkeletonHandler.cs:line 21
   at ET.ActionComponentSystem.LSUpdate(ActionComponent self) in D:\ToolSoft\U3D\Project\ETs\ET-OWDemo\Unity\Assets\Scripts\Hotfix\Share\Battle\ActionComponentSystem.cs:line 44
   at ET.ActionComponentSystem.ET_ActionComponent_LSUpdateSystem.LSUpdate(ActionComponent self) in D:\ToolSoft\U3D\Project\ETs\ET-OWDemo\DotNet\Hotfix\Share.SourceGenerator\ET.Generator.ETSystemGenerator\ET.ActionComponentSystem.LSUpdate.ET_ActionComponent.g.cs:line 10
   at ET.LSUpdateSystem`1.ET.ILSUpdateSystem.Run(LSEntity o) in D:\ToolSoft\U3D\Project\ETs\ET-OWDemo\Unity\Assets\Scripts\Model\Share\LockStep\ILSUpdateSystem.cs:line 19
   at ET.LSEntitySystemSingleton.LSUpdate(LSEntity entity) in D:\ToolSoft\U3D\Project\ETs\ET-OWDemo\Unity\Assets\Scripts\Model\Share\LockStep\LSEntitySystemSingleton.cs:line 119
2024-07-11 20:54:24.8044 (LSEntitySystemSingleton.cs:123) System.DllNotFoundException: Unable to load DLL 'libbulletc' or one of its dependencies: 找不到指定的模块。 (0x8007007E)
   at BulletSharp.ContactResultCallback.btCollisionWorld_ContactResultCallbackWrapper_new(IntPtr addSingleResult, IntPtr needsCollision, IntPtr thisPtr)
   at BulletSharp.ContactResultCallback..ctor() in D:\ToolSoft\U3D\Project\ETs\ET-OWDemo\Unity\Assets\Scripts\ThirdParty\BulletUnity\BulletSharp\Collision\CollisionWorld.cs:line 137
   at ET.TestContact..ctor()
   at ET.SkeletonHandler.CastHandler(LSInput input, LSUnit unit) in D:\ToolSoft\U3D\Project\ETs\ET-OWDemo\Unity\Assets\Scripts\Hotfix\Share\Battle\ActionHandler\UnitActions\SkeletonHandler.cs:line 51
   at ET.SkeletonHandler.Update(ActionComponent actionComponent, ActionConfig config) in D:\ToolSoft\U3D\Project\ETs\ET-OWDemo\Unity\Assets\Scripts\Hotfix\Share\Battle\ActionHandler\UnitActions\SkeletonHandler.cs:line 21
   at ET.ActionComponentSystem.LSUpdate(ActionComponent self) in D:\ToolSoft\U3D\Project\ETs\ET-OWDemo\Unity\Assets\Scripts\Hotfix\Share\Battle\ActionComponentSystem.cs:line 44
   at ET.ActionComponentSystem.ET_ActionComponent_LSUpdateSystem.LSUpdate(ActionComponent self) in D:\ToolSoft\U3D\Project\ETs\ET-OWDemo\DotNet\Hotfix\Share.SourceGenerator\ET.Generator.ETSystemGenerator\ET.ActionComponentSystem.LSUpdate.ET_ActionComponent.g.cs:line 10
   at ET.LSUpdateSystem`1.ET.ILSUpdateSystem.Run(LSEntity o) in D:\ToolSoft\U3D\Project\ETs\ET-OWDemo\Unity\Assets\Scripts\Model\Share\LockStep\ILSUpdateSystem.cs:line 19
   at ET.LSEntitySystemSingleton.LSUpdate(LSEntity entity) in D:\ToolSoft\U3D\Project\ETs\ET-OWDemo\Unity\Assets\Scripts\Model\Share\LockStep\LSEntitySystemSingleton.cs:line 119
