2024-07-11 20:24:58.7968 (Scene.cs:36) scene create: NetInner -2 1
2024-07-11 20:24:58.8141 (Scene.cs:36) scene create: Realm 1 1
2024-07-11 20:24:58.8203 (Scene.cs:36) scene create: Gate 2 1
2024-07-11 20:24:58.8203 (Scene.cs:36) scene create: Gate 3 1
2024-07-11 20:24:58.8203 (Scene.cs:36) scene create: Location 4 1
2024-07-11 20:24:58.8203 (Scene.cs:36) scene create: Match 5 1
2024-07-11 20:24:58.8373 (Scene.cs:36) scene create: Map 6 1
2024-07-11 20:24:58.8373 (Scene.cs:36) scene create: Map 7 1
2024-07-11 20:24:58.8373 (Scene.cs:36) scene create: RouterManager 300 1
2024-07-11 20:24:58.8904 (Scene.cs:36) scene create: Router 301 1
2024-07-11 20:24:58.8998 (Scene.cs:36) scene create: Router 302 1
2024-07-11 20:24:58.8998 (Scene.cs:36) scene create: Router 303 1
2024-07-11 20:24:58.8998 (Scene.cs:36) scene create: Router 304 1
2024-07-11 20:47:55.2537 (Scene.cs:36) scene create: NetInner -2 1
2024-07-11 20:47:55.2795 (Scene.cs:36) scene create: Realm 1 1
2024-07-11 20:47:55.2882 (Scene.cs:36) scene create: Gate 2 1
2024-07-11 20:47:55.2882 (Scene.cs:36) scene create: Gate 3 1
2024-07-11 20:47:55.2882 (Scene.cs:36) scene create: Location 4 1
2024-07-11 20:47:55.2882 (Scene.cs:36) scene create: Match 5 1
2024-07-11 20:47:55.3037 (Scene.cs:36) scene create: Map 6 1
2024-07-11 20:47:55.3037 (Scene.cs:36) scene create: Map 7 1
2024-07-11 20:47:55.3037 (Scene.cs:36) scene create: RouterManager 300 1
2024-07-11 20:47:55.3488 (Scene.cs:36) scene create: Router 301 1
2024-07-11 20:47:55.3608 (Scene.cs:36) scene create: Router 302 1
2024-07-11 20:47:55.3655 (Scene.cs:36) scene create: Router 303 1
2024-07-11 20:47:55.3655 (Scene.cs:36) scene create: Router 304 1
2024-07-11 20:51:03.8178 (Scene.cs:36) scene create: NetInner -2 1
2024-07-11 20:51:03.8393 (Scene.cs:36) scene create: Realm 1 1
2024-07-11 20:51:03.8500 (Scene.cs:36) scene create: Gate 2 1
2024-07-11 20:51:03.8500 (Scene.cs:36) scene create: Gate 3 1
2024-07-11 20:51:03.8500 (Scene.cs:36) scene create: Location 4 1
2024-07-11 20:51:03.8500 (Scene.cs:36) scene create: Match 5 1
2024-07-11 20:51:03.8500 (Scene.cs:36) scene create: Map 6 1
2024-07-11 20:51:03.8705 (Scene.cs:36) scene create: Map 7 1
2024-07-11 20:51:03.8705 (Scene.cs:36) scene create: RouterManager 300 1
2024-07-11 20:51:03.9196 (Scene.cs:36) scene create: Router 301 1
2024-07-11 20:51:03.9321 (Scene.cs:36) scene create: Router 302 1
2024-07-11 20:51:03.9321 (Scene.cs:36) scene create: Router 303 1
2024-07-11 20:51:03.9321 (Scene.cs:36) scene create: Router 304 1
2024-07-11 20:53:38.9374 (Scene.cs:36) scene create: NetInner -2 1
2024-07-11 20:53:38.9544 (Scene.cs:36) scene create: Realm 1 1
2024-07-11 20:53:38.9627 (Scene.cs:36) scene create: Gate 2 1
2024-07-11 20:53:38.9627 (Scene.cs:36) scene create: Gate 3 1
2024-07-11 20:53:38.9627 (Scene.cs:36) scene create: Location 4 1
2024-07-11 20:53:38.9770 (Scene.cs:36) scene create: Match 5 1
2024-07-11 20:53:38.9770 (Scene.cs:36) scene create: Map 6 1
2024-07-11 20:53:38.9770 (Scene.cs:36) scene create: Map 7 1
2024-07-11 20:53:38.9903 (Scene.cs:36) scene create: RouterManager 300 1
2024-07-11 20:53:39.0304 (Scene.cs:36) scene create: Router 301 1
2024-07-11 20:53:39.0422 (Scene.cs:36) scene create: Router 302 1
2024-07-11 20:53:39.0422 (Scene.cs:36) scene create: Router 303 1
2024-07-11 20:53:39.0422 (Scene.cs:36) scene create: Router 304 1
