2024-07-05 21:42:57.0734 (Init.cs:35) server start........................ 
2024-07-05 21:43:00.8925 (ExcelExporter.cs:211) Export Excel Sucess!
2024-07-05 21:56:29.1535 (Init.cs:35) server start........................ 
2024-07-05 21:56:34.3296 (ExcelExporter.cs:211) Export Excel Sucess!
2024-07-05 21:58:48.2320 (Init.cs:35) server start........................ 
2024-07-05 21:58:51.8510 (ExcelExporter.cs:211) Export Excel Sucess!
2024-07-05 21:59:00.5247 (Init.cs:35) server start........................ 
2024-07-05 21:59:04.8354 (ExcelExporter.cs:211) Export Excel Sucess!
2024-07-05 21:59:31.8056 (Init.cs:35) server start........................ 
2024-07-05 21:59:35.1141 (ExcelExporter.cs:215) System.Exception: json : ../Config/Json/c/.\RigidBodyConfig.txt error
 ---> System.FormatException: An error occurred while deserializing the dict field of class ET.RigidBodyConfigCategory: An error occurred while deserializing the Args property of class ET.RigidBodyConfig: Cannot deserialize a 'Int64' from BsonType 'Document'.
 ---> System.FormatException: An error occurred while deserializing the Args property of class ET.RigidBodyConfig: Cannot deserialize a 'Int64' from BsonType 'Document'.
 ---> System.FormatException: Cannot deserialize a 'Int64' from BsonType 'Document'.
   at MongoDB.Bson.Serialization.Serializers.Int64Serializer.Deserialize(BsonDeserializationContext context, BsonDeserializationArgs args)
   at MongoDB.Bson.Serialization.IBsonSerializerExtensions.Deserialize[TValue](IBsonSerializer`1 serializer, BsonDeserializationContext context)
   at MongoDB.Bson.Serialization.Serializers.EnumerableSerializerBase`2.Deserialize(BsonDeserializationContext context, BsonDeserializationArgs args)
   at MongoDB.Bson.Serialization.Serializers.SerializerBase`1.MongoDB.Bson.Serialization.IBsonSerializer.Deserialize(BsonDeserializationContext context, BsonDeserializationArgs args)
   at MongoDB.Bson.Serialization.IBsonSerializerExtensions.Deserialize(IBsonSerializer serializer, BsonDeserializationContext context)
   at MongoDB.Bson.Serialization.BsonClassMapSerializer`1.DeserializeMemberValue(BsonDeserializationContext context, BsonMemberMap memberMap)
   --- End of inner exception stack trace ---
   at MongoDB.Bson.Serialization.BsonClassMapSerializer`1.DeserializeMemberValue(BsonDeserializationContext context, BsonMemberMap memberMap)
   at MongoDB.Bson.Serialization.BsonClassMapSerializer`1.DeserializeClass(BsonDeserializationContext context)
   at MongoDB.Bson.Serialization.BsonClassMapSerializer`1.Deserialize(BsonDeserializationContext context, BsonDeserializationArgs args)
   at MongoDB.Bson.Serialization.IBsonSerializerExtensions.Deserialize[TValue](IBsonSerializer`1 serializer, BsonDeserializationContext context)
   at MongoDB.Bson.Serialization.Serializers.DictionarySerializerBase`3.DeserializeArrayRepresentation(BsonDeserializationContext context)
   at MongoDB.Bson.Serialization.Serializers.DictionarySerializerBase`3.DeserializeValue(BsonDeserializationContext context, BsonDeserializationArgs args)
   at MongoDB.Bson.Serialization.Serializers.ClassSerializerBase`1.Deserialize(BsonDeserializationContext context, BsonDeserializationArgs args)
   at MongoDB.Bson.Serialization.Serializers.SerializerBase`1.MongoDB.Bson.Serialization.IBsonSerializer.Deserialize(BsonDeserializationContext context, BsonDeserializationArgs args)
   at MongoDB.Bson.Serialization.IBsonSerializerExtensions.Deserialize(IBsonSerializer serializer, BsonDeserializationContext context)
   at MongoDB.Bson.Serialization.BsonClassMapSerializer`1.DeserializeMemberValue(BsonDeserializationContext context, BsonMemberMap memberMap)
   --- End of inner exception stack trace ---
   at MongoDB.Bson.Serialization.BsonClassMapSerializer`1.DeserializeMemberValue(BsonDeserializationContext context, BsonMemberMap memberMap)
   at MongoDB.Bson.Serialization.BsonClassMapSerializer`1.DeserializeClass(BsonDeserializationContext context)
   at MongoDB.Bson.Serialization.BsonClassMapSerializer`1.Deserialize(BsonDeserializationContext context, BsonDeserializationArgs args)
   at MongoDB.Bson.Serialization.Serializers.SerializerBase`1.MongoDB.Bson.Serialization.IBsonSerializer.Deserialize(BsonDeserializationContext context, BsonDeserializationArgs args)
   at MongoDB.Bson.Serialization.IBsonSerializerExtensions.Deserialize(IBsonSerializer serializer, BsonDeserializationContext context)
   at MongoDB.Bson.Serialization.BsonSerializer.Deserialize(IBsonReader bsonReader, Type nominalType, Action`1 configurator)
   at MongoDB.Bson.Serialization.BsonSerializer.Deserialize(String json, Type nominalType, Action`1 configurator)
   at ET.ExcelExporter.ExportExcelProtobuf(ConfigType configType, String protoName, String relativeDir) in D:\ToolSoft\U3D\Project\ETs\ET-OWDemo\Share\Tool\ExcelExporter\ExcelExporter.cs:line 615
   --- End of inner exception stack trace ---
   at ET.ExcelExporter.ExportExcelProtobuf(ConfigType configType, String protoName, String relativeDir) in D:\ToolSoft\U3D\Project\ETs\ET-OWDemo\Share\Tool\ExcelExporter\ExcelExporter.cs:line 620
   at ET.ExcelExporter.ExportExcel(String path) in D:\ToolSoft\U3D\Project\ETs\ET-OWDemo\Share\Tool\ExcelExporter\ExcelExporter.cs:line 267
   at ET.ExcelExporter.Export() in D:\ToolSoft\U3D\Project\ETs\ET-OWDemo\Share\Tool\ExcelExporter\ExcelExporter.cs:line 202
