2024-07-16 12:48:22.6577 scene create: NetInner -2 1
2024-07-16 12:48:22.6577 scene create: Realm 1 1
2024-07-16 12:48:22.6780 scene create: Gate 2 1
2024-07-16 12:48:22.6780 scene create: Gate 3 1
2024-07-16 12:48:22.6780 scene create: Location 4 1
2024-07-16 12:48:22.6906 scene create: Match 5 1
2024-07-16 12:48:22.6906 scene create: Map 6 1
2024-07-16 12:48:22.6906 scene create: Map 7 1
2024-07-16 12:48:22.6906 scene create: RouterManager 300 1
2024-07-16 12:48:22.7550 scene create: Router 301 1
2024-07-16 12:48:22.7550 scene create: Router 302 1
2024-07-16 12:48:22.7681 scene create: Router 303 1
2024-07-16 12:48:22.7681 scene create: Router 304 1
2024-07-16 12:49:34.6581 scene create: NetInner -2 1
2024-07-16 12:49:34.6811 scene create: Realm 1 1
2024-07-16 12:49:34.6895 scene create: Gate 2 1
2024-07-16 12:49:34.6895 scene create: Gate 3 1
2024-07-16 12:49:34.6895 scene create: Location 4 1
2024-07-16 12:49:34.6895 scene create: Match 5 1
2024-07-16 12:49:34.7077 scene create: Map 6 1
2024-07-16 12:49:34.7077 scene create: Map 7 1
2024-07-16 12:49:34.7077 scene create: RouterManager 300 1
2024-07-16 12:49:34.7625 scene create: Router 301 1
2024-07-16 12:49:34.7721 scene create: Router 302 1
2024-07-16 12:49:34.7721 scene create: Router 303 1
2024-07-16 12:49:34.7721 scene create: Router 304 1
