2024-07-09 18:01:34.6369 (Scene.cs:36) scene create: NetInner -2 1
2024-07-09 18:01:34.6533 (Scene.cs:36) scene create: Realm 1 1
2024-07-09 18:01:34.6533 (Scene.cs:36) scene create: Gate 2 1
2024-07-09 18:01:34.6652 (Scene.cs:36) scene create: Gate 3 1
2024-07-09 18:01:34.6652 (Scene.cs:36) scene create: Location 4 1
2024-07-09 18:01:34.6652 (Scene.cs:36) scene create: Match 5 1
2024-07-09 18:01:34.6652 (Scene.cs:36) scene create: Map 6 1
2024-07-09 18:01:34.6795 (Scene.cs:36) scene create: Map 7 1
2024-07-09 18:01:34.6795 (Scene.cs:36) scene create: RouterManager 300 1
2024-07-09 18:01:34.7126 (Scene.cs:36) scene create: Router 301 1
2024-07-09 18:01:34.7126 (Scene.cs:36) scene create: Router 302 1
2024-07-09 18:01:34.7256 (Scene.cs:36) scene create: Router 303 1
2024-07-09 18:01:34.7256 (Scene.cs:36) scene create: Router 304 1
2024-07-09 18:03:16.9374 (Scene.cs:36) scene create: NetInner -2 1
2024-07-09 18:03:16.9545 (Scene.cs:36) scene create: Realm 1 1
2024-07-09 18:03:16.9600 (Scene.cs:36) scene create: Gate 2 1
2024-07-09 18:03:16.9600 (Scene.cs:36) scene create: Gate 3 1
2024-07-09 18:03:16.9600 (Scene.cs:36) scene create: Location 4 1
2024-07-09 18:03:16.9600 (Scene.cs:36) scene create: Match 5 1
2024-07-09 18:03:16.9600 (Scene.cs:36) scene create: Map 6 1
2024-07-09 18:03:16.9800 (Scene.cs:36) scene create: Map 7 1
2024-07-09 18:03:16.9800 (Scene.cs:36) scene create: RouterManager 300 1
2024-07-09 18:03:17.0185 (Scene.cs:36) scene create: Router 301 1
2024-07-09 18:03:17.0294 (Scene.cs:36) scene create: Router 302 1
2024-07-09 18:03:17.0294 (Scene.cs:36) scene create: Router 303 1
2024-07-09 18:03:17.0294 (Scene.cs:36) scene create: Router 304 1
2024-07-09 18:04:37.8050 (Scene.cs:36) scene create: NetInner -2 1
2024-07-09 18:04:37.8199 (Scene.cs:36) scene create: Realm 1 1
2024-07-09 18:04:37.8199 (Scene.cs:36) scene create: Gate 2 1
2024-07-09 18:04:37.8199 (Scene.cs:36) scene create: Gate 3 1
2024-07-09 18:04:37.8199 (Scene.cs:36) scene create: Location 4 1
2024-07-09 18:04:37.8199 (Scene.cs:36) scene create: Match 5 1
2024-07-09 18:04:37.8390 (Scene.cs:36) scene create: Map 6 1
2024-07-09 18:04:37.8390 (Scene.cs:36) scene create: Map 7 1
2024-07-09 18:04:37.8390 (Scene.cs:36) scene create: RouterManager 300 1
2024-07-09 18:04:37.8731 (Scene.cs:36) scene create: Router 301 1
2024-07-09 18:04:37.8843 (Scene.cs:36) scene create: Router 302 1
2024-07-09 18:04:37.8843 (Scene.cs:36) scene create: Router 303 1
2024-07-09 18:04:37.8843 (Scene.cs:36) scene create: Router 304 1
2024-07-09 18:08:20.3091 (Scene.cs:36) scene create: NetInner -2 1
2024-07-09 18:08:20.3231 (Scene.cs:36) scene create: Realm 1 1
2024-07-09 18:08:20.3231 (Scene.cs:36) scene create: Gate 2 1
2024-07-09 18:08:20.3231 (Scene.cs:36) scene create: Gate 3 1
2024-07-09 18:08:20.3366 (Scene.cs:36) scene create: Location 4 1
2024-07-09 18:08:20.3366 (Scene.cs:36) scene create: Match 5 1
2024-07-09 18:08:20.3366 (Scene.cs:36) scene create: Map 6 1
2024-07-09 18:08:20.3366 (Scene.cs:36) scene create: Map 7 1
2024-07-09 18:08:20.3366 (Scene.cs:36) scene create: RouterManager 300 1
2024-07-09 18:08:20.3742 (Scene.cs:36) scene create: Router 301 1
2024-07-09 18:08:20.3838 (Scene.cs:36) scene create: Router 302 1
2024-07-09 18:08:20.3838 (Scene.cs:36) scene create: Router 303 1
2024-07-09 18:08:20.3838 (Scene.cs:36) scene create: Router 304 1
