2024-07-10 15:12:17.8747 (MessageSessionHandler.cs:79) System.NullReferenceException: Object reference not set to an instance of an object.
   at ET.Server.C2G_LoginGateHandler.Run(Session session, C2G_LoginGate request, G2C_LoginGate response) in D:\ToolSoft\U3D\Project\ETs\ET-OWDemo\Unity\Assets\Scripts\Hotfix\Server\Demo\Gate\C2G_LoginGateHandler.cs:line 42
   at ET.ETTask.GetResult() in D:\ToolSoft\U3D\Project\ETs\ET-OWDemo\Unity\Assets\Scripts\ThirdParty\ETTask\ETTask.cs:line 126
   at ET.MessageSessionHandler`2.HandleAsync(Session session, Object message) in D:\ToolSoft\U3D\Project\ETs\ET-OWDemo\Unity\Assets\Scripts\Model\Share\Module\Message\MessageSessionHandler.cs:line 68
   at ET.MessageSessionHandler`2.HandleAsync(Session session, Object message) in D:\ToolSoft\U3D\Project\ETs\ET-OWDemo\Unity\Assets\Scripts\Model\Share\Module\Message\MessageSessionHandler.cs:line 79
   at ET.ETAsyncTaskMethodBuilder.Start[TStateMachine](TStateMachine& stateMachine) in D:\ToolSoft\U3D\Project\ETs\ET-OWDemo\Unity\Assets\Scripts\ThirdParty\ETTask\AsyncETTaskMethodBuilder.cs:line 71
   at ET.MessageSessionHandler`2.HandleAsync(Session session, Object message)
   at ET.MessageSessionHandler`2.Handle(Session session, Object message) in D:\ToolSoft\U3D\Project\ETs\ET-OWDemo\Unity\Assets\Scripts\Model\Share\Module\Message\MessageSessionHandler.cs:line 48
   at ET.MessageSessionDispatcher.Handle(Session session, Object message) in D:\ToolSoft\U3D\Project\ETs\ET-OWDemo\Unity\Assets\Scripts\Model\Share\Module\Message\MessageSessionDispatcher.cs:line 87
   at ET.Server.NetComponentOnReadInvoker_Gate.HandleAsync(NetComponentOnRead args) in D:\ToolSoft\U3D\Project\ETs\ET-OWDemo\Unity\Assets\Scripts\Hotfix\Server\Demo\Gate\NetComponentOnReadInvoker_Gate.cs:line 23
   at ET.ETAsyncTaskMethodBuilder.Start[TStateMachine](TStateMachine& stateMachine) in D:\ToolSoft\U3D\Project\ETs\ET-OWDemo\Unity\Assets\Scripts\ThirdParty\ETTask\AsyncETTaskMethodBuilder.cs:line 71
   at ET.Server.NetComponentOnReadInvoker_Gate.HandleAsync(NetComponentOnRead args)
   at ET.Server.NetComponentOnReadInvoker_Gate.Handle(NetComponentOnRead args) in D:\ToolSoft\U3D\Project\ETs\ET-OWDemo\Unity\Assets\Scripts\Hotfix\Server\Demo\Gate\NetComponentOnReadInvoker_Gate.cs:line 10
   at ET.EventSystem.Invoke[A](Int64 type, A args) in D:\ToolSoft\U3D\Project\ETs\ET-OWDemo\Unity\Assets\Scripts\Core\World\Module\EventSystem\EventSystem.cs:line 171
   at ET.NetComponentSystem.OnRead(NetComponent self, Int64 channelId, MemoryBuffer memoryBuffer) in D:\ToolSoft\U3D\Project\ETs\ET-OWDemo\Unity\Assets\Scripts\Hotfix\Share\Module\Message\NetComponentSystem.cs:line 79
   at ET.KChannel.OnRead(MemoryBuffer memoryStream) in D:\ToolSoft\U3D\Project\ETs\ET-OWDemo\Unity\Assets\Scripts\Core\Network\KChannel.cs:line 442
   at ET.KChannel.HandleRecv(Byte[] date, Int32 offset, Int32 length) in D:\ToolSoft\U3D\Project\ETs\ET-OWDemo\Unity\Assets\Scripts\Core\Network\KChannel.cs:line 328
   at ET.KService.Recv() in D:\ToolSoft\U3D\Project\ETs\ET-OWDemo\Unity\Assets\Scripts\Core\Network\KService.cs:line 405
   at ET.KService.Update() in D:\ToolSoft\U3D\Project\ETs\ET-OWDemo\Unity\Assets\Scripts\Core\Network\KService.cs:line 511
   at ET.NetComponentSystem.Update(NetComponent self) in D:\ToolSoft\U3D\Project\ETs\ET-OWDemo\Unity\Assets\Scripts\Hotfix\Share\Module\Message\NetComponentSystem.cs:line 30
   at ET.NetComponentSystem.ET_NetComponent_UpdateSystem.Update(NetComponent self) in D:\ToolSoft\U3D\Project\ETs\ET-OWDemo\DotNet\Hotfix\Share.SourceGenerator\ET.Generator.ETSystemGenerator\ET.NetComponentSystem.Update.ET_NetComponent.g.cs:line 10
   at ET.UpdateSystem`1.ET.IUpdateSystem.Run(Entity o) in D:\ToolSoft\U3D\Project\ETs\ET-OWDemo\Unity\Assets\Scripts\Core\Entity\IUpdateSystem.cs:line 19
   at ET.EntitySystem.Update() in D:\ToolSoft\U3D\Project\ETs\ET-OWDemo\Unity\Assets\Scripts\Core\Fiber\EntitySystem.cs:line 74
   at ET.Fiber.Update() in D:\ToolSoft\U3D\Project\ETs\ET-OWDemo\Unity\Assets\Scripts\Core\Fiber\Fiber.cs:line 73
   at ET.ThreadPoolScheduler.Loop() in D:\ToolSoft\U3D\Project\ETs\ET-OWDemo\Unity\Assets\Scripts\Core\World\Module\Fiber\ThreadPoolScheduler.cs:line 68
   at System.Threading.Thread.StartCallback()

2024-07-10 15:12:18.5300 (MessageSessionHandler.cs:79) System.NullReferenceException: Object reference not set to an instance of an object.
   at ET.Server.C2G_MatchHandler.Run(Session session, C2G_Match request, G2C_Match response) in D:\ToolSoft\U3D\Project\ETs\ET-OWDemo\Unity\Assets\Scripts\Hotfix\Server\LockStep\Gate\C2G_MatchHandler.cs:line 8
   at ET.ETTask.GetResult() in D:\ToolSoft\U3D\Project\ETs\ET-OWDemo\Unity\Assets\Scripts\ThirdParty\ETTask\ETTask.cs:line 126
   at ET.MessageSessionHandler`2.HandleAsync(Session session, Object message) in D:\ToolSoft\U3D\Project\ETs\ET-OWDemo\Unity\Assets\Scripts\Model\Share\Module\Message\MessageSessionHandler.cs:line 68
   at ET.MessageSessionHandler`2.HandleAsync(Session session, Object message) in D:\ToolSoft\U3D\Project\ETs\ET-OWDemo\Unity\Assets\Scripts\Model\Share\Module\Message\MessageSessionHandler.cs:line 79
   at ET.ETAsyncTaskMethodBuilder.Start[TStateMachine](TStateMachine& stateMachine) in D:\ToolSoft\U3D\Project\ETs\ET-OWDemo\Unity\Assets\Scripts\ThirdParty\ETTask\AsyncETTaskMethodBuilder.cs:line 71
   at ET.MessageSessionHandler`2.HandleAsync(Session session, Object message)
   at ET.MessageSessionHandler`2.Handle(Session session, Object message) in D:\ToolSoft\U3D\Project\ETs\ET-OWDemo\Unity\Assets\Scripts\Model\Share\Module\Message\MessageSessionHandler.cs:line 48
   at ET.MessageSessionDispatcher.Handle(Session session, Object message) in D:\ToolSoft\U3D\Project\ETs\ET-OWDemo\Unity\Assets\Scripts\Model\Share\Module\Message\MessageSessionDispatcher.cs:line 87
   at ET.Server.NetComponentOnReadInvoker_Gate.HandleAsync(NetComponentOnRead args) in D:\ToolSoft\U3D\Project\ETs\ET-OWDemo\Unity\Assets\Scripts\Hotfix\Server\Demo\Gate\NetComponentOnReadInvoker_Gate.cs:line 23
   at ET.ETAsyncTaskMethodBuilder.Start[TStateMachine](TStateMachine& stateMachine) in D:\ToolSoft\U3D\Project\ETs\ET-OWDemo\Unity\Assets\Scripts\ThirdParty\ETTask\AsyncETTaskMethodBuilder.cs:line 71
   at ET.Server.NetComponentOnReadInvoker_Gate.HandleAsync(NetComponentOnRead args)
   at ET.Server.NetComponentOnReadInvoker_Gate.Handle(NetComponentOnRead args) in D:\ToolSoft\U3D\Project\ETs\ET-OWDemo\Unity\Assets\Scripts\Hotfix\Server\Demo\Gate\NetComponentOnReadInvoker_Gate.cs:line 10
   at ET.EventSystem.Invoke[A](Int64 type, A args) in D:\ToolSoft\U3D\Project\ETs\ET-OWDemo\Unity\Assets\Scripts\Core\World\Module\EventSystem\EventSystem.cs:line 171
   at ET.NetComponentSystem.OnRead(NetComponent self, Int64 channelId, MemoryBuffer memoryBuffer) in D:\ToolSoft\U3D\Project\ETs\ET-OWDemo\Unity\Assets\Scripts\Hotfix\Share\Module\Message\NetComponentSystem.cs:line 79
   at ET.KChannel.OnRead(MemoryBuffer memoryStream) in D:\ToolSoft\U3D\Project\ETs\ET-OWDemo\Unity\Assets\Scripts\Core\Network\KChannel.cs:line 442
   at ET.KChannel.HandleRecv(Byte[] date, Int32 offset, Int32 length) in D:\ToolSoft\U3D\Project\ETs\ET-OWDemo\Unity\Assets\Scripts\Core\Network\KChannel.cs:line 328
   at ET.KService.Recv() in D:\ToolSoft\U3D\Project\ETs\ET-OWDemo\Unity\Assets\Scripts\Core\Network\KService.cs:line 405
   at ET.KService.Update() in D:\ToolSoft\U3D\Project\ETs\ET-OWDemo\Unity\Assets\Scripts\Core\Network\KService.cs:line 511
   at ET.NetComponentSystem.Update(NetComponent self) in D:\ToolSoft\U3D\Project\ETs\ET-OWDemo\Unity\Assets\Scripts\Hotfix\Share\Module\Message\NetComponentSystem.cs:line 30
   at ET.NetComponentSystem.ET_NetComponent_UpdateSystem.Update(NetComponent self) in D:\ToolSoft\U3D\Project\ETs\ET-OWDemo\DotNet\Hotfix\Share.SourceGenerator\ET.Generator.ETSystemGenerator\ET.NetComponentSystem.Update.ET_NetComponent.g.cs:line 10
   at ET.UpdateSystem`1.ET.IUpdateSystem.Run(Entity o) in D:\ToolSoft\U3D\Project\ETs\ET-OWDemo\Unity\Assets\Scripts\Core\Entity\IUpdateSystem.cs:line 19
   at ET.EntitySystem.Update() in D:\ToolSoft\U3D\Project\ETs\ET-OWDemo\Unity\Assets\Scripts\Core\Fiber\EntitySystem.cs:line 74
   at ET.Fiber.Update() in D:\ToolSoft\U3D\Project\ETs\ET-OWDemo\Unity\Assets\Scripts\Core\Fiber\Fiber.cs:line 73
   at ET.ThreadPoolScheduler.Loop() in D:\ToolSoft\U3D\Project\ETs\ET-OWDemo\Unity\Assets\Scripts\Core\World\Module\Fiber\ThreadPoolScheduler.cs:line 68
   at System.Threading.Thread.StartCallback()

2024-07-10 15:13:13.0574 (MessageSessionHandler.cs:79) System.NullReferenceException: Object reference not set to an instance of an object.
   at ET.Server.C2G_LoginGateHandler.Run(Session session, C2G_LoginGate request, G2C_LoginGate response) in D:\ToolSoft\U3D\Project\ETs\ET-OWDemo\Unity\Assets\Scripts\Hotfix\Server\Demo\Gate\C2G_LoginGateHandler.cs:line 42
   at ET.ETTask.GetResult() in D:\ToolSoft\U3D\Project\ETs\ET-OWDemo\Unity\Assets\Scripts\ThirdParty\ETTask\ETTask.cs:line 126
   at ET.MessageSessionHandler`2.HandleAsync(Session session, Object message) in D:\ToolSoft\U3D\Project\ETs\ET-OWDemo\Unity\Assets\Scripts\Model\Share\Module\Message\MessageSessionHandler.cs:line 68
   at ET.MessageSessionHandler`2.HandleAsync(Session session, Object message) in D:\ToolSoft\U3D\Project\ETs\ET-OWDemo\Unity\Assets\Scripts\Model\Share\Module\Message\MessageSessionHandler.cs:line 79
   at ET.ETAsyncTaskMethodBuilder.Start[TStateMachine](TStateMachine& stateMachine) in D:\ToolSoft\U3D\Project\ETs\ET-OWDemo\Unity\Assets\Scripts\ThirdParty\ETTask\AsyncETTaskMethodBuilder.cs:line 71
   at ET.MessageSessionHandler`2.HandleAsync(Session session, Object message)
   at ET.MessageSessionHandler`2.Handle(Session session, Object message) in D:\ToolSoft\U3D\Project\ETs\ET-OWDemo\Unity\Assets\Scripts\Model\Share\Module\Message\MessageSessionHandler.cs:line 48
   at ET.MessageSessionDispatcher.Handle(Session session, Object message) in D:\ToolSoft\U3D\Project\ETs\ET-OWDemo\Unity\Assets\Scripts\Model\Share\Module\Message\MessageSessionDispatcher.cs:line 87
   at ET.Server.NetComponentOnReadInvoker_Gate.HandleAsync(NetComponentOnRead args) in D:\ToolSoft\U3D\Project\ETs\ET-OWDemo\Unity\Assets\Scripts\Hotfix\Server\Demo\Gate\NetComponentOnReadInvoker_Gate.cs:line 23
   at ET.ETAsyncTaskMethodBuilder.Start[TStateMachine](TStateMachine& stateMachine) in D:\ToolSoft\U3D\Project\ETs\ET-OWDemo\Unity\Assets\Scripts\ThirdParty\ETTask\AsyncETTaskMethodBuilder.cs:line 71
   at ET.Server.NetComponentOnReadInvoker_Gate.HandleAsync(NetComponentOnRead args)
   at ET.Server.NetComponentOnReadInvoker_Gate.Handle(NetComponentOnRead args) in D:\ToolSoft\U3D\Project\ETs\ET-OWDemo\Unity\Assets\Scripts\Hotfix\Server\Demo\Gate\NetComponentOnReadInvoker_Gate.cs:line 10
   at ET.EventSystem.Invoke[A](Int64 type, A args) in D:\ToolSoft\U3D\Project\ETs\ET-OWDemo\Unity\Assets\Scripts\Core\World\Module\EventSystem\EventSystem.cs:line 171
   at ET.NetComponentSystem.OnRead(NetComponent self, Int64 channelId, MemoryBuffer memoryBuffer) in D:\ToolSoft\U3D\Project\ETs\ET-OWDemo\Unity\Assets\Scripts\Hotfix\Share\Module\Message\NetComponentSystem.cs:line 79
   at ET.KChannel.OnRead(MemoryBuffer memoryStream) in D:\ToolSoft\U3D\Project\ETs\ET-OWDemo\Unity\Assets\Scripts\Core\Network\KChannel.cs:line 442
   at ET.KChannel.HandleRecv(Byte[] date, Int32 offset, Int32 length) in D:\ToolSoft\U3D\Project\ETs\ET-OWDemo\Unity\Assets\Scripts\Core\Network\KChannel.cs:line 328
   at ET.KService.Recv() in D:\ToolSoft\U3D\Project\ETs\ET-OWDemo\Unity\Assets\Scripts\Core\Network\KService.cs:line 405
   at ET.KService.Update() in D:\ToolSoft\U3D\Project\ETs\ET-OWDemo\Unity\Assets\Scripts\Core\Network\KService.cs:line 511
   at ET.NetComponentSystem.Update(NetComponent self) in D:\ToolSoft\U3D\Project\ETs\ET-OWDemo\Unity\Assets\Scripts\Hotfix\Share\Module\Message\NetComponentSystem.cs:line 30
   at ET.NetComponentSystem.ET_NetComponent_UpdateSystem.Update(NetComponent self) in D:\ToolSoft\U3D\Project\ETs\ET-OWDemo\DotNet\Hotfix\Share.SourceGenerator\ET.Generator.ETSystemGenerator\ET.NetComponentSystem.Update.ET_NetComponent.g.cs:line 10
   at ET.UpdateSystem`1.ET.IUpdateSystem.Run(Entity o) in D:\ToolSoft\U3D\Project\ETs\ET-OWDemo\Unity\Assets\Scripts\Core\Entity\IUpdateSystem.cs:line 19
   at ET.EntitySystem.Update() in D:\ToolSoft\U3D\Project\ETs\ET-OWDemo\Unity\Assets\Scripts\Core\Fiber\EntitySystem.cs:line 74
   at ET.Fiber.Update() in D:\ToolSoft\U3D\Project\ETs\ET-OWDemo\Unity\Assets\Scripts\Core\Fiber\Fiber.cs:line 73
   at ET.ThreadPoolScheduler.Loop() in D:\ToolSoft\U3D\Project\ETs\ET-OWDemo\Unity\Assets\Scripts\Core\World\Module\Fiber\ThreadPoolScheduler.cs:line 68
   at System.Threading.Thread.StartCallback()

2024-07-10 15:13:13.9872 (MessageSessionHandler.cs:79) System.NullReferenceException: Object reference not set to an instance of an object.
   at ET.Server.C2G_MatchHandler.Run(Session session, C2G_Match request, G2C_Match response) in D:\ToolSoft\U3D\Project\ETs\ET-OWDemo\Unity\Assets\Scripts\Hotfix\Server\LockStep\Gate\C2G_MatchHandler.cs:line 8
   at ET.ETTask.GetResult() in D:\ToolSoft\U3D\Project\ETs\ET-OWDemo\Unity\Assets\Scripts\ThirdParty\ETTask\ETTask.cs:line 126
   at ET.MessageSessionHandler`2.HandleAsync(Session session, Object message) in D:\ToolSoft\U3D\Project\ETs\ET-OWDemo\Unity\Assets\Scripts\Model\Share\Module\Message\MessageSessionHandler.cs:line 68
   at ET.MessageSessionHandler`2.HandleAsync(Session session, Object message) in D:\ToolSoft\U3D\Project\ETs\ET-OWDemo\Unity\Assets\Scripts\Model\Share\Module\Message\MessageSessionHandler.cs:line 79
   at ET.ETAsyncTaskMethodBuilder.Start[TStateMachine](TStateMachine& stateMachine) in D:\ToolSoft\U3D\Project\ETs\ET-OWDemo\Unity\Assets\Scripts\ThirdParty\ETTask\AsyncETTaskMethodBuilder.cs:line 71
   at ET.MessageSessionHandler`2.HandleAsync(Session session, Object message)
   at ET.MessageSessionHandler`2.Handle(Session session, Object message) in D:\ToolSoft\U3D\Project\ETs\ET-OWDemo\Unity\Assets\Scripts\Model\Share\Module\Message\MessageSessionHandler.cs:line 48
   at ET.MessageSessionDispatcher.Handle(Session session, Object message) in D:\ToolSoft\U3D\Project\ETs\ET-OWDemo\Unity\Assets\Scripts\Model\Share\Module\Message\MessageSessionDispatcher.cs:line 87
   at ET.Server.NetComponentOnReadInvoker_Gate.HandleAsync(NetComponentOnRead args) in D:\ToolSoft\U3D\Project\ETs\ET-OWDemo\Unity\Assets\Scripts\Hotfix\Server\Demo\Gate\NetComponentOnReadInvoker_Gate.cs:line 23
   at ET.ETAsyncTaskMethodBuilder.Start[TStateMachine](TStateMachine& stateMachine) in D:\ToolSoft\U3D\Project\ETs\ET-OWDemo\Unity\Assets\Scripts\ThirdParty\ETTask\AsyncETTaskMethodBuilder.cs:line 71
   at ET.Server.NetComponentOnReadInvoker_Gate.HandleAsync(NetComponentOnRead args)
   at ET.Server.NetComponentOnReadInvoker_Gate.Handle(NetComponentOnRead args) in D:\ToolSoft\U3D\Project\ETs\ET-OWDemo\Unity\Assets\Scripts\Hotfix\Server\Demo\Gate\NetComponentOnReadInvoker_Gate.cs:line 10
   at ET.EventSystem.Invoke[A](Int64 type, A args) in D:\ToolSoft\U3D\Project\ETs\ET-OWDemo\Unity\Assets\Scripts\Core\World\Module\EventSystem\EventSystem.cs:line 171
   at ET.NetComponentSystem.OnRead(NetComponent self, Int64 channelId, MemoryBuffer memoryBuffer) in D:\ToolSoft\U3D\Project\ETs\ET-OWDemo\Unity\Assets\Scripts\Hotfix\Share\Module\Message\NetComponentSystem.cs:line 79
   at ET.KChannel.OnRead(MemoryBuffer memoryStream) in D:\ToolSoft\U3D\Project\ETs\ET-OWDemo\Unity\Assets\Scripts\Core\Network\KChannel.cs:line 442
   at ET.KChannel.HandleRecv(Byte[] date, Int32 offset, Int32 length) in D:\ToolSoft\U3D\Project\ETs\ET-OWDemo\Unity\Assets\Scripts\Core\Network\KChannel.cs:line 328
   at ET.KService.Recv() in D:\ToolSoft\U3D\Project\ETs\ET-OWDemo\Unity\Assets\Scripts\Core\Network\KService.cs:line 405
   at ET.KService.Update() in D:\ToolSoft\U3D\Project\ETs\ET-OWDemo\Unity\Assets\Scripts\Core\Network\KService.cs:line 511
   at ET.NetComponentSystem.Update(NetComponent self) in D:\ToolSoft\U3D\Project\ETs\ET-OWDemo\Unity\Assets\Scripts\Hotfix\Share\Module\Message\NetComponentSystem.cs:line 30
   at ET.NetComponentSystem.ET_NetComponent_UpdateSystem.Update(NetComponent self) in D:\ToolSoft\U3D\Project\ETs\ET-OWDemo\DotNet\Hotfix\Share.SourceGenerator\ET.Generator.ETSystemGenerator\ET.NetComponentSystem.Update.ET_NetComponent.g.cs:line 10
   at ET.UpdateSystem`1.ET.IUpdateSystem.Run(Entity o) in D:\ToolSoft\U3D\Project\ETs\ET-OWDemo\Unity\Assets\Scripts\Core\Entity\IUpdateSystem.cs:line 19
   at ET.EntitySystem.Update() in D:\ToolSoft\U3D\Project\ETs\ET-OWDemo\Unity\Assets\Scripts\Core\Fiber\EntitySystem.cs:line 74
   at ET.Fiber.Update() in D:\ToolSoft\U3D\Project\ETs\ET-OWDemo\Unity\Assets\Scripts\Core\Fiber\Fiber.cs:line 73
   at ET.ThreadPoolScheduler.Loop() in D:\ToolSoft\U3D\Project\ETs\ET-OWDemo\Unity\Assets\Scripts\Core\World\Module\Fiber\ThreadPoolScheduler.cs:line 68
   at System.Threading.Thread.StartCallback()

2024-07-10 15:14:10.7592 (MessageSessionHandler.cs:79) System.NullReferenceException: Object reference not set to an instance of an object.
   at ET.Server.C2G_LoginGateHandler.Run(Session session, C2G_LoginGate request, G2C_LoginGate response) in D:\ToolSoft\U3D\Project\ETs\ET-OWDemo\Unity\Assets\Scripts\Hotfix\Server\Demo\Gate\C2G_LoginGateHandler.cs:line 42
   at ET.ETTask.GetResult() in D:\ToolSoft\U3D\Project\ETs\ET-OWDemo\Unity\Assets\Scripts\ThirdParty\ETTask\ETTask.cs:line 126
   at ET.MessageSessionHandler`2.HandleAsync(Session session, Object message) in D:\ToolSoft\U3D\Project\ETs\ET-OWDemo\Unity\Assets\Scripts\Model\Share\Module\Message\MessageSessionHandler.cs:line 68
   at ET.MessageSessionHandler`2.HandleAsync(Session session, Object message) in D:\ToolSoft\U3D\Project\ETs\ET-OWDemo\Unity\Assets\Scripts\Model\Share\Module\Message\MessageSessionHandler.cs:line 79
   at ET.ETAsyncTaskMethodBuilder.Start[TStateMachine](TStateMachine& stateMachine) in D:\ToolSoft\U3D\Project\ETs\ET-OWDemo\Unity\Assets\Scripts\ThirdParty\ETTask\AsyncETTaskMethodBuilder.cs:line 71
   at ET.MessageSessionHandler`2.HandleAsync(Session session, Object message)
   at ET.MessageSessionHandler`2.Handle(Session session, Object message) in D:\ToolSoft\U3D\Project\ETs\ET-OWDemo\Unity\Assets\Scripts\Model\Share\Module\Message\MessageSessionHandler.cs:line 48
   at ET.MessageSessionDispatcher.Handle(Session session, Object message) in D:\ToolSoft\U3D\Project\ETs\ET-OWDemo\Unity\Assets\Scripts\Model\Share\Module\Message\MessageSessionDispatcher.cs:line 87
   at ET.Server.NetComponentOnReadInvoker_Gate.HandleAsync(NetComponentOnRead args) in D:\ToolSoft\U3D\Project\ETs\ET-OWDemo\Unity\Assets\Scripts\Hotfix\Server\Demo\Gate\NetComponentOnReadInvoker_Gate.cs:line 23
   at ET.ETAsyncTaskMethodBuilder.Start[TStateMachine](TStateMachine& stateMachine) in D:\ToolSoft\U3D\Project\ETs\ET-OWDemo\Unity\Assets\Scripts\ThirdParty\ETTask\AsyncETTaskMethodBuilder.cs:line 71
   at ET.Server.NetComponentOnReadInvoker_Gate.HandleAsync(NetComponentOnRead args)
   at ET.Server.NetComponentOnReadInvoker_Gate.Handle(NetComponentOnRead args) in D:\ToolSoft\U3D\Project\ETs\ET-OWDemo\Unity\Assets\Scripts\Hotfix\Server\Demo\Gate\NetComponentOnReadInvoker_Gate.cs:line 10
   at ET.EventSystem.Invoke[A](Int64 type, A args) in D:\ToolSoft\U3D\Project\ETs\ET-OWDemo\Unity\Assets\Scripts\Core\World\Module\EventSystem\EventSystem.cs:line 171
   at ET.NetComponentSystem.OnRead(NetComponent self, Int64 channelId, MemoryBuffer memoryBuffer) in D:\ToolSoft\U3D\Project\ETs\ET-OWDemo\Unity\Assets\Scripts\Hotfix\Share\Module\Message\NetComponentSystem.cs:line 79
   at ET.KChannel.OnRead(MemoryBuffer memoryStream) in D:\ToolSoft\U3D\Project\ETs\ET-OWDemo\Unity\Assets\Scripts\Core\Network\KChannel.cs:line 442
   at ET.KChannel.HandleRecv(Byte[] date, Int32 offset, Int32 length) in D:\ToolSoft\U3D\Project\ETs\ET-OWDemo\Unity\Assets\Scripts\Core\Network\KChannel.cs:line 328
   at ET.KService.Recv() in D:\ToolSoft\U3D\Project\ETs\ET-OWDemo\Unity\Assets\Scripts\Core\Network\KService.cs:line 405
   at ET.KService.Update() in D:\ToolSoft\U3D\Project\ETs\ET-OWDemo\Unity\Assets\Scripts\Core\Network\KService.cs:line 511
   at ET.NetComponentSystem.Update(NetComponent self) in D:\ToolSoft\U3D\Project\ETs\ET-OWDemo\Unity\Assets\Scripts\Hotfix\Share\Module\Message\NetComponentSystem.cs:line 30
   at ET.NetComponentSystem.ET_NetComponent_UpdateSystem.Update(NetComponent self) in D:\ToolSoft\U3D\Project\ETs\ET-OWDemo\DotNet\Hotfix\Share.SourceGenerator\ET.Generator.ETSystemGenerator\ET.NetComponentSystem.Update.ET_NetComponent.g.cs:line 10
   at ET.UpdateSystem`1.ET.IUpdateSystem.Run(Entity o) in D:\ToolSoft\U3D\Project\ETs\ET-OWDemo\Unity\Assets\Scripts\Core\Entity\IUpdateSystem.cs:line 19
   at ET.EntitySystem.Update() in D:\ToolSoft\U3D\Project\ETs\ET-OWDemo\Unity\Assets\Scripts\Core\Fiber\EntitySystem.cs:line 74
   at ET.Fiber.Update() in D:\ToolSoft\U3D\Project\ETs\ET-OWDemo\Unity\Assets\Scripts\Core\Fiber\Fiber.cs:line 73
   at ET.ThreadPoolScheduler.Loop() in D:\ToolSoft\U3D\Project\ETs\ET-OWDemo\Unity\Assets\Scripts\Core\World\Module\Fiber\ThreadPoolScheduler.cs:line 68
   at System.Threading.Thread.StartCallback()

2024-07-10 15:14:14.9674 (MessageSessionHandler.cs:79) System.NullReferenceException: Object reference not set to an instance of an object.
   at ET.Server.C2G_MatchHandler.Run(Session session, C2G_Match request, G2C_Match response) in D:\ToolSoft\U3D\Project\ETs\ET-OWDemo\Unity\Assets\Scripts\Hotfix\Server\LockStep\Gate\C2G_MatchHandler.cs:line 8
   at ET.ETTask.GetResult() in D:\ToolSoft\U3D\Project\ETs\ET-OWDemo\Unity\Assets\Scripts\ThirdParty\ETTask\ETTask.cs:line 126
   at ET.MessageSessionHandler`2.HandleAsync(Session session, Object message) in D:\ToolSoft\U3D\Project\ETs\ET-OWDemo\Unity\Assets\Scripts\Model\Share\Module\Message\MessageSessionHandler.cs:line 68
   at ET.MessageSessionHandler`2.HandleAsync(Session session, Object message) in D:\ToolSoft\U3D\Project\ETs\ET-OWDemo\Unity\Assets\Scripts\Model\Share\Module\Message\MessageSessionHandler.cs:line 79
   at ET.ETAsyncTaskMethodBuilder.Start[TStateMachine](TStateMachine& stateMachine) in D:\ToolSoft\U3D\Project\ETs\ET-OWDemo\Unity\Assets\Scripts\ThirdParty\ETTask\AsyncETTaskMethodBuilder.cs:line 71
   at ET.MessageSessionHandler`2.HandleAsync(Session session, Object message)
   at ET.MessageSessionHandler`2.Handle(Session session, Object message) in D:\ToolSoft\U3D\Project\ETs\ET-OWDemo\Unity\Assets\Scripts\Model\Share\Module\Message\MessageSessionHandler.cs:line 48
   at ET.MessageSessionDispatcher.Handle(Session session, Object message) in D:\ToolSoft\U3D\Project\ETs\ET-OWDemo\Unity\Assets\Scripts\Model\Share\Module\Message\MessageSessionDispatcher.cs:line 87
   at ET.Server.NetComponentOnReadInvoker_Gate.HandleAsync(NetComponentOnRead args) in D:\ToolSoft\U3D\Project\ETs\ET-OWDemo\Unity\Assets\Scripts\Hotfix\Server\Demo\Gate\NetComponentOnReadInvoker_Gate.cs:line 23
   at ET.ETAsyncTaskMethodBuilder.Start[TStateMachine](TStateMachine& stateMachine) in D:\ToolSoft\U3D\Project\ETs\ET-OWDemo\Unity\Assets\Scripts\ThirdParty\ETTask\AsyncETTaskMethodBuilder.cs:line 71
   at ET.Server.NetComponentOnReadInvoker_Gate.HandleAsync(NetComponentOnRead args)
   at ET.Server.NetComponentOnReadInvoker_Gate.Handle(NetComponentOnRead args) in D:\ToolSoft\U3D\Project\ETs\ET-OWDemo\Unity\Assets\Scripts\Hotfix\Server\Demo\Gate\NetComponentOnReadInvoker_Gate.cs:line 10
   at ET.EventSystem.Invoke[A](Int64 type, A args) in D:\ToolSoft\U3D\Project\ETs\ET-OWDemo\Unity\Assets\Scripts\Core\World\Module\EventSystem\EventSystem.cs:line 171
   at ET.NetComponentSystem.OnRead(NetComponent self, Int64 channelId, MemoryBuffer memoryBuffer) in D:\ToolSoft\U3D\Project\ETs\ET-OWDemo\Unity\Assets\Scripts\Hotfix\Share\Module\Message\NetComponentSystem.cs:line 79
   at ET.KChannel.OnRead(MemoryBuffer memoryStream) in D:\ToolSoft\U3D\Project\ETs\ET-OWDemo\Unity\Assets\Scripts\Core\Network\KChannel.cs:line 442
   at ET.KChannel.HandleRecv(Byte[] date, Int32 offset, Int32 length) in D:\ToolSoft\U3D\Project\ETs\ET-OWDemo\Unity\Assets\Scripts\Core\Network\KChannel.cs:line 328
   at ET.KService.Recv() in D:\ToolSoft\U3D\Project\ETs\ET-OWDemo\Unity\Assets\Scripts\Core\Network\KService.cs:line 405
   at ET.KService.Update() in D:\ToolSoft\U3D\Project\ETs\ET-OWDemo\Unity\Assets\Scripts\Core\Network\KService.cs:line 511
   at ET.NetComponentSystem.Update(NetComponent self) in D:\ToolSoft\U3D\Project\ETs\ET-OWDemo\Unity\Assets\Scripts\Hotfix\Share\Module\Message\NetComponentSystem.cs:line 30
   at ET.NetComponentSystem.ET_NetComponent_UpdateSystem.Update(NetComponent self) in D:\ToolSoft\U3D\Project\ETs\ET-OWDemo\DotNet\Hotfix\Share.SourceGenerator\ET.Generator.ETSystemGenerator\ET.NetComponentSystem.Update.ET_NetComponent.g.cs:line 10
   at ET.UpdateSystem`1.ET.IUpdateSystem.Run(Entity o) in D:\ToolSoft\U3D\Project\ETs\ET-OWDemo\Unity\Assets\Scripts\Core\Entity\IUpdateSystem.cs:line 19
   at ET.EntitySystem.Update() in D:\ToolSoft\U3D\Project\ETs\ET-OWDemo\Unity\Assets\Scripts\Core\Fiber\EntitySystem.cs:line 74
   at ET.Fiber.Update() in D:\ToolSoft\U3D\Project\ETs\ET-OWDemo\Unity\Assets\Scripts\Core\Fiber\Fiber.cs:line 73
   at ET.ThreadPoolScheduler.Loop() in D:\ToolSoft\U3D\Project\ETs\ET-OWDemo\Unity\Assets\Scripts\Core\World\Module\Fiber\ThreadPoolScheduler.cs:line 68
   at System.Threading.Thread.StartCallback()

